GPLIN_000706300	contig_48843	61.80	89	17	1	33	104	743	477	1e-28	 109
GPLIN_000707900	contig_48843	38.14	97	41	3	1	78	719	429	4e-15	70.9
GPLIN_001031600	contig_48843	75.00	108	9	2	277	366	743	420	2e-44	 159
GPLIN_000092400	contig_180456	95.95	74	3	0	1	74	14	235	2e-44	 146
GPLIN_000536200	contig_32399	60.66	61	24	0	21	81	16	198	3e-19	81.3
GPLIN_000590900	contig_84150	63.52	159	13	2	1	114	1036	560	8e-34	 134
GPLIN_000590900	contig_84150	92.86	56	4	0	179	234	318	151	3e-25	 109
GPLIN_000599100	contig_134351	74.19	93	6	1	172	246	1	279	1e-36	 139
GPLIN_000599100	contig_134351	94.12	17	1	0	242	258	592	642	0.23	36.2
GPLIN_000599200	contig_134351	74.19	93	6	1	195	269	1	279	2e-37	 141
GPLIN_000599200	contig_134351	88.24	17	2	0	265	281	592	642	0.77	34.7
GPLIN_001571600	contig_363728	92.98	57	4	0	115	171	174	4	9e-30	 110
GPLIN_000293400	contig_84150	63.52	159	13	2	1	114	1036	560	9e-34	 134
GPLIN_000293400	contig_84150	94.64	56	3	0	174	229	318	151	5e-26	 111
GPLIN_000293700	contig_7889	92.16	51	4	0	162	212	2927	2775	2e-37	 102
GPLIN_000293700	contig_7889	100.00	33	0	0	209	241	2727	2629	2e-37	74.3
GPLIN_000293700	contig_7889	100.00	43	0	0	119	161	3201	3073	8e-19	90.1
GPLIN_000293700	contig_7889	100.00	16	0	0	248	263	2269	2222	0.28	36.2
GPLIN_001621500	contig_134351	71.25	80	5	1	1	62	40	279	2e-29	 111
GPLIN_001621500	contig_134351	94.12	17	1	0	58	74	592	642	0.021	35.4
GPLIN_000674600	contig_97908	100.00	63	0	0	297	359	2992	2804	5e-61	 134
GPLIN_000674600	contig_97908	100.00	59	0	0	359	417	2738	2562	5e-61	90.1
GPLIN_000674600	contig_97908	100.00	24	0	0	441	464	2482	2411	5e-61	53.5
GPLIN_000142900	contig_773574	62.26	53	20	0	38	90	29	187	4e-17	75.1
GPLIN_000143000	contig_691382	57.76	116	47	1	1	114	301	648	7e-39	 140
GPLIN_000143000	contig_691382	51.90	79	38	0	55	133	617	853	6e-17	80.1
GPLIN_000536400	contig_356869	44.50	218	88	7	14	201	1408	764	6e-50	 182
GPLIN_000552400	contig_115666	79.35	92	2	1	80	154	1118	843	2e-36	 145
GPLIN_000616300	contig_356869	49.44	269	132	3	27	293	1558	758	8e-78	 264
GPLIN_000694900	contig_356869	44.61	269	120	5	27	268	1558	758	8e-62	 219
GPLIN_000755100	contig_356869	42.86	287	138	6	31	295	1558	710	3e-66	 227
GPLIN_000755200	contig_356869	47.52	242	122	4	31	269	1558	839	2e-68	 233
GPLIN_000779000	contig_23791	44.11	399	196	3	336	733	1427	2545	2e-91	 324
GPLIN_000779000	contig_23791	40.78	206	65	7	205	355	876	1487	2e-25	 117
GPLIN_000779000	contig_23791	57.63	59	25	0	154	212	477	653	6e-13	77.0
GPLIN_000779200	contig_356869	40.36	275	157	5	302	576	1558	755	2e-59	 219
GPLIN_000827200	contig_356869	39.39	297	135	5	38	293	1576	698	2e-57	 202
GPLIN_001111200	contig_356869	38.16	304	179	6	31	334	1558	674	2e-62	 217
GPLIN_001111300	contig_116894	71.74	46	13	0	27	72	409	272	4e-20	78.2
GPLIN_001111300	contig_116894	88.89	18	2	0	73	90	159	106	4e-20	39.3
GPLIN_001185800	contig_356869	34.89	278	168	4	255	530	1558	758	7e-49	 185
GPLIN_000304900	contig_356869	41.64	293	150	5	382	659	1549	689	8e-60	 219
GPLIN_000313600	contig_356869	38.41	276	161	2	27	302	1558	758	2e-61	 214
GPLIN_001215600	contig_356869	34.96	246	127	7	1	220	1390	674	9e-38	 144
GPLIN_000008300	contig_122368	100.00	61	0	0	318	378	96	278	6e-41	 145
GPLIN_000008300	contig_122368	100.00	15	0	0	303	317	2	46	1.3	32.7
GPLIN_000008400	contig_76115	94.29	70	4	0	87	156	264	473	1e-45	 136
GPLIN_000008400	contig_76115	95.74	47	2	0	43	89	1	141	1e-45	68.9
GPLIN_000008900	contig_30912	85.90	78	11	0	268	345	530	297	1e-40	 149
GPLIN_001327500	contig_180949	89.77	88	9	0	38	125	12	275	7e-49	 169
GPLIN_001327800	contig_15223	42.03	138	31	4	67	162	1566	1174	3e-38	90.9
GPLIN_001327800	contig_15223	62.03	79	20	2	171	240	1084	851	3e-38	88.6
GPLIN_001327800	contig_15223	49.21	126	38	4	140	240	2251	1877	2e-27	 106
GPLIN_001327800	contig_15223	51.52	33	16	0	102	134	2438	2340	2e-27	36.6
GPLIN_001327800	contig_15223	54.55	55	25	0	224	278	1821	1657	9e-10	62.8
GPLIN_001327800	contig_15223	65.79	38	13	0	241	278	557	444	1e-07	56.2
GPLIN_001327800	contig_15223	35.51	107	40	3	44	121	3227	2907	4e-05	48.5
GPLIN_001327800	contig_15223	81.48	27	5	0	40	66	2725	2645	0.011	40.8
GPLIN_000426000	contig_38862	45.88	170	50	4	58	188	581	81	2e-34	 129
GPLIN_000426400	contig_160318	87.95	83	10	0	207	289	301	53	2e-46	 160
GPLIN_000426600	contig_4942	52.50	160	39	2	117	239	395	874	1e-42	 146
GPLIN_000426600	contig_4942	69.70	33	10	0	91	123	256	354	1e-42	47.0
GPLIN_000426700	contig_4942	54.09	159	36	2	329	450	392	868	2e-51	 162
GPLIN_000426700	contig_4942	45.45	88	25	3	272	336	91	354	2e-51	62.0
GPLIN_000426700	contig_4942	54.55	154	33	2	516	632	395	856	8e-48	 153
GPLIN_000426700	contig_4942	45.33	75	22	1	457	512	100	324	8e-48	59.7
GPLIN_000427000	contig_170857	96.10	77	3	0	188	264	115	345	2e-47	 160
GPLIN_000427000	contig_170857	67.16	67	22	0	71	137	118	318	9e-25	 100
GPLIN_000427100	contig_14337	65.48	84	25	3	113	195	213	455	3e-38	98.2
GPLIN_000427100	contig_14337	75.68	37	9	0	196	232	556	666	3e-38	61.6
GPLIN_000427100	contig_14337	67.74	31	9	1	86	116	76	165	3e-38	40.0
GPLIN_001332300	contig_4942	48.77	162	35	3	291	405	392	874	3e-41	 136
GPLIN_001332300	contig_4942	44.30	79	21	2	228	287	97	321	3e-41	53.9
GPLIN_000433800	contig_36696	71.30	108	26	2	100	207	412	104	2e-40	 150
GPLIN_000433800	contig_36696	100.00	30	0	0	99	128	1051	962	3e-11	66.2
GPLIN_000437400	contig_142074	96.61	59	2	0	133	191	616	792	6e-40	 124
GPLIN_000437400	contig_142074	96.67	30	1	0	106	135	479	568	6e-40	61.2
GPLIN_000437400	contig_142074	100.00	31	0	0	46	76	146	238	4e-12	68.6
GPLIN_000437600	contig_22721	71.43	133	14	3	314	423	2199	1804	2e-38	 153
GPLIN_000437600	contig_22721	97.14	35	1	0	424	458	1541	1437	2e-14	79.3
GPLIN_000438000	contig_901	60.74	135	33	1	345	459	2	406	4e-42	 153
GPLIN_000074200	contig_15223	58.73	126	34	3	42	150	2251	1877	6e-35	 109
GPLIN_000074200	contig_15223	65.79	38	13	0	150	187	1773	1660	6e-35	58.2
GPLIN_000074200	contig_15223	69.62	79	23	1	72	150	1084	851	5e-23	86.3
GPLIN_000074200	contig_15223	70.37	27	8	0	41	67	1245	1165	5e-23	40.8
GPLIN_000074200	contig_15223	72.97	37	10	0	151	187	557	447	2e-09	59.7
GPLIN_000450400	contig_15223	46.15	130	41	4	289	390	2260	1874	1e-26	93.6
GPLIN_000450400	contig_15223	69.70	33	10	0	256	288	2435	2337	1e-26	47.4
GPLIN_000450400	contig_15223	50.00	92	33	4	322	401	1084	812	5e-25	74.3
GPLIN_000450400	contig_15223	43.53	85	22	1	259	317	1419	1165	5e-25	61.6
GPLIN_001348800	contig_118394	77.22	79	18	0	154	232	293	57	3e-35	 127
GPLIN_001349800	contig_73238	87.70	187	15	1	892	1070	720	160	6e-109	 359
GPLIN_001349800	contig_73238	100.00	22	0	0	1462	1483	253	188	2e-04	49.7
GPLIN_000460700	contig_83461	61.40	114	28	2	208	305	1371	1712	4e-45	 113
GPLIN_000460700	contig_83461	49.15	118	39	2	111	207	950	1303	4e-45	90.5
GPLIN_000460700	contig_83461	72.00	25	6	1	280	303	941	1015	5.7	33.5
GPLIN_001352900	contig_901	59.42	138	34	3	315	431	2	412	5e-48	 168
GPLIN_000467500	contig_318429	100.00	63	0	0	98	160	2	190	2e-18	80.1
GPLIN_001362700	contig_2014	86.15	65	9	0	269	333	350	544	3e-46	 124
GPLIN_001362700	contig_2014	92.31	26	2	0	206	231	3	80	3e-46	52.8
GPLIN_001362700	contig_2014	73.33	30	8	0	225	254	160	249	3e-46	49.7
GPLIN_001362700	contig_2014	84.85	33	5	0	334	366	1333	1431	2e-10	65.9
GPLIN_001362700	contig_2014	100.00	8	0	0	333	340	1328	1351	2e-10	20.8
GPLIN_001363400	contig_14427	51.09	92	33	3	95	175	843	1115	4e-38	86.3
GPLIN_001363400	contig_14427	39.76	83	22	2	46	101	541	786	4e-38	56.2
GPLIN_001363400	contig_14427	56.41	39	14	1	176	214	1225	1332	4e-38	48.9
GPLIN_001363400	contig_14427	61.90	21	8	0	10	30	401	463	4e-38	26.9
GPLIN_000495800	contig_304305	79.76	84	1	1	81	148	282	31	6e-39	 136
GPLIN_000495800	contig_304305	94.74	19	1	0	63	81	422	366	0.004	39.3
GPLIN_000082300	contig_15223	61.18	85	27	3	276	356	1084	836	9e-37	96.3
GPLIN_000082300	contig_15223	36.21	174	61	5	125	272	1614	1165	9e-37	79.0
GPLIN_000082300	contig_15223	50.38	133	44	3	245	356	2257	1862	4e-33	 114
GPLIN_000082300	contig_15223	58.97	39	16	0	210	248	2438	2322	4e-33	48.9
GPLIN_000082300	contig_15223	57.45	47	18	2	24	68	3762	3622	0.009	41.6
GPLIN_000082300	contig_15223	29.17	96	41	3	141	224	3164	2922	1.1	35.0
GPLIN_000507600	contig_136667	68.57	70	22	0	1	70	64	273	1e-25	97.4
GPLIN_000507800	contig_55521	57.83	83	27	3	117	193	512	270	1e-30	91.3
GPLIN_000507800	contig_55521	54.35	46	19	2	191	235	148	14	1e-30	45.4
GPLIN_000507800	contig_55521	35.80	81	27	3	58	113	817	575	1e-30	37.0
GPLIN_000509600	contig_2073	67.43	218	1	3	291	438	654	1	1e-82	 268
GPLIN_001375400	contig_193541	71.43	91	24	1	97	185	152	424	1e-35	 127
GPLIN_001378200	contig_4942	50.31	161	39	3	227	346	392	874	3e-44	 140
GPLIN_001378200	contig_4942	46.25	80	22	3	163	224	94	324	3e-44	59.7
GPLIN_001378400	contig_4942	53.06	147	30	4	370	478	407	844	3e-43	 143
GPLIN_001378400	contig_4942	44.83	87	20	4	290	357	76	309	3e-43	53.5
GPLIN_001378600	contig_330312	84.00	125	2	1	49	155	416	42	1e-66	 207
GPLIN_001378700	contig_53995	70.06	157	0	2	111	220	2	472	3e-64	 204
GPLIN_001385900	contig_901	60.00	135	32	2	1	114	2	403	4e-45	 150
GPLIN_000530300	contig_168591	71.60	81	22	1	266	345	1060	1302	7e-40	 121
GPLIN_000530300	contig_168591	40.00	95	28	2	159	224	506	790	7e-40	46.6
GPLIN_000530300	contig_168591	55.56	27	12	0	238	264	906	986	7e-40	38.1
GPLIN_000530500	contig_62164	54.61	141	26	1	157	259	605	1027	2e-65	 147
GPLIN_000530500	contig_62164	62.32	69	26	0	283	351	1351	1557	2e-65	97.1
GPLIN_000530500	contig_62164	64.71	34	12	0	252	285	1137	1238	2e-65	48.1
GPLIN_000530700	contig_4942	50.63	158	40	3	116	235	392	865	5e-47	 137
GPLIN_000530700	contig_4942	48.19	83	24	1	60	123	106	354	5e-47	70.9
GPLIN_000531000	contig_4942	50.62	162	40	4	142	263	389	874	2e-47	 142
GPLIN_000531000	contig_4942	46.24	93	31	2	77	150	76	354	2e-47	67.8
GPLIN_000531100	contig_4942	54.66	161	33	4	408	528	392	874	1e-48	 157
GPLIN_000531100	contig_4942	43.37	83	29	1	351	415	106	354	1e-48	58.2
GPLIN_000531100	contig_4942	63.27	98	32	3	197	290	392	685	4e-36	 115
GPLIN_000531100	contig_4942	43.37	83	29	1	140	204	106	354	4e-36	58.2
GPLIN_000531200	contig_15223	37.33	217	78	4	300	459	1818	1171	6e-49	 110
GPLIN_000531200	contig_15223	67.90	81	23	2	465	544	1087	851	6e-49	 105
GPLIN_000531200	contig_15223	55.56	126	40	3	205	315	2251	1877	9e-29	 125
GPLIN_000531200	contig_15223	45.31	128	52	3	434	544	2257	1877	2e-27	97.8
GPLIN_000531200	contig_15223	48.08	52	24	1	386	437	2468	2322	2e-27	46.6
GPLIN_000531200	contig_15223	62.50	80	28	2	236	315	1084	851	4e-24	95.1
GPLIN_000531200	contig_15223	69.23	26	8	0	202	227	1251	1174	4e-24	38.1
GPLIN_000531200	contig_15223	67.35	49	16	0	18	66	4094	3948	5e-11	69.3
GPLIN_000531200	contig_15223	76.32	38	9	0	316	353	557	444	8e-09	62.4
GPLIN_000531200	contig_15223	47.27	55	29	0	528	582	1821	1657	1e-06	55.5
GPLIN_000531200	contig_15223	44.58	83	11	2	364	412	3170	2925	2e-06	54.7
GPLIN_000531200	contig_15223	58.14	43	18	0	545	587	557	429	4e-06	53.5
GPLIN_000531200	contig_15223	47.14	70	22	2	132	201	3227	3063	0.005	43.9
GPLIN_000531200	contig_15223	41.03	78	31	3	96	170	3813	3616	1.2	35.8
GPLIN_000531200	contig_15223	52.38	42	16	2	108	146	1620	1498	4.4	33.9
GPLIN_000531300	contig_45466	72.50	80	21	1	348	426	1294	1055	4e-77	 124
GPLIN_000531300	contig_45466	78.57	70	15	0	210	279	1931	1722	4e-77	 104
GPLIN_000531300	contig_45466	57.61	92	13	1	278	343	1641	1366	4e-77	 102
GPLIN_000531300	contig_45466	97.56	41	1	0	427	467	868	746	7e-18	89.7
GPLIN_000531300	contig_45466	66.67	36	12	0	152	187	1907	1800	8e-06	51.6
GPLIN_001398800	contig_901	60.31	131	30	2	71	181	8	394	3e-45	 154
GPLIN_000555800	contig_1687	98.63	73	1	0	189	261	219	1	1e-56	 152
GPLIN_000555800	contig_1687	51.56	64	8	2	147	188	473	285	1e-56	58.5
GPLIN_000555800	contig_1687	48.44	64	15	2	108	153	643	452	1e-56	51.6
GPLIN_000556700	contig_86336	63.86	83	28	2	310	391	564	809	1e-44	 107
GPLIN_000556700	contig_86336	67.57	37	12	0	392	428	919	1029	1e-44	57.8
GPLIN_000556700	contig_86336	58.82	34	12	1	242	275	221	316	1e-44	42.0
GPLIN_000556700	contig_86336	62.96	27	8	1	281	307	400	474	1e-44	34.7
GPLIN_000094400	contig_28572	71.25	80	21	2	131	208	865	626	3e-54	 118
GPLIN_000094400	contig_28572	50.00	86	22	1	28	92	1346	1089	3e-54	84.0
GPLIN_000094400	contig_28572	50.00	38	10	1	220	248	522	409	3e-54	39.3
GPLIN_000094400	contig_28572	51.22	41	11	2	96	135	1008	910	3e-54	32.3
GPLIN_000094400	contig_28572	70.27	37	11	0	1	37	1495	1385	5e-07	53.5
GPLIN_001408700	contig_45466	51.25	80	35	1	196	271	1294	1055	1e-46	82.0
GPLIN_001408700	contig_45466	64.38	73	19	1	55	127	1931	1734	1e-46	75.9
GPLIN_001408700	contig_45466	43.62	94	21	2	131	192	1647	1366	1e-46	70.5
GPLIN_001408700	contig_45466	62.86	35	13	0	272	306	868	764	5e-06	51.6
GPLIN_000569300	contig_35385	65.56	90	23	1	286	375	471	226	1e-36	 117
GPLIN_000569300	contig_35385	72.22	36	10	0	376	411	110	3	1e-36	57.4
GPLIN_001415300	contig_69195	35.94	192	59	4	74	201	356	931	9e-27	 108
GPLIN_001418900	contig_6295	52.59	135	4	2	51	132	388	771	3e-30	 114
GPLIN_000099200	contig_163514	51.92	104	23	1	298	374	605	916	2e-24	 105
GPLIN_000099300	contig_26623	71.19	118	6	1	279	368	355	2	4e-40	 148
GPLIN_000099300	contig_26623	72.73	22	6	0	267	288	390	325	0.048	38.9
GPLIN_000583000	contig_112461	56.03	141	34	6	222	340	1537	1133	3e-47	 140
GPLIN_000583000	contig_112461	67.57	37	9	1	169	202	1878	1768	3e-47	45.4
GPLIN_000583000	contig_112461	65.38	26	9	0	197	222	1700	1623	3e-47	44.3
GPLIN_000583100	contig_11449	82.05	78	14	0	437	514	81	314	9e-44	 120
GPLIN_000583100	contig_11449	94.74	38	1	1	513	549	380	493	9e-44	79.0
GPLIN_001424900	contig_4942	52.17	161	28	5	155	269	401	874	2e-39	 145
GPLIN_001427300	contig_138163	62.78	180	11	2	165	288	733	194	5e-64	 214
GPLIN_001427300	contig_138163	33.90	177	55	4	382	497	733	206	3e-16	82.0
GPLIN_001428700	contig_69195	35.94	192	59	4	160	287	356	931	5e-27	 111
GPLIN_000603900	contig_198160	36.94	111	12	2	211	263	1215	1547	1e-24	56.6
GPLIN_000603900	contig_198160	86.67	30	3	1	291	320	1714	1800	1e-24	55.8
GPLIN_000603900	contig_198160	82.61	23	4	0	267	289	1556	1624	1e-24	42.7
GPLIN_000608300	contig_20086	46.51	86	22	1	56	117	1655	1398	1e-29	74.7
GPLIN_000608300	contig_20086	52.27	88	39	1	120	207	1314	1060	1e-29	66.6
GPLIN_000608300	contig_20086	70.59	17	5	0	206	222	952	902	1e-29	30.0
GPLIN_000608300	contig_20086	53.49	86	37	1	253	338	1314	1066	4e-17	68.6
GPLIN_000608300	contig_20086	67.74	31	9	1	222	252	1484	1395	4e-17	39.7
GPLIN_001436900	contig_36013	63.41	82	29	1	328	409	1222	1464	4e-51	 103
GPLIN_001436900	contig_36013	88.24	34	3	1	266	298	875	976	4e-51	64.7
GPLIN_001436900	contig_36013	70.59	34	10	0	410	443	1556	1657	4e-51	52.4
GPLIN_001436900	contig_36013	65.62	32	10	1	296	327	1050	1142	4e-51	43.5
GPLIN_000620000	contig_138163	55.62	178	22	3	118	239	733	203	1e-52	 182
GPLIN_000620000	contig_138163	51.47	68	27	2	331	393	733	533	2e-07	55.5
GPLIN_000620000	contig_138163	57.14	42	18	0	395	436	331	206	4e-07	54.7
GPLIN_001440300	contig_65095	95.56	90	4	0	148	237	294	25	3e-77	 183
GPLIN_001440300	contig_65095	47.37	171	13	2	54	147	857	345	3e-77	 125
GPLIN_000105400	contig_11268	59.04	188	15	3	139	264	232	795	6e-65	 197
GPLIN_000105400	contig_11268	63.33	60	0	1	101	138	3	182	6e-65	71.2
GPLIN_000626500	contig_928	72.22	90	24	1	100	189	340	606	3e-42	 147
GPLIN_000626700	contig_901	54.89	133	37	2	144	255	2	394	2e-34	 129
GPLIN_000626700	contig_901	53.33	30	13	1	256	285	495	581	4.4	32.0
GPLIN_000626800	contig_113916	66.06	165	53	3	75	239	488	3	6e-60	 207
GPLIN_000626900	contig_141697	77.59	58	11	1	159	214	186	359	2e-23	89.7
GPLIN_000626900	contig_141697	100.00	18	0	0	119	136	38	91	2e-23	39.7
GPLIN_000627100	contig_11045	72.36	123	17	1	179	284	2059	2427	2e-48	 150
GPLIN_000627100	contig_11045	77.78	36	8	0	143	178	1905	2012	2e-48	63.2
GPLIN_000627100	contig_11045	88.46	52	6	0	39	90	750	905	1e-36	95.9
GPLIN_000627100	contig_11045	100.00	38	0	0	1	38	559	672	1e-36	78.6
GPLIN_000627100	contig_11045	96.30	27	1	0	118	144	1630	1710	1e-07	56.6
GPLIN_000627100	contig_11045	76.92	26	6	0	92	117	1430	1507	0.004	42.4
GPLIN_000632100	contig_236986	98.73	79	1	0	98	176	284	48	1e-52	 171
GPLIN_000632300	contig_38862	54.55	176	37	4	25	161	581	66	3e-50	 171
GPLIN_000632500	contig_4942	53.01	166	29	4	171	299	395	856	1e-52	 153
GPLIN_000632500	contig_4942	48.39	93	27	1	106	177	76	354	1e-52	74.7
GPLIN_000632600	contig_171244	61.42	127	28	3	412	519	518	144	3e-40	 150
GPLIN_000632600	contig_171244	52.21	113	32	3	124	215	479	144	3e-25	 108
GPLIN_001446300	contig_421052	74.55	110	6	1	97	184	20	349	8e-41	 140
GPLIN_000636800	contig_16777	97.53	81	2	0	290	370	511	269	3e-47	 171
GPLIN_000636800	contig_16777	59.22	103	2	1	194	256	1183	875	2e-24	 106
GPLIN_000636800	contig_16777	100.00	35	0	0	368	402	106	2	2e-14	78.2
GPLIN_000636900	contig_53818	100.00	56	0	0	51	106	193	26	5e-33	 115
GPLIN_000637000	contig_2238	95.10	102	5	0	66	167	2046	1741	2e-60	 123
GPLIN_000637000	contig_2238	95.65	46	2	0	165	210	1633	1496	2e-60	94.0
GPLIN_000637000	contig_2238	85.71	21	3	0	1	21	2287	2225	2e-60	41.2
GPLIN_000637000	contig_2238	61.29	31	11	1	42	72	2159	2070	2e-60	38.1
GPLIN_000637000	contig_2238	100.00	74	0	0	260	333	733	512	3e-41	 163
GPLIN_000639300	contig_26142	79.58	142	1	1	224	337	1571	1146	9e-66	 224
GPLIN_000639300	contig_26142	100.00	43	0	0	338	380	988	860	2e-18	90.5
GPLIN_000657200	contig_89778	96.43	84	3	0	135	218	340	89	1e-49	 170
GPLIN_000657200	contig_89778	100.00	17	0	0	119	135	803	753	0.12	36.6
GPLIN_001453900	contig_38862	53.16	158	33	3	383	503	581	120	3e-41	 155
GPLIN_001453900	contig_38862	43.75	176	62	5	178	319	581	63	6e-31	 125
GPLIN_000659600	contig_24203	88.64	88	9	1	50	136	192	455	3e-55	 162
GPLIN_000659600	contig_24203	88.46	26	3	0	25	50	61	138	3e-55	51.6
GPLIN_000659600	contig_24203	83.33	24	4	0	137	160	542	613	3e-55	44.3
GPLIN_000659700	contig_15223	53.38	133	43	3	105	220	2251	1859	1e-36	 124
GPLIN_000659700	contig_15223	60.47	43	16	1	64	106	2447	2322	1e-36	49.7
GPLIN_000659700	contig_15223	60.49	81	30	1	135	215	1084	848	2e-32	84.7
GPLIN_000659700	contig_15223	51.19	84	15	1	72	129	1419	1168	2e-32	75.5
GPLIN_000659700	contig_15223	45.24	84	20	1	219	276	1419	1168	9e-13	68.2
GPLIN_000659700	contig_15223	45.83	24	13	0	284	307	1082	1011	9e-13	25.8
GPLIN_000659700	contig_15223	35.07	134	47	3	214	307	2441	2040	5e-07	54.7
GPLIN_000659700	contig_15223	54.84	31	14	0	205	235	2996	2904	0.019	40.4
GPLIN_000673400	contig_30912	98.72	78	1	0	253	330	530	297	2e-49	 171
GPLIN_001463100	contig_22011	69.57	115	11	1	140	230	468	124	2e-54	 151
GPLIN_001463100	contig_22011	82.93	41	7	0	102	142	665	543	2e-54	70.9
GPLIN_001463100	contig_22011	35.94	64	4	1	78	104	895	704	2e-54	32.3
GPLIN_001465400	contig_4942	50.97	155	39	2	139	256	410	874	9e-45	 142
GPLIN_001465400	contig_4942	49.25	67	16	1	77	125	109	309	9e-45	58.9
GPLIN_001465500	contig_38862	53.37	178	38	5	148	284	581	60	1e-47	 168
GPLIN_000696800	contig_31245	70.72	181	2	1	122	251	498	1040	2e-64	 211
GPLIN_000697500	contig_168591	100.00	82	0	0	97	178	1057	1302	2e-57	 176
GPLIN_000697500	contig_168591	50.68	73	30	1	24	96	786	986	2e-57	66.2
GPLIN_000697500	contig_168591	66.67	99	0	1	1	66	512	808	8e-31	 121
GPLIN_000698900	contig_4942	40.46	173	60	4	42	173	386	898	1e-27	 110
GPLIN_001470700	contig_94219	51.20	125	32	2	51	146	513	139	1e-31	 119
GPLIN_000132400	contig_4942	48.73	158	44	2	107	227	395	868	2e-45	 139
GPLIN_000132400	contig_4942	45.88	85	26	2	38	103	73	324	2e-45	63.5
GPLIN_000132500	contig_14337	80.95	42	8	0	179	220	556	681	8e-24	70.5
GPLIN_000132500	contig_14337	75.68	37	9	0	142	178	345	455	8e-24	60.1
GPLIN_000133000	contig_4942	48.10	158	36	4	220	331	401	874	7e-37	 121
GPLIN_000133000	contig_4942	45.33	75	18	3	157	212	106	318	7e-37	53.5
GPLIN_000700300	contig_31485	95.96	99	4	0	19	117	921	1217	1e-37	 144
GPLIN_000700300	contig_31485	71.28	94	10	1	115	191	1405	1686	3e-30	 124
GPLIN_000700500	contig_4942	51.35	111	17	2	110	183	533	865	5e-23	97.8
GPLIN_000700500	contig_4942	51.35	37	16	2	1	36	422	529	9.8	30.4
GPLIN_001472400	contig_38862	52.87	174	37	4	112	242	581	66	9e-45	 159
GPLIN_000716900	contig_15223	41.40	157	45	4	333	448	1617	1165	4e-45	 103
GPLIN_000716900	contig_15223	61.73	81	29	1	452	532	1087	851	4e-45	 100
GPLIN_000716900	contig_15223	56.69	127	36	3	423	532	2251	1877	3e-36	 129
GPLIN_000716900	contig_15223	62.50	32	12	0	385	416	2441	2346	3e-36	44.7
GPLIN_000716900	contig_15223	50.00	54	27	0	516	569	1821	1660	6e-07	56.2
GPLIN_000716900	contig_15223	61.11	36	14	0	533	568	557	450	2e-04	47.8
GPLIN_000716900	contig_15223	36.36	88	23	3	351	405	3170	2907	8e-04	46.2
GPLIN_000725400	contig_435599	100.00	69	0	0	353	421	207	1	3e-45	 157
GPLIN_000725500	contig_87575	89.89	89	9	0	1	89	81	347	2e-52	 168
GPLIN_001477200	contig_9504	63.36	131	19	1	116	217	526	134	1e-46	 158
GPLIN_000736500	contig_2073	63.40	194	1	3	4	127	582	1	3e-68	 219
GPLIN_001480400	contig_108114	95.38	65	3	0	111	175	43	237	2e-39	 135
GPLIN_000755000	contig_144525	94.74	95	5	0	287	381	751	467	2e-63	 205
GPLIN_000755000	contig_144525	93.10	29	2	0	259	287	905	819	2e-63	58.9
GPLIN_000756200	contig_4942	50.62	160	38	3	428	546	395	874	6e-47	 144
GPLIN_000756200	contig_4942	44.19	86	28	2	357	424	73	324	6e-47	64.7
GPLIN_000756400	contig_9504	52.71	129	31	2	75	174	529	146	4e-32	 119
GPLIN_000756600	contig_5138	60.00	225	2	5	140	276	50	724	3e-72	 231
GPLIN_000756700	contig_38862	75.86	174	3	2	160	294	581	60	2e-84	 263
GPLIN_000757500	contig_48125	52.15	186	49	5	41	187	1106	1660	2e-45	 162
GPLIN_000148800	contig_233967	84.66	189	2	1	777	938	721	155	3e-58	 192
GPLIN_000148800	contig_233967	87.10	31	4	0	937	967	113	21	3e-58	56.6
GPLIN_001487300	contig_69571	57.72	324	91	6	115	398	34	987	2e-106	 326
GPLIN_001488500	contig_198130	61.65	133	19	4	86	192	510	130	6e-39	 141
GPLIN_001489200	contig_171244	51.79	168	37	3	19	143	632	132	2e-46	 155
GPLIN_000776300	contig_15223	57.60	125	37	2	110	218	2251	1877	8e-48	 129
GPLIN_000776300	contig_15223	65.79	38	13	0	218	255	1773	1660	8e-48	60.8
GPLIN_000776300	contig_15223	56.67	30	13	0	74	103	2435	2346	8e-48	42.4
GPLIN_000776300	contig_15223	64.56	79	27	1	140	218	1084	851	1e-42	 102
GPLIN_000776300	contig_15223	42.47	146	28	4	34	132	1584	1174	1e-42	90.9
GPLIN_000776300	contig_15223	75.00	36	9	0	219	254	557	450	8e-10	62.4
GPLIN_000776300	contig_15223	36.44	118	29	4	7	94	3206	2901	2e-07	55.1
GPLIN_000776500	contig_14620	92.41	79	6	0	130	208	284	48	8e-46	 154
GPLIN_000776700	contig_20088	98.81	84	1	0	113	196	280	29	2e-55	 175
GPLIN_000776700	contig_20088	100.00	29	0	0	85	113	428	342	2e-55	61.6
GPLIN_000152800	contig_48125	49.19	185	55	5	223	369	1109	1660	8e-41	 154
GPLIN_000152800	contig_48125	65.22	23	8	0	198	220	957	1025	8e-41	33.9
GPLIN_000152800	contig_48125	100.00	19	0	0	358	376	10	66	0.009	41.6
GPLIN_000785600	contig_901	58.46	130	33	1	408	516	5	394	7e-42	 149
GPLIN_000785600	contig_901	80.00	25	5	0	522	546	507	581	7e-42	43.9
GPLIN_000785600	contig_901	57.97	138	37	1	262	378	5	418	1e-41	 153
GPLIN_000787400	contig_184510	100.00	76	0	0	466	541	236	9	4e-50	 174
GPLIN_001493900	contig_37457	92.31	52	3	1	51	102	366	214	5e-27	 105
GPLIN_000788000	contig_122980	59.85	132	28	2	313	420	242	634	2e-48	 162
GPLIN_000788000	contig_122980	51.67	60	28	1	258	317	3	179	2e-48	53.5
GPLIN_000788000	contig_122980	69.49	59	18	0	735	793	3	179	1e-33	87.4
GPLIN_000788000	contig_122980	45.16	93	26	1	790	857	245	523	1e-33	78.6
GPLIN_000788900	contig_14427	60.22	93	34	1	341	433	846	1115	4e-43	 110
GPLIN_000788900	contig_14427	43.18	88	22	2	289	349	529	789	4e-43	59.3
GPLIN_000788900	contig_14427	55.56	36	16	0	434	469	1225	1332	4e-43	47.8
GPLIN_000789100	contig_244574	95.77	71	3	0	37	107	3	215	9e-39	 134
GPLIN_000789300	contig_118394	77.46	71	16	0	32	102	296	84	6e-35	 121
GPLIN_000794500	contig_28572	62.07	87	29	2	218	303	868	617	7e-40	 111
GPLIN_000794500	contig_28572	68.97	29	9	0	188	216	1020	934	7e-40	45.8
GPLIN_000794500	contig_28572	43.14	51	22	1	302	345	549	397	7e-40	42.4
GPLIN_000794500	contig_28572	64.29	14	5	0	163	176	1175	1134	7e-40	26.6
GPLIN_000794700	contig_8465	71.43	112	28	2	761	869	777	445	6e-39	 157
GPLIN_000794700	contig_8465	39.53	129	39	5	599	692	1583	1209	6e-12	72.8
GPLIN_000794700	contig_8465	43.02	86	18	2	726	785	1012	770	2e-09	65.1
GPLIN_000794700	contig_8465	53.66	41	18	1	506	546	1694	1575	1e-04	49.3
GPLIN_000157600	contig_15223	48.09	131	27	3	157	246	1566	1174	2e-40	 102
GPLIN_000157600	contig_15223	55.70	79	27	2	254	324	1084	848	2e-40	84.7
GPLIN_000157600	contig_15223	53.12	128	31	4	224	324	2251	1874	3e-31	 117
GPLIN_000157600	contig_15223	51.52	33	16	0	187	219	2435	2337	3e-31	39.3
GPLIN_000157600	contig_15223	50.00	56	25	1	307	362	1821	1663	5e-05	49.3
GPLIN_000157600	contig_15223	58.33	36	12	1	328	363	545	447	0.002	43.5
GPLIN_000157600	contig_15223	29.35	92	31	2	149	206	3179	2904	0.87	35.4
GPLIN_000158300	contig_15223	70.24	84	23	2	407	490	1084	839	8e-41	 114
GPLIN_000158300	contig_15223	39.32	117	29	3	323	398	1521	1174	8e-41	74.3
GPLIN_000158300	contig_15223	52.94	136	40	5	374	490	2257	1865	1e-30	 117
GPLIN_000158300	contig_15223	47.06	34	18	0	338	371	2438	2337	1e-30	38.1
GPLIN_000158300	contig_15223	73.08	52	14	0	1	52	4103	3948	2e-14	80.1
GPLIN_000158300	contig_15223	37.93	87	36	2	221	289	2869	2609	0.007	42.7
GPLIN_000158300	contig_15223	50.00	44	21	1	133	175	3831	3700	0.15	38.5
GPLIN_001496800	contig_94261	44.07	177	40	3	351	469	468	995	1e-43	 132
GPLIN_001496800	contig_94261	41.49	94	27	1	287	352	130	411	1e-43	65.9
GPLIN_000798500	contig_901	59.85	132	31	2	438	548	2	394	4e-46	 164
GPLIN_000798500	contig_901	66.67	30	9	1	549	578	495	581	4e-46	42.7
GPLIN_000800100	contig_86336	56.79	81	34	1	266	345	567	809	4e-39	88.6
GPLIN_000800100	contig_86336	78.95	38	8	0	346	383	919	1032	4e-39	68.9
GPLIN_000800100	contig_86336	65.52	29	8	1	233	261	400	480	4e-39	37.0
GPLIN_000800100	contig_86336	57.58	33	10	2	197	229	224	310	4e-39	29.3
GPLIN_000800200	contig_9504	51.15	131	35	1	11	112	526	134	3e-34	 122
GPLIN_000800300	contig_20939	57.67	163	24	4	108	226	427	912	3e-47	 164
GPLIN_000802900	contig_4942	48.39	155	42	3	183	299	392	856	2e-45	 132
GPLIN_000802900	contig_4942	48.89	90	24	4	121	190	91	354	2e-45	70.9
GPLIN_000803200	contig_15223	62.50	80	29	1	207	286	1087	851	2e-39	97.4
GPLIN_000803200	contig_15223	40.69	145	51	3	91	200	1608	1174	2e-39	86.3
GPLIN_000803200	contig_15223	51.20	125	45	2	178	286	2251	1877	2e-29	 108
GPLIN_000803200	contig_15223	55.26	38	17	0	142	179	2435	2322	2e-29	41.6
GPLIN_000803200	contig_15223	75.51	49	12	0	18	66	4094	3948	1e-14	78.6
GPLIN_000803200	contig_15223	50.00	80	37	2	252	329	668	432	8e-11	66.6
GPLIN_000803200	contig_15223	57.89	57	23	1	270	326	1821	1654	2e-10	65.9
GPLIN_000803200	contig_15223	43.62	94	26	2	95	161	3185	2904	3e-09	62.0
GPLIN_001501200	contig_9327	84.09	44	7	0	7	50	619	488	5e-26	72.8
GPLIN_001501200	contig_9327	69.23	26	8	0	51	76	378	301	5e-26	43.5
GPLIN_001501200	contig_9327	58.33	24	10	0	99	122	74	3	5e-26	32.0
GPLIN_001501200	contig_9327	60.71	28	8	2	74	98	211	128	5e-26	29.6
GPLIN_000822000	contig_287218	97.33	75	2	0	144	218	265	41	8e-32	 118
GPLIN_001506200	contig_257181	70.75	106	13	1	27	114	1030	713	3e-45	 155
GPLIN_000843100	contig_163771	77.53	89	4	1	22	94	39	305	1e-64	 134
GPLIN_000843100	contig_163771	75.86	87	1	1	92	158	338	598	1e-64	 132
GPLIN_000855400	contig_14427	97.62	84	2	0	263	346	864	1115	8e-117	 178
GPLIN_000855400	contig_14427	69.66	89	0	1	203	264	529	795	8e-117	 122
GPLIN_000855400	contig_14427	94.12	51	3	0	154	204	323	475	8e-117	95.9
GPLIN_000855400	contig_14427	86.96	46	6	0	340	385	1204	1341	8e-117	88.6
GPLIN_000177900	contig_25770	79.51	122	4	1	4	104	367	2	6e-57	 189
GPLIN_000862600	contig_687	59.42	69	6	1	101	169	720	860	8e-14	72.4
GPLIN_000867100	contig_14532	65.69	137	25	1	192	306	749	339	4e-52	 172
GPLIN_000867100	contig_14532	80.00	30	6	0	159	188	933	844	4e-52	53.9
GPLIN_000179400	contig_928	94.32	88	3	1	243	330	361	618	2e-52	 178
GPLIN_000179400	contig_928	96.55	29	1	0	215	243	109	195	3e-10	62.8
GPLIN_000179900	contig_206362	100.00	66	0	0	87	152	395	592	1e-46	 145
GPLIN_000179900	contig_206362	100.00	29	0	0	57	85	255	341	1e-46	61.2
GPLIN_000180800	contig_344062	73.17	82	21	1	155	235	72	317	2e-28	 112
GPLIN_000880300	contig_4942	47.50	160	39	3	72	186	395	874	2e-43	 127
GPLIN_000880300	contig_4942	51.85	81	20	1	15	76	106	348	2e-43	68.9
GPLIN_001520200	contig_206504	70.33	91	0	1	37	100	82	354	1e-57	 122
GPLIN_001520200	contig_206504	93.22	59	4	0	101	159	408	584	1e-57	 120
GPLIN_001520400	contig_69195	56.44	202	31	2	169	313	326	931	5e-59	 197
GPLIN_001520400	contig_69195	78.57	28	4	1	99	126	1	78	1e-04	38.9
GPLIN_001520400	contig_69195	100.00	10	0	0	126	135	153	182	1e-04	26.9
GPLIN_000183900	contig_21093	72.73	66	17	1	320	384	970	773	7e-52	 102
GPLIN_000183900	contig_21093	54.88	82	12	1	263	319	1292	1047	7e-52	83.2
GPLIN_000183900	contig_21093	93.33	30	2	0	401	430	740	651	7e-52	62.0
GPLIN_000892800	contig_11016	81.06	132	1	1	289	396	453	58	1e-63	 210
GPLIN_000892800	contig_11016	48.65	37	19	0	438	474	171	61	0.12	37.4
GPLIN_000892900	contig_19534	41.54	195	61	4	115	299	456	1	1e-36	 134
GPLIN_000893400	contig_15223	54.55	110	45	3	294	398	1084	755	5e-45	 108
GPLIN_000893400	contig_15223	41.22	148	44	4	182	286	1617	1174	5e-45	94.7
GPLIN_000893400	contig_15223	53.54	127	41	3	262	370	2257	1877	6e-34	 127
GPLIN_000893400	contig_15223	61.29	31	12	0	228	258	2435	2343	6e-34	38.5
GPLIN_000893400	contig_15223	57.14	49	21	0	17	65	4094	3948	2e-12	54.7
GPLIN_000893400	contig_15223	56.41	39	15	1	67	105	3870	3760	2e-12	38.5
GPLIN_000893400	contig_15223	48.15	54	28	0	354	407	1821	1660	3e-07	56.6
GPLIN_000893400	contig_15223	38.04	92	20	3	186	240	3200	2925	5e-05	49.3
GPLIN_000893400	contig_15223	61.11	36	14	0	371	406	557	450	6e-05	49.3
GPLIN_001522400	contig_4942	55.28	161	34	3	73	196	395	874	7e-53	 152
GPLIN_001522400	contig_4942	50.56	89	25	2	9	79	91	354	7e-53	74.7
GPLIN_000898200	contig_69067	77.24	268	21	3	761	989	2101	1301	2e-87	 306
GPLIN_000898200	contig_69067	84.78	46	7	0	990	1035	947	810	2e-28	84.0
GPLIN_000898200	contig_69067	100.00	30	0	0	1036	1065	760	671	2e-28	65.1
GPLIN_000905800	contig_56047	79.66	118	1	1	15	109	67	420	9e-54	 175
GPLIN_000905800	contig_56047	93.10	29	2	0	108	136	471	557	9e-54	56.6
GPLIN_000908700	contig_20875	98.36	61	1	0	178	238	677	495	5e-59	 125
GPLIN_000908700	contig_20875	61.16	121	4	1	100	177	1122	760	5e-59	 124
GPLIN_000908700	contig_20875	85.71	35	5	0	238	272	217	113	2e-08	59.7
GPLIN_000908700	contig_20875	95.83	24	1	0	43	66	1364	1293	2e-04	47.8
GPLIN_000908700	contig_20875	61.29	31	12	0	273	303	888	796	0.18	37.7
GPLIN_000909700	contig_15223	66.25	80	25	2	248	327	1084	851	9e-46	 108
GPLIN_000909700	contig_15223	39.87	158	52	3	127	242	1638	1168	9e-46	96.7
GPLIN_000909700	contig_15223	57.36	129	38	3	215	327	2260	1877	4e-37	 135
GPLIN_000909700	contig_15223	57.58	33	14	0	181	213	2435	2337	4e-37	41.2
GPLIN_000909700	contig_15223	72.09	43	12	0	112	154	2935	2807	7e-08	58.2
GPLIN_000909700	contig_15223	46.30	54	29	0	311	364	1821	1660	2e-06	53.1
GPLIN_000909700	contig_15223	57.89	38	16	0	326	363	563	450	7e-05	48.5
GPLIN_000909700	contig_15223	64.86	37	12	1	3	39	4061	3954	0.002	43.5
GPLIN_000909700	contig_15223	31.67	120	43	4	130	211	3230	2874	0.011	41.6
GPLIN_000195600	contig_12896	50.34	147	8	2	21	102	374	814	1e-35	 125
GPLIN_000195600	contig_12896	91.30	23	2	0	104	126	859	927	1e-35	45.1
GPLIN_000196200	contig_15236	93.75	80	5	0	205	284	2070	1831	4e-67	 158
GPLIN_000196200	contig_15236	60.17	118	24	2	110	205	2530	2180	4e-67	 117
GPLIN_000196200	contig_15236	41.41	99	56	1	11	107	3165	2869	1e-20	61.2
GPLIN_000196200	contig_15236	93.33	30	2	0	108	137	2825	2736	1e-20	59.3
GPLIN_000196200	contig_15236	83.33	30	5	0	293	322	1460	1371	5e-08	58.2
GPLIN_000196800	contig_324326	97.44	39	1	0	12	50	263	147	3e-29	83.2
GPLIN_000196800	contig_324326	96.77	31	1	0	51	81	96	4	3e-29	65.5
GPLIN_000200100	contig_94219	51.02	147	43	2	99	216	588	148	8e-34	 124
GPLIN_000200100	contig_94219	75.00	24	6	0	70	93	733	662	8e-34	39.3
GPLIN_000200200	contig_41835	66.12	121	34	2	251	368	92	442	1e-38	 143
GPLIN_000200200	contig_41835	56.25	32	12	1	1	32	326	415	8.3	32.0
GPLIN_000930100	contig_22970	97.73	44	1	0	406	449	2	133	4e-39	 100
GPLIN_000930100	contig_22970	97.37	38	1	0	460	497	247	360	4e-39	82.4
GPLIN_000937900	contig_39354	99.03	103	0	1	625	727	506	811	2e-52	 193
GPLIN_000937900	contig_39354	100.00	36	0	0	531	566	54	161	2e-15	83.6
GPLIN_001535200	contig_15223	54.40	125	41	1	188	296	2251	1877	8e-43	 121
GPLIN_001535200	contig_15223	71.43	35	10	0	296	330	1773	1669	8e-43	57.8
GPLIN_001535200	contig_15223	48.39	31	16	0	151	181	2438	2346	8e-43	36.6
GPLIN_001535200	contig_15223	65.82	79	26	1	218	296	1084	851	6e-30	79.7
GPLIN_001535200	contig_15223	44.71	85	21	1	155	213	1419	1165	6e-30	72.0
GPLIN_001535200	contig_15223	68.57	35	11	0	297	331	557	453	3e-06	52.4
GPLIN_001536900	contig_38862	54.49	178	39	4	42	179	581	54	1e-52	 176
GPLIN_000203700	contig_153581	53.42	73	33	1	678	750	959	1174	5e-39	80.1
GPLIN_000203700	contig_153581	79.49	39	8	0	575	613	462	578	5e-39	64.3
GPLIN_000203700	contig_153581	76.67	30	7	0	613	642	625	714	5e-39	50.4
GPLIN_000203700	contig_153581	70.00	20	5	1	658	677	813	869	5e-39	29.6
GPLIN_000203800	contig_127731	70.00	180	0	2	424	549	737	198	1e-72	 241
GPLIN_000971300	contig_50682	84.42	154	1	1	598	728	462	1	3e-117	 265
GPLIN_000971300	contig_50682	55.36	233	50	4	421	599	1199	501	3e-117	 181
GPLIN_000971300	contig_50682	98.94	94	1	0	507	600	779	498	1e-37	 152
GPLIN_000984200	contig_20086	73.29	161	1	2	204	322	1874	1392	7e-113	 192
GPLIN_000984200	contig_20086	97.65	85	2	0	324	408	1314	1060	7e-113	 176
GPLIN_000984200	contig_20086	100.00	38	0	0	405	442	958	845	7e-113	81.6
GPLIN_000995700	contig_4942	52.90	155	36	2	61	178	392	856	8e-44	 151
GPLIN_000995700	contig_4942	70.97	31	9	0	38	68	262	354	8e-44	45.8
GPLIN_001000300	contig_3680	71.79	156	0	1	16	127	2057	1590	2e-79	 216
GPLIN_001000300	contig_3680	100.00	47	0	0	128	174	1500	1360	2e-79	99.0
GPLIN_001004800	contig_69195	43.78	201	53	4	255	395	329	931	2e-36	 140
GPLIN_001004800	contig_69195	48.03	127	43	3	143	247	329	706	3e-17	85.1
GPLIN_001005900	contig_12059	47.33	150	38	6	29	137	631	1080	5e-24	 102
GPLIN_001005900	contig_12059	38.05	113	46	2	63	151	783	1121	1e-06	51.6
GPLIN_001005900	contig_12059	72.41	29	7	1	3	30	340	426	7e-04	43.5
GPLIN_001007400	contig_289576	35.05	368	217	6	636	996	2030	3088	2e-52	 205
GPLIN_001007400	contig_289576	36.21	174	105	2	1156	1329	2573	3076	2e-27	 125
GPLIN_001007400	contig_289576	31.25	176	110	4	974	1149	2426	2920	6e-18	94.0
GPLIN_001009200	contig_155615	97.78	45	1	0	172	216	153	19	5e-23	93.2
GPLIN_001013600	contig_4942	55.69	167	36	3	389	517	368	868	6e-53	 172
GPLIN_001013600	contig_4942	48.19	83	17	3	334	394	91	327	6e-53	57.4
GPLIN_001013600	contig_4942	50.60	83	15	3	127	187	91	327	1e-19	63.2
GPLIN_001013600	contig_4942	60.00	45	17	1	182	225	368	502	1e-19	55.1
GPLIN_001551100	contig_2014	81.11	90	9	1	152	233	347	616	2e-54	 145
GPLIN_001551100	contig_2014	96.30	27	1	0	90	116	3	83	2e-54	57.0
GPLIN_001551100	contig_2014	82.14	28	5	0	111	138	166	249	2e-54	51.2
GPLIN_001551100	contig_2014	93.10	29	2	0	218	246	877	963	3e-15	62.4
GPLIN_001551100	contig_2014	94.74	19	1	0	242	260	950	1006	3e-15	39.7
GPLIN_001022100	contig_2246	43.58	179	48	5	58	214	689	1132	8e-40	 102
GPLIN_001022100	contig_2246	43.40	106	15	1	215	275	1204	1521	8e-40	82.4
GPLIN_001022100	contig_2246	38.60	114	41	4	267	357	1819	2142	9e-08	57.8
GPLIN_001022100	contig_2246	60.38	53	12	3	20	70	537	674	1e-07	57.8
GPLIN_001022100	contig_2246	63.41	41	12	1	358	395	2383	2505	7e-07	55.1
GPLIN_000238900	contig_69195	54.73	201	32	3	5	147	332	931	4e-56	 184
GPLIN_001032500	contig_201497	84.29	70	1	1	169	238	1	180	2e-28	 114
GPLIN_001032500	contig_201497	54.35	92	10	1	371	462	1	180	3e-19	88.6
GPLIN_001035200	contig_103187	53.76	93	17	1	2	68	32	310	4e-24	92.4
GPLIN_001035300	contig_94219	50.00	136	40	1	1	108	564	157	3e-34	 125
GPLIN_000242100	contig_167282	69.32	176	9	3	272	403	275	799	2e-72	 227
GPLIN_000242100	contig_167282	96.97	33	1	0	404	436	876	974	2e-72	67.4
GPLIN_000242100	contig_167282	51.76	85	14	3	236	294	1	252	2e-11	68.9
GPLIN_001048200	contig_29186	76.22	143	4	1	269	381	1351	923	3e-65	 220
GPLIN_000245400	contig_39531	43.05	151	49	3	28	153	146	562	6e-30	 108
GPLIN_000245400	contig_39531	77.27	22	5	0	4	25	28	93	6e-30	42.0
GPLIN_000245500	contig_150622	82.04	245	3	2	646	849	737	3	0.0	 362
GPLIN_000245500	contig_150622	69.71	241	18	3	247	432	2195	1473	0.0	 323
GPLIN_000245500	contig_150622	98.86	175	2	0	453	627	1369	845	0.0	 249
GPLIN_000245500	contig_150622	60.98	41	9	1	291	324	1971	1849	0.002	45.4
GPLIN_001058700	contig_112461	47.76	134	38	4	249	354	1534	1145	5e-37	 110
GPLIN_001058700	contig_112461	70.37	27	8	0	222	248	1703	1623	5e-37	44.3
GPLIN_001058700	contig_112461	64.86	37	10	1	195	228	1878	1768	5e-37	42.0
GPLIN_001058700	contig_112461	72.00	25	6	1	364	388	819	748	0.010	41.6
GPLIN_001059100	contig_112461	61.36	132	28	4	215	325	1534	1145	4e-47	 149
GPLIN_001059100	contig_112461	69.23	26	8	0	185	210	1703	1626	4e-47	42.0
GPLIN_001059100	contig_112461	72.00	25	7	0	155	179	1878	1804	4e-47	38.5
GPLIN_001059400	contig_171244	52.76	163	35	2	19	139	632	144	4e-47	 159
GPLIN_001059500	contig_10276	62.65	83	24	3	268	343	598	846	1e-41	86.3
GPLIN_001059500	contig_10276	72.73	33	9	0	197	229	228	326	1e-41	57.4
GPLIN_001059500	contig_10276	62.86	35	13	0	344	378	954	1058	1e-41	48.9
GPLIN_001059500	contig_10276	46.67	45	22	1	221	263	377	511	1e-41	40.0
GPLIN_001059800	contig_19853	98.78	82	1	0	69	150	373	128	4e-58	 168
GPLIN_001059800	contig_19853	100.00	28	0	0	41	68	510	427	4e-58	58.9
GPLIN_001059800	contig_19853	73.91	23	6	0	151	173	72	4	4e-58	38.5
GPLIN_001059900	contig_266886	82.98	47	8	0	225	271	373	233	2e-44	89.0
GPLIN_001059900	contig_266886	86.11	36	5	0	185	220	552	445	2e-44	69.7
GPLIN_001059900	contig_266886	96.43	28	1	0	162	189	697	614	2e-44	62.8
GPLIN_001060000	contig_4942	48.75	160	43	4	299	420	389	865	7e-45	 130
GPLIN_001060000	contig_4942	50.60	83	20	1	246	307	106	354	7e-45	72.0
GPLIN_001060000	contig_4942	70.00	40	12	0	135	174	749	868	5e-09	60.8
GPLIN_001060400	contig_112461	84.38	128	0	1	433	540	1534	1151	4e-81	 221
GPLIN_001060400	contig_112461	100.00	32	0	0	402	433	1709	1614	4e-81	73.2
GPLIN_001060400	contig_112461	100.00	25	0	0	378	402	1878	1804	4e-81	51.2
GPLIN_001060400	contig_112461	100.00	40	0	0	541	580	855	736	1e-16	86.7
GPLIN_000252200	contig_15223	63.64	77	26	1	122	198	1075	851	3e-28	77.0
GPLIN_000252200	contig_15223	43.75	80	19	1	56	109	1419	1180	3e-28	68.6
GPLIN_000252200	contig_15223	53.54	127	40	3	89	198	2251	1877	4e-24	88.6
GPLIN_000252200	contig_15223	55.26	38	17	0	53	90	2435	2322	4e-24	43.1
GPLIN_000252200	contig_15223	59.09	22	9	0	52	73	2966	2901	0.13	37.4
GPLIN_000254600	contig_35385	92.68	82	6	0	315	396	471	226	1e-56	 166
GPLIN_000254600	contig_35385	91.67	36	3	0	397	432	110	3	1e-56	72.8
GPLIN_000254600	contig_35385	90.91	11	1	0	304	314	575	543	1e-56	24.3
GPLIN_000038300	contig_78396	100.00	75	0	0	540	614	1072	848	5e-73	 164
GPLIN_000038300	contig_78396	100.00	47	0	0	472	518	1292	1152	5e-73	 100
GPLIN_000038300	contig_78396	92.86	28	2	0	445	472	1434	1351	5e-73	57.0
GPLIN_000038300	contig_78396	100.00	39	0	0	375	413	1854	1738	1e-32	85.1
GPLIN_000038300	contig_78396	87.80	41	5	0	406	446	1691	1569	1e-32	79.7
GPLIN_000038300	contig_78396	73.42	79	0	1	615	672	716	480	7e-22	 107
GPLIN_000038300	contig_78396	98.46	65	1	0	689	753	249	55	2e-21	 106
GPLIN_000038900	contig_246623	89.16	83	9	0	538	620	34	282	2e-44	 159
GPLIN_000038900	contig_246623	86.42	81	11	0	277	357	49	291	3e-40	 147
GPLIN_000259400	contig_901	56.00	125	33	2	527	630	26	397	3e-37	 141
GPLIN_000259500	contig_13537	100.00	68	0	0	109	176	3	206	2e-81	 130
GPLIN_000259500	contig_13537	100.00	46	0	0	236	281	602	739	2e-81	 101
GPLIN_000259500	contig_13537	100.00	34	0	0	177	210	299	400	2e-81	77.0
GPLIN_000259500	contig_13537	100.00	27	0	0	209	235	460	540	2e-81	57.0
GPLIN_000260100	contig_122401	91.40	93	6	1	177	267	715	437	2e-75	 179
GPLIN_000260100	contig_122401	77.11	83	4	1	113	180	1013	765	2e-75	 124
GPLIN_000260100	contig_122401	100.00	42	0	0	72	113	1571	1446	6e-17	84.3
GPLIN_000260100	contig_122401	92.86	42	3	0	31	72	1822	1697	8e-07	53.5
GPLIN_000260200	contig_7136	100.00	82	0	0	380	461	894	649	1e-58	 155
GPLIN_000260200	contig_7136	83.64	55	2	1	456	503	574	410	1e-58	92.8
GPLIN_001082800	contig_2369	78.41	88	17	1	31	116	365	628	1e-42	 144
GPLIN_001082800	contig_2369	86.21	29	3	1	1	29	207	290	1e-42	48.5
GPLIN_001082900	contig_302902	88.89	54	6	0	75	128	690	851	3e-25	 102
GPLIN_001083600	contig_901	59.06	127	31	1	196	301	8	388	3e-42	 149
GPLIN_001566300	contig_133136	100.00	73	0	0	38	110	1090	872	1e-45	 156
GPLIN_001096800	contig_92008	73.17	82	6	1	55	120	183	428	2e-34	 124
GPLIN_001096800	contig_92008	95.00	20	1	0	121	140	482	541	2e-34	41.6
GPLIN_001099700	contig_97481	75.57	176	21	4	34	192	160	672	4e-83	 258
GPLIN_000266800	contig_48125	52.07	121	41	4	254	358	1115	1474	5e-35	 111
GPLIN_000266800	contig_48125	66.67	27	9	0	226	252	957	1037	5e-35	43.1
GPLIN_000266800	contig_48125	76.19	21	4	1	363	383	1557	1616	5e-35	35.0
GPLIN_001105100	contig_171244	59.23	130	33	2	208	318	518	132	4e-43	 153
GPLIN_001105500	contig_15223	54.89	133	43	2	32	147	2269	1871	2e-38	 127
GPLIN_001105500	contig_15223	49.09	55	28	0	160	214	1821	1657	2e-38	52.0
GPLIN_001105500	contig_15223	65.00	80	28	0	68	147	1084	845	7e-25	99.0
GPLIN_001105500	contig_15223	64.00	25	9	0	37	61	1245	1171	7e-25	35.0
GPLIN_001105500	contig_15223	66.67	42	14	0	177	218	557	432	4e-08	56.2
GPLIN_001115700	contig_901	78.63	117	4	1	109	204	2	352	9e-61	 194
GPLIN_001126000	contig_15223	68.54	89	28	0	153	241	1099	833	1e-55	 127
GPLIN_001126000	contig_15223	43.56	163	44	4	20	148	1620	1174	1e-55	 109
GPLIN_001126000	contig_15223	58.09	136	40	4	120	240	2263	1862	4e-39	 144
GPLIN_001126000	contig_15223	48.39	31	16	0	89	119	2438	2346	4e-39	38.1
GPLIN_001126000	contig_15223	44.14	111	30	5	30	109	3233	2904	3e-09	60.1
GPLIN_001128900	contig_15223	68.75	80	24	1	468	547	1084	848	6e-39	 110
GPLIN_001128900	contig_15223	49.41	85	17	1	404	462	1419	1165	6e-39	73.2
GPLIN_001128900	contig_15223	53.12	128	45	1	435	547	2257	1874	4e-37	 139
GPLIN_001128900	contig_15223	53.12	32	15	0	400	431	2438	2343	4e-37	38.1
GPLIN_001128900	contig_15223	52.31	65	26	4	18	80	4094	3909	8e-06	52.8
GPLIN_001128900	contig_15223	58.62	29	10	1	85	113	1584	1504	7.0	33.5
GPLIN_001131500	contig_901	54.55	132	38	3	22	133	2	391	2e-36	 130
GPLIN_001135400	contig_34880	81.61	87	16	0	158	244	573	833	2e-56	 157
GPLIN_001135400	contig_34880	86.67	45	6	0	238	282	899	1033	2e-56	82.0
GPLIN_001135400	contig_34880	63.92	97	16	1	81	158	88	378	4e-33	 133
GPLIN_000284600	contig_4942	55.00	160	35	2	97	219	395	874	3e-51	 158
GPLIN_000284600	contig_4942	50.68	73	18	2	40	94	109	327	3e-51	64.3
GPLIN_000284700	contig_4942	71.88	96	27	0	114	209	365	652	1e-51	 139
GPLIN_000284700	contig_4942	55.29	85	19	2	55	120	73	327	1e-51	84.7
GPLIN_001150700	contig_74842	100.00	70	0	0	601	670	13	222	5e-44	 157
GPLIN_000292100	contig_87575	89.89	89	9	0	1	89	81	347	8e-51	 175
GPLIN_000043300	contig_14532	57.46	134	31	3	175	282	749	348	1e-44	 139
GPLIN_000043300	contig_14532	72.97	37	10	0	137	173	939	829	1e-44	61.2
GPLIN_000046400	contig_122980	50.00	132	37	4	357	462	248	634	7e-38	 125
GPLIN_000046400	contig_122980	62.79	43	10	1	299	335	3	131	7e-38	53.9
GPLIN_000294100	contig_9504	62.88	132	20	1	512	614	529	134	3e-46	 166
GPLIN_000294100	contig_9504	80.95	63	12	0	313	375	529	341	4e-27	 112
GPLIN_001166000	contig_43429	72.27	119	1	1	1	87	1035	679	2e-43	 155
GPLIN_001166000	contig_43429	41.46	123	55	3	1	117	839	504	1e-11	67.0
GPLIN_001166000	contig_43429	55.88	34	15	0	18	51	1084	983	0.38	35.0
GPLIN_001168900	contig_901	43.08	130	27	4	92	175	8	394	4e-19	85.1
GPLIN_001169300	contig_188314	58.91	129	25	4	290	395	696	325	7e-39	 145
GPLIN_001171400	contig_198130	72.66	128	13	3	158	264	510	130	1e-51	 176
GPLIN_001171800	contig_92332	74.33	187	37	1	327	502	1	561	7e-87	 279
GPLIN_001171800	contig_92332	90.62	32	3	0	498	529	603	698	1e-09	63.2
GPLIN_001586900	contig_131563	37.65	162	39	3	4	112	54	512	1e-22	92.8
GPLIN_001587100	contig_175665	100.00	52	0	0	56	107	26	181	1e-32	 115
GPLIN_001173900	contig_121291	92.93	99	7	0	737	835	1136	1432	2e-101	 190
GPLIN_001173900	contig_121291	81.91	94	1	1	665	742	787	1068	2e-101	 158
GPLIN_001173900	contig_121291	96.77	31	1	0	635	665	648	740	2e-101	65.1
GPLIN_001173900	contig_121291	97.83	46	1	0	589	634	2	139	1e-11	71.2
GPLIN_001587400	contig_901	59.54	131	31	2	1	109	2	394	4e-43	 147
GPLIN_001587400	contig_901	60.00	25	10	0	115	139	507	581	0.42	33.5
GPLIN_000299400	contig_168733	97.62	84	2	0	252	335	1483	1734	3e-58	 179
GPLIN_000299400	contig_168733	96.88	32	1	0	220	251	1314	1409	3e-58	68.2
GPLIN_000299400	contig_168733	45.63	103	8	1	30	132	394	230	1e-18	67.8
GPLIN_000299400	contig_168733	100.00	16	0	0	156	171	50	3	1e-18	35.0
GPLIN_000299400	contig_168733	92.31	13	1	0	133	145	174	136	1e-18	31.2
GPLIN_000299400	contig_168733	86.11	36	5	0	2	37	370	263	1e-08	60.1
GPLIN_000299400	contig_168733	70.45	44	13	0	12	55	394	263	6e-07	54.7
GPLIN_001178500	contig_284932	100.00	72	0	0	328	399	216	1	1e-39	 142
GPLIN_001181800	contig_20086	59.04	83	28	2	161	238	1305	1060	4e-39	89.0
GPLIN_001181800	contig_20086	46.00	100	27	3	80	152	1697	1398	4e-39	76.3
GPLIN_001181800	contig_20086	64.29	28	9	1	238	264	949	866	4e-39	38.1
GPLIN_001185900	contig_901	64.89	131	25	2	69	179	5	394	3e-47	 160
GPLIN_001185900	contig_901	60.00	30	11	1	180	209	495	581	0.22	35.4
GPLIN_001186200	contig_15223	45.96	161	55	4	226	364	2260	1808	1e-45	 119
GPLIN_001186200	contig_15223	54.55	55	25	0	397	451	1821	1657	1e-45	60.8
GPLIN_001186200	contig_15223	56.25	32	14	0	191	222	2438	2343	1e-45	45.8
GPLIN_001186200	contig_15223	66.27	83	22	3	257	334	1084	839	2e-35	 103
GPLIN_001186200	contig_15223	33.81	139	42	4	155	250	1566	1171	2e-35	67.8
GPLIN_001186200	contig_15223	65.82	79	22	2	339	413	1084	851	2e-21	 100
GPLIN_001186200	contig_15223	62.96	81	26	1	337	413	2119	1877	7e-21	99.4
GPLIN_001186200	contig_15223	71.05	38	11	0	414	451	557	444	2e-07	57.4
GPLIN_001186200	contig_15223	60.53	38	15	0	18	55	4094	3981	2e-06	53.9
GPLIN_001186200	contig_15223	35.00	100	37	3	134	206	3215	2919	3e-04	47.0
GPLIN_001189000	contig_142074	94.92	59	3	0	57	115	616	792	5e-40	 122
GPLIN_001189000	contig_142074	96.67	30	1	0	30	59	479	568	5e-40	61.2
GPLIN_001189000	contig_142074	82.61	23	3	1	3	24	170	238	0.004	38.9
GPLIN_001189400	contig_4942	56.52	161	33	2	566	689	392	874	3e-67	 179
GPLIN_001189400	contig_4942	59.52	84	13	1	501	563	73	324	3e-67	98.2
GPLIN_001206200	contig_97481	89.47	171	1	1	33	186	160	672	1e-103	 311
GPLIN_001206200	contig_97481	84.00	75	11	1	232	306	451	672	1e-32	 126
GPLIN_000312100	contig_901	53.49	129	41	1	201	310	8	394	1e-37	 139
GPLIN_000312100	contig_901	53.57	28	13	0	313	340	498	581	6.4	31.6
GPLIN_000312300	contig_901	58.02	131	34	1	214	323	2	394	2e-39	 144
GPLIN_000312300	contig_901	63.33	30	10	1	324	353	495	581	2e-39	40.0
GPLIN_000312500	contig_395004	75.24	105	4	1	181	263	330	16	4e-46	 157
GPLIN_000312600	contig_157506	55.63	142	24	2	43	145	149	574	3e-41	 149
GPLIN_000312600	contig_157506	71.11	45	10	1	116	160	1563	1438	6e-12	66.6
GPLIN_000312600	contig_157506	80.95	21	4	0	140	160	556	618	0.042	37.0
GPLIN_001212700	contig_928	92.05	88	5	1	9	96	361	618	1e-51	 167
GPLIN_000318600	contig_20645	47.68	151	40	2	60	171	557	1009	6e-36	 135
GPLIN_000318800	contig_20645	63.06	157	20	1	302	420	539	1009	9e-56	 199
GPLIN_000318800	contig_20645	82.35	17	3	0	286	302	1	51	0.98	35.4
GPLIN_000320000	contig_4942	48.82	170	49	3	371	502	365	874	2e-47	 152
GPLIN_000320000	contig_4942	48.75	80	16	4	316	374	91	318	2e-47	58.9
GPLIN_001598500	contig_901	52.27	132	39	3	1	109	2	394	4e-33	 120
GPLIN_001223200	contig_296491	94.12	68	4	0	1	68	806	1009	3e-30	 115
GPLIN_000047500	contig_206649	97.37	76	1	1	52	127	335	111	2e-47	 155
GPLIN_001224300	contig_43945	100.00	47	0	0	782	828	185	325	2e-44	 100
GPLIN_001224300	contig_43945	100.00	29	0	0	754	782	55	141	2e-44	63.5
GPLIN_001224300	contig_43945	100.00	42	0	0	828	869	372	497	2e-44	58.9
GPLIN_001225300	contig_282410	96.05	76	3	0	454	529	22	249	2e-51	 176
GPLIN_000328200	contig_112352	90.61	181	1	1	1747	1911	555	13	4e-103	 335
GPLIN_001227400	contig_94219	56.85	146	35	1	117	234	585	148	2e-46	 161
GPLIN_001235900	contig_182035	65.67	134	23	3	15	127	396	1	1e-51	 169
GPLIN_001246500	contig_114241	95.56	45	2	0	175	219	180	314	4e-22	93.2
GPLIN_001246900	contig_114241	95.56	45	2	0	175	219	180	314	4e-22	93.2
GPLIN_000350100	contig_10276	62.96	81	28	1	421	499	604	846	6e-62	99.0
GPLIN_000350100	contig_10276	76.32	38	9	0	500	537	954	1067	6e-62	63.5
GPLIN_000350100	contig_10276	74.36	39	8	2	351	389	228	338	6e-62	60.8
GPLIN_000350100	contig_10276	79.31	29	6	0	387	415	428	514	6e-62	49.3
GPLIN_000350100	contig_10276	73.33	30	8	0	322	351	56	145	6e-62	48.9
GPLIN_000350100	contig_10276	56.67	30	13	0	114	143	71	160	0.38	37.0
GPLIN_001253500	contig_76728	75.30	166	1	2	53	178	498	1	2e-77	 239
GPLIN_001253500	contig_76728	57.50	40	17	0	31	70	649	530	6e-05	46.6
GPLIN_001253600	contig_351103	62.73	110	13	1	251	360	291	46	7e-40	 142
GPLIN_001253700	contig_76728	70.48	166	9	2	53	178	498	1	2e-72	 227
GPLIN_001253700	contig_76728	60.00	40	16	0	31	70	649	530	2e-05	48.1
GPLIN_001253800	contig_112461	49.01	151	35	2	259	389	1534	1148	5e-44	 132
GPLIN_001253800	contig_112461	66.67	30	10	0	230	259	1703	1614	5e-44	47.0
GPLIN_001253800	contig_112461	80.00	25	5	0	201	225	1878	1804	5e-44	40.0
GPLIN_001253900	contig_4942	54.09	159	36	2	246	367	392	868	3e-52	 159
GPLIN_001253900	contig_4942	46.59	88	26	2	187	253	91	354	3e-52	67.0
GPLIN_000358100	contig_20645	54.11	146	29	1	1	108	572	1009	2e-43	 153
GPLIN_001258100	contig_113755	95.83	72	3	0	131	202	216	1	5e-53	 149
GPLIN_001258100	contig_113755	96.67	30	1	0	101	130	383	294	5e-53	60.8
GPLIN_001258100	contig_113755	80.77	26	4	1	81	105	531	454	5e-53	39.7
GPLIN_001258400	contig_168591	68.24	85	26	1	218	302	1057	1308	2e-48	 122
GPLIN_001258400	contig_168591	44.44	108	27	2	117	192	506	826	2e-48	71.2
GPLIN_001258400	contig_168591	65.38	26	9	0	191	216	906	983	2e-48	40.8
GPLIN_001260200	contig_132831	66.67	141	6	1	262	361	1338	916	2e-50	 181
GPLIN_001265800	contig_4942	53.75	160	36	3	334	455	392	871	6e-47	 151
GPLIN_001265800	contig_4942	46.34	82	21	3	269	331	91	324	6e-47	58.2
GPLIN_001265900	contig_168591	67.47	83	27	0	169	251	1054	1302	4e-45	 104
GPLIN_001265900	contig_168591	46.73	107	24	1	71	144	506	826	4e-45	80.9
GPLIN_001265900	contig_168591	65.38	26	9	0	143	168	906	983	4e-45	38.1
GPLIN_000051600	contig_4942	54.04	161	33	4	122	242	395	874	2e-42	 152
GPLIN_000363400	contig_163514	56.83	139	32	2	311	421	521	937	1e-39	 149
GPLIN_000363400	contig_163514	47.62	42	22	0	255	296	383	258	8e-04	44.7
GPLIN_000369500	contig_378344	75.37	134	1	1	321	422	530	129	9e-55	 192
GPLIN_001271400	contig_70180	100.00	56	0	0	24	79	132	299	1e-42	 106
GPLIN_001271400	contig_70180	96.77	31	1	0	95	125	407	499	1e-42	69.7
GPLIN_001271400	contig_70180	93.75	16	1	0	80	95	301	348	1e-42	32.3
GPLIN_001271400	contig_70180	100.00	12	0	0	12	23	1	36	1e-42	25.8
GPLIN_000372100	contig_93589	70.37	135	18	1	662	774	423	19	5e-54	 169
GPLIN_000372100	contig_93589	46.84	79	11	1	608	655	764	528	5e-54	64.3
GPLIN_000376500	contig_30164	80.52	77	13	1	267	343	646	422	5e-33	 132
GPLIN_000376500	contig_30164	95.56	45	2	0	139	183	1332	1198	2e-18	89.7
GPLIN_000376500	contig_30164	96.67	30	1	0	256	285	815	726	9e-15	64.3
GPLIN_000376500	contig_30164	76.19	21	5	0	235	255	955	893	9e-15	37.0
GPLIN_000381900	contig_31246	87.25	102	13	0	145	246	58	363	4e-56	 183
GPLIN_000382500	contig_155791	100.00	86	0	0	185	270	635	378	8e-47	 167
GPLIN_000382500	contig_155791	61.90	42	15	1	66	107	503	381	9e-05	47.4
GPLIN_000382500	contig_155791	100.00	14	0	0	171	184	748	707	0.34	36.6
GPLIN_000385000	contig_901	59.85	132	32	2	27	138	2	394	8e-42	 144
GPLIN_000385000	contig_901	66.67	30	9	1	139	168	495	581	0.024	37.7
GPLIN_000385300	contig_94219	51.02	147	43	2	174	291	588	148	7e-34	 125
GPLIN_000385300	contig_94219	75.00	24	6	0	145	168	733	662	7e-34	39.7
GPLIN_000389800	contig_31948	93.15	73	5	0	71	143	979	761	3e-57	 134
GPLIN_000389800	contig_31948	94.87	39	2	0	162	200	532	416	3e-57	84.3
GPLIN_000389800	contig_31948	100.00	20	0	0	143	162	701	642	3e-57	46.2
GPLIN_000390200	contig_4938	54.43	158	33	2	114	232	86	559	4e-39	 143
GPLIN_000057000	contig_2014	71.26	87	17	1	269	347	350	610	1e-46	 125
GPLIN_000057000	contig_2014	92.31	26	2	0	206	231	3	80	1e-46	53.1
GPLIN_000057000	contig_2014	76.67	30	7	0	225	254	160	249	1e-46	50.4
GPLIN_000057000	contig_2014	84.44	45	4	1	334	375	877	1011	6e-14	76.6
GPLIN_000057000	contig_2014	66.67	27	8	1	344	369	1801	1721	0.048	39.3
GPLIN_000057100	contig_20086	47.73	88	21	2	56	119	1655	1395	7e-28	75.1
GPLIN_000057100	contig_20086	53.49	86	37	1	120	205	1314	1066	7e-28	68.9
GPLIN_001300800	contig_90609	87.23	94	12	0	245	338	436	155	5e-50	 175
GPLIN_001300800	contig_90609	100.00	28	0	0	227	254	824	741	5e-09	60.1
GPLIN_001300800	contig_90609	76.47	17	4	0	71	87	203	153	5.0	32.3
GPLIN_000403000	contig_42857	51.69	178	38	7	189	319	627	97	3e-41	 150
GPLIN_000403000	contig_42857	86.49	37	5	0	255	291	346	236	5e-18	73.6
GPLIN_000403000	contig_42857	36.78	87	10	2	170	256	549	424	5e-18	38.5
GPLIN_001310300	contig_4942	56.05	157	32	2	210	329	392	862	2e-49	 156
GPLIN_001310300	contig_4942	45.98	87	26	2	152	217	94	354	2e-49	60.8
GPLIN_001310300	contig_4942	47.19	178	47	4	18	148	395	928	1e-27	 114
GPLIN_001310400	contig_171244	59.86	142	37	2	149	271	554	132	1e-44	 155
GPLIN_001310400	contig_171244	58.93	56	22	1	37	92	308	144	2e-13	70.1
GPLIN_001310400	contig_171244	69.23	13	4	0	11	23	385	347	2e-13	25.8
GPLIN_001310900	contig_38862	47.17	159	42	3	96	213	581	108	4e-34	 129
GPLIN_001312600	contig_125618	78.68	136	1	1	234	341	2	409	1e-65	 211
GPLIN_001315800	contig_94260	87.95	83	10	0	251	333	421	669	6e-68	 154
GPLIN_001315800	contig_94260	70.45	88	5	1	184	250	104	367	6e-68	 124
GPLIN_000413600	contig_248834	98.39	62	1	0	121	182	187	2	1e-41	 127
GPLIN_000413600	contig_248834	96.67	30	1	0	90	119	338	249	1e-41	63.2
GPLIN_000413700	contig_20645	50.00	162	32	6	289	411	554	1009	8e-33	 133
GPLIN_000414000	contig_22011	55.17	116	26	2	193	282	468	121	4e-52	 117
GPLIN_000414000	contig_22011	78.05	41	9	0	155	195	665	543	4e-52	65.9
GPLIN_000414000	contig_22011	43.18	88	13	1	107	157	967	704	4e-52	64.7
GPLIN_000414100	contig_901	55.41	148	40	4	318	443	8	439	9e-39	 144
GPLIN_001323300	contig_107472	84.34	83	13	0	125	207	270	518	2e-43	 155
GPLIN_000047700	contig_122980	49.22	128	36	2	392	495	245	613	2e-39	 116
GPLIN_000047700	contig_122980	72.09	43	12	0	337	379	3	131	2e-39	68.2
GPLIN_000008700	contig_10276	63.86	83	29	1	192	273	589	837	3e-42	94.0
GPLIN_000008700	contig_10276	72.73	33	9	0	124	156	228	326	3e-42	57.4
GPLIN_000008700	contig_10276	62.16	37	12	2	277	312	954	1061	3e-42	42.0
GPLIN_000008700	contig_10276	51.22	41	16	2	153	191	398	514	3e-42	40.4
GPLIN_000424400	contig_64642	46.62	148	19	3	157	244	1240	797	4e-81	 101
GPLIN_000424400	contig_64642	97.30	37	1	0	267	303	540	430	4e-81	82.4
GPLIN_000424400	contig_64642	90.24	41	4	0	337	377	210	88	4e-81	80.5
GPLIN_000424400	contig_64642	97.30	37	1	0	303	339	373	263	4e-81	78.6
GPLIN_000424400	contig_64642	100.00	20	0	0	248	267	689	630	4e-81	43.9
GPLIN_001335500	contig_18042	100.00	75	0	0	1	75	369	145	4e-37	 139
GPLIN_001344300	contig_45367	64.02	164	43	3	110	259	661	176	7e-73	 203
GPLIN_001344300	contig_45367	81.40	43	8	0	73	115	891	763	7e-73	76.6
GPLIN_001344300	contig_45367	77.78	18	4	0	260	277	56	3	7e-73	37.0
GPLIN_000466900	contig_46878	100.00	58	0	0	122	179	1263	1436	4e-28	 116
GPLIN_000466900	contig_46878	90.00	20	2	0	32	51	8	67	0.004	42.4
GPLIN_000495300	contig_238342	93.33	45	2	1	172	215	209	75	8e-20	86.3
GPLIN_000510600	contig_33732	59.65	114	30	1	123	220	408	749	6e-76	 140
GPLIN_000510600	contig_33732	54.64	97	28	1	44	124	70	360	6e-76	 109
GPLIN_000510600	contig_33732	58.06	62	26	0	218	279	796	981	6e-76	77.0
GPLIN_000510600	contig_33732	70.00	10	3	0	301	310	1080	1109	6e-76	20.8
GPLIN_000516100	contig_68519	76.36	55	13	0	73	127	260	424	2e-39	94.4
GPLIN_000516100	contig_68519	91.30	46	4	0	28	73	3	140	2e-39	89.4
GPLIN_001391000	contig_11215	97.83	46	1	0	187	232	2	139	4e-22	93.2
GPLIN_000555400	contig_82592	75.00	52	13	0	51	102	158	3	7e-10	58.2
GPLIN_000560800	contig_143694	88.46	78	9	0	253	330	310	543	1e-40	 149
GPLIN_000560800	contig_143694	89.80	49	5	0	144	192	2	148	1e-21	96.3
GPLIN_001417900	contig_197708	89.19	37	2	1	79	115	289	185	1e-14	70.1
GPLIN_000589200	contig_141882	87.84	74	9	0	147	220	291	512	8e-64	 135
GPLIN_000589200	contig_141882	97.67	86	2	0	216	301	580	837	8e-64	 130
GPLIN_000589200	contig_141882	88.10	42	4	1	108	149	1	123	7e-14	75.5
GPLIN_000100500	contig_28015	56.41	39	16	1	13	50	121	237	2e-05	42.0
GPLIN_000608100	contig_45935	55.91	127	37	1	140	247	1439	1819	2e-29	 122
GPLIN_000608100	contig_45935	34.71	121	52	2	79	173	998	1357	1e-06	53.1
GPLIN_000609400	contig_80936	58.62	87	2	1	183	235	3	263	2e-19	88.6
GPLIN_000609400	contig_80936	100.00	19	0	0	236	254	811	867	0.006	40.8
GPLIN_000610000	contig_72988	90.48	42	4	0	140	181	507	632	4e-18	83.6
GPLIN_000610000	contig_72988	95.12	41	2	0	74	114	5	127	4e-18	83.6
GPLIN_000614900	contig_240486	100.00	25	0	0	116	140	536	610	5e-12	57.4
GPLIN_000614900	contig_240486	77.78	18	4	0	103	120	441	494	5e-12	32.3
GPLIN_000614900	contig_240486	100.00	19	0	0	75	93	128	184	0.005	39.3
GPLIN_000616800	contig_514744	61.54	26	10	0	20	45	455	532	2.6	30.8
GPLIN_000641200	contig_143651	100.00	81	0	0	105	185	746	988	8e-34	 134
GPLIN_000120500	contig_95236	100.00	23	0	0	51	73	1765	1833	3e-12	49.3
GPLIN_000120500	contig_95236	96.88	32	1	0	74	105	1886	1981	3e-12	41.2
GPLIN_000122100	contig_42009	100.00	72	0	0	85	156	2026	2241	2e-69	 151
GPLIN_000122100	contig_42009	77.78	90	1	1	156	226	2304	2573	2e-69	 133
GPLIN_000122100	contig_42009	76.92	39	9	0	31	69	1503	1619	8e-10	64.3
GPLIN_000122100	contig_42009	92.31	26	2	0	20	45	1412	1489	6e-07	55.1
GPLIN_000122100	contig_42009	63.33	30	8	1	58	84	1764	1853	0.54	36.2
GPLIN_001463000	contig_88954	96.77	62	2	0	33	94	26	211	7e-37	 130
GPLIN_000126000	contig_162524	98.97	97	1	0	255	351	1	291	2e-59	 196
GPLIN_000689500	contig_137539	65.31	98	3	1	176	242	6	299	1e-32	 120
GPLIN_000696300	contig_167416	94.94	79	4	0	246	324	174	410	2e-52	 154
GPLIN_000696300	contig_167416	100.00	34	0	0	215	248	5	106	2e-52	73.2
GPLIN_000696300	contig_167416	100.00	45	0	0	369	413	635	769	3e-18	90.1
GPLIN_000696300	contig_167416	100.00	23	0	0	452	474	1122	1190	9e-05	48.1
GPLIN_000698800	contig_7403	94.92	59	3	0	180	238	1	177	5e-32	 118
GPLIN_000713500	contig_50918	87.50	40	5	0	1	40	460	341	1e-22	73.6
GPLIN_000713500	contig_50918	96.00	25	1	0	41	65	219	145	1e-22	52.4
GPLIN_000723200	contig_63283	89.22	102	11	0	217	318	1000	695	2e-51	 190
GPLIN_000723200	contig_63283	78.26	92	17	1	157	245	1292	1017	5e-38	 151
GPLIN_000723200	contig_63283	98.28	58	1	0	73	130	1840	1667	1e-18	92.4
GPLIN_000723200	contig_63283	100.00	19	0	0	1	19	2228	2172	0.033	40.0
GPLIN_000723200	contig_63283	100.00	18	0	0	390	407	252	199	0.078	38.9
GPLIN_000140200	contig_118338	84.91	53	8	0	32	84	159	1	3e-25	96.7
GPLIN_000142200	contig_34454	45.54	101	43	2	1	101	323	589	6e-18	80.1
GPLIN_000744000	contig_204789	100.00	69	0	0	13	81	3	209	3e-31	 114
GPLIN_000758200	contig_361686	83.33	66	11	0	353	418	202	5	1e-30	 117
GPLIN_000758500	contig_192540	56.03	116	1	2	83	148	681	334	1e-27	 105
GPLIN_000758500	contig_192540	80.95	21	4	0	149	169	262	200	1e-27	38.9
GPLIN_000776900	contig_30045	64.96	117	9	1	243	327	631	281	2e-66	 143
GPLIN_000776900	contig_30045	96.83	63	2	0	326	388	200	12	2e-66	 132
GPLIN_000776900	contig_30045	91.18	68	5	1	186	252	1109	906	4e-61	 132
GPLIN_000776900	contig_30045	78.38	74	16	0	112	185	1443	1222	4e-61	 125
GPLIN_000776900	contig_30045	96.43	28	1	0	165	192	1234	1151	1e-08	62.0
GPLIN_000807000	contig_173847	93.75	80	5	0	1	80	452	213	6e-55	 154
GPLIN_000807000	contig_173847	92.86	42	3	0	79	120	151	26	6e-55	80.1
GPLIN_000818900	contig_55373	94.83	58	3	0	186	243	3	176	1e-28	 114
GPLIN_000819000	contig_27503	98.25	57	1	0	46	102	245	75	1e-38	 112
GPLIN_000819000	contig_27503	96.97	33	1	0	14	46	411	313	1e-38	67.8
GPLIN_000821100	contig_81793	88.46	26	3	0	1	26	261	338	4e-07	47.0
GPLIN_000167000	contig_61534	100.00	52	0	0	161	212	86	241	1e-24	 106
GPLIN_000167000	contig_61534	100.00	44	0	0	213	256	670	801	2e-20	94.7
GPLIN_000167000	contig_61534	46.34	41	20	1	265	305	1100	1216	0.13	37.7
GPLIN_000834600	contig_177205	74.29	35	9	0	46	80	279	175	2e-11	60.8
GPLIN_000172000	contig_831219	32.76	58	36	1	1	58	193	29	0.19	32.3
GPLIN_000847100	contig_336013	48.42	95	18	1	131	194	36	320	8e-16	78.2
GPLIN_000886500	contig_232391	93.75	80	5	0	32	111	384	145	1e-33	 122
GPLIN_000886600	contig_484095	98.36	61	1	0	180	240	185	3	2e-21	89.4
GPLIN_000886700	contig_205957	98.53	68	1	0	1	68	149	352	3e-64	 141
GPLIN_000886700	contig_205957	92.54	67	5	0	86	152	436	636	3e-64	 125
GPLIN_000185800	contig_34138	63.64	110	4	1	29	102	695	1024	4e-33	 130
GPLIN_000185800	contig_34138	96.67	60	1	1	150	209	1696	1872	5e-28	 116
GPLIN_000185800	contig_34138	58.82	51	3	1	118	150	1386	1538	5e-09	59.3
GPLIN_000897000	contig_251203	94.62	93	5	0	46	138	1	279	4e-45	 154
GPLIN_000897600	contig_124819	71.43	70	15	1	49	118	85	279	2e-26	99.8
GPLIN_000187400	contig_30963	96.08	51	2	0	1	51	1692	1844	9e-23	 100
GPLIN_000187600	contig_241992	55.74	61	24	1	71	128	1	183	3e-12	65.9
GPLIN_000195900	contig_110753	58.97	78	14	2	1	60	236	3	9e-20	81.3
GPLIN_000919700	contig_144105	70.59	68	17	2	19	84	526	726	3e-27	90.5
GPLIN_000919700	contig_144105	84.62	26	4	0	85	110	795	872	3e-27	50.1
GPLIN_000919700	contig_144105	92.86	42	3	0	1	42	269	394	2e-18	82.0
GPLIN_000925000	contig_76228	92.50	40	3	0	42	81	173	54	2e-30	77.4
GPLIN_000925000	contig_76228	84.78	46	4	1	1	43	361	224	2e-30	74.3
GPLIN_000927400	contig_396234	89.29	28	2	1	45	71	88	171	1e-08	52.0
GPLIN_000943000	contig_148983	98.18	110	2	0	56	165	10	339	3e-68	 219
GPLIN_000943100	contig_35783	100.00	69	0	0	66	134	1044	1250	1e-33	 129
GPLIN_000943100	contig_35783	68.18	22	6	1	45	65	546	611	5.6	30.4
GPLIN_000948600	contig_128491	96.47	85	3	0	53	137	10	264	9e-50	 160
GPLIN_000957300	contig_289960	76.40	89	19	1	31	117	290	24	1e-38	 134
GPLIN_000957300	contig_289960	92.68	41	3	0	19	59	363	241	3e-19	83.6
GPLIN_000208700	contig_80315	49.28	69	33	2	97	164	216	13	2e-10	62.4
GPLIN_000208800	contig_19898	49.15	59	29	1	44	101	209	385	7e-07	49.7
GPLIN_000209100	contig_23465	93.86	114	7	0	47	160	368	27	9e-67	 214
GPLIN_000209100	contig_23465	70.21	47	12	2	1	47	983	849	1e-05	48.1
GPLIN_000966000	contig_5720	98.44	64	1	0	37	100	220	29	4e-36	 133
GPLIN_000966000	contig_5720	94.59	37	2	0	1	37	682	572	3e-15	75.1
GPLIN_000027900	contig_57757	97.53	81	2	0	92	172	2	244	2e-50	 166
GPLIN_000028200	contig_19851	66.67	135	44	1	58	191	625	221	1e-46	 161
GPLIN_000028200	contig_19851	93.10	29	2	0	136	164	100	14	3e-09	58.9
GPLIN_000028200	contig_19851	68.97	29	9	0	226	254	487	401	0.002	42.4
GPLIN_001004000	contig_305222	96.74	92	2	1	41	132	68	340	7e-42	 144
GPLIN_001008400	contig_117426	68.52	54	17	0	2	55	84	245	8e-13	62.8
GPLIN_000228700	contig_159870	100.00	55	0	0	1	55	9	173	3e-24	95.1
GPLIN_001550200	contig_227949	81.25	48	6	1	1	48	214	348	3e-17	73.9
GPLIN_001016900	contig_7226	43.69	103	40	4	31	131	401	141	5e-15	76.3
GPLIN_001016900	contig_7226	85.71	28	3	1	1	27	1094	1011	3e-06	50.1
GPLIN_001030400	contig_57094	100.00	142	0	0	384	525	2	427	6e-94	 303
GPLIN_001030400	contig_57094	80.95	126	22	1	549	672	50	427	1e-51	 184
GPLIN_001030700	contig_118338	59.26	81	28	1	3	83	228	1	1e-23	92.4
GPLIN_001031700	contig_14243	77.08	48	11	0	45	92	144	287	3e-28	78.6
GPLIN_001031700	contig_14243	65.71	35	12	0	93	127	353	457	3e-28	49.7
GPLIN_001031700	contig_14243	71.43	21	6	0	17	37	17	79	3e-28	36.2
GPLIN_000241600	contig_48318	71.67	60	17	0	4	63	441	262	3e-21	86.3
GPLIN_001040900	contig_172742	98.25	57	1	0	40	96	271	441	4e-30	 118
GPLIN_001040900	contig_172742	97.50	40	1	0	125	164	581	700	9e-17	80.5
GPLIN_001040900	contig_172742	94.74	19	1	0	1	19	86	142	0.002	42.0
GPLIN_001066900	contig_169335	91.67	36	2	1	96	131	144	40	5e-18	58.9
GPLIN_001066900	contig_169335	88.89	27	3	0	63	89	307	227	5e-18	52.4
GPLIN_000258900	contig_229941	74.05	131	7	2	104	207	556	164	1e-54	 185
GPLIN_001080000	contig_92429	90.91	55	3	1	60	114	84	242	5e-25	99.0
GPLIN_001099200	contig_23895	76.62	231	8	1	215	399	919	1611	3e-84	 292
GPLIN_001099200	contig_23895	100.00	86	0	0	77	162	2	259	4e-44	 174
GPLIN_001099200	contig_23895	98.48	66	1	0	401	466	1829	2026	1e-33	 142
GPLIN_001099200	contig_23895	100.00	57	0	0	163	219	514	684	4e-25	 115
GPLIN_001099200	contig_23895	31.43	105	58	5	49	146	928	1221	3e-04	48.5
GPLIN_001099200	contig_23895	30.21	96	58	2	551	640	940	1218	0.003	45.1
GPLIN_000271900	contig_24171	71.33	150	18	1	139	263	738	1187	5e-46	 170
GPLIN_000271900	contig_24171	90.62	32	3	0	266	297	1417	1512	4e-10	63.9
GPLIN_000280900	contig_277527	90.67	75	7	0	382	456	309	533	2e-37	 140
GPLIN_000281300	contig_119839	100.00	107	0	0	24	130	39	359	3e-70	 221
GPLIN_001127400	contig_141178	100.00	40	0	0	72	111	272	391	1e-18	83.6
GPLIN_000283500	contig_82156	98.33	60	1	0	183	242	854	675	8e-42	 132
GPLIN_000283500	contig_82156	90.00	30	3	0	155	184	981	892	8e-42	60.8
GPLIN_000283500	contig_82156	100.00	59	0	0	252	310	540	364	2e-29	 124
GPLIN_001138300	contig_113957	70.76	171	4	1	233	357	136	648	2e-69	 236
GPLIN_001138500	contig_75867	83.82	136	1	1	158	272	1382	975	1e-71	 220
GPLIN_001138500	contig_75867	100.00	33	0	0	273	305	861	763	1e-71	70.9
GPLIN_001138500	contig_75867	90.20	51	5	0	108	158	1965	1813	6e-21	97.1
GPLIN_001138700	contig_75867	83.82	136	1	1	157	271	1382	975	5e-68	 220
GPLIN_001138700	contig_75867	83.87	31	5	0	272	302	861	769	5e-68	58.9
GPLIN_001138700	contig_75867	90.20	51	5	0	107	157	1965	1813	5e-21	97.1
GPLIN_001146800	contig_101114	100.00	77	0	0	56	132	1	231	2e-48	 166
GPLIN_001153200	contig_13714	70.54	129	13	2	471	574	1	387	1e-45	 165
GPLIN_001153200	contig_13714	62.86	140	19	2	676	795	1	381	5e-37	 140
GPLIN_001153200	contig_13714	55.93	59	6	1	320	358	1	177	1e-09	61.6
GPLIN_001153300	contig_13714	66.93	127	17	2	312	413	1	381	2e-44	 158
GPLIN_001183800	contig_23465	88.57	105	12	0	46	150	341	27	2e-55	 184
GPLIN_001183800	contig_23465	71.74	46	12	1	1	46	983	849	3e-07	52.8
GPLIN_001184500	contig_233709	96.10	77	3	0	37	113	347	117	3e-45	 151
GPLIN_001185000	contig_186843	90.74	54	5	0	29	82	101	262	5e-26	 102
GPLIN_001592300	contig_154333	93.62	47	3	0	1	47	711	571	2e-30	86.7
GPLIN_001592300	contig_154333	100.00	29	0	0	48	76	497	411	2e-30	65.9
GPLIN_001592300	contig_154333	100.00	23	0	0	101	123	143	75	3e-05	47.8
GPLIN_001196900	contig_120502	95.65	23	0	1	86	108	122	57	4e-05	42.0
GPLIN_000318900	contig_171535	90.59	85	7	1	53	136	445	191	4e-49	 162
GPLIN_000319000	contig_232954	78.02	91	0	1	37	107	1	273	3e-40	 145
GPLIN_000319500	contig_99778	100.00	17	0	0	32	48	93	43	0.003	38.1
GPLIN_001223000	contig_101797	91.86	86	4	2	1	85	45	296	2e-31	 115
GPLIN_001232800	contig_2522	51.98	177	35	5	18	147	3	524	4e-49	 152
GPLIN_001232800	contig_2522	73.68	38	10	0	139	176	551	664	4e-49	63.5
GPLIN_000333000	contig_589785	28.21	39	28	0	23	61	421	305	1.9	29.6
GPLIN_000333100	contig_77576	96.30	81	3	0	133	213	1	243	9e-30	 112
GPLIN_000333100	contig_77576	64.00	25	7	1	68	90	1	75	2.6	30.8
GPLIN_000342300	contig_149589	96.08	51	2	0	110	160	181	29	8e-32	 105
GPLIN_000342300	contig_149589	64.58	48	7	2	80	117	411	268	8e-32	52.4
GPLIN_001244900	contig_49116	82.19	73	12	1	105	176	3	221	5e-33	 120
GPLIN_000357600	contig_240452	100.00	62	0	0	1	62	441	626	3e-46	 129
GPLIN_000357600	contig_240452	100.00	32	0	0	63	94	680	775	3e-46	76.6
GPLIN_000361100	contig_77576	85.88	85	10	1	80	162	1	255	2e-28	 112
GPLIN_000361100	contig_77576	87.65	81	8	1	327	405	1	243	9e-28	 109
GPLIN_000361100	contig_77576	86.76	68	8	1	152	218	40	243	2e-18	84.3
GPLIN_001262300	contig_141320	84.93	272	26	3	387	658	773	3	3e-123	 374
GPLIN_001263700	contig_11829	85.71	147	3	1	1	129	418	858	2e-78	 244
GPLIN_001268500	contig_46931	57.38	61	23	2	59	117	713	534	2e-25	67.4
GPLIN_001268500	contig_46931	76.67	30	7	0	29	58	861	772	2e-25	53.9
GPLIN_001268500	contig_46931	64.00	25	9	0	120	144	478	404	2e-25	35.4
GPLIN_000376600	contig_156117	93.59	78	5	0	129	206	235	2	2e-29	 117
GPLIN_001292400	contig_9620	80.62	129	6	1	140	249	104	490	3e-58	 201
GPLIN_001292400	contig_9620	97.85	93	1	1	329	420	642	920	4e-36	 140
GPLIN_000061100	contig_23360	99.12	113	1	0	196	308	287	625	2e-58	 199
GPLIN_000061100	contig_23360	95.65	23	1	0	173	195	3	71	1e-05	50.4
GPLIN_000063100	contig_361686	95.45	66	3	0	349	414	202	5	2e-35	 130
GPLIN_000063700	contig_236458	87.50	56	7	0	431	486	364	531	2e-36	 102
GPLIN_000063700	contig_236458	84.48	58	8	1	380	436	81	254	2e-36	71.6
GPLIN_000063700	contig_236458	64.29	56	20	0	185	240	364	531	3e-30	81.6
GPLIN_000063700	contig_236458	63.79	58	20	1	134	190	81	254	3e-30	72.0
GPLIN_001304400	contig_18042	81.33	75	13	1	1	74	369	145	4e-24	 103
GPLIN_001318000	contig_75408	61.47	109	3	3	18	90	115	432	1e-53	 115
GPLIN_001318000	contig_75408	100.00	52	0	0	91	142	495	650	1e-53	 107
GPLIN_001318000	contig_75408	52.00	25	9	1	1	25	8	73	1e-53	27.3
GPLIN_001319300	contig_71972	89.80	49	5	0	83	131	466	612	2e-21	94.0
GPLIN_001319300	contig_71972	46.15	91	13	2	24	78	30	302	2e-13	70.9
GPLIN_001319300	contig_71972	100.00	13	0	0	52	64	157	195	6.3	31.2
GPLIN_000075700	contig_130291	100.00	58	0	0	138	195	943	770	1e-30	 119
GPLIN_001337800	contig_196570	94.55	55	3	0	8	62	355	519	1e-33	 115
GPLIN_001337800	contig_196570	100.00	22	0	0	63	84	519	584	1e-33	47.8
GPLIN_001339200	contig_82504	90.24	82	8	0	145	226	135	380	9e-45	 152
GPLIN_001339200	contig_82504	70.73	82	13	2	67	140	114	350	1e-25	 102
GPLIN_000442900	contig_99357	95.45	44	2	0	1	44	317	186	6e-40	94.4
GPLIN_000442900	contig_99357	100.00	43	0	0	43	85	139	11	6e-40	92.4
GPLIN_000072400	contig_34921	100.00	26	0	0	52	77	98	175	5e-09	54.7
GPLIN_001358800	contig_24460	83.87	62	8	1	1	60	215	30	1e-28	 106
GPLIN_000481100	contig_92000	88.89	54	6	0	44	97	396	235	2e-24	98.2
GPLIN_001384700	contig_220445	87.39	111	14	0	273	383	1194	862	1e-90	 212
GPLIN_001384700	contig_220445	85.71	77	11	0	383	459	803	573	1e-90	 142
GPLIN_001390500	contig_1853	65.79	38	13	0	23	60	5	118	3e-10	55.8
GPLIN_000555600	contig_56496	88.68	53	6	0	462	514	107	265	4e-24	 101
GPLIN_001416500	contig_57357	76.71	146	2	1	709	822	1	438	4e-65	 221
GPLIN_000594000	contig_170336	79.05	148	9	1	358	483	1	444	3e-59	 199
GPLIN_000604400	contig_190176	96.49	57	2	0	143	199	59	229	3e-30	 116
GPLIN_001431400	contig_66293	61.54	195	34	3	68	229	249	809	5e-58	 194
GPLIN_001431400	contig_66293	57.50	40	14	1	211	247	969	1088	8e-04	43.5
GPLIN_000621200	contig_413314	38.22	348	169	7	362	702	928	2	3e-57	 204
GPLIN_001443600	contig_24460	67.16	67	8	2	38	90	230	30	5e-20	81.6
GPLIN_000637900	contig_82504	93.24	74	5	0	50	123	135	356	5e-41	 139
GPLIN_000637900	contig_82504	66.67	84	17	2	4	79	108	350	8e-26	 100
GPLIN_000637900	contig_82504	52.00	50	24	0	85	134	114	263	3e-07	49.3
GPLIN_000637900	contig_82504	40.00	45	27	0	1	45	216	350	0.003	38.5
GPLIN_000638800	contig_69855	97.78	90	0	1	48	135	270	1	2e-38	 132
GPLIN_000642100	contig_316572	95.54	112	5	0	1	112	439	104	1e-52	 168
GPLIN_000119200	contig_59655	87.27	55	6	1	85	139	31	192	2e-06	47.0
GPLIN_000120300	contig_82504	100.00	71	0	0	34	104	144	356	7e-43	 143
GPLIN_000120300	contig_82504	52.00	50	24	0	66	115	114	263	1e-07	50.1
GPLIN_001456900	contig_50920	100.00	66	0	0	130	195	212	15	5e-38	 142
GPLIN_001456900	contig_50920	100.00	51	0	0	27	77	662	510	1e-26	 110
GPLIN_000666500	contig_206694	74.89	219	5	2	57	225	263	919	3e-98	 320
GPLIN_000666500	contig_206694	89.36	47	5	0	244	290	1238	1378	9e-17	86.7
GPLIN_000666500	contig_206694	56.32	87	8	1	393	449	1959	2219	4e-16	84.7
GPLIN_000666500	contig_206694	91.49	47	4	0	287	333	1541	1681	5e-16	84.7
GPLIN_000666500	contig_206694	100.00	20	0	0	37	56	2	61	0.007	42.7
GPLIN_000666500	contig_206694	90.00	20	2	0	441	460	2362	2421	0.025	40.8
GPLIN_000667500	contig_92946	96.15	78	3	0	42	119	235	2	9e-42	 145
GPLIN_000668700	contig_69855	96.67	90	1	1	68	155	270	1	2e-37	 130
GPLIN_000126500	contig_50920	50.82	61	30	0	16	76	197	15	7e-11	61.6
GPLIN_000683800	contig_52198	93.75	32	2	0	99	130	1256	1351	5e-11	63.2
GPLIN_000684200	contig_289275	68.57	70	6	1	58	111	102	311	1e-21	90.5
GPLIN_000697600	contig_161795	73.53	34	9	0	173	206	103	2	4e-09	56.2
GPLIN_000697600	contig_161795	48.28	58	30	0	63	120	175	2	4e-08	53.5
GPLIN_000697600	contig_161795	50.94	53	26	0	89	141	160	2	6e-08	52.8
GPLIN_000697600	contig_161795	57.14	35	14	1	151	185	103	2	0.002	40.4
GPLIN_001471200	contig_25930	72.97	74	20	0	27	100	248	469	4e-28	 111
GPLIN_001471200	contig_25930	84.09	44	7	0	99	142	839	970	1e-16	79.0
GPLIN_001475500	contig_156143	78.82	85	0	1	105	171	19	273	2e-38	 133
GPLIN_000738800	contig_231494	57.02	121	18	3	64	150	62	424	4e-32	 118
GPLIN_000738800	contig_231494	91.67	24	2	0	92	115	198	269	1e-07	52.0
GPLIN_000760900	contig_137724	94.00	50	3	0	1	50	65	214	4e-25	 100
GPLIN_000760900	contig_137724	90.24	41	4	0	113	153	92	214	6e-19	84.0
GPLIN_000763000	contig_63900	100.00	77	0	0	89	165	1201	971	1e-43	 164
GPLIN_000763000	contig_63900	100.00	41	0	0	35	75	1554	1432	8e-17	85.5
GPLIN_000763000	contig_63900	38.67	75	44	2	218	290	1198	974	1e-09	63.5
GPLIN_000768400	contig_177316	76.25	80	3	1	95	158	241	480	4e-20	88.2
GPLIN_000780600	contig_146903	67.78	90	0	1	100	160	193	462	1e-28	 103
GPLIN_000780600	contig_146903	88.46	26	2	1	77	102	51	125	1e-28	42.4
GPLIN_000785400	contig_27767	100.00	25	0	0	292	316	76	2	8e-13	48.5
GPLIN_000785400	contig_27767	80.77	26	5	0	271	296	215	138	8e-13	45.4
GPLIN_000792900	contig_43222	54.41	68	28	1	31	95	286	83	1e-12	68.2
GPLIN_000793000	contig_59655	87.88	66	4	1	38	99	31	228	7e-13	63.5
GPLIN_000796500	contig_43222	69.86	73	22	0	59	131	286	68	4e-25	 104
GPLIN_000796500	contig_43222	92.31	13	1	0	139	151	749	787	0.13	28.5
GPLIN_000796500	contig_43222	90.91	11	1	0	126	136	717	749	0.13	25.4
GPLIN_000803500	contig_24460	80.65	62	10	1	1	60	215	30	1e-26	 101
GPLIN_000812600	contig_2539	71.79	39	10	1	1	39	159	272	2e-06	45.4
GPLIN_000167300	contig_104954	93.94	33	2	0	27	59	215	117	4e-24	67.4
GPLIN_000167300	contig_104954	100.00	30	0	0	1	30	345	256	4e-24	63.9
GPLIN_000167700	contig_280903	93.51	77	5	0	26	102	7	237	1e-45	 149
GPLIN_000854400	contig_830758	34.09	44	28	1	42	85	71	199	2.4	30.0
GPLIN_000860700	contig_143851	96.15	52	2	0	48	99	2	157	1e-27	 101
GPLIN_000869800	contig_141207	100.00	35	0	0	109	143	333	437	2e-22	79.3
GPLIN_000869800	contig_141207	100.00	17	0	0	91	107	226	276	2e-22	45.4
GPLIN_000870000	contig_233602	55.56	36	16	0	128	163	514	407	2e-12	39.7
GPLIN_000870000	contig_233602	65.38	26	9	0	43	68	951	874	2e-12	35.8
GPLIN_000870000	contig_233602	32.81	64	24	1	85	129	755	564	2e-12	35.8
GPLIN_000178900	contig_3604	41.07	56	33	0	101	156	759	592	2e-14	55.1
GPLIN_000178900	contig_3604	32.93	82	39	2	37	102	1054	809	2e-14	43.1
GPLIN_000872800	contig_93763	100.00	52	0	0	24	75	156	1	1e-27	 113
GPLIN_000901700	contig_147125	100.00	18	0	0	14	31	485	432	3e-04	40.8
GPLIN_000901900	contig_102712	92.31	26	2	0	9	34	221	144	6e-12	51.2
GPLIN_000901900	contig_102712	100.00	18	0	0	34	51	73	20	6e-12	38.5
GPLIN_000187800	contig_104445	56.25	96	39	3	6	98	52	339	7e-24	97.8
GPLIN_000188200	contig_153713	57.56	205	63	6	476	659	386	991	8e-74	 185
GPLIN_000188200	contig_153713	56.70	97	35	4	656	752	1026	1295	8e-74	86.7
GPLIN_000188200	contig_153713	75.86	29	7	0	446	474	295	381	8e-74	49.3
GPLIN_001526900	contig_2108	49.28	207	72	6	66	242	879	1490	6e-52	 176
GPLIN_001526900	contig_2108	66.67	36	12	0	33	68	731	838	6e-52	48.1
GPLIN_000931100	contig_309019	97.14	70	2	0	4	73	77	286	3e-30	 108
GPLIN_000933000	contig_2108	100.00	72	0	0	36	107	879	1094	3e-85	 152
GPLIN_000933000	contig_2108	92.86	56	4	0	154	209	1323	1490	3e-85	 115
GPLIN_000933000	contig_2108	96.30	54	2	0	107	160	1138	1299	3e-85	75.5
GPLIN_000933000	contig_2108	97.37	38	1	0	1	38	725	838	3e-85	35.8
GPLIN_000201400	contig_97013	81.98	111	14	2	132	237	8	337	9e-58	 174
GPLIN_000201400	contig_97013	94.44	36	2	0	238	273	426	533	9e-58	70.5
GPLIN_000950800	contig_195670	82.14	28	5	0	93	120	40	123	8e-10	55.8
GPLIN_000950900	contig_99725	72.50	40	11	0	40	79	387	268	5e-10	56.2
GPLIN_000962200	contig_26162	91.94	62	5	0	167	228	217	32	5e-33	 123
GPLIN_000962200	contig_26162	34.29	35	23	0	287	321	208	104	6.2	30.4
GPLIN_000207700	contig_219402	83.82	68	6	3	1	68	218	30	2e-29	 107
GPLIN_000969800	contig_237132	84.75	59	9	0	1	59	104	280	8e-29	 107
GPLIN_000969900	contig_237132	83.33	60	10	0	27	86	101	280	1e-28	 104
GPLIN_000970000	contig_237132	82.76	58	10	0	29	86	107	280	9e-27	 103
GPLIN_000970100	contig_237132	83.05	59	10	0	28	86	104	280	4e-28	 103
GPLIN_001541500	contig_3313	100.00	57	0	0	29	85	550	380	2e-38	 122
GPLIN_001541500	contig_3313	81.08	37	7	0	1	37	741	631	2e-38	55.5
GPLIN_001030900	contig_24460	61.19	67	24	1	37	101	230	30	8e-19	81.3
GPLIN_001038900	contig_3108	73.61	72	19	0	29	100	466	681	1e-26	 107
GPLIN_001043600	contig_2539	71.79	39	10	1	1	39	159	272	2e-06	46.6
GPLIN_000243700	contig_24460	83.58	67	9	1	38	102	230	30	2e-31	 114
GPLIN_000243800	contig_24460	89.55	67	7	0	54	120	230	30	8e-36	 126
GPLIN_001559100	contig_206303	75.76	66	1	1	102	152	1079	882	2e-23	97.8
GPLIN_001559100	contig_206303	39.73	73	24	3	62	117	237	28	6e-12	51.2
GPLIN_001559100	contig_206303	62.96	27	10	0	35	61	371	291	6e-12	38.1
GPLIN_000248100	contig_40196	100.00	66	0	0	18	83	200	3	2e-26	 100
GPLIN_000248100	contig_40196	100.00	17	0	0	1	17	306	256	2e-26	38.9
GPLIN_000248100	contig_40196	36.00	100	31	3	5	103	233	30	6e-05	45.1
GPLIN_001090500	contig_99725	76.09	46	6	1	103	143	387	250	3e-13	67.0
GPLIN_001090500	contig_99725	72.50	40	11	0	43	82	387	268	2e-09	56.2
GPLIN_001090600	contig_195670	85.37	41	6	0	103	143	1	123	2e-17	76.6
GPLIN_001098200	contig_89431	96.67	60	2	0	41	100	180	359	4e-22	89.0
GPLIN_001110200	contig_272114	42.55	47	27	0	29	75	143	3	4e-04	38.5
GPLIN_000293500	contig_327673	88.24	34	4	0	59	92	164	265	6e-12	60.8
GPLIN_001582700	contig_24460	91.18	34	3	0	36	69	230	129	3e-14	65.9
GPLIN_001162100	contig_143851	96.00	50	2	0	48	97	2	151	1e-25	97.8
GPLIN_000297600	contig_2108	46.43	196	50	4	83	224	879	1463	6e-43	 153
GPLIN_000297600	contig_2108	58.33	36	15	0	50	85	731	838	6e-43	42.0
GPLIN_000308900	contig_24460	94.59	37	2	0	38	74	230	120	2e-17	74.7
GPLIN_000309000	contig_24460	93.75	32	2	0	38	69	230	135	9e-14	64.7
GPLIN_001199500	contig_51085	67.82	87	6	1	78	142	289	29	2e-49	 112
GPLIN_001199500	contig_51085	81.36	59	11	0	24	82	551	375	2e-49	 104
GPLIN_001199500	contig_51085	72.92	96	4	1	153	226	289	2	7e-37	 133
GPLIN_001199500	contig_51085	52.63	38	15	1	120	157	479	375	7e-37	42.0
GPLIN_001199500	contig_51085	70.97	31	2	1	1	31	1010	939	0.005	42.4
GPLIN_001203000	contig_94697	80.00	40	4	1	44	83	210	103	5e-13	63.2
GPLIN_001205000	contig_124255	79.57	93	0	1	175	248	280	2	7e-42	 146
GPLIN_001205000	contig_124255	37.36	91	38	1	44	115	274	2	2e-14	72.0
GPLIN_000314000	contig_272129	92.86	28	2	0	87	114	86	3	8e-09	54.3
GPLIN_001596100	contig_3108	76.06	71	15	1	1	69	469	681	4e-27	 106
GPLIN_001221800	contig_40436	90.00	40	4	0	119	158	7	126	6e-21	79.3
GPLIN_001221800	contig_40436	90.48	21	2	0	155	175	245	307	6e-21	40.8
GPLIN_001221900	contig_102115	88.64	44	5	0	1	44	7	138	1e-18	82.8
GPLIN_001221900	contig_102115	91.30	23	2	0	101	123	481	549	3e-07	51.2
GPLIN_000325200	contig_40258	78.79	33	7	0	1	33	150	52	6e-10	57.0
GPLIN_001606400	contig_237132	78.69	61	11	1	28	88	104	280	2e-25	 100
GPLIN_000349200	contig_60409	92.76	152	11	0	106	257	42	497	4e-92	 287
GPLIN_001613000	contig_289275	68.57	70	6	1	66	119	102	311	5e-21	89.0
GPLIN_000359000	contig_59655	95.24	21	1	0	96	116	166	228	4e-05	42.0
GPLIN_000370900	contig_57357	77.40	146	1	1	648	761	1	438	8e-66	 222
GPLIN_000376700	contig_188432	98.81	84	1	0	209	292	391	140	7e-53	 175
GPLIN_001295300	contig_289275	59.26	81	6	2	66	130	102	311	3e-17	79.0
GPLIN_000388900	contig_320005	93.02	43	3	0	77	119	87	215	4e-21	91.3
GPLIN_000057600	contig_170555	62.20	82	31	0	1	82	67	312	3e-28	 105
GPLIN_000060800	contig_25930	91.89	74	6	0	27	100	248	469	2e-38	 140
GPLIN_000060800	contig_25930	94.34	53	3	0	99	151	839	997	1e-26	 108
GPLIN_000407400	contig_50920	100.00	66	0	0	130	195	212	15	6e-38	 142
GPLIN_000407400	contig_50920	100.00	51	0	0	27	77	662	510	1e-26	 110
GPLIN_001317500	contig_18575	80.00	25	5	0	69	93	219	293	8e-05	42.0
GPLIN_000015300	contig_71935	92.06	63	5	0	66	128	2	190	8e-34	 118
GPLIN_000574800	contig_133017	100.00	59	0	0	439	497	465	289	1e-51	 112
GPLIN_000574800	contig_133017	49.03	155	35	4	335	445	955	491	1e-51	 112
GPLIN_000574800	contig_133017	73.68	19	5	0	49	67	738	682	0.071	38.9
GPLIN_000591100	contig_3310	66.99	103	0	1	1	69	1445	1137	3e-32	 121
GPLIN_000591100	contig_3310	100.00	26	0	0	70	95	708	631	1e-09	57.8
GPLIN_000638300	contig_117152	86.79	53	7	0	21	73	904	746	3e-24	96.7
GPLIN_000169700	contig_103962	96.36	55	2	0	91	145	272	108	2e-37	 110
GPLIN_000169700	contig_103962	86.11	36	5	0	59	94	447	340	2e-37	64.7
GPLIN_000996800	contig_41931	94.89	274	9	2	252	525	808	2	8e-149	 454
GPLIN_000996800	contig_41931	97.94	97	2	0	21	117	1432	1142	1e-52	 195
GPLIN_001255700	contig_143851	98.00	50	1	0	48	97	2	151	5e-26	 100
GPLIN_000393900	contig_157920	66.23	154	19	3	180	300	51	512	4e-51	 183
GPLIN_000393900	contig_157920	98.00	50	1	0	289	338	524	673	5e-32	 113
GPLIN_000393900	contig_157920	95.45	22	1	0	339	360	715	780	5e-32	47.0
GPLIN_000990400	contig_38233	94.24	139	8	0	294	432	1559	1975	4e-81	 276
GPLIN_000990400	contig_38233	100.00	66	0	0	41	106	346	543	7e-50	 138
GPLIN_000990400	contig_38233	100.00	40	0	0	1	40	117	236	7e-50	81.3
GPLIN_000990400	contig_38233	90.20	102	10	0	159	260	1032	1337	4e-47	 179
GPLIN_000990400	contig_38233	96.30	54	2	0	118	171	743	904	3e-22	 104
GPLIN_000990400	contig_38233	73.33	60	15	1	415	473	2052	2231	2e-17	89.0
GPLIN_000990400	contig_38233	50.00	58	28	1	23	79	1775	1948	3e-07	56.6
GPLIN_000990400	contig_38233	49.12	57	26	2	385	439	349	516	1e-06	54.7
GPLIN_000668600	contig_82504	91.89	74	6	0	124	197	135	356	2e-40	 140
GPLIN_000668600	contig_82504	67.07	82	16	2	80	153	114	350	6e-25	 100
GPLIN_000668600	contig_82504	52.00	50	24	0	159	208	114	263	5e-07	50.4
GPLIN_000668600	contig_82504	42.22	45	26	0	75	119	216	350	0.010	38.5
GPLIN_000977100	contig_144505	82.54	63	11	0	1	63	1419	1607	2e-24	 111
GPLIN_000977100	contig_144505	90.32	31	3	0	60	90	1732	1824	3e-09	63.5
GPLIN_000977100	contig_144505	71.43	21	6	0	100	120	786	724	0.041	40.4
GPLIN_000926600	contig_144505	59.70	134	3	1	13	95	1206	1607	2e-38	 142
GPLIN_000926600	contig_144505	96.88	32	1	0	92	123	1732	1827	7e-12	67.0
GPLIN_000926600	contig_144505	58.82	34	4	1	155	178	788	687	0.013	39.3
GPLIN_000950600	contig_24460	86.57	67	7	1	19	83	230	30	9e-33	 117
GPLIN_000950100	contig_24460	88.06	67	6	1	38	102	230	30	4e-33	 119
GPLIN_000203300	contig_92000	89.09	55	6	0	43	97	399	235	5e-25	99.4
GPLIN_000912100	contig_237132	88.14	59	7	0	28	86	104	280	2e-30	 113
GPLIN_000235400	contig_59655	71.64	67	13	3	128	189	31	228	2e-08	52.4
GPLIN_000740500	contig_117152	92.45	53	4	0	21	73	904	746	2e-26	 102
GPLIN_001390400	contig_24460	85.07	67	8	1	38	102	230	30	9e-32	 115
GPLIN_000662500	contig_144505	55.64	133	8	1	14	95	1209	1607	1e-35	 135
GPLIN_000662500	contig_144505	93.75	32	2	0	92	123	1732	1827	1e-11	66.6
GPLIN_000662500	contig_144505	79.17	24	5	0	155	178	788	717	7e-04	42.7
GPLIN_000107400	contig_462603	95.00	40	2	0	133	172	132	251	2e-17	78.2
GPLIN_000467400	contig_92170	62.90	62	23	0	43	104	63	248	2e-37	90.1
GPLIN_000467400	contig_92170	58.75	80	7	1	106	159	301	540	2e-37	85.9
GPLIN_000673000	contig_92170	72.13	61	17	0	41	101	66	248	1e-37	94.0
GPLIN_000673000	contig_92170	57.50	80	8	1	103	156	301	540	1e-37	84.0
GPLIN_000142600	contig_203585	98.02	101	2	0	1	101	94	396	2e-66	 208
GPLIN_000294400	contig_102458	71.20	125	5	1	1	94	656	1030	2e-46	 162
GPLIN_000294400	contig_102458	62.07	58	2	1	103	140	1219	1392	4e-14	73.2
GPLIN_000294500	contig_102458	72.73	132	5	1	1	101	656	1051	7e-50	 182
GPLIN_000294500	contig_102458	60.34	58	3	1	137	174	1219	1392	3e-12	72.0
GPLIN_000322300	contig_109288	75.31	81	1	1	54	115	446	204	2e-33	 118
GPLIN_000322300	contig_109288	95.24	21	1	0	116	136	102	40	2e-33	44.3
GPLIN_000412300	contig_131202	94.25	87	5	0	152	238	303	43	4e-55	 169
GPLIN_000412300	contig_131202	94.12	51	3	0	101	151	508	356	4e-55	67.0
