GPLIN_000706300	contig_66215	55.36	112	28	2	8	99	338	9	5e-26	 102
GPLIN_000707900	contig_9300	100.00	64	0	0	15	78	724	915	7e-37	 135
GPLIN_000707900	contig_9300	100.00	14	0	0	1	14	524	565	0.035	33.9
GPLIN_001031600	contig_50061	78.50	107	3	1	259	345	323	3	3e-48	 170
GPLIN_000092400	contig_59502	97.01	67	2	0	8	74	557	357	1e-38	 134
GPLIN_000092400	contig_59502	95.24	42	2	0	100	141	127	2	1e-19	84.3
GPLIN_000536200	contig_4617	76.92	52	12	0	74	125	325	480	1e-18	82.0
GPLIN_000590900	contig_174740	92.98	57	4	0	179	235	39	209	7e-28	 110
GPLIN_000590900	contig_174740	95.83	48	2	0	232	279	435	578	4e-24	 100
GPLIN_000599100	contig_54429	90.20	51	5	0	157	207	993	841	2e-41	 101
GPLIN_000599100	contig_54429	93.02	43	3	0	204	246	799	671	2e-41	87.4
GPLIN_000599100	contig_54429	71.43	77	2	2	99	156	1629	1402	3e-23	 101
GPLIN_000599100	contig_54429	94.12	17	1	0	242	258	356	306	0.11	36.2
GPLIN_000599200	contig_54429	92.16	51	4	0	180	230	993	841	6e-41	 103
GPLIN_000599200	contig_54429	88.37	43	5	0	227	269	799	671	6e-41	83.6
GPLIN_000599200	contig_54429	64.94	77	7	2	122	179	1629	1402	8e-21	94.7
GPLIN_000599200	contig_54429	88.24	17	2	0	265	281	356	306	0.36	34.7
GPLIN_001571600	contig_174740	94.74	57	3	0	115	171	39	209	4e-29	 112
GPLIN_001571600	contig_174740	100.00	48	0	0	168	215	435	578	1e-25	 103
GPLIN_000293400	contig_174740	94.74	57	3	0	174	230	39	209	1e-28	 112
GPLIN_000293400	contig_174740	97.92	48	1	0	227	274	435	578	5e-25	 102
GPLIN_000293700	contig_80130	77.32	97	1	1	162	237	428	718	2e-42	 149
GPLIN_000293700	contig_80130	100.00	43	0	0	119	161	150	278	1e-20	90.5
GPLIN_001621500	contig_54429	88.37	43	5	0	20	62	799	671	1e-23	82.8
GPLIN_001621500	contig_54429	86.96	23	3	0	1	23	909	841	1e-23	44.7
GPLIN_001621500	contig_54429	94.12	17	1	0	58	74	356	306	0.010	35.4
GPLIN_000674600	contig_17380	78.61	187	1	1	213	360	2343	2903	4e-128	 291
GPLIN_000674600	contig_17380	100.00	106	0	0	359	464	2966	3283	4e-128	 187
GPLIN_000674600	contig_17380	98.97	97	1	0	37	133	1602	1892	8e-52	 193
GPLIN_000674600	contig_17380	67.96	103	22	3	147	238	2093	2401	9e-33	 135
GPLIN_000142900	contig_10270	100.00	30	0	0	64	93	1465	1376	1e-13	68.6
GPLIN_000143000	contig_82617	89.83	59	4	1	98	156	497	327	2e-27	 104
GPLIN_000536400	contig_37687	54.46	213	1	4	108	224	995	357	1e-54	 188
GPLIN_000536400	contig_37687	100.00	26	0	0	282	307	80	3	6e-09	59.3
GPLIN_000536400	contig_37687	100.00	17	0	0	92	108	1107	1057	0.005	40.8
GPLIN_000552400	contig_48936	97.67	43	1	0	478	520	1452	1324	3e-38	90.1
GPLIN_000552400	contig_48936	97.62	42	1	0	519	560	1279	1154	3e-38	89.7
GPLIN_000552400	contig_48936	57.58	132	0	2	640	715	816	421	3e-32	 133
GPLIN_000616300	contig_70264	85.71	119	0	1	69	170	254	610	8e-120	 201
GPLIN_000616300	contig_70264	100.00	63	0	0	235	297	1039	1227	8e-120	 130
GPLIN_000616300	contig_70264	100.00	41	0	0	170	210	708	830	8e-120	85.5
GPLIN_000616300	contig_70264	93.10	29	2	0	208	236	920	1006	8e-120	58.5
GPLIN_000616300	contig_70264	95.00	20	1	0	296	315	1260	1319	8e-120	39.7
GPLIN_000616300	contig_70264	100.00	21	0	0	48	68	3	65	6e-06	50.8
GPLIN_000694900	contig_70264	85.71	119	0	1	69	170	254	610	2e-70	 201
GPLIN_000694900	contig_70264	100.00	41	0	0	170	210	708	830	2e-70	85.5
GPLIN_000694900	contig_70264	63.51	74	14	1	212	272	1006	1227	8e-23	87.4
GPLIN_000694900	contig_70264	95.00	20	1	0	271	290	1260	1319	8e-23	39.7
GPLIN_000694900	contig_70264	100.00	21	0	0	48	68	3	65	6e-06	50.8
GPLIN_000755100	contig_70264	67.23	119	22	1	72	173	254	610	2e-44	 157
GPLIN_000755100	contig_70264	55.56	36	16	0	172	207	705	812	2e-44	41.6
GPLIN_000755100	contig_70264	48.31	89	33	1	193	281	1000	1227	2e-23	90.9
GPLIN_000755100	contig_70264	65.38	26	9	0	281	306	1263	1340	2e-23	38.1
GPLIN_000755100	contig_70264	57.14	35	15	0	51	85	3	107	1e-05	49.3
GPLIN_000755100	contig_70264	65.62	32	11	0	186	217	902	997	3e-04	44.7
GPLIN_000755200	contig_70264	67.23	119	22	1	72	173	254	610	8e-54	 157
GPLIN_000755200	contig_70264	80.95	42	8	0	172	213	705	830	8e-54	73.6
GPLIN_000755200	contig_70264	71.88	32	9	0	239	270	1042	1137	9e-14	58.2
GPLIN_000755200	contig_70264	68.00	25	8	0	286	310	1260	1334	9e-14	38.1
GPLIN_000755200	contig_70264	57.14	35	15	0	51	85	3	107	1e-05	48.9
GPLIN_000779000	contig_4267	46.80	532	225	8	205	680	6322	4733	7e-131	 440
GPLIN_000779000	contig_4267	48.28	87	41	2	127	212	6796	6545	5e-14	79.3
GPLIN_000779200	contig_124379	100.00	72	0	0	234	305	218	3	3e-43	 154
GPLIN_000827200	contig_86630	100.00	52	0	0	189	240	813	658	7e-28	 112
GPLIN_001111200	contig_84322	80.37	107	0	1	182	267	563	243	3e-71	 172
GPLIN_001111200	contig_84322	100.00	39	0	0	293	331	123	7	3e-71	84.3
GPLIN_001111200	contig_84322	85.19	27	4	0	159	185	705	625	3e-71	53.9
GPLIN_001111300	contig_29169	72.53	91	3	1	71	139	340	68	7e-38	 132
GPLIN_001185800	contig_145477	100.00	83	0	0	195	277	272	24	2e-52	 177
GPLIN_000304900	contig_42695	79.80	99	10	1	249	337	2517	2813	1e-39	 159
GPLIN_000304900	contig_42695	100.00	45	0	0	161	205	788	922	7e-20	97.1
GPLIN_000304900	contig_42695	100.00	43	0	0	206	248	2080	2208	5e-18	90.9
GPLIN_000304900	contig_42695	100.00	30	0	0	131	160	1	90	7e-09	61.6
GPLIN_000313600	contig_124808	100.00	64	0	0	272	335	322	513	7e-37	 135
GPLIN_001215600	contig_67853	94.62	93	5	0	125	217	5	283	6e-57	 181
GPLIN_000008300	contig_30995	45.38	260	62	9	214	399	2264	3025	3e-48	 180
GPLIN_000008400	contig_30995	47.62	294	96	8	162	407	2162	3013	4e-58	 209
GPLIN_000008900	contig_9348	49.73	183	34	6	208	332	550	2	8e-45	 157
GPLIN_001327500	contig_43616	50.63	158	36	3	388	505	815	1282	8e-57	 140
GPLIN_001327500	contig_43616	50.62	81	25	4	287	360	333	551	8e-57	67.4
GPLIN_001327500	contig_43616	70.97	31	9	0	355	385	649	741	8e-57	54.7
GPLIN_001327500	contig_43616	68.18	22	7	0	293	314	199	264	1.3	33.9
GPLIN_001327800	contig_48977	45.23	199	51	5	139	280	1339	746	5e-46	 144
GPLIN_001327800	contig_48977	43.01	93	25	3	72	137	1734	1459	5e-46	59.3
GPLIN_001327800	contig_48977	37.19	121	46	5	129	221	359	3	2e-17	57.0
GPLIN_001327800	contig_48977	35.14	111	38	4	47	130	742	431	2e-17	52.0
GPLIN_000426000	contig_105151	77.55	98	0	1	95	170	1	294	1e-45	 150
GPLIN_000426400	contig_78992	100.00	82	0	0	208	289	2	247	4e-54	 177
GPLIN_000426600	contig_12465	100.00	75	0	0	123	197	459	235	2e-49	 164
GPLIN_000426700	contig_30995	51.59	283	71	10	182	410	2201	3013	4e-62	 226
GPLIN_000426700	contig_30995	51.96	179	45	3	457	596	2483	3013	4e-41	 163
GPLIN_000427000	contig_11987	58.33	132	36	2	163	276	33	425	7e-39	 139
GPLIN_000427000	contig_11987	51.24	121	40	2	45	147	33	392	3e-25	 102
GPLIN_000427100	contig_18182	45.86	266	52	8	56	232	2105	1317	8e-53	 185
GPLIN_001332300	contig_126775	77.92	77	0	1	291	350	233	3	1e-73	 116
GPLIN_001332300	contig_126775	95.12	41	2	0	186	226	719	597	1e-73	78.6
GPLIN_001332300	contig_126775	87.80	41	5	0	227	267	550	428	1e-73	77.0
GPLIN_001332300	contig_126775	100.00	30	0	0	261	290	375	286	1e-73	67.4
GPLIN_000433800	contig_34445	76.24	101	19	2	100	200	1464	1177	2e-39	 150
GPLIN_000433800	contig_34445	96.00	50	2	0	201	250	837	688	2e-23	 103
GPLIN_000433800	contig_34445	97.44	39	1	0	63	101	2676	2560	1e-19	91.7
GPLIN_000433800	contig_34445	100.00	31	0	0	1	31	3626	3534	9e-12	65.1
GPLIN_000433800	contig_34445	90.00	10	1	0	31	40	3472	3443	9e-12	23.5
GPLIN_000433800	contig_34445	100.00	30	0	0	99	128	2101	2012	2e-11	66.2
GPLIN_000433800	contig_34445	100.00	23	0	0	41	63	2884	2816	5e-06	49.7
GPLIN_000437400	contig_78858	97.59	83	2	0	133	215	1399	1151	2e-49	 174
GPLIN_000437400	contig_78858	100.00	50	0	0	216	265	676	527	2e-25	 107
GPLIN_000437600	contig_10280	53.80	171	29	3	345	466	473	982	8e-42	 148
GPLIN_000437600	contig_10280	72.41	29	8	0	314	342	310	396	8e-42	43.1
GPLIN_000438000	contig_3082	100.00	83	0	0	136	218	1198	1446	3e-45	 170
GPLIN_000074200	contig_4600	78.00	150	1	1	71	188	1654	1205	4e-59	 202
GPLIN_000450400	contig_54735	54.12	85	25	3	319	390	635	886	4e-33	80.1
GPLIN_000450400	contig_54735	78.57	28	6	0	290	317	505	588	4e-33	51.2
GPLIN_000450400	contig_54735	70.97	31	9	0	257	287	320	412	4e-33	50.4
GPLIN_001348800	contig_73911	69.57	92	26	2	154	243	374	99	5e-33	 125
GPLIN_001349800	contig_4209	80.37	219	3	1	892	1070	979	323	7e-109	 377
GPLIN_001349800	contig_4209	100.00	79	0	0	746	824	2480	2716	2e-41	 169
GPLIN_001349800	contig_4209	69.09	110	34	0	787	896	2489	2160	1e-36	 154
GPLIN_001349800	contig_4209	79.66	59	12	0	1869	1927	2543	2719	1e-20	 102
GPLIN_001349800	contig_4209	100.00	22	0	0	1462	1483	416	351	1e-04	49.3
GPLIN_000460700	contig_69454	38.53	340	146	10	104	406	1522	581	2e-60	 155
GPLIN_000460700	contig_69454	59.57	94	26	2	18	111	1791	1546	2e-60	97.8
GPLIN_000460700	contig_69454	44.77	172	48	6	381	518	543	67	3e-21	 100
GPLIN_001352900	contig_132032	100.00	72	0	0	344	415	216	1	5e-51	 171
GPLIN_000467500	contig_132408	97.26	73	2	0	88	160	597	379	8e-50	97.4
GPLIN_000467500	contig_132408	96.77	31	1	0	59	89	739	647	8e-50	67.0
GPLIN_000467500	contig_132408	92.86	28	2	0	36	63	881	798	8e-50	54.7
GPLIN_000467500	contig_132408	59.26	27	11	0	11	37	1011	931	8e-50	37.7
GPLIN_001362700	contig_76411	100.00	51	0	0	73	123	2199	2047	8e-56	 100
GPLIN_001362700	contig_76411	95.24	42	2	0	31	72	2401	2276	8e-56	85.5
GPLIN_001362700	contig_76411	100.00	33	0	0	1	33	2549	2451	8e-56	73.2
GPLIN_001362700	contig_76411	57.53	73	28	2	269	339	771	556	7e-18	87.8
GPLIN_001362700	contig_76411	62.50	40	15	0	198	237	1392	1273	3e-13	55.1
GPLIN_001362700	contig_76411	68.00	25	8	0	230	254	1171	1097	3e-13	39.7
GPLIN_001362700	contig_76411	97.22	36	1	0	123	158	1700	1593	2e-12	70.9
GPLIN_001363400	contig_43197	78.70	108	0	1	76	160	326	3	3e-52	 169
GPLIN_000495800	contig_41155	45.86	133	35	3	85	182	19	411	6e-28	 108
GPLIN_000082300	contig_111128	77.27	110	1	1	251	336	332	3	1e-52	 175
GPLIN_000507600	contig_49151	51.69	118	30	1	5	95	435	82	6e-32	 115
GPLIN_000507800	contig_2762	72.45	98	2	1	88	160	803	510	6e-42	 142
GPLIN_000507800	contig_2762	100.00	22	0	0	65	86	957	892	6e-42	48.1
GPLIN_000509600	contig_44820	94.37	71	4	0	406	476	1239	1451	5e-74	 148
GPLIN_000509600	contig_44820	80.56	36	7	0	341	376	894	1001	5e-74	66.6
GPLIN_000509600	contig_44820	88.57	35	4	0	307	341	731	835	5e-74	64.3
GPLIN_000509600	contig_44820	93.33	30	2	0	376	405	1076	1165	5e-74	61.2
GPLIN_000509600	contig_44820	87.50	40	5	0	256	295	173	292	4e-12	70.5
GPLIN_001375400	contig_66443	72.62	84	22	1	102	185	16	264	1e-35	 126
GPLIN_001378200	contig_18182	42.59	270	61	6	169	346	2105	1302	3e-52	 187
GPLIN_001378200	contig_18182	63.64	33	11	1	123	155	2328	2233	0.021	39.3
GPLIN_001378400	contig_62144	65.79	76	24	2	370	443	421	194	1e-59	 103
GPLIN_001378400	contig_62144	60.67	89	25	2	219	297	1135	869	1e-59	87.4
GPLIN_001378400	contig_62144	89.29	28	2	1	446	473	81	1	1e-59	50.8
GPLIN_001378400	contig_62144	38.82	85	20	3	300	357	761	522	1e-59	50.1
GPLIN_001378600	contig_32247	85.60	125	0	1	49	155	2195	1821	1e-62	 213
GPLIN_001378600	contig_32247	100.00	49	0	0	1	49	2615	2469	6e-23	 100
GPLIN_001378600	contig_32247	76.56	64	8	1	141	197	1436	1245	2e-21	95.1
GPLIN_001378600	contig_32247	67.50	40	12	1	156	195	72	188	3e-06	48.9
GPLIN_001378700	contig_63148	73.30	176	0	2	88	216	2353	2880	1e-74	 248
GPLIN_001378700	contig_63148	55.10	98	14	1	37	104	2034	2327	2e-25	94.0
GPLIN_001378700	contig_63148	100.00	19	0	0	18	36	1919	1975	2e-25	41.2
GPLIN_001385900	contig_48902	62.79	129	31	3	2	114	208	591	2e-42	 143
GPLIN_000530300	contig_110259	100.00	71	0	0	265	335	200	412	8e-46	 158
GPLIN_000530300	contig_110259	70.13	77	11	1	216	280	3	233	7e-28	 110
GPLIN_000530500	contig_27871	73.88	134	0	1	251	349	1619	2020	4e-54	 198
GPLIN_000530500	contig_27871	98.61	72	1	0	179	250	1180	1395	2e-37	 149
GPLIN_000530500	contig_27871	87.23	47	6	0	50	96	198	338	2e-33	85.5
GPLIN_000530500	contig_27871	97.30	37	1	0	18	54	2	112	2e-33	78.2
GPLIN_000530500	contig_27871	92.11	38	3	0	120	157	770	883	2e-22	75.1
GPLIN_000530500	contig_27871	78.12	32	5	1	150	179	942	1037	2e-22	50.8
GPLIN_000530500	contig_27871	91.89	37	3	0	87	123	452	562	1e-12	72.4
GPLIN_000530700	contig_18182	46.04	265	53	5	61	235	2105	1311	3e-56	 194
GPLIN_000531000	contig_18182	45.72	269	54	6	87	263	2108	1302	1e-54	 191
GPLIN_000531000	contig_18182	58.62	29	12	0	58	86	2307	2221	0.20	35.4
GPLIN_000531100	contig_18182	44.78	268	57	7	352	528	2105	1302	2e-50	 187
GPLIN_000531100	contig_18182	50.00	184	47	6	141	279	2105	1554	2e-37	 149
GPLIN_000531200	contig_48977	72.64	329	8	4	184	433	1390	413	2e-178	 454
GPLIN_000531200	contig_48977	83.78	111	0	1	433	525	335	3	2e-178	 193
GPLIN_000531200	contig_48977	45.73	199	58	6	436	585	1336	743	1e-33	 137
GPLIN_000531200	contig_48977	98.08	52	1	0	150	201	1812	1657	4e-21	99.8
GPLIN_000531200	contig_48977	45.45	110	40	5	205	296	326	3	4e-10	64.7
GPLIN_000531200	contig_48977	42.39	92	20	1	375	433	1734	1459	1e-09	63.2
GPLIN_000531200	contig_48977	66.67	36	12	0	165	200	721	614	7e-04	45.1
GPLIN_000531300	contig_117208	84.85	132	1	2	314	426	824	429	1e-92	 224
GPLIN_000531300	contig_117208	100.00	40	0	0	240	279	1216	1097	1e-92	81.3
GPLIN_000531300	contig_117208	97.14	35	1	0	278	312	1014	910	1e-92	77.4
GPLIN_000531300	contig_117208	100.00	42	0	0	426	467	236	111	9e-20	93.2
GPLIN_001398800	contig_113715	96.97	66	2	0	99	164	355	552	8e-47	 144
GPLIN_001398800	contig_113715	96.67	30	1	0	68	97	186	275	8e-47	62.0
GPLIN_000555800	contig_18182	36.79	280	95	6	109	308	2159	1326	4e-38	 146
GPLIN_000556700	contig_24280	95.12	82	4	0	204	285	614	369	2e-90	 162
GPLIN_000556700	contig_24280	100.00	66	0	0	310	375	198	1	2e-90	 146
GPLIN_000556700	contig_24280	93.75	32	2	0	280	311	346	251	2e-90	65.9
GPLIN_000556700	contig_24280	70.24	84	2	1	137	197	1432	1181	2e-16	83.2
GPLIN_000094400	contig_22366	38.03	142	54	2	134	246	431	21	1e-45	86.7
GPLIN_000094400	contig_22366	47.30	74	24	1	28	86	878	657	1e-45	72.4
GPLIN_000094400	contig_22366	85.19	27	4	0	3	29	1039	959	1e-45	49.7
GPLIN_000094400	contig_22366	52.94	34	6	1	93	126	571	500	1e-45	35.0
GPLIN_001408700	contig_62144	48.12	133	52	2	12	133	1246	866	2e-55	88.2
GPLIN_001408700	contig_62144	61.73	81	25	4	195	270	427	188	2e-55	80.5
GPLIN_001408700	contig_62144	41.46	82	19	1	135	187	758	513	2e-55	62.0
GPLIN_001408700	contig_62144	74.07	27	7	0	271	297	81	1	2e-55	45.8
GPLIN_000569300	contig_40079	100.00	90	0	0	286	375	459	728	3e-97	 197
GPLIN_000569300	contig_40079	100.00	39	0	0	376	414	841	957	3e-97	88.2
GPLIN_000569300	contig_40079	53.16	79	0	1	214	255	1	237	3e-97	70.5
GPLIN_000569300	contig_40079	100.00	29	0	0	256	284	296	382	3e-97	62.4
GPLIN_000569300	contig_40079	51.82	137	36	5	259	375	2751	2371	2e-28	 121
GPLIN_000569300	contig_40079	66.67	39	10	1	376	411	2240	2124	1e-05	50.1
GPLIN_001415300	contig_43656	38.10	147	55	2	91	201	56	496	1e-26	 107
GPLIN_001418900	contig_49151	40.00	130	39	4	34	133	408	46	5e-18	79.3
GPLIN_000099200	contig_4600	54.13	109	17	2	298	374	1549	1226	4e-25	 110
GPLIN_000099300	contig_52803	100.00	58	0	0	267	324	227	400	3e-36	 133
GPLIN_000583000	contig_30995	50.00	294	53	9	125	338	2186	3025	2e-67	 232
GPLIN_000583100	contig_25387	86.29	175	2	1	221	373	206	730	1e-96	 284
GPLIN_000583100	contig_25387	95.74	47	2	0	179	225	3	143	1e-96	90.1
GPLIN_000583100	contig_25387	51.85	108	21	4	128	205	257	577	8e-13	71.2
GPLIN_000583100	contig_25387	78.26	23	5	0	300	322	15	83	0.41	35.4
GPLIN_001424900	contig_10280	40.35	228	42	6	131	269	314	982	2e-35	 135
GPLIN_001427300	contig_98073	77.36	159	1	1	377	500	103	579	5e-75	 242
GPLIN_001427300	contig_98073	40.76	157	52	3	164	284	115	570	5e-26	 109
GPLIN_001428700	contig_48977	34.39	221	85	6	126	291	1387	740	1e-26	 112
GPLIN_001428700	contig_48977	32.00	125	52	6	133	230	359	3	1e-05	48.9
GPLIN_000603900	contig_111102	65.35	101	2	1	287	354	305	3	7e-36	 132
GPLIN_000608300	contig_3351	65.47	139	4	1	1	95	1003	587	2e-46	 170
GPLIN_000608300	contig_3351	85.56	90	12	1	237	326	267	1	5e-21	96.3
GPLIN_000608300	contig_3351	81.11	90	16	1	104	193	267	1	2e-18	88.6
GPLIN_000608300	contig_3351	100.00	31	0	0	89	119	386	294	8e-12	68.6
GPLIN_000608300	contig_3351	96.77	31	1	0	222	252	386	294	2e-11	67.4
GPLIN_001436900	contig_24090	100.00	74	0	0	328	401	223	2	1e-68	 161
GPLIN_001436900	contig_24090	97.06	34	1	0	266	299	557	456	1e-68	73.2
GPLIN_001436900	contig_24090	91.18	34	3	0	294	327	396	295	1e-68	67.0
GPLIN_001436900	contig_24090	69.12	68	21	0	225	292	886	683	9e-21	94.7
GPLIN_000620000	contig_41155	72.39	134	5	1	326	427	7	408	1e-49	 172
GPLIN_000620000	contig_41155	43.80	137	50	2	116	230	16	411	1e-26	 108
GPLIN_001440300	contig_10280	46.51	172	35	2	151	272	467	961	6e-47	 146
GPLIN_001440300	contig_10280	62.86	35	12	1	83	117	126	227	6e-47	47.8
GPLIN_001440300	contig_10280	58.62	29	10	1	121	147	313	399	6e-47	33.9
GPLIN_000105400	contig_198243	100.00	79	0	0	142	220	2	238	6e-52	 170
GPLIN_000626500	contig_43196	71.26	87	25	0	103	189	888	628	1e-37	 137
GPLIN_000626700	contig_123176	76.74	86	0	1	150	215	2	259	4e-41	 142
GPLIN_000626800	contig_6592	85.95	121	16	1	126	246	444	803	4e-96	 224
GPLIN_000626800	contig_6592	62.38	101	8	1	56	126	145	447	4e-96	 120
GPLIN_000626800	contig_6592	75.86	29	7	0	29	57	9	95	4e-96	49.3
GPLIN_000626800	contig_6592	86.11	36	5	0	287	322	1150	1257	2e-11	68.9
GPLIN_000626900	contig_133888	58.97	117	22	2	160	250	9	359	8e-34	 123
GPLIN_000627100	contig_29075	100.00	52	0	0	39	90	1318	1473	1e-39	 103
GPLIN_000627100	contig_29075	100.00	38	0	0	1	38	1130	1243	1e-39	79.3
GPLIN_000632100	contig_18182	48.66	224	42	6	59	210	1994	1326	3e-50	 177
GPLIN_000632100	contig_18182	75.47	53	6	1	19	71	2358	2221	3e-13	70.9
GPLIN_000632300	contig_3901	70.99	131	23	3	83	199	397	8	1e-75	 171
GPLIN_000632300	contig_3901	95.24	63	3	0	20	82	638	450	1e-75	 130
GPLIN_000632500	contig_18182	47.46	276	42	6	113	297	2117	1326	2e-63	 218
GPLIN_000632500	contig_18182	78.95	19	4	0	40	58	761	817	0.001	33.1
GPLIN_000632500	contig_18182	44.12	34	16	1	61	94	885	977	0.001	28.5
GPLIN_000632500	contig_18182	81.48	27	5	0	85	111	2313	2233	0.002	42.0
GPLIN_000632600	contig_95438	100.00	83	0	0	437	519	291	43	4e-56	 189
GPLIN_000632600	contig_95438	63.86	83	27	2	136	215	291	43	4e-26	 107
GPLIN_001446300	contig_26007	68.70	115	4	1	19	101	1141	1485	3e-73	 149
GPLIN_001446300	contig_26007	77.48	111	1	1	97	183	1566	1898	3e-73	 145
GPLIN_001446300	contig_26007	100.00	19	0	0	1	19	864	920	0.005	39.7
GPLIN_000636800	contig_17240	68.97	203	3	2	17	159	1632	2240	8e-64	 215
GPLIN_000636800	contig_17240	100.00	19	0	0	1	19	1517	1573	8e-64	40.8
GPLIN_000636800	contig_17240	100.00	13	0	0	160	172	2282	2320	8e-64	29.3
GPLIN_000636900	contig_1136	44.86	107	17	1	25	89	39	359	1e-19	84.7
GPLIN_000637000	contig_43659	89.53	86	9	0	248	333	135	392	7e-51	 167
GPLIN_000637000	contig_43659	85.71	28	4	0	227	254	2	85	7e-51	54.3
GPLIN_000639300	contig_42884	59.24	238	16	3	224	380	2602	1889	9e-72	 244
GPLIN_000639300	contig_42884	59.38	32	13	0	256	287	1054	959	4e-05	37.0
GPLIN_000639300	contig_42884	60.00	25	8	1	228	252	1214	1146	4e-05	29.6
GPLIN_000657200	contig_23875	96.43	84	3	0	135	218	294	43	9e-49	 170
GPLIN_000657200	contig_23875	76.52	115	1	1	47	135	1051	707	3e-32	 125
GPLIN_001453900	contig_48977	55.99	309	27	6	206	407	1342	422	2e-139	 309
GPLIN_001453900	contig_48977	61.26	111	24	3	411	503	335	6	2e-139	 124
GPLIN_001453900	contig_48977	60.61	99	8	1	138	205	1755	1459	2e-139	 105
GPLIN_001453900	contig_48977	41.32	121	52	2	414	515	1336	974	6e-34	86.3
GPLIN_001453900	contig_48977	44.79	96	22	1	351	415	1731	1444	6e-34	78.6
GPLIN_001453900	contig_48977	46.02	113	41	5	205	299	335	3	3e-24	68.6
GPLIN_001453900	contig_48977	40.00	110	28	2	134	205	742	413	3e-24	63.5
GPLIN_000659600	contig_9347	75.61	82	19	1	55	136	265	23	5e-37	 133
GPLIN_000659700	contig_9348	49.73	183	38	4	72	201	547	2	4e-40	 143
GPLIN_000659700	contig_9348	38.95	95	22	1	219	277	547	263	1e-13	65.9
GPLIN_000659700	contig_9348	48.00	25	13	0	283	307	200	126	1e-13	30.0
GPLIN_000673400	contig_10323	50.00	164	33	3	254	369	12	500	1e-38	 140
GPLIN_001463100	contig_55498	100.00	83	0	0	263	345	2654	2406	4e-55	 174
GPLIN_001463100	contig_55498	96.55	29	1	0	234	262	2812	2726	4e-55	60.8
GPLIN_001465400	contig_18182	47.04	270	55	4	75	256	2111	1302	2e-54	 190
GPLIN_001465400	contig_18182	60.00	25	10	0	44	68	2301	2227	1.8	32.3
GPLIN_001465500	contig_78993	100.00	83	0	0	200	282	2	250	3e-57	 185
GPLIN_000696800	contig_77507	73.79	103	26	1	122	224	355	50	2e-37	 135
GPLIN_000697500	contig_18182	41.49	282	67	9	24	211	2159	1326	1e-44	 161
GPLIN_000698900	contig_211085	93.44	61	4	0	12	72	49	231	1e-35	 124
GPLIN_001470700	contig_10280	49.28	138	23	1	53	143	557	970	3e-31	 119
GPLIN_000132400	contig_62144	59.76	82	32	1	107	187	433	188	2e-52	 103
GPLIN_000132400	contig_62144	86.11	36	5	0	10	45	970	863	2e-52	65.9
GPLIN_000132400	contig_62144	40.23	87	24	2	44	103	764	507	2e-52	58.9
GPLIN_000132400	contig_62144	70.37	27	8	0	188	214	81	1	2e-52	38.1
GPLIN_000132500	contig_187792	91.38	58	5	0	84	141	200	373	2e-25	78.6
GPLIN_000132500	contig_187792	72.92	48	6	3	44	91	3	125	2e-25	56.6
GPLIN_000133000	contig_53181	100.00	73	0	0	217	289	835	1053	5e-64	 159
GPLIN_000133000	contig_53181	72.00	75	0	1	163	216	539	763	5e-64	 105
GPLIN_000133000	contig_53181	100.00	42	0	0	290	331	1232	1357	5e-19	90.5
GPLIN_000133000	contig_53181	100.00	45	0	0	65	109	534	400	1e-18	89.4
GPLIN_000133000	contig_53181	100.00	41	0	0	109	149	124	2	3e-16	82.0
GPLIN_000133000	contig_53181	60.00	25	10	0	302	326	2020	1946	4e-05	38.1
GPLIN_000133000	contig_53181	73.33	15	4	0	290	304	2057	2013	4e-05	28.5
GPLIN_000700300	contig_14650	96.05	76	3	0	191	266	927	1154	2e-44	 160
GPLIN_000700300	contig_14650	96.15	26	1	0	166	191	2	79	4e-07	53.5
GPLIN_000700500	contig_80020	42.86	133	44	1	83	183	396	794	5e-23	96.3
GPLIN_000700500	contig_80020	55.56	27	12	0	1	27	375	455	4.4	30.0
GPLIN_001472400	contig_19513	100.00	78	0	0	165	242	240	7	3e-68	 162
GPLIN_001472400	contig_19513	71.43	84	0	1	105	164	548	297	3e-68	 116
GPLIN_000716900	contig_36957	60.22	186	11	3	333	455	311	868	2e-67	 209
GPLIN_000716900	contig_36957	96.97	33	1	0	297	329	100	198	2e-67	67.0
GPLIN_000725400	contig_49792	100.00	82	0	0	353	434	1399	1154	1e-63	 179
GPLIN_000725400	contig_49792	100.00	38	0	0	435	472	1047	934	1e-63	84.0
GPLIN_000725500	contig_102544	94.32	88	5	0	1	88	264	1	3e-55	 173
GPLIN_001477200	contig_10280	53.76	173	33	1	95	220	464	982	7e-56	 165
GPLIN_001477200	contig_10280	70.00	30	9	0	35	64	141	230	7e-56	50.4
GPLIN_001477200	contig_10280	70.83	24	7	0	67	90	316	387	7e-56	38.9
GPLIN_001477200	contig_10280	71.43	14	4	0	8	21	1	42	7e-56	23.1
GPLIN_000736500	contig_44820	93.06	72	5	0	95	166	1239	1454	2e-68	 144
GPLIN_000736500	contig_44820	80.56	36	7	0	30	65	894	1001	2e-68	66.2
GPLIN_000736500	contig_44820	90.32	31	3	0	65	95	1076	1168	2e-68	59.7
GPLIN_000736500	contig_44820	76.67	30	7	0	1	30	746	835	2e-68	49.7
GPLIN_001480400	contig_40721	43.88	98	27	4	79	150	777	490	3e-36	69.3
GPLIN_001480400	contig_40721	76.09	46	10	1	154	199	482	348	3e-36	67.8
GPLIN_001480400	contig_40721	62.16	37	14	0	46	82	958	848	3e-36	54.3
GPLIN_000755000	contig_11987	60.00	140	31	5	260	380	33	434	4e-42	 150
GPLIN_000756200	contig_234	54.48	145	22	3	283	398	2	391	2e-69	 130
GPLIN_000756200	contig_234	69.14	81	21	1	428	504	630	872	2e-69	89.7
GPLIN_000756200	contig_234	63.64	55	13	1	499	546	947	1111	2e-69	70.9
GPLIN_000756200	contig_234	59.26	27	9	1	400	424	472	552	2e-69	35.0
GPLIN_000756200	contig_234	75.00	48	12	0	78	125	59	202	2e-10	66.2
GPLIN_000756400	contig_82021	65.28	72	23	1	67	138	1325	1116	1e-36	 101
GPLIN_000756400	contig_82021	86.84	38	5	0	139	176	1027	914	1e-36	70.5
GPLIN_000756600	contig_82021	80.34	117	2	2	237	332	1466	1116	6e-65	 186
GPLIN_000756600	contig_82021	100.00	38	0	0	333	370	1027	914	6e-65	81.6
GPLIN_000756700	contig_30995	71.58	285	6	3	83	292	2159	3013	2e-136	 382
GPLIN_000756700	contig_30995	67.12	73	8	1	1	57	1729	1947	2e-136	87.4
GPLIN_000756700	contig_30995	81.25	32	6	0	58	89	2001	2096	2e-136	57.8
GPLIN_000757500	contig_10323	53.70	162	31	1	70	187	6	491	6e-50	 164
GPLIN_000148800	contig_100191	99.21	126	1	0	361	486	2	379	1e-58	 201
GPLIN_001487300	contig_44542	53.54	353	119	7	86	396	1635	586	3e-101	 323
GPLIN_001488500	contig_124883	98.53	68	1	0	193	260	13	216	2e-39	 136
GPLIN_001489200	contig_18182	49.46	186	51	3	1	143	2111	1554	2e-44	 158
GPLIN_000776300	contig_44289	72.84	81	21	1	138	218	449	688	4e-52	 114
GPLIN_000776300	contig_44289	48.28	87	17	1	77	135	109	369	4e-52	77.8
GPLIN_000776300	contig_44289	68.75	32	10	0	219	250	777	872	4e-52	53.5
GPLIN_000776500	contig_44810	100.00	71	0	0	130	200	603	391	1e-63	 149
GPLIN_000776500	contig_44810	100.00	30	0	0	99	128	767	678	1e-63	67.8
GPLIN_000776500	contig_44810	100.00	30	0	0	69	98	928	839	1e-63	67.0
GPLIN_000776500	contig_44810	100.00	45	0	0	206	250	54	188	1e-22	96.7
GPLIN_000776700	contig_40721	48.36	122	18	2	159	236	482	120	3e-39	97.4
GPLIN_000776700	contig_40721	46.59	88	23	2	88	151	765	502	3e-39	68.2
GPLIN_000776700	contig_40721	47.22	36	19	0	50	85	961	854	3e-39	35.8
GPLIN_000152800	contig_48977	50.00	214	57	4	210	374	1381	743	2e-56	 190
GPLIN_000152800	contig_48977	76.67	30	7	0	186	215	1569	1480	2e-56	49.3
GPLIN_000152800	contig_48977	42.34	111	44	3	223	314	332	3	1e-18	77.0
GPLIN_000152800	contig_48977	53.33	30	14	0	186	215	523	434	1e-18	35.8
GPLIN_000785600	contig_10280	50.58	172	37	2	435	558	467	982	4e-52	 156
GPLIN_000785600	contig_10280	56.10	41	17	1	370	410	126	245	4e-52	53.5
GPLIN_000785600	contig_10280	69.23	26	8	0	406	431	310	387	4e-52	37.0
GPLIN_000785600	contig_10280	67.47	83	27	0	289	371	467	715	4e-41	 117
GPLIN_000785600	contig_10280	48.15	54	27	1	211	264	87	245	4e-41	55.8
GPLIN_000785600	contig_10280	69.23	26	8	0	260	285	310	387	4e-41	37.0
GPLIN_000787400	contig_18182	45.15	268	55	5	408	583	2105	1302	3e-62	 199
GPLIN_000787400	contig_18182	66.67	54	11	1	349	402	2361	2221	3e-62	60.8
GPLIN_001493900	contig_43659	66.18	68	23	0	35	102	141	344	5e-27	 100
GPLIN_000788000	contig_132339	100.00	120	0	0	668	787	184	543	4e-73	 242
GPLIN_000788000	contig_132339	64.96	117	35	2	200	310	193	543	2e-35	 137
GPLIN_000788900	contig_48977	48.97	194	50	5	325	469	1339	758	3e-49	 167
GPLIN_000788900	contig_48977	60.47	43	16	1	289	330	1563	1435	3e-49	48.9
GPLIN_000788900	contig_48977	44.54	119	41	4	316	414	344	3	1e-20	77.8
GPLIN_000788900	contig_48977	59.38	32	13	0	290	321	514	419	1e-20	42.4
GPLIN_000789100	contig_10323	47.44	156	35	3	82	191	48	512	3e-35	 126
GPLIN_000789300	contig_10409	100.00	65	0	0	38	102	3	197	4e-42	 139
GPLIN_000794500	contig_62925	100.00	70	0	0	234	303	756	965	6e-58	 154
GPLIN_000794500	contig_62925	95.56	45	2	0	301	345	1043	1177	6e-58	90.9
GPLIN_000794500	contig_62925	97.01	67	2	0	92	158	139	339	1e-32	 130
GPLIN_000794700	contig_48902	62.20	127	32	1	207	317	202	582	2e-40	 149
GPLIN_000794700	contig_48902	46.67	30	16	0	175	204	26	115	2e-40	38.1
GPLIN_000157600	contig_48977	43.84	203	50	6	223	366	1339	746	5e-43	 149
GPLIN_000157600	contig_48977	34.43	122	36	4	133	221	1791	1459	5e-43	44.7
GPLIN_000157600	contig_48977	36.67	120	47	4	213	304	359	3	3e-08	57.8
GPLIN_000157600	contig_48977	30.56	108	40	3	153	225	715	392	0.002	42.7
GPLIN_000158300	contig_43658	93.68	95	6	0	402	496	447	731	3e-62	 192
GPLIN_000158300	contig_43658	96.67	30	1	0	373	402	301	390	3e-62	67.0
GPLIN_001496800	contig_10280	52.38	168	31	2	348	468	473	970	5e-52	 161
GPLIN_001496800	contig_10280	52.78	36	17	0	287	322	141	248	5e-52	45.1
GPLIN_001496800	contig_10280	73.08	26	7	0	317	342	310	387	5e-52	39.7
GPLIN_000798500	contig_132032	100.00	72	0	0	467	538	216	1	5e-50	 171
GPLIN_000800100	contig_96062	97.56	82	2	0	264	345	133	378	4e-50	 170
GPLIN_000800100	contig_96062	90.00	20	2	0	245	264	3	62	0.004	39.3
GPLIN_000800200	contig_49151	56.93	137	31	2	1	110	453	46	2e-44	 147
GPLIN_000800300	contig_76817	100.00	61	0	0	175	235	185	3	3e-45	 137
GPLIN_000800300	contig_76817	100.00	29	0	0	145	173	339	253	3e-45	64.3
GPLIN_000802900	contig_72421	75.36	138	0	1	52	155	12	425	2e-108	 196
GPLIN_000802900	contig_72421	100.00	82	0	0	183	264	644	889	2e-108	 177
GPLIN_000802900	contig_72421	100.00	28	0	0	155	182	502	585	2e-108	61.2
GPLIN_000802900	contig_72421	100.00	37	0	0	265	301	1234	1344	3e-16	81.3
GPLIN_000803200	contig_44289	66.67	81	26	1	206	286	449	688	6e-47	 105
GPLIN_000803200	contig_44289	45.98	87	19	1	142	200	100	360	6e-47	73.6
GPLIN_000803200	contig_44289	72.73	33	8	1	287	319	777	872	6e-47	49.7
GPLIN_001501200	contig_108309	80.00	50	10	0	1	50	745	596	8e-42	79.3
GPLIN_001501200	contig_108309	46.84	79	11	1	51	98	494	258	8e-42	69.3
GPLIN_001501200	contig_108309	58.93	56	21	1	100	153	192	25	8e-42	61.6
GPLIN_000822000	contig_59647	97.06	68	2	0	151	218	1	204	3e-27	 106
GPLIN_001506200	contig_23752	80.56	72	14	0	1	72	1313	1098	1e-34	 129
GPLIN_001506200	contig_23752	83.33	42	7	0	73	114	869	744	4e-16	77.0
GPLIN_001506200	contig_23752	64.29	28	10	0	87	114	1	84	2e-04	41.6
GPLIN_000843100	contig_3078	83.19	119	1	1	129	228	41	397	6e-71	 196
GPLIN_000843100	contig_3078	100.00	42	0	0	229	270	451	576	6e-71	91.7
GPLIN_000855400	contig_43466	97.62	84	2	0	263	346	638	387	4e-117	 178
GPLIN_000855400	contig_43466	69.66	89	0	1	203	264	973	707	4e-117	 122
GPLIN_000855400	contig_43466	94.12	51	3	0	154	204	1179	1027	4e-117	95.9
GPLIN_000855400	contig_43466	86.96	46	6	0	340	385	298	161	4e-117	89.0
GPLIN_000855400	contig_43466	73.50	117	0	1	39	124	2128	1778	1e-51	 155
GPLIN_000855400	contig_43466	91.43	35	3	0	123	157	1697	1593	1e-51	68.6
GPLIN_000855400	contig_43466	100.00	24	0	0	15	38	2334	2263	2e-05	49.3
GPLIN_000177900	contig_48977	48.50	200	56	3	10	162	1342	743	2e-45	 160
GPLIN_000177900	contig_48977	44.04	109	42	3	12	102	326	3	4e-15	75.1
GPLIN_000862600	contig_36478	84.06	69	0	1	101	169	512	685	3e-29	 114
GPLIN_000867100	contig_19511	68.39	155	22	2	169	306	1463	1029	3e-59	 201
GPLIN_000179400	contig_9773	47.46	236	79	5	132	322	792	1499	3e-49	 176
GPLIN_000179400	contig_9773	79.31	29	6	0	110	138	3	89	9e-04	43.1
GPLIN_000179900	contig_56583	100.00	66	0	0	109	174	478	281	2e-42	 144
GPLIN_000180800	contig_29878	95.40	87	4	0	152	238	885	625	5e-42	 160
GPLIN_000180800	contig_29878	80.67	119	14	2	40	158	1630	1301	7e-29	 121
GPLIN_000180800	contig_29878	82.35	34	6	0	226	259	104	3	8e-07	53.9
GPLIN_000880300	contig_18182	43.28	268	55	5	16	186	2105	1302	3e-49	 173
GPLIN_001520200	contig_10280	70.37	81	23	1	102	182	473	712	1e-42	 114
GPLIN_001520200	contig_10280	46.03	63	30	1	18	76	60	248	1e-42	58.9
GPLIN_001520200	contig_10280	60.71	28	11	0	73	100	316	399	1e-42	38.9
GPLIN_001520400	contig_40548	81.90	116	1	1	163	258	19	366	1e-60	 194
GPLIN_000183900	contig_80020	55.21	259	22	6	267	432	3	776	2e-77	 251
GPLIN_000183900	contig_80020	97.14	35	1	0	288	322	160	264	2e-13	73.2
GPLIN_000892800	contig_9199	73.60	125	24	2	102	217	1053	1427	6e-55	 168
GPLIN_000892800	contig_9199	93.75	32	2	0	217	248	1501	1596	6e-55	66.6
GPLIN_000892900	contig_5344	59.12	159	30	2	114	238	580	107	4e-55	 179
GPLIN_000892900	contig_5344	81.48	27	5	0	86	112	731	651	4e-55	45.4
GPLIN_000892900	contig_5344	50.00	34	17	0	56	89	906	805	4e-55	31.2
GPLIN_000892900	contig_5344	47.62	105	20	2	235	305	409	98	1e-17	83.6
GPLIN_000893400	contig_67403	70.94	117	2	1	319	403	627	977	4e-46	 166
GPLIN_000893400	contig_67403	100.00	41	0	0	187	227	52	174	1e-32	84.0
GPLIN_000893400	contig_67403	94.29	35	2	0	227	261	290	394	1e-32	76.3
GPLIN_001522400	contig_18182	48.19	276	52	7	9	196	2120	1302	2e-60	 205
GPLIN_000898200	contig_71565	100.00	99	0	0	819	917	2103	1807	1e-80	 167
GPLIN_000898200	contig_71565	100.00	41	0	0	932	972	1714	1592	1e-80	89.4
GPLIN_000898200	contig_71565	73.77	61	1	1	774	819	2330	2148	1e-80	86.3
GPLIN_000898200	contig_71565	84.78	46	7	0	990	1035	1250	1113	2e-15	84.0
GPLIN_000898200	contig_71565	58.33	72	7	2	1026	1074	1096	881	2e-11	70.9
GPLIN_000905800	contig_69454	77.46	142	1	1	232	342	489	64	5e-78	 197
GPLIN_000905800	contig_69454	87.80	41	5	0	191	231	706	584	5e-78	78.6
GPLIN_000905800	contig_69454	100.00	28	0	0	169	196	815	732	5e-78	56.6
GPLIN_000905800	contig_69454	74.56	169	13	4	15	159	1507	1019	1e-64	 221
GPLIN_000905800	contig_69454	88.24	17	2	0	1	17	1596	1546	1.5	33.1
GPLIN_000908700	contig_15336	52.71	129	35	2	345	447	461	75	8e-37	 128
GPLIN_000908700	contig_15336	57.58	33	11	1	305	337	637	548	8e-37	45.8
GPLIN_000909700	contig_44289	65.56	90	27	3	238	327	431	688	8e-51	 108
GPLIN_000909700	contig_44289	49.44	89	18	1	180	241	97	363	8e-51	79.0
GPLIN_000909700	contig_44289	71.88	32	9	0	328	359	777	872	8e-51	53.9
GPLIN_000195600	contig_125591	77.24	145	0	1	105	216	1	435	3e-71	 219
GPLIN_000196200	contig_7290	86.46	96	11	1	205	300	1400	1681	3e-65	 166
GPLIN_000196200	contig_7290	100.00	33	0	0	173	205	1201	1299	3e-65	71.2
GPLIN_000196200	contig_7290	69.44	36	11	0	135	170	1019	1126	3e-65	52.8
GPLIN_000196200	contig_7290	62.37	93	20	1	67	144	454	732	2e-22	 100
GPLIN_000196200	contig_7290	100.00	34	0	0	295	328	1894	1995	7e-14	74.7
GPLIN_000196200	contig_7290	56.52	69	4	1	28	70	39	245	1e-12	70.9
GPLIN_000196800	contig_107111	100.00	58	0	0	82	139	11	184	2e-32	 125
GPLIN_000196800	contig_107111	98.00	50	1	0	153	202	412	561	3e-23	99.8
GPLIN_000200100	contig_61760	96.43	84	3	0	98	181	172	423	2e-52	 140
GPLIN_000200100	contig_61760	100.00	31	0	0	178	208	488	580	2e-52	67.0
GPLIN_000200100	contig_61760	65.52	29	10	0	68	96	12	98	2e-52	38.5
GPLIN_000200200	contig_60460	66.44	149	39	3	231	368	558	112	6e-49	 179
GPLIN_000200200	contig_60460	75.00	20	5	0	369	388	61	2	6e-49	35.8
GPLIN_000200200	contig_60460	62.50	32	10	1	1	32	228	139	0.36	36.2
GPLIN_000930100	contig_102421	98.95	95	1	0	52	146	301	585	3e-68	 142
GPLIN_000930100	contig_102421	39.47	190	85	8	142	322	618	1124	3e-68	91.3
GPLIN_000930100	contig_102421	100.00	32	0	0	21	52	135	230	3e-68	66.6
GPLIN_000937900	contig_122549	98.25	57	1	0	132	188	181	11	3e-51	 123
GPLIN_000937900	contig_122549	69.12	68	3	1	84	133	441	238	3e-51	 100
GPLIN_001535200	contig_7350	100.00	56	0	0	215	270	209	42	8e-62	 124
GPLIN_001535200	contig_7350	92.50	40	3	0	145	184	576	457	8e-62	79.0
GPLIN_001535200	contig_7350	100.00	29	0	0	185	213	370	284	8e-62	62.4
GPLIN_001535200	contig_7350	70.83	24	7	0	130	153	724	653	8e-62	33.9
GPLIN_001535200	contig_7350	100.00	22	0	0	114	135	953	888	3e-05	47.4
GPLIN_001536900	contig_30995	47.77	247	49	5	11	179	2291	3025	4e-56	 194
GPLIN_000203700	contig_49150	41.75	194	56	6	658	796	1530	955	6e-50	 125
GPLIN_000203700	contig_49150	79.49	39	8	0	575	613	1881	1765	6e-50	64.3
GPLIN_000203700	contig_49150	76.67	30	7	0	613	642	1718	1629	6e-50	50.4
GPLIN_000203800	contig_149833	80.42	143	0	1	435	549	607	179	3e-89	 232
GPLIN_000203800	contig_149833	76.74	43	10	0	367	409	973	845	3e-89	71.6
GPLIN_000203800	contig_149833	100.00	31	0	0	404	434	780	688	3e-89	67.4
GPLIN_000203800	contig_149833	84.09	44	7	0	330	373	1382	1251	3e-13	74.3
GPLIN_000971300	contig_12341	86.52	178	1	1	598	752	347	880	1e-123	 314
GPLIN_000971300	contig_12341	98.94	94	1	0	507	600	30	311	1e-123	 152
GPLIN_000984200	contig_23726	97.65	85	2	0	324	408	518	772	3e-105	 176
GPLIN_000984200	contig_23726	71.23	146	0	2	219	322	3	440	3e-105	 166
GPLIN_000984200	contig_23726	100.00	38	0	0	405	442	874	987	3e-105	81.6
GPLIN_000995700	contig_18182	49.27	205	39	3	37	176	1940	1326	2e-50	 176
GPLIN_001000300	contig_188070	98.82	85	1	0	43	127	48	302	6e-67	 177
GPLIN_001000300	contig_188070	95.74	47	2	0	128	174	392	532	6e-67	95.9
GPLIN_001004800	contig_49151	81.38	145	0	1	278	395	480	46	1e-73	 233
GPLIN_001004800	contig_49151	65.43	81	26	2	167	247	477	241	3e-15	76.3
GPLIN_001005900	contig_44289	48.86	88	18	2	29	89	97	360	2e-23	77.0
GPLIN_001005900	contig_44289	44.58	83	19	3	95	151	446	691	2e-23	51.2
GPLIN_001007400	contig_9302	97.78	45	1	0	912	956	485	619	3e-69	 111
GPLIN_001007400	contig_9302	68.18	66	5	1	869	918	190	387	3e-69	96.3
GPLIN_001007400	contig_9302	100.00	38	0	0	832	869	9	122	3e-69	77.4
GPLIN_001007400	contig_9302	100.00	17	0	0	957	973	670	720	3e-69	41.2
GPLIN_001007400	contig_9302	86.67	45	6	0	1242	1286	485	619	3e-56	 100
GPLIN_001007400	contig_9302	55.38	65	13	1	1199	1247	190	384	3e-56	76.3
GPLIN_001007400	contig_9302	81.58	38	7	0	1162	1199	9	122	3e-56	66.2
GPLIN_001007400	contig_9302	83.33	18	3	0	1287	1304	670	723	3e-56	39.7
GPLIN_001007400	contig_9302	64.62	65	7	1	1070	1118	190	384	2e-40	87.0
GPLIN_001007400	contig_9302	79.49	39	8	0	1033	1071	9	125	2e-40	66.6
GPLIN_001007400	contig_9302	63.89	36	12	1	1113	1148	485	589	2e-40	55.5
GPLIN_001009200	contig_5344	33.15	178	46	5	108	216	583	62	1e-36	79.7
GPLIN_001009200	contig_5344	96.30	27	1	0	81	107	731	651	1e-36	58.5
GPLIN_001009200	contig_5344	72.50	40	10	1	49	87	912	793	1e-36	54.3
GPLIN_001013600	contig_18182	47.25	273	50	6	336	518	2111	1305	3e-65	 209
GPLIN_001013600	contig_18182	75.56	45	4	1	295	332	2361	2227	3e-65	60.5
GPLIN_001013600	contig_18182	48.57	140	25	4	129	225	2111	1704	8e-36	 108
GPLIN_001013600	contig_18182	81.58	38	7	0	91	128	2334	2221	8e-36	62.4
GPLIN_001551100	contig_42051	86.36	66	9	0	152	217	914	717	4e-49	 127
GPLIN_001551100	contig_42051	96.30	27	1	0	90	116	1277	1197	4e-49	57.0
GPLIN_001551100	contig_42051	82.14	28	5	0	111	138	1114	1031	4e-49	51.2
GPLIN_001551100	contig_42051	79.31	29	3	1	218	246	359	282	4e-10	48.5
GPLIN_001551100	contig_42051	84.21	19	3	0	242	260	295	239	4e-10	35.0
GPLIN_001022100	contig_43333	72.53	91	2	1	106	173	460	188	6e-58	 116
GPLIN_001022100	contig_43333	91.49	47	4	0	64	110	674	534	6e-58	92.0
GPLIN_001022100	contig_43333	100.00	28	0	0	173	200	84	1	6e-58	57.4
GPLIN_000238900	contig_40554	53.33	195	32	3	8	144	378	959	2e-51	 171
GPLIN_001032500	contig_56379	99.28	138	1	0	547	684	494	81	5e-92	 292
GPLIN_001032500	contig_56379	38.38	99	18	2	323	421	494	327	1e-06	52.0
GPLIN_001032500	contig_56379	28.40	169	50	4	416	579	410	102	3e-06	50.4
GPLIN_001032500	contig_56379	27.01	137	34	2	195	331	401	189	0.012	39.7
GPLIN_001035200	contig_49151	55.43	92	14	1	4	68	321	46	1e-23	92.0
GPLIN_001035300	contig_49151	56.49	131	29	2	7	110	435	46	8e-39	 133
GPLIN_000242100	contig_9313	84.62	104	1	1	447	535	1	312	5e-69	 146
GPLIN_000242100	contig_9313	98.46	65	1	0	533	597	345	539	5e-69	 136
GPLIN_000242100	contig_9313	78.90	109	5	2	272	363	1385	1062	3e-44	 170
GPLIN_000242100	contig_9313	73.95	119	14	2	171	272	1869	1513	2e-41	 162
GPLIN_000242100	contig_9313	100.00	46	0	0	358	403	939	802	4e-34	98.6
GPLIN_000242100	contig_9313	96.97	33	1	0	404	436	728	630	4e-34	67.4
GPLIN_000242100	contig_9313	85.71	56	8	0	145	200	2084	1917	2e-21	 101
GPLIN_001048200	contig_48977	42.71	199	59	8	234	382	1336	755	2e-41	 130
GPLIN_001048200	contig_48977	64.29	42	14	1	196	236	1566	1441	2e-41	59.3
GPLIN_001048200	contig_48977	42.48	113	45	3	231	325	335	3	4e-20	73.6
GPLIN_001048200	contig_48977	57.89	38	16	0	196	233	520	407	4e-20	44.3
GPLIN_000245400	contig_7958	97.47	79	2	0	25	103	459	223	2e-49	 161
GPLIN_000245500	contig_69058	75.69	436	50	4	248	627	3515	2208	0.0	 571
GPLIN_000245500	contig_69058	84.76	269	0	2	646	873	2100	1294	0.0	 414
GPLIN_000245500	contig_69058	91.38	58	5	0	188	245	3847	3674	2e-17	80.1
GPLIN_000245500	contig_69058	41.94	31	14	1	238	268	3645	3565	2e-17	30.0
GPLIN_000245500	contig_69058	59.52	42	10	1	284	318	3315	3190	0.001	45.1
GPLIN_001058700	contig_45015	73.38	154	6	1	131	249	3	464	1e-98	 216
GPLIN_001058700	contig_45015	93.33	60	4	0	279	338	697	876	1e-98	 122
GPLIN_001058700	contig_45015	96.67	30	1	0	249	278	542	631	1e-98	63.9
GPLIN_001059100	contig_62144	70.24	84	25	0	242	325	433	182	1e-65	 125
GPLIN_001059100	contig_62144	44.06	143	16	2	101	179	1291	863	1e-65	86.7
GPLIN_001059100	contig_62144	48.35	91	20	2	177	241	767	498	1e-65	79.3
GPLIN_001059400	contig_82131	83.17	101	0	1	32	115	304	2	1e-55	 165
GPLIN_001059400	contig_82131	96.88	32	1	0	2	33	476	381	1e-55	70.1
GPLIN_001059500	contig_18182	42.53	261	61	8	204	377	2102	1326	2e-45	 169
GPLIN_001059500	contig_18182	69.57	23	7	0	167	189	2301	2233	7.0	31.2
GPLIN_001059800	contig_18182	43.35	233	65	5	25	192	1994	1302	2e-42	 154
GPLIN_001059800	contig_18182	69.57	23	7	0	11	33	2301	2233	1.2	32.3
GPLIN_001059900	contig_77992	100.00	38	0	0	225	262	143	30	2e-44	87.4
GPLIN_001059900	contig_77992	86.11	36	5	0	185	220	322	215	2e-44	69.7
GPLIN_001059900	contig_77992	96.43	28	1	0	162	189	467	384	2e-44	62.8
GPLIN_001060000	contig_78501	60.77	181	25	2	246	380	529	1071	5e-58	 202
GPLIN_001060000	contig_78501	55.56	63	22	2	73	130	1	186	8e-07	53.1
GPLIN_001060400	contig_18182	45.49	266	54	6	404	579	2105	1311	4e-62	 198
GPLIN_001060400	contig_18182	81.58	38	7	0	365	402	2334	2221	4e-62	60.8
GPLIN_000252200	contig_9773	50.00	174	56	4	52	196	984	1499	4e-32	 125
GPLIN_000254600	contig_43196	77.42	155	0	1	315	434	873	409	2e-77	 244
GPLIN_000254600	contig_43196	61.82	55	1	1	280	314	1109	945	2e-77	65.9
GPLIN_000038300	contig_47745	86.42	162	2	1	2542	2683	5047	4562	0.0	 280
GPLIN_000038300	contig_47745	100.00	129	0	0	2684	2812	4512	4126	0.0	 278
GPLIN_000038300	contig_47745	98.81	84	1	0	2812	2895	4066	3815	0.0	 179
GPLIN_000038300	contig_47745	85.37	41	6	0	2510	2550	5193	5071	0.0	72.8
GPLIN_000038300	contig_47745	75.81	124	13	1	3167	3273	1385	1014	2e-83	 185
GPLIN_000038300	contig_47745	100.00	36	0	0	3132	3167	1527	1420	2e-83	75.1
GPLIN_000038300	contig_47745	86.49	37	5	0	3059	3095	1887	1777	2e-83	73.2
GPLIN_000038300	contig_47745	97.73	44	1	0	3089	3132	1720	1589	2e-83	41.2
GPLIN_000038300	contig_47745	100.00	41	0	0	3345	3385	603	481	6e-52	89.7
GPLIN_000038300	contig_47745	97.44	39	1	0	3260	3298	954	838	6e-52	80.9
GPLIN_000038300	contig_47745	100.00	32	0	0	3313	3344	752	657	6e-52	78.6
GPLIN_000038300	contig_47745	100.00	57	0	0	2916	2972	3532	3362	4e-25	 118
GPLIN_000038300	contig_47745	97.30	37	1	0	3401	3437	113	3	7e-23	86.7
GPLIN_000038300	contig_47745	100.00	19	0	0	3383	3401	243	187	7e-23	43.9
GPLIN_000038300	contig_47745	100.00	51	0	0	2973	3023	3207	3055	8e-22	 107
GPLIN_000038300	contig_47745	72.73	55	12	1	3023	3077	2238	2083	1e-12	77.0
GPLIN_000038900	contig_44129	74.34	152	7	1	537	656	45	500	1e-64	 222
GPLIN_000038900	contig_44129	97.47	79	2	0	277	355	63	299	2e-43	 163
GPLIN_000259400	contig_193756	100.00	67	0	0	564	630	2	202	4e-46	 161
GPLIN_000259500	contig_18182	47.06	272	56	4	176	359	2117	1302	5e-70	 216
GPLIN_000259500	contig_18182	82.22	45	8	0	131	175	2361	2227	5e-70	68.9
GPLIN_000260100	contig_18219	91.40	93	6	1	177	267	4127	4405	3e-93	 179
GPLIN_000260100	contig_18219	77.11	83	4	1	113	180	3829	4077	3e-93	 124
GPLIN_000260100	contig_18219	100.00	37	0	0	259	295	4485	4595	3e-93	80.1
GPLIN_000260100	contig_18219	100.00	37	0	0	1	37	2883	2993	2e-21	73.9
GPLIN_000260100	contig_18219	100.00	23	0	0	50	72	3077	3145	2e-21	47.8
GPLIN_000260100	contig_18219	100.00	42	0	0	72	113	3271	3396	4e-17	84.3
GPLIN_000260200	contig_234	100.00	82	0	0	380	461	627	872	9e-104	 155
GPLIN_000260200	contig_234	68.82	93	0	1	286	349	116	394	9e-104	 124
GPLIN_000260200	contig_234	83.64	55	2	1	456	503	947	1111	9e-104	92.8
GPLIN_000260200	contig_234	91.43	35	3	0	349	383	469	573	9e-104	68.6
GPLIN_001082800	contig_54295	98.77	81	1	0	30	110	327	569	6e-50	 169
GPLIN_001082800	contig_54295	52.50	80	23	4	1	71	181	402	1e-12	66.2
GPLIN_001082900	contig_48422	79.63	54	11	0	75	128	789	950	3e-35	88.2
GPLIN_001082900	contig_48422	60.27	73	26	1	3	75	461	670	3e-35	78.6
GPLIN_001082900	contig_48422	100.00	26	0	0	5	30	2	79	3e-11	62.0
GPLIN_001083600	contig_48902	62.30	122	30	1	196	301	211	576	2e-42	 150
GPLIN_001566300	contig_4694	98.81	84	1	0	27	110	168	419	7e-53	 176
GPLIN_001096800	contig_7346	78.57	84	2	1	54	121	1176	925	2e-37	 134
GPLIN_001096800	contig_7346	95.00	20	1	0	121	140	874	815	2e-37	41.6
GPLIN_001096800	contig_7346	97.14	35	1	0	140	174	229	125	4e-15	77.0
GPLIN_001099700	contig_47581	90.32	93	8	1	100	192	14	289	1e-51	 171
GPLIN_000266800	contig_8687	100.00	82	0	0	281	362	2237	2482	1e-108	 179
GPLIN_000266800	contig_8687	100.00	65	0	0	215	279	1989	2183	1e-108	 144
GPLIN_000266800	contig_8687	97.22	36	1	0	180	215	1814	1921	1e-108	73.9
GPLIN_000266800	contig_8687	100.00	25	0	0	363	387	2548	2622	1e-108	59.7
GPLIN_000266800	contig_8687	75.00	88	4	2	79	149	966	1226	2e-43	 114
GPLIN_000266800	contig_8687	100.00	43	0	0	43	85	808	936	2e-43	82.0
GPLIN_000266800	contig_8687	97.06	34	1	0	10	43	471	572	5e-13	66.2
GPLIN_000266800	contig_8687	100.00	10	0	0	1	10	392	421	5e-13	27.7
GPLIN_000266800	contig_8687	100.00	31	0	0	150	180	1451	1543	3e-10	64.3
GPLIN_000266800	contig_8687	68.97	29	6	1	124	149	1832	1918	0.59	34.7
GPLIN_001105100	contig_151668	77.78	108	3	1	207	293	139	462	9e-54	 178
GPLIN_001105500	contig_4600	60.81	148	56	2	68	213	1651	1208	2e-44	 162
GPLIN_001115700	contig_67922	100.00	61	0	0	138	198	201	383	4e-46	 138
GPLIN_001115700	contig_67922	96.67	30	1	0	109	138	52	141	4e-46	65.5
GPLIN_001126000	contig_30995	43.61	305	91	9	3	239	2150	3025	1e-54	 192
GPLIN_001128900	contig_26021	100.00	73	0	0	474	546	2057	1839	2e-41	 160
GPLIN_001128900	contig_26021	86.36	22	3	0	555	576	857	792	0.002	43.5
GPLIN_001131500	contig_43658	98.80	83	1	0	51	133	450	698	4e-56	 173
GPLIN_001131500	contig_43658	93.33	30	2	0	21	50	301	390	4e-56	63.5
GPLIN_001131500	contig_43658	97.44	39	1	0	133	171	1299	1415	2e-16	79.3
GPLIN_001135400	contig_41155	62.88	132	26	2	160	269	13	405	3e-49	 167
GPLIN_000284600	contig_18182	48.58	282	57	5	26	219	2147	1302	3e-64	 216
GPLIN_000284600	contig_18182	80.77	26	5	0	11	36	2301	2224	1e-04	44.7
GPLIN_000284700	contig_18182	78.31	189	1	2	61	209	2120	1554	4e-100	 290
GPLIN_000284700	contig_18182	100.00	47	0	0	16	62	2361	2221	4e-100	94.0
GPLIN_001150700	contig_138896	100.00	70	0	0	601	670	212	3	3e-44	 157
GPLIN_000292100	contig_102544	94.32	88	5	0	1	88	264	1	5e-54	 181
GPLIN_000043300	contig_30995	48.34	271	59	7	86	282	2225	3016	1e-58	 206
GPLIN_000043300	contig_30995	52.78	36	17	0	14	49	2174	2281	0.63	34.3
GPLIN_000046400	contig_43616	73.89	157	1	1	384	500	812	1282	1e-128	 238
GPLIN_000046400	contig_43616	98.55	69	1	0	289	357	345	551	1e-128	 147
GPLIN_000046400	contig_43616	94.74	38	2	0	254	291	196	309	1e-128	73.6
GPLIN_000046400	contig_43616	100.00	29	0	0	355	383	658	744	1e-128	65.5
GPLIN_000294100	contig_10280	56.98	172	27	1	493	617	467	982	2e-50	 185
GPLIN_000294100	contig_10280	74.39	82	21	0	294	375	467	712	5e-31	 128
GPLIN_000294100	contig_10280	62.50	32	12	0	231	262	129	224	2e-08	41.2
GPLIN_000294100	contig_10280	41.27	63	32	3	256	313	283	471	2e-08	38.1
GPLIN_000294100	contig_10280	47.06	51	22	3	467	512	319	471	4.1	32.7
GPLIN_001166000	contig_55585	77.27	154	1	1	118	237	619	158	3e-73	 234
GPLIN_001168900	contig_72422	80.00	55	10	1	120	173	19	183	3e-21	88.2
GPLIN_001169300	contig_48977	42.49	193	51	5	294	426	1336	758	4e-39	 128
GPLIN_001169300	contig_48977	38.00	100	31	2	230	298	1734	1435	4e-39	53.9
GPLIN_001169300	contig_48977	41.28	109	32	4	294	371	326	3	5e-14	62.8
GPLIN_001169300	contig_48977	31.48	108	41	3	217	291	733	410	5e-14	34.7
GPLIN_001171400	contig_124883	100.00	68	0	0	265	332	13	216	6e-40	 140
GPLIN_001171800	contig_47925	74.38	203	41	1	311	502	1422	814	3e-93	 301
GPLIN_001171800	contig_47925	90.62	32	3	0	498	529	772	677	3e-93	62.4
GPLIN_001171800	contig_47925	86.21	58	8	0	576	633	313	140	1e-39	 108
GPLIN_001171800	contig_47925	79.07	43	9	0	530	572	539	411	1e-39	75.5
GPLIN_001586900	contig_87700	96.88	32	1	0	1	32	275	180	7e-24	66.6
GPLIN_001586900	contig_87700	77.14	35	8	0	33	67	112	8	7e-24	62.0
GPLIN_001587100	contig_5733	65.26	95	25	3	19	107	1531	1809	2e-31	 120
GPLIN_001587100	contig_5733	96.77	31	1	0	25	55	1126	1218	2e-12	66.2
GPLIN_001587100	contig_5733	100.00	19	0	0	1	19	690	746	1e-04	42.4
GPLIN_001587100	contig_5733	50.00	30	12	1	4	30	318	407	2.0	30.0
GPLIN_001173900	contig_8512	85.79	190	0	1	470	632	3318	2749	2e-85	 277
GPLIN_001173900	contig_8512	96.67	30	1	0	430	459	3488	3399	2e-85	60.5
GPLIN_001173900	contig_8512	64.13	223	24	4	665	835	2374	1718	2e-82	 261
GPLIN_001173900	contig_8512	100.00	31	0	0	635	665	2514	2422	2e-82	66.2
GPLIN_001173900	contig_8512	86.46	96	11	1	354	447	3873	3586	2e-26	 119
GPLIN_001173900	contig_8512	100.00	37	0	0	706	742	2201	2091	2e-14	80.5
GPLIN_001587400	contig_44774	75.93	108	8	1	20	109	534	857	2e-48	 163
GPLIN_000299400	contig_4571	100.00	67	0	0	252	318	1359	1159	6e-54	 148
GPLIN_000299400	contig_4571	96.88	32	1	0	220	251	1526	1431	6e-54	67.8
GPLIN_000299400	contig_4571	47.50	40	15	1	323	356	1114	995	6e-54	36.6
GPLIN_000299400	contig_4571	100.00	44	0	0	156	199	2563	2432	5e-19	91.3
GPLIN_000299400	contig_4571	97.67	43	1	0	335	377	752	624	1e-17	87.0
GPLIN_000299400	contig_4571	100.00	21	0	0	200	220	1778	1716	1e-05	49.7
GPLIN_001178500	contig_78253	100.00	83	0	0	328	410	5	253	2e-47	 164
GPLIN_001181800	contig_8687	48.15	81	35	2	157	231	2234	2473	2e-40	74.7
GPLIN_001181800	contig_8687	59.32	59	21	3	97	152	2004	2180	2e-40	62.8
GPLIN_001181800	contig_8687	72.97	37	8	1	58	92	1808	1918	2e-40	49.7
GPLIN_001181800	contig_8687	65.62	32	9	2	235	264	2547	2642	2e-40	38.9
GPLIN_001181800	contig_8687	75.86	29	4	1	64	92	1149	1226	0.036	38.1
GPLIN_001185900	contig_10280	54.65	172	30	2	98	222	470	982	1e-47	 167
GPLIN_001185900	contig_10280	47.06	51	23	2	66	112	307	459	0.022	37.7
GPLIN_001186200	contig_18182	40.06	317	84	9	196	455	2105	1302	5e-49	 181
GPLIN_001186200	contig_18182	73.91	23	6	0	160	182	2301	2233	0.71	34.7
GPLIN_001189000	contig_78858	94.44	72	4	0	57	128	1399	1184	9e-42	 148
GPLIN_001189400	contig_18182	52.61	268	36	4	513	689	2105	1302	1e-78	 253
GPLIN_001189400	contig_18182	68.52	54	10	1	455	508	2361	2221	1e-78	61.6
GPLIN_001189400	contig_18182	44.19	43	18	1	411	447	810	938	0.030	40.0
GPLIN_001189400	contig_18182	89.47	19	2	0	409	427	761	817	0.27	37.0
GPLIN_001206200	contig_24178	83.33	102	0	1	33	117	308	3	8e-51	 169
GPLIN_000312100	contig_43656	78.91	147	4	1	229	348	56	496	1e-74	 238
GPLIN_000312300	contig_10323	50.60	168	39	1	243	366	9	512	3e-43	 153
GPLIN_000312500	contig_136479	51.32	189	39	4	128	263	573	7	1e-47	 164
GPLIN_000312600	contig_67243	74.21	159	0	1	43	160	161	637	2e-70	 230
GPLIN_000312600	contig_67243	67.50	40	10	1	116	155	1779	1669	5e-09	56.6
GPLIN_000312600	contig_67243	70.37	27	8	0	89	115	2321	2241	4e-05	44.7
GPLIN_001212700	contig_10323	77.27	88	20	0	9	96	6	269	1e-43	 145
GPLIN_001212700	contig_10323	75.00	16	4	0	91	106	444	491	3.5	28.9
GPLIN_000318600	contig_102553	100.00	46	0	0	132	177	229	92	3e-41	99.8
GPLIN_000318600	contig_102553	56.16	73	31	1	60	131	551	333	3e-41	87.4
GPLIN_000318800	contig_102553	94.94	79	4	0	302	380	569	333	2e-63	 164
GPLIN_000318800	contig_102553	100.00	46	0	0	381	426	229	92	2e-63	99.4
GPLIN_000320000	contig_18182	43.43	274	62	7	318	502	2111	1302	6e-56	 190
GPLIN_000320000	contig_18182	85.19	27	4	0	291	317	2301	2221	6e-56	48.1
GPLIN_000320000	contig_18182	66.18	68	9	2	192	252	2361	2179	2e-12	72.0
GPLIN_001598500	contig_48977	45.51	178	47	3	2	129	1339	806	2e-34	 128
GPLIN_001598500	contig_48977	44.14	111	40	3	1	90	332	3	8e-16	76.3
GPLIN_001223200	contig_9773	73.53	68	17	1	1	68	1293	1493	1e-18	83.6
GPLIN_000047500	contig_48977	49.24	197	49	5	18	166	1339	758	5e-45	 159
GPLIN_000047500	contig_48977	35.25	122	59	3	6	108	365	3	3e-10	60.8
GPLIN_001224300	contig_25727	100.00	47	0	0	782	828	2150	2290	2e-47	 103
GPLIN_001224300	contig_25727	100.00	29	0	0	754	782	2020	2106	2e-47	65.1
GPLIN_001224300	contig_25727	100.00	45	0	0	828	872	2338	2472	2e-47	63.2
GPLIN_001224300	contig_25727	63.38	142	30	4	874	1001	2673	3074	1e-36	 153
GPLIN_001224300	contig_25727	81.25	112	6	1	453	549	758	1093	1e-34	 147
GPLIN_001224300	contig_25727	74.51	51	7	1	930	974	2809	2961	5e-14	79.7
GPLIN_001224300	contig_25727	96.97	33	1	0	1067	1099	3489	3587	9e-11	68.9
GPLIN_001224300	contig_25727	92.11	38	3	0	536	573	1260	1373	2e-05	51.2
GPLIN_001224300	contig_25727	73.33	30	8	0	526	555	773	862	0.002	45.1
GPLIN_001224300	contig_25727	45.83	48	22	1	1056	1099	3392	3535	2.1	35.0
GPLIN_001225300	contig_32937	98.28	116	2	0	312	427	71	418	5e-92	 179
GPLIN_001225300	contig_32937	98.00	50	1	0	454	503	640	789	5e-92	 116
GPLIN_001225300	contig_32937	100.00	29	0	0	425	453	471	557	5e-92	63.5
GPLIN_001225300	contig_32937	100.00	18	0	0	518	535	855	908	5e-92	42.7
GPLIN_001225300	contig_32937	76.79	56	8	1	521	576	955	1107	9e-18	89.7
GPLIN_000328200	contig_103130	88.96	154	0	1	1747	1883	464	3	4e-84	 280
GPLIN_000328200	contig_103130	100.00	37	0	0	1710	1746	682	572	4e-84	54.7
GPLIN_001227400	contig_10323	56.55	168	28	2	115	238	12	512	2e-52	 172
GPLIN_001235900	contig_56580	100.00	62	0	0	47	108	192	377	2e-45	 131
GPLIN_001235900	contig_56580	75.00	44	11	0	9	52	2	133	2e-45	69.7
GPLIN_001246500	contig_44289	44.55	101	28	2	137	209	570	872	4e-24	67.4
GPLIN_001246500	contig_44289	44.94	89	15	4	47	102	97	360	4e-24	53.5
GPLIN_001246500	contig_44289	51.85	27	13	0	111	137	449	529	4e-24	29.6
GPLIN_001246900	contig_44289	44.55	101	28	2	137	209	570	872	4e-24	67.4
GPLIN_001246900	contig_44289	44.94	89	15	4	47	102	97	360	4e-24	53.5
GPLIN_001246900	contig_44289	51.85	27	13	0	111	137	449	529	4e-24	29.6
GPLIN_000350100	contig_40554	54.64	194	30	2	399	534	378	959	8e-52	 184
GPLIN_000350100	contig_40554	54.05	74	5	2	351	396	219	1	2e-18	73.9
GPLIN_000350100	contig_40554	58.14	43	13	2	312	351	416	294	2e-18	38.9
GPLIN_001253500	contig_16826	67.84	255	14	3	14	200	1466	702	2e-86	 270
GPLIN_001253500	contig_16826	92.31	39	2	1	196	234	469	356	3e-14	73.9
GPLIN_001253600	contig_11987	55.84	154	21	2	226	361	33	407	3e-46	 161
GPLIN_001253700	contig_16826	71.37	255	5	3	14	200	1466	702	2e-92	 285
GPLIN_001253700	contig_16826	100.00	38	0	0	196	233	469	356	4e-17	82.4
GPLIN_001253800	contig_30995	45.03	302	62	7	162	388	2195	3013	2e-58	 209
GPLIN_001253800	contig_30995	76.92	39	5	1	94	128	2228	2344	5e-07	54.3
GPLIN_001253900	contig_18182	46.10	269	56	4	189	368	2111	1305	6e-58	 204
GPLIN_001253900	contig_18182	96.55	29	1	0	158	186	2334	2248	7e-08	56.6
GPLIN_000358100	contig_98073	76.35	148	0	1	1	113	136	579	3e-70	 216
GPLIN_001258100	contig_4600	46.94	147	38	5	134	245	1651	1226	2e-26	 112
GPLIN_001258400	contig_27126	72.62	84	22	1	218	301	767	1015	3e-45	 125
GPLIN_001258400	contig_27126	49.40	83	16	2	157	213	435	683	3e-45	76.6
GPLIN_001260200	contig_159363	94.00	50	3	0	312	361	575	426	2e-23	 100
GPLIN_001260200	contig_159363	100.00	19	0	0	292	310	759	703	0.002	41.6
GPLIN_001265800	contig_44289	74.07	81	21	0	334	414	446	688	2e-53	 125
GPLIN_001265800	contig_44289	51.14	88	15	1	270	329	97	360	2e-53	83.6
GPLIN_001265800	contig_44289	62.50	32	12	0	415	446	777	872	2e-53	42.0
GPLIN_001265900	contig_9773	52.02	173	53	4	106	249	984	1499	4e-38	 142
GPLIN_000051600	contig_182279	80.47	128	0	1	1	103	493	110	8e-57	 186
GPLIN_000363400	contig_10323	71.43	161	2	1	310	426	30	512	1e-70	 226
GPLIN_000369500	contig_46135	67.52	157	2	2	321	428	683	1153	1e-51	 192
GPLIN_000369500	contig_46135	50.72	138	37	3	430	536	1413	1826	1e-23	 108
GPLIN_000369500	contig_46135	100.00	39	0	0	480	518	1613	1729	5e-17	87.4
GPLIN_000369500	contig_46135	43.51	131	0	2	217	273	2	394	3e-16	84.7
GPLIN_001271400	contig_108309	66.10	59	19	1	154	211	192	16	7e-44	79.7
GPLIN_001271400	contig_108309	37.93	116	25	2	84	152	599	252	7e-44	72.8
GPLIN_001271400	contig_108309	80.49	41	8	0	42	82	727	605	7e-44	65.1
GPLIN_000372100	contig_9773	76.27	236	0	2	593	772	792	1499	2e-102	 331
GPLIN_000372100	contig_9773	56.58	76	1	1	550	593	373	600	3e-11	68.9
GPLIN_000372100	contig_9773	90.91	33	3	0	523	555	12	110	1e-08	60.5
GPLIN_000372100	contig_9773	81.48	27	5	0	498	524	647	727	1e-04	48.1
GPLIN_000376500	contig_337	100.00	61	0	0	161	221	528	346	6e-52	 122
GPLIN_000376500	contig_337	97.22	36	1	0	220	255	247	140	6e-52	81.6
GPLIN_000376500	contig_337	100.00	18	0	0	256	273	56	3	6e-52	42.4
GPLIN_000381900	contig_31822	100.00	103	0	0	145	247	184	492	8e-69	 217
GPLIN_000382500	contig_60460	73.83	149	34	2	127	270	558	112	5e-60	 211
GPLIN_000382500	contig_60460	53.66	41	19	0	66	106	252	130	5e-04	44.7
GPLIN_000385000	contig_48977	48.72	195	53	3	29	176	1336	752	6e-48	 168
GPLIN_000385000	contig_48977	47.75	111	39	4	27	119	332	3	1e-19	89.0
GPLIN_000385300	contig_61760	96.43	84	3	0	173	256	172	423	8e-53	 141
GPLIN_000385300	contig_61760	100.00	31	0	0	253	283	488	580	8e-53	67.4
GPLIN_000385300	contig_61760	65.52	29	10	0	143	171	12	98	8e-53	38.9
GPLIN_000389800	contig_10690	100.00	80	0	0	230	309	1009	1248	1e-42	 148
GPLIN_000389800	contig_10690	100.00	19	0	0	329	347	1322	1378	1e-42	45.1
GPLIN_000389800	contig_10690	94.87	39	2	0	162	200	75	191	5e-17	84.3
GPLIN_000390200	contig_18852	83.80	142	1	1	80	199	1099	674	2e-77	 182
GPLIN_000390200	contig_18852	68.13	91	2	1	197	260	578	306	2e-77	 122
GPLIN_000390200	contig_18852	100.00	12	0	0	68	79	1184	1149	2e-77	26.2
GPLIN_000057000	contig_76411	100.00	51	0	0	73	123	2199	2047	1e-55	99.8
GPLIN_000057000	contig_76411	93.02	43	3	0	31	73	2401	2273	1e-55	85.1
GPLIN_000057000	contig_76411	100.00	33	0	0	1	33	2549	2451	1e-55	73.2
GPLIN_000057000	contig_76411	59.15	71	26	2	269	337	771	562	7e-18	87.8
GPLIN_000057000	contig_76411	62.50	40	15	0	198	237	1392	1273	2e-13	55.1
GPLIN_000057000	contig_76411	72.00	25	7	0	230	254	1171	1097	2e-13	40.4
GPLIN_000057000	contig_76411	97.22	36	1	0	123	158	1700	1593	2e-12	70.9
GPLIN_000057000	contig_76411	64.86	37	9	2	338	370	254	144	2e-05	48.9
GPLIN_000057100	contig_3351	65.47	139	4	1	1	95	1003	587	8e-48	 169
GPLIN_000057100	contig_3351	81.11	90	16	1	104	193	267	1	4e-19	88.2
GPLIN_000057100	contig_3351	100.00	31	0	0	89	119	386	294	8e-13	69.3
GPLIN_001300800	contig_48977	46.46	198	59	3	228	378	1339	746	3e-40	 153
GPLIN_001300800	contig_48977	40.37	109	46	2	229	319	326	3	1e-11	68.2
GPLIN_001300800	contig_48977	40.48	42	23	1	182	223	724	605	0.25	35.8
GPLIN_001300800	contig_48977	82.35	17	3	0	71	87	998	948	1.3	33.5
GPLIN_001300800	contig_48977	32.00	75	36	3	159	231	1806	1621	1.7	33.1
GPLIN_000403000	contig_627	48.51	369	57	9	119	389	1040	39	8e-90	 280
GPLIN_000403000	contig_627	79.52	83	17	0	320	402	249	1	1e-37	 142
GPLIN_001310300	contig_18182	45.05	273	61	4	147	330	2129	1311	7e-57	 200
GPLIN_001310300	contig_18182	39.51	243	61	6	1	171	1916	1230	6e-25	 108
GPLIN_001310400	contig_11987	56.20	137	41	2	153	271	9	416	1e-38	 139
GPLIN_001310400	contig_11987	63.64	55	19	1	38	92	243	404	5e-21	72.0
GPLIN_001310400	contig_11987	65.62	32	11	0	11	42	163	258	5e-21	48.1
GPLIN_001310900	contig_144106	87.50	128	1	1	93	205	28	411	7e-76	 231
GPLIN_001312600	contig_66443	100.00	96	0	0	246	341	13	300	1e-63	 204
GPLIN_001315800	contig_30995	44.33	291	74	6	127	333	2162	3022	3e-58	 206
GPLIN_001315800	contig_30995	62.50	32	12	0	52	83	2001	2096	2e-07	47.4
GPLIN_001315800	contig_30995	66.67	15	5	0	35	49	1900	1944	2e-07	26.9
GPLIN_000413600	contig_22366	60.00	75	16	1	28	88	878	654	5e-58	96.3
GPLIN_000413600	contig_22366	41.56	154	49	7	122	244	434	3	5e-58	90.9
GPLIN_000413600	contig_22366	85.19	27	4	0	3	29	1039	959	5e-58	49.7
GPLIN_000413600	contig_22366	58.82	34	14	0	81	114	601	500	5e-58	48.9
GPLIN_000413700	contig_193075	98.86	88	1	0	284	371	151	414	1e-54	 186
GPLIN_000414000	contig_12103	84.78	46	7	0	195	240	801	938	1e-57	85.5
GPLIN_000414000	contig_12103	80.43	46	9	0	63	108	91	228	1e-57	80.1
GPLIN_000414000	contig_12103	62.50	48	18	0	145	192	538	681	1e-57	65.5
GPLIN_000414000	contig_12103	58.54	41	17	0	103	143	303	425	1e-57	53.9
GPLIN_000414100	contig_44289	56.70	97	39	2	338	434	431	712	6e-44	 103
GPLIN_000414100	contig_44289	57.30	89	10	1	281	341	97	363	6e-44	95.5
GPLIN_001323300	contig_39573	93.67	79	5	0	129	207	1195	1431	1e-42	 161
GPLIN_001323300	contig_39573	100.00	41	0	0	64	104	316	438	9e-24	84.0
GPLIN_001323300	contig_39573	90.91	22	2	0	43	64	210	275	9e-24	46.6
GPLIN_001323300	contig_39573	67.27	55	16	1	81	135	573	731	3e-11	67.8
GPLIN_000047700	contig_66890	54.13	218	47	3	302	466	355	1008	4e-61	 209
GPLIN_000008700	contig_62993	100.00	83	0	0	194	276	1012	764	2e-49	 175
GPLIN_000008700	contig_62993	100.00	39	0	0	280	318	578	462	3e-17	84.0
GPLIN_000008700	contig_62993	67.92	53	14	1	124	176	1358	1209	8e-15	77.0
GPLIN_000008700	contig_62993	68.75	48	15	0	160	207	1167	1024	5e-12	68.6
GPLIN_000424400	contig_33623	72.67	172	2	2	1	127	3390	2875	6e-67	 239
GPLIN_000424400	contig_33623	58.53	217	28	4	337	491	1559	909	3e-63	 229
GPLIN_000424400	contig_33623	59.31	145	0	3	218	303	2209	1775	8e-55	 151
GPLIN_000424400	contig_33623	40.71	140	30	3	303	393	1722	1315	8e-55	83.6
GPLIN_000424400	contig_33623	100.00	30	0	0	157	186	2575	2486	3e-16	63.9
GPLIN_000424400	contig_33623	76.00	25	6	0	178	202	2448	2374	3e-16	41.6
GPLIN_000424400	contig_33623	62.86	70	8	1	477	528	777	568	7e-15	80.5
GPLIN_000424400	contig_33623	56.67	60	20	1	103	162	2864	2703	3e-09	62.8
GPLIN_000424400	contig_33623	47.76	67	30	2	476	537	567	367	6e-06	51.6
GPLIN_001335500	contig_41644	85.71	63	9	0	13	75	408	220	3e-32	 116
GPLIN_001344300	contig_79321	42.16	204	49	6	28	164	1028	423	3e-59	 142
GPLIN_001344300	contig_79321	52.43	103	32	2	172	258	324	19	3e-59	 105
GPLIN_000466900	contig_153949	98.09	209	3	1	93	301	625	2	1e-114	 335
GPLIN_000495300	contig_18391	67.24	58	2	1	89	129	146	319	4e-23	70.9
GPLIN_000495300	contig_18391	100.00	28	0	0	62	89	1	84	4e-23	56.6
GPLIN_000495300	contig_18391	66.67	30	10	0	153	182	600	689	0.008	39.7
GPLIN_000510600	contig_18180	68.89	135	11	2	185	288	3183	3587	9e-147	 172
GPLIN_000510600	contig_18180	78.00	100	5	1	44	126	2581	2880	9e-147	 154
GPLIN_000510600	contig_18180	100.00	62	0	0	123	184	2930	3115	9e-147	 131
GPLIN_000510600	contig_18180	100.00	33	0	0	285	317	3700	3798	9e-147	75.5
GPLIN_000510600	contig_18180	62.69	67	2	1	1	44	2315	2515	9e-147	72.0
GPLIN_000516100	contig_46568	97.14	35	1	0	205	239	558	454	3e-27	75.1
GPLIN_000516100	contig_46568	91.43	35	3	0	237	271	367	263	3e-27	66.2
GPLIN_001391000	contig_160770	100.00	74	0	0	136	209	2	223	8e-45	 153
GPLIN_000555400	contig_144636	72.46	69	18	1	38	105	692	486	1e-16	77.4
GPLIN_000560800	contig_137425	83.79	253	1	2	20	234	1688	936	2e-144	 429
GPLIN_000560800	contig_137425	75.35	284	14	3	209	436	931	80	2e-119	 365
GPLIN_001417900	contig_20894	87.50	56	6	1	33	88	576	740	3e-24	97.8
GPLIN_001417900	contig_20894	93.75	32	2	0	1	32	228	323	0.017	35.8
GPLIN_000589200	contig_35473	90.74	108	10	0	40	147	480	157	2e-61	 209
GPLIN_000100500	contig_153907	72.22	36	10	0	13	48	212	319	6e-11	56.6
GPLIN_000608100	contig_17566	59.60	99	30	2	206	302	1021	749	2e-43	99.4
GPLIN_000608100	contig_17566	59.04	83	19	1	139	206	1325	1077	2e-43	96.3
GPLIN_000608100	contig_17566	70.21	47	14	0	77	123	1796	1656	5e-13	71.6
GPLIN_000609400	contig_35813	46.54	159	69	6	29	175	905	441	4e-27	 110
GPLIN_000610000	contig_112513	62.24	98	9	1	64	133	307	14	1e-26	 108
GPLIN_000610000	contig_112513	97.22	36	1	0	39	74	667	560	3e-15	75.9
GPLIN_000614900	contig_75056	100.00	25	0	0	116	140	586	660	2e-09	57.4
GPLIN_000614900	contig_75056	89.47	19	2	0	75	93	123	179	0.007	35.0
GPLIN_000614900	contig_75056	64.71	17	6	0	94	110	233	283	0.007	21.9
GPLIN_000616800	contig_137933	93.33	45	2	1	1	45	199	330	2e-19	82.0
GPLIN_000641200	contig_121119	100.00	107	0	0	108	214	771	1091	5e-52	 186
GPLIN_000120500	contig_63849	81.82	33	4	1	26	58	325	417	8e-09	55.5
GPLIN_000122100	contig_13250	100.00	72	0	0	85	156	2426	2211	7e-70	 151
GPLIN_000122100	contig_13250	77.78	90	1	1	156	226	2148	1879	7e-70	 133
GPLIN_000122100	contig_13250	96.39	83	3	0	222	304	1497	1249	7e-35	 140
GPLIN_000122100	contig_13250	98.36	61	1	0	303	363	976	794	7e-31	 128
GPLIN_000122100	contig_13250	95.56	45	2	0	1	45	3055	2921	2e-18	90.1
GPLIN_000122100	contig_13250	100.00	35	0	0	363	397	570	466	2e-14	77.8
GPLIN_000122100	contig_13250	76.92	39	9	0	31	69	2913	2797	4e-10	64.3
GPLIN_001463000	contig_149231	100.00	76	0	0	113	188	183	410	2e-44	 154
GPLIN_000126000	contig_79492	87.60	121	10	1	76	191	677	1039	1e-54	 196
GPLIN_000126000	contig_79492	55.21	96	18	2	159	236	1252	986	6e-19	92.0
GPLIN_000126000	contig_79492	100.00	17	0	0	60	76	20	70	0.001	43.5
GPLIN_000126000	contig_79492	78.57	14	3	0	63	76	242	283	6.7	31.6
GPLIN_000689500	contig_19474	73.33	60	16	0	165	224	3	182	4e-26	 101
GPLIN_000696300	contig_25483	96.61	59	2	0	87	145	1	177	9e-51	 124
GPLIN_000696300	contig_25483	95.83	48	2	0	146	193	227	370	9e-51	97.1
GPLIN_000698800	contig_151823	89.17	120	13	0	109	228	401	42	2e-56	 181
GPLIN_000713500	contig_45493	100.00	58	0	0	104	161	3	176	4e-31	 122
GPLIN_000723200	contig_21374	93.14	102	7	0	217	318	219	524	1e-53	 195
GPLIN_000723200	contig_21374	98.63	73	1	0	318	390	688	906	6e-41	 159
GPLIN_000723200	contig_21374	71.64	67	16	1	182	245	2	202	2e-21	99.8
GPLIN_000723200	contig_21374	84.00	25	3	1	403	426	1272	1346	0.016	40.0
GPLIN_000723200	contig_21374	100.00	18	0	0	390	407	1035	1088	0.019	39.7
GPLIN_000140200	contig_5302	77.33	75	17	0	31	105	11	235	7e-34	 117
GPLIN_000142200	contig_89840	65.38	52	17	1	1	52	318	470	4e-14	68.6
GPLIN_000744000	contig_11376	100.00	87	0	0	36	122	1	261	2e-54	 179
GPLIN_000758200	contig_51627	60.19	211	8	2	80	214	574	1206	5e-68	 228
GPLIN_000758200	contig_51627	58.75	80	14	2	17	79	94	327	5e-16	82.0
GPLIN_000758500	contig_235225	92.73	55	4	0	173	227	337	501	2e-25	 105
GPLIN_000758500	contig_235225	80.95	21	4	0	149	169	53	115	0.014	38.9
GPLIN_000776900	contig_222339	87.85	107	13	0	697	803	187	507	3e-53	 193
GPLIN_000776900	contig_222339	48.15	54	18	2	770	818	546	692	4e-04	45.8
GPLIN_000807000	contig_9622	62.82	78	20	3	7	79	924	703	3e-22	80.9
GPLIN_000807000	contig_9622	61.11	36	13	1	85	120	632	528	3e-22	42.7
GPLIN_000818900	contig_145220	84.21	76	9	1	171	243	372	145	6e-35	 127
GPLIN_000819000	contig_19591	100.00	39	0	0	64	102	971	1087	2e-29	81.6
GPLIN_000819000	contig_19591	96.97	33	1	0	14	46	792	890	2e-29	67.0
GPLIN_000821100	contig_174152	40.00	30	18	0	7	36	135	224	2.3	26.9
GPLIN_000167000	contig_44204	93.10	87	6	0	48	134	66	326	6e-48	 167
GPLIN_000834600	contig_45344	77.36	53	12	0	28	80	730	572	2e-21	89.7
GPLIN_000172000	contig_121651	89.66	29	3	0	14	42	89	3	5e-12	57.8
GPLIN_000172000	contig_121651	100.00	15	0	0	1	15	225	181	5e-12	30.8
GPLIN_000847100	contig_4707	52.81	89	5	2	86	137	566	832	2e-25	80.9
GPLIN_000847100	contig_4707	85.71	21	3	0	48	68	218	280	2e-25	37.7
GPLIN_000847100	contig_4707	100.00	17	0	0	69	85	394	444	2e-25	36.6
GPLIN_000847100	contig_4707	48.42	95	18	1	131	194	1017	1301	1e-15	78.6
GPLIN_000847100	contig_4707	61.11	18	7	0	86	103	931	984	1e-15	23.5
GPLIN_000847100	contig_4707	40.26	77	12	1	131	173	566	796	9e-04	42.7
GPLIN_000847100	contig_4707	90.48	21	2	0	128	148	922	984	0.004	40.8
GPLIN_000847100	contig_4707	93.75	16	1	0	36	51	21	68	0.20	35.4
GPLIN_000886500	contig_145240	100.00	61	0	0	32	92	184	2	5e-23	95.9
GPLIN_000886600	contig_29077	100.00	85	0	0	1	85	1721	1975	6e-35	 135
GPLIN_000886600	contig_29077	88.10	42	5	0	80	121	2212	2337	3e-13	71.2
GPLIN_000886700	contig_103995	93.97	116	7	0	38	153	2	349	3e-67	 220
GPLIN_000886700	contig_103995	84.85	66	10	0	137	202	376	573	8e-31	 123
GPLIN_000185800	contig_127765	98.36	61	1	0	150	210	26	208	3e-35	 124
GPLIN_000897000	contig_164220	89.80	98	9	1	1	98	187	477	1e-54	 181
GPLIN_000897600	contig_158751	71.43	70	15	1	49	118	496	302	2e-25	99.8
GPLIN_000187400	contig_116451	80.36	112	12	1	76	187	523	218	2e-52	 172
GPLIN_000187400	contig_116451	75.61	41	10	0	151	191	124	2	7e-13	66.6
GPLIN_000187600	contig_23039	100.00	78	0	0	272	349	1099	866	7e-48	 170
GPLIN_000195900	contig_70986	65.38	52	17	1	1	52	196	44	7e-15	68.6
GPLIN_000919700	contig_30927	91.11	45	4	0	40	84	184	318	3e-22	89.0
GPLIN_000925000	contig_604	55.77	104	22	3	1	82	433	738	2e-22	94.0
GPLIN_000927400	contig_111117	68.66	67	1	1	1	47	227	427	2e-20	84.3
GPLIN_000943000	contig_1035	99.06	106	1	0	56	161	3475	3792	4e-63	 214
GPLIN_000943000	contig_1035	100.00	19	0	0	37	55	3221	3277	0.001	40.8
GPLIN_000943100	contig_109407	76.36	55	12	1	12	65	204	368	7e-18	80.1
GPLIN_000943100	contig_109407	100.00	29	0	0	59	87	753	839	5e-11	60.8
GPLIN_000943100	contig_109407	95.24	21	1	0	1	21	122	184	7e-05	43.1
GPLIN_000948600	contig_117357	100.00	28	0	0	20	47	216	299	1e-16	57.0
GPLIN_000948600	contig_117357	95.00	20	1	0	1	20	70	129	1e-16	47.4
GPLIN_000957300	contig_100294	62.43	173	32	2	1	140	1186	668	9e-49	 152
GPLIN_000957300	contig_100294	100.00	21	0	0	154	174	464	402	9e-49	49.7
GPLIN_000957300	contig_100294	100.00	14	0	0	140	153	555	514	9e-49	31.6
GPLIN_000208700	contig_77543	62.96	54	20	0	103	156	5	166	1e-15	75.1
GPLIN_000208800	contig_140681	86.36	66	6	1	68	133	205	17	8e-21	84.0
GPLIN_000209100	contig_139960	89.80	49	4	1	51	99	172	315	1e-21	89.0
GPLIN_000966000	contig_64331	100.00	64	0	0	37	100	195	4	1e-38	 136
GPLIN_000027900	contig_57459	96.47	85	3	0	126	210	1	255	8e-43	 146
GPLIN_000028200	contig_2688	68.09	141	44	1	52	191	706	284	8e-49	 172
GPLIN_000028200	contig_2688	100.00	51	0	0	1	51	1184	1032	4e-26	 108
GPLIN_000028200	contig_2688	93.10	29	2	0	136	164	163	77	4e-09	59.3
GPLIN_000028200	contig_2688	68.97	29	9	0	226	254	550	464	0.001	42.4
GPLIN_001004000	contig_12772	100.00	132	0	0	1	132	664	269	2e-44	 157
GPLIN_001008400	contig_42523	80.95	63	12	0	3	65	256	68	7e-20	81.6
GPLIN_000228700	contig_122007	100.00	55	0	0	1	55	54	218	8e-25	95.1
GPLIN_001550200	contig_14015	95.83	48	2	0	1	48	182	325	1e-25	95.5
GPLIN_001016900	contig_83850	83.50	103	1	1	50	136	749	1057	2e-47	 171
GPLIN_001016900	contig_83850	47.30	74	0	1	176	210	1787	2008	3e-10	61.6
GPLIN_001016900	contig_83850	100.00	28	0	0	1	28	136	219	3e-10	61.2
GPLIN_001016900	contig_83850	100.00	22	0	0	29	50	408	473	2e-05	47.4
GPLIN_001016900	contig_83850	41.27	63	1	1	136	162	1096	1284	0.18	35.0
GPLIN_001016900	contig_83850	78.95	19	4	0	159	177	1415	1471	0.20	35.0
GPLIN_001030400	contig_37355	86.70	752	7	3	72	730	1130	3385	0.0	1230
GPLIN_001030400	contig_37355	97.30	74	2	0	1	74	820	1041	2e-37	 156
GPLIN_001030400	contig_37355	97.83	92	2	0	725	816	3578	3853	1e-36	 153
GPLIN_001030400	contig_37355	79.17	72	13	1	805	874	3885	4100	8e-26	 118
GPLIN_001030400	contig_37355	88.89	18	2	0	874	891	4405	4458	0.48	37.4
GPLIN_001030700	contig_60508	93.55	62	4	0	29	90	47	232	1e-35	 122
GPLIN_001031700	contig_39235	46.45	155	33	2	28	132	2	466	2e-30	 112
GPLIN_000241600	contig_38537	55.93	59	26	0	8	66	4004	3828	4e-14	69.7
GPLIN_000241600	contig_38537	78.26	23	5	0	49	71	3335	3267	5e-04	39.7
GPLIN_001040900	contig_152287	100.00	43	0	0	125	167	777	905	1e-33	90.5
GPLIN_001040900	contig_152287	66.67	57	3	1	164	204	988	1158	1e-33	72.0
GPLIN_001040900	contig_152287	98.25	57	1	0	40	96	467	637	4e-30	 119
GPLIN_001066900	contig_75731	93.75	48	3	0	84	131	229	86	3e-20	90.1
GPLIN_000258900	contig_154470	100.00	79	0	0	28	106	3	239	4e-47	 159
GPLIN_001080000	contig_26553	49.09	110	26	2	25	108	2	319	2e-23	94.7
GPLIN_001099200	contig_28653	97.33	75	2	0	952	1026	1072	1296	5e-92	 161
GPLIN_001099200	contig_28653	97.30	74	2	0	847	920	641	862	5e-92	 151
GPLIN_001099200	contig_28653	96.97	33	1	0	919	951	906	1004	5e-92	68.9
GPLIN_001099200	contig_28653	49.09	110	19	4	775	847	45	374	5e-15	81.6
GPLIN_001099200	contig_28653	94.59	37	2	0	786	822	3	113	6e-12	71.6
GPLIN_000271900	contig_7450	100.00	59	0	0	79	137	178	2	2e-30	 121
GPLIN_000280900	contig_16451	68.03	122	6	2	168	256	1175	810	7e-43	 162
GPLIN_000280900	contig_16451	92.06	63	5	0	107	169	1608	1420	6e-29	 121
GPLIN_000280900	contig_16451	95.74	47	2	0	35	81	1608	1468	1e-20	97.1
GPLIN_000281300	contig_177737	67.45	212	29	4	24	198	42	668	1e-81	 253
GPLIN_001127400	contig_49156	100.00	40	0	0	72	111	1712	1593	7e-18	83.6
GPLIN_001127400	contig_49156	100.00	26	0	0	125	150	1386	1309	4e-10	60.5
GPLIN_001127400	contig_49156	100.00	13	0	0	157	169	686	648	0.21	33.9
GPLIN_000283500	contig_73423	96.97	66	2	0	329	394	376	573	7e-41	 139
GPLIN_000283500	contig_73423	79.31	29	6	0	302	330	224	310	7e-41	49.3
GPLIN_000283500	contig_73423	91.38	58	1	1	414	467	1152	1325	1e-32	 106
GPLIN_000283500	contig_73423	92.31	26	2	0	392	417	1045	1122	1e-32	55.1
GPLIN_001138300	contig_36652	64.62	130	0	1	236	319	392	3	6e-44	 160
GPLIN_001138300	contig_36652	97.37	76	2	0	119	194	1186	959	1e-41	 154
GPLIN_001138300	contig_36652	100.00	32	0	0	205	236	652	557	2e-12	70.1
GPLIN_001138500	contig_52785	100.00	86	0	0	172	257	298	41	9e-56	 181
GPLIN_001138700	contig_52785	100.00	86	0	0	171	256	298	41	9e-56	 181
GPLIN_001146800	contig_106584	78.81	151	17	1	51	186	453	1	7e-70	 240
GPLIN_001146800	contig_106584	95.83	48	2	0	5	52	817	674	1e-21	 100
GPLIN_001153200	contig_83266	59.80	199	69	5	81	275	785	210	2e-49	 135
GPLIN_001153200	contig_83266	75.93	54	9	1	276	325	163	2	2e-49	82.0
GPLIN_001153200	contig_83266	49.15	59	26	2	418	476	166	2	3e-05	48.9
GPLIN_001153200	contig_83266	45.76	59	28	2	623	681	166	2	6e-04	45.1
GPLIN_001153300	contig_83266	56.86	204	60	6	73	259	788	210	2e-41	 146
GPLIN_001153300	contig_83266	44.83	58	28	2	260	317	163	2	2e-41	43.5
GPLIN_001183800	contig_139960	97.73	44	1	0	46	89	184	315	1e-22	91.3
GPLIN_001184500	contig_124041	100.00	36	0	0	139	174	289	396	2e-14	74.3
GPLIN_001185000	contig_52406	78.87	71	11	1	16	82	8	220	9e-29	 108
GPLIN_001592300	contig_74402	97.62	42	1	0	196	237	191	316	5e-24	97.8
GPLIN_001592300	contig_74402	100.00	13	0	0	153	165	13	51	4.4	30.0
GPLIN_001196900	contig_22434	96.67	30	0	1	20	48	16	105	4e-10	58.5
GPLIN_000318900	contig_148503	95.08	61	3	0	53	113	900	1082	4e-34	 127
GPLIN_000319000	contig_34832	81.48	135	1	1	85	195	660	256	4e-37	 142
GPLIN_000319000	contig_34832	100.00	13	0	0	74	86	752	714	4e-37	33.5
GPLIN_000319000	contig_34832	38.24	136	10	4	85	195	354	94	1e-09	62.8
GPLIN_000319500	contig_40808	100.00	17	0	0	32	48	443	493	0.002	38.1
GPLIN_001223000	contig_9255	73.77	183	7	2	2	143	2986	3534	6e-47	 169
GPLIN_001223000	contig_9255	100.00	13	0	0	144	156	3662	3700	1.8	31.6
GPLIN_001223000	contig_9255	100.00	12	0	0	165	176	4656	4691	2.2	31.2
GPLIN_001232800	contig_106584	82.78	151	11	1	52	187	453	1	6e-76	 251
GPLIN_001232800	contig_106584	93.88	49	2	1	5	53	817	674	2e-20	95.1
GPLIN_000333000	contig_42021	33.33	48	32	0	34	81	477	620	1.1	29.3
GPLIN_000333100	contig_138791	100.00	71	0	0	81	151	215	3	5e-22	90.1
GPLIN_000333100	contig_138791	73.81	42	8	2	45	84	125	3	5e-09	54.3
GPLIN_000342300	contig_91612	100.00	54	0	0	172	225	309	470	6e-31	 120
GPLIN_000342300	contig_91612	84.62	26	4	0	223	248	740	817	7e-06	48.9
GPLIN_001244900	contig_134061	79.17	72	15	0	140	211	2	217	1e-35	 125
GPLIN_000357600	contig_2886	100.00	62	0	0	1	62	759	574	2e-46	 129
GPLIN_000357600	contig_2886	100.00	32	0	0	63	94	520	425	2e-46	76.3
GPLIN_000361100	contig_138791	73.68	38	7	2	61	96	113	3	1e-06	49.3
GPLIN_000361100	contig_138791	73.68	38	7	2	308	343	113	3	1e-06	49.3
GPLIN_001262300	contig_84902	100.00	81	0	0	23	103	1119	877	1e-68	 171
GPLIN_001262300	contig_84902	82.64	121	1	1	104	204	820	458	1e-68	 109
GPLIN_001262300	contig_84902	95.92	49	2	0	347	395	148	2	6e-21	 100
GPLIN_001262300	contig_84902	62.22	45	14	1	330	374	255	130	2e-04	47.0
GPLIN_001263700	contig_604	88.00	150	0	1	1	132	433	882	1e-77	 255
GPLIN_001268500	contig_89695	98.20	111	1	1	196	305	1	333	8e-51	 169
GPLIN_000376600	contig_9131	78.05	82	4	1	378	445	50	295	5e-34	 127
GPLIN_001292400	contig_182481	98.25	114	1	1	333	445	343	2	9e-55	 184
GPLIN_000061100	contig_72330	100.00	113	0	0	196	308	343	5	1e-61	 202
GPLIN_000063100	contig_51627	60.68	234	9	3	54	211	526	1206	3e-75	 248
GPLIN_000063100	contig_51627	78.49	93	3	1	1	76	49	327	2e-28	 119
GPLIN_000063700	contig_70757	98.15	54	1	0	238	291	60	221	4e-30	 115
GPLIN_000063700	contig_70757	60.34	58	20	2	484	539	60	230	3e-15	74.7
GPLIN_001304400	contig_41644	90.48	63	5	1	13	74	408	220	8e-32	 116
GPLIN_001318000	contig_26093	46.22	225	45	7	27	175	2297	2971	4e-42	 152
GPLIN_001318000	contig_26093	100.00	14	0	0	1	14	2104	2145	4e-42	32.0
GPLIN_001318000	contig_26093	90.91	11	1	0	16	26	2208	2240	4e-42	26.9
GPLIN_001318000	contig_26093	100.00	61	0	0	91	151	2659	2841	4e-31	 123
GPLIN_001319300	contig_3129	50.00	154	30	1	77	183	958	497	3e-36	 138
GPLIN_001319300	contig_3129	94.12	17	1	0	200	216	53	3	0.043	37.4
GPLIN_001319300	contig_3129	51.11	45	1	1	1	24	1524	1390	0.22	35.0
GPLIN_000075700	contig_33591	65.04	123	0	2	58	137	2026	2394	4e-37	 140
GPLIN_000075700	contig_33591	100.00	39	0	0	1	39	1667	1783	4e-17	82.4
GPLIN_000075700	contig_33591	100.00	32	0	0	164	195	2607	2702	2e-12	68.6
GPLIN_001337800	contig_109672	83.53	85	7	2	4	84	781	536	1e-39	 137
GPLIN_001339200	contig_32115	74.26	101	7	1	30	111	10	312	3e-33	 120
GPLIN_001339200	contig_32115	81.08	37	7	0	145	181	208	318	1e-12	64.3
GPLIN_001339200	contig_32115	57.14	28	12	0	189	216	214	297	0.004	38.1
GPLIN_000442900	contig_109944	100.00	43	0	0	43	85	1136	1264	4e-39	92.0
GPLIN_000442900	contig_109944	100.00	42	0	0	1	42	957	1082	4e-39	90.5
GPLIN_000442900	contig_109944	100.00	25	0	0	108	132	1582	1656	1e-13	50.1
GPLIN_000442900	contig_109944	95.83	24	1	0	84	107	1466	1537	1e-13	47.0
GPLIN_000072400	contig_194066	76.92	26	6	0	52	77	67	144	1e-07	47.8
GPLIN_001358800	contig_82063	81.82	66	11	1	61	125	319	122	2e-30	 110
GPLIN_001358800	contig_82063	94.44	18	1	0	125	142	56	3	2e-30	40.0
GPLIN_000481100	contig_58526	75.00	100	8	1	1	83	35	334	1e-42	 143
GPLIN_001384700	contig_27268	100.00	85	0	0	383	467	357	103	7e-56	 187
GPLIN_001384700	contig_27268	100.00	13	0	0	468	480	40	2	1.9	32.0
GPLIN_001390500	contig_82063	85.19	54	8	0	1	54	283	122	9e-28	99.0
GPLIN_001390500	contig_82063	90.00	20	2	0	52	71	62	3	9e-28	42.4
GPLIN_000555600	contig_8023	70.37	54	16	0	414	467	1340	1179	9e-43	80.9
GPLIN_000555600	contig_8023	59.09	88	27	2	497	575	906	643	9e-43	77.0
GPLIN_000555600	contig_8023	55.81	43	19	0	462	504	1114	986	9e-43	57.4
GPLIN_000555600	contig_8023	78.05	41	9	0	334	374	1881	1759	6e-21	70.1
GPLIN_000555600	contig_8023	70.59	34	10	0	366	399	1786	1685	6e-21	51.2
GPLIN_000555600	contig_8023	55.56	63	23	1	144	206	2259	2086	4e-10	65.5
GPLIN_000555600	contig_8023	37.01	127	50	5	194	297	5373	5732	1e-08	60.8
GPLIN_000555600	contig_8023	29.69	128	73	4	200	310	5390	5773	5.0	32.7
GPLIN_001416500	contig_92212	95.39	152	7	0	28	179	1447	992	7e-88	 291
GPLIN_001416500	contig_92212	80.77	52	7	1	180	231	806	660	6e-04	45.4
GPLIN_000594000	contig_38417	100.00	72	0	0	268	339	1025	1240	2e-40	 154
GPLIN_000594000	contig_38417	92.00	50	4	0	178	227	304	453	2e-20	95.9
GPLIN_000594000	contig_38417	87.88	33	4	0	222	254	742	840	2e-09	61.6
GPLIN_000604400	contig_43468	82.80	93	1	1	197	274	3	281	2e-49	 150
GPLIN_000604400	contig_43468	100.00	33	0	0	274	306	334	432	2e-49	66.2
GPLIN_001431400	contig_10726	47.76	201	34	3	119	248	1043	441	5e-47	 164
GPLIN_000621200	contig_34812	81.89	127	0	1	397	500	383	3	2e-63	 170
GPLIN_000621200	contig_34812	100.00	42	0	0	355	396	573	448	2e-63	94.0
GPLIN_001443600	contig_70232	96.77	31	1	0	30	60	96	4	3e-14	68.2
GPLIN_001443600	contig_70232	85.71	28	4	0	1	28	322	239	2e-07	49.7
GPLIN_000637900	contig_32115	93.62	47	3	0	4	50	172	312	5e-22	88.6
GPLIN_000637900	contig_32115	55.88	34	15	0	94	127	214	315	6e-06	44.3
GPLIN_000638800	contig_153781	100.00	46	0	0	91	136	1	138	3e-24	95.1
GPLIN_000642100	contig_163550	96.59	88	3	0	1	88	266	3	1e-46	 150
GPLIN_000119200	contig_61202	100.00	20	0	0	1	20	1	60	3e-07	43.9
GPLIN_000119200	contig_61202	92.86	14	1	0	20	33	114	155	3e-07	28.5
GPLIN_000120300	contig_32115	88.24	34	4	0	34	67	217	318	5e-13	63.9
GPLIN_000120300	contig_32115	55.88	34	15	0	75	108	214	315	3e-06	44.7
GPLIN_001456900	contig_53226	100.00	70	0	0	27	96	7	216	3e-43	 150
GPLIN_001456900	contig_53226	100.00	66	0	0	130	195	476	673	3e-40	 142
GPLIN_000666500	contig_22150	73.97	146	8	1	334	449	7217	7654	2e-91	 202
GPLIN_000666500	contig_22150	91.49	47	4	0	244	290	6784	6924	2e-91	89.7
GPLIN_000666500	contig_22150	93.62	47	3	0	287	333	7020	7160	2e-91	85.9
GPLIN_000666500	contig_22150	85.71	133	1	1	135	249	6139	6537	2e-64	 231
GPLIN_000666500	contig_22150	97.92	48	1	0	9	56	5473	5616	9e-20	95.5
GPLIN_000666500	contig_22150	95.00	20	1	0	441	460	7797	7856	0.001	44.3
GPLIN_000667500	contig_15119	98.57	70	1	0	74	143	2	211	8e-36	 136
GPLIN_000668700	contig_153781	100.00	46	0	0	111	156	1	138	3e-24	95.9
GPLIN_000126500	contig_82063	74.60	63	16	0	14	76	310	122	4e-28	 103
GPLIN_000126500	contig_82063	72.22	18	5	0	76	93	56	3	0.064	32.7
GPLIN_000683800	contig_112844	87.23	47	4	1	34	78	58	198	3e-20	83.2
GPLIN_000684200	contig_112844	95.65	46	2	0	103	148	61	198	3e-23	92.8
GPLIN_000697600	contig_50304	92.86	42	3	0	26	67	328	203	7e-26	80.5
GPLIN_000697600	contig_50304	92.59	27	2	0	1	27	528	448	7e-26	55.5
GPLIN_001471200	contig_62903	98.08	52	1	0	27	78	158	3	5e-28	 105
GPLIN_001475500	contig_125170	97.14	70	2	0	1	70	129	338	1e-29	 110
GPLIN_000738800	contig_95164	56.20	121	19	3	64	150	64	426	4e-31	 117
GPLIN_000760900	contig_94823	60.95	105	1	1	204	268	316	2	2e-28	 113
GPLIN_000763000	contig_33727	88.89	90	10	0	216	305	1637	1368	7e-60	 164
GPLIN_000763000	contig_33727	82.09	67	12	0	158	224	1879	1679	7e-60	86.7
GPLIN_000763000	contig_33727	94.34	53	3	0	333	385	586	428	2e-43	 107
GPLIN_000763000	contig_33727	43.22	118	25	2	220	336	935	705	2e-43	89.4
GPLIN_000763000	contig_33727	35.35	99	61	3	90	187	1631	1341	3e-10	64.3
GPLIN_000763000	contig_33727	36.36	77	46	1	92	165	935	705	2e-06	52.0
GPLIN_000763000	contig_33727	100.00	14	0	0	386	399	140	99	8.4	31.2
GPLIN_000768400	contig_31964	100.00	59	0	0	172	230	4787	4963	6e-30	 122
GPLIN_000768400	contig_31964	82.54	63	11	0	125	187	4525	4713	6e-24	 104
GPLIN_000780600	contig_132557	62.71	59	3	1	182	221	2	178	6e-13	64.7
GPLIN_000785400	contig_99824	100.00	25	0	0	292	316	254	328	3e-16	48.5
GPLIN_000785400	contig_99824	80.77	26	5	0	271	296	115	192	3e-16	45.4
GPLIN_000785400	contig_99824	85.71	14	2	0	260	273	33	74	3e-16	30.0
GPLIN_000792900	contig_72316	44.04	109	42	3	31	120	404	78	7e-17	76.6
GPLIN_000796500	contig_141380	100.00	59	0	0	1	59	531	355	2e-33	 120
GPLIN_000803500	contig_82063	85.07	67	9	1	61	126	319	119	1e-33	 119
GPLIN_000803500	contig_82063	88.89	18	2	0	125	142	56	3	7e-04	39.3
GPLIN_000812600	contig_37329	58.73	63	24	2	1	63	497	315	3e-10	58.5
GPLIN_000167300	contig_61861	54.17	120	34	2	1	102	355	5	6e-29	 112
GPLIN_000167700	contig_6786	99.02	102	1	0	1	102	3	308	2e-61	 188
GPLIN_000850500	contig_2174	89.74	39	4	0	78	116	936	820	0.002	38.5
GPLIN_000854400	contig_124069	100.00	74	0	0	49	122	6	227	3e-44	 145
GPLIN_000860700	contig_58526	78.00	100	5	1	1	83	35	334	7e-46	 148
GPLIN_000869800	contig_33952	69.12	68	1	1	1	48	486	689	4e-20	86.3
GPLIN_000870000	contig_159986	98.25	57	1	0	12	68	1	171	5e-30	 109
GPLIN_000178900	contig_158864	100.00	33	0	0	45	77	969	1067	6e-34	72.4
GPLIN_000178900	contig_158864	96.30	27	1	0	77	103	1132	1212	6e-34	58.2
GPLIN_000178900	contig_158864	100.00	24	0	0	22	45	830	901	6e-34	52.4
GPLIN_000872800	contig_32954	100.00	63	0	0	24	86	623	435	3e-36	 137
GPLIN_000872800	contig_32954	95.83	24	1	0	91	114	249	178	9e-07	51.2
GPLIN_000901700	contig_54948	95.00	20	1	0	39	58	751	692	6e-05	42.7
GPLIN_000901700	contig_54948	100.00	17	0	0	15	31	1633	1583	0.009	36.2
GPLIN_000901900	contig_104992	77.27	22	5	0	13	34	548	483	0.013	34.3
GPLIN_000187800	contig_152732	61.29	93	32	3	6	95	179	454	5e-27	 102
GPLIN_000188200	contig_1302	86.50	163	20	1	520	682	1594	2076	2e-109	 265
GPLIN_000188200	contig_1302	97.44	78	2	0	447	524	1323	1556	2e-109	 152
GPLIN_000188200	contig_1302	100.00	15	0	0	656	670	2063	2107	0.29	37.0
GPLIN_001526900	contig_22761	54.31	116	35	2	142	242	3015	3353	2e-63	 122
GPLIN_001526900	contig_22761	73.24	71	19	0	66	136	2741	2953	2e-63	 115
GPLIN_001526900	contig_22761	67.65	34	11	0	33	66	2589	2690	2e-63	45.8
GPLIN_000931100	contig_28741	97.14	70	2	0	4	73	22	231	7e-31	 108
GPLIN_000933000	contig_22761	87.29	118	0	1	107	209	3000	3353	5e-88	 177
GPLIN_000933000	contig_22761	100.00	72	0	0	36	107	2741	2956	5e-88	 153
GPLIN_000933000	contig_22761	100.00	36	0	0	1	36	2583	2690	5e-88	35.0
GPLIN_000933000	contig_22761	100.00	19	0	0	209	227	3615	3671	0.013	39.3
GPLIN_000201400	contig_55593	44.91	216	60	3	118	274	722	1369	1e-41	 152
GPLIN_000201400	contig_55593	56.76	111	24	2	29	116	60	389	6e-31	 122
GPLIN_000201400	contig_55593	77.27	22	5	0	238	259	1260	1325	0.18	35.4
GPLIN_000950800	contig_50304	44.35	115	43	2	4	97	406	62	5e-20	85.1
GPLIN_000950800	contig_50304	64.00	25	9	0	1	25	528	454	0.006	37.0
GPLIN_000950900	contig_9404	76.60	47	11	0	20	66	199	339	3e-21	72.0
GPLIN_000950900	contig_9404	88.00	25	3	0	1	25	17	91	3e-21	47.8
GPLIN_000962200	contig_166816	75.68	74	2	1	229	286	779	558	1e-37	 109
GPLIN_000962200	contig_166816	81.08	37	7	0	278	314	531	421	1e-37	63.2
GPLIN_000962200	contig_166816	100.00	8	0	0	314	321	370	347	1e-37	23.9
GPLIN_000962200	contig_166816	72.73	55	15	0	166	220	1139	1303	2e-18	87.4
GPLIN_000962200	contig_166816	40.00	35	21	0	287	321	1151	1255	0.15	36.2
GPLIN_000207700	contig_65601	85.29	68	7	2	1	68	51	245	2e-32	 112
GPLIN_000969800	contig_31184	86.75	83	11	0	1	83	67	315	1e-43	 147
GPLIN_000969800	contig_31184	91.67	24	2	0	70	93	469	540	6e-08	51.6
GPLIN_000969900	contig_153783	86.67	60	8	0	27	86	234	55	1e-30	 110
GPLIN_000969900	contig_153783	86.67	15	2	0	13	27	403	359	0.30	31.2
GPLIN_000969900	contig_153783	54.55	22	10	0	78	99	82	17	0.97	29.6
GPLIN_000970000	contig_31184	85.14	74	11	0	29	102	70	291	1e-36	 131
GPLIN_000970000	contig_31184	75.00	24	6	0	97	120	469	540	1e-04	43.9
GPLIN_000970100	contig_31184	91.25	80	7	0	28	107	67	306	7e-46	 151
GPLIN_001541500	contig_77503	100.00	57	0	0	29	85	495	665	1e-32	 122
GPLIN_001541500	contig_77503	100.00	14	0	0	1	14	335	376	0.77	30.0
GPLIN_001030900	contig_139089	96.30	54	2	0	109	162	364	525	1e-27	 107
GPLIN_001038900	contig_72282	100.00	57	0	0	112	168	3	173	6e-33	 118
GPLIN_001043600	contig_39162	100.00	28	0	0	84	111	483	400	2e-17	60.8
GPLIN_001043600	contig_39162	91.30	23	2	0	110	132	287	219	2e-17	45.4
GPLIN_000243700	contig_82063	84.85	66	9	1	103	167	319	122	2e-31	 115
GPLIN_000243700	contig_82063	88.89	18	2	0	167	184	56	3	2e-31	40.0
GPLIN_000243800	contig_82063	77.27	66	15	0	121	186	319	122	3e-29	 110
GPLIN_000243800	contig_82063	83.33	18	3	0	186	203	56	3	0.021	36.2
GPLIN_001559100	contig_139334	98.39	62	1	0	1	62	489	674	2e-48	 128
GPLIN_001559100	contig_139334	95.00	40	2	0	61	100	718	837	2e-48	82.0
GPLIN_000248100	contig_61807	94.66	131	6	1	77	207	1423	1812	5e-38	 142
GPLIN_001090500	contig_9404	88.64	44	5	0	26	69	208	339	6e-22	75.5
GPLIN_001090500	contig_9404	88.00	25	3	0	1	25	17	91	6e-22	47.0
GPLIN_001090500	contig_9404	97.22	36	1	0	100	135	250	357	6e-15	70.9
GPLIN_001090600	contig_40188	96.00	50	2	0	94	143	99	248	5e-27	 101
GPLIN_001098200	contig_49729	96.67	60	2	0	41	100	316	137	4e-22	89.0
GPLIN_001110200	contig_12413	84.62	104	1	1	1	89	41	352	1e-44	 157
GPLIN_000293500	contig_132812	96.88	32	1	0	29	60	122	217	6e-14	66.6
GPLIN_001582700	contig_70232	100.00	32	0	0	28	59	96	1	3e-15	70.1
GPLIN_001582700	contig_70232	75.86	29	5	1	1	27	322	236	5e-05	42.0
GPLIN_001162100	contig_58526	78.00	100	5	1	1	83	35	334	2e-45	 149
GPLIN_000297600	contig_46805	100.00	71	0	0	240	310	321	533	5e-56	 144
GPLIN_000297600	contig_46805	62.67	75	22	1	150	224	8	214	5e-56	94.4
GPLIN_000308900	contig_70232	100.00	32	0	0	30	61	96	1	2e-15	70.5
GPLIN_000308900	contig_70232	96.43	28	1	0	1	28	322	239	8e-10	55.5
GPLIN_000309000	contig_70232	100.00	32	0	0	30	61	96	1	2e-15	70.9
GPLIN_000309000	contig_70232	96.43	28	1	0	1	28	322	239	9e-10	55.5
GPLIN_001199500	contig_34460	84.75	59	9	0	24	82	933	757	5e-41	 112
GPLIN_001199500	contig_34460	89.74	39	4	0	78	116	671	555	5e-41	74.7
GPLIN_001199500	contig_34460	100.00	9	0	0	118	126	489	463	5e-41	21.9
GPLIN_001199500	contig_34460	87.50	40	5	0	153	192	671	552	2e-21	75.5
GPLIN_001199500	contig_34460	100.00	17	0	0	141	157	807	757	2e-21	42.7
GPLIN_001199500	contig_34460	90.91	11	1	0	191	201	495	463	2e-21	24.6
GPLIN_001199500	contig_34460	100.00	21	0	0	316	336	126	64	3e-05	48.5
GPLIN_001203000	contig_100884	81.48	54	6	1	24	77	453	602	2e-23	92.0
GPLIN_001205000	contig_138883	73.24	71	0	1	175	226	213	1	3e-25	 101
GPLIN_001205000	contig_138883	45.45	55	27	1	44	98	207	52	1e-08	55.5
GPLIN_000314000	contig_2174	100.00	39	0	0	129	167	936	820	4e-06	47.4
GPLIN_001596100	contig_141380	73.24	71	17	1	1	69	570	358	9e-27	 102
GPLIN_001221800	contig_153783	46.05	76	39	1	21	94	231	4	3e-10	57.8
GPLIN_001221900	contig_124475	88.89	27	3	0	123	149	226	146	1e-08	52.0
GPLIN_000325200	contig_103503	88.24	34	4	0	3	36	116	15	5e-13	62.8
GPLIN_001606400	contig_153783	81.82	77	12	1	28	104	231	7	3e-36	 128
GPLIN_001606400	contig_153783	93.33	15	1	0	13	27	403	359	0.21	33.5
GPLIN_000349200	contig_22280	93.42	152	10	0	106	257	1809	1354	9e-89	 288
GPLIN_000349200	contig_22280	81.44	97	18	0	1	97	2487	2197	4e-43	 160
GPLIN_000349200	contig_22280	28.04	107	65	3	109	211	42	338	4e-04	44.3
GPLIN_000349200	contig_22280	100.00	18	0	0	80	97	2074	2021	0.001	42.7
GPLIN_001613000	contig_78942	69.86	73	4	2	97	153	2	214	2e-22	90.9
GPLIN_000359000	contig_253004	41.94	31	18	0	4	34	726	634	3.3	29.3
GPLIN_000370900	contig_92212	94.07	118	7	0	1	118	1345	992	3e-64	 226
GPLIN_000370900	contig_92212	80.77	52	7	1	119	170	806	660	5e-04	45.4
GPLIN_000376700	contig_31769	85.90	78	4	1	121	191	261	28	2e-38	 135
GPLIN_001295300	contig_78942	77.46	71	0	1	108	162	2	214	3e-27	 103
GPLIN_000388900	contig_62905	100.00	65	0	0	79	143	1251	1057	2e-34	 135
GPLIN_000388900	contig_62905	89.47	19	2	0	153	171	837	781	0.036	38.5
GPLIN_000057600	contig_64898	80.33	61	12	0	1	61	279	97	1e-27	 104
GPLIN_000060800	contig_114786	96.23	53	2	0	25	77	159	1	2e-28	 109
GPLIN_000407400	contig_53226	100.00	70	0	0	27	96	7	216	3e-43	 150
GPLIN_000407400	contig_53226	100.00	66	0	0	130	195	476	673	4e-40	 142
GPLIN_001317500	contig_125468	90.32	31	3	0	67	97	10	102	5e-21	60.5
GPLIN_001317500	contig_125468	100.00	27	0	0	97	123	213	293	5e-21	58.5
GPLIN_000015300	contig_78893	80.23	86	0	1	66	134	457	200	5e-38	 131
GPLIN_000574800	contig_61495	44.44	81	43	1	396	474	823	581	2e-56	84.0
GPLIN_000574800	contig_61495	27.48	262	133	9	77	283	2095	1316	2e-56	82.4
GPLIN_000574800	contig_61495	35.00	140	68	4	280	397	1281	865	2e-56	71.6
GPLIN_000574800	contig_61495	37.93	58	36	0	14	71	2321	2148	2e-56	43.9
GPLIN_000574800	contig_61495	30.86	81	53	2	53	131	823	584	5e-05	44.7
GPLIN_000574800	contig_61495	70.00	10	3	0	45	54	894	865	5e-05	22.3
GPLIN_000574800	contig_61495	40.54	37	19	1	380	413	2261	2151	3.0	33.1
GPLIN_000591100	contig_44616	51.40	107	12	3	3	69	3	323	5e-20	87.0
GPLIN_000591100	contig_44616	61.54	26	9	1	70	94	672	749	1.8	29.3
GPLIN_000638300	contig_137889	92.31	52	4	0	22	73	435	590	4e-26	 100
GPLIN_000169700	contig_190957	96.36	55	2	0	91	145	508	344	3e-28	 110
GPLIN_000169700	contig_190957	100.00	18	0	0	23	40	1205	1152	3e-05	44.7
GPLIN_000169700	contig_190957	77.78	18	2	1	41	58	813	766	7.6	28.9
GPLIN_000996800	contig_17837	99.74	381	1	0	21	401	264	1406	0.0	 576
GPLIN_001255700	contig_58526	79.00	100	4	1	1	83	35	334	5e-46	 152
GPLIN_000393900	contig_22339	99.05	105	1	0	515	619	3183	2869	4e-57	 212
GPLIN_000990400	contig_12793	86.62	157	20	1	294	449	2617	3087	4e-80	 276
GPLIN_000990400	contig_12793	100.00	78	0	0	41	118	1296	1529	3e-58	 165
GPLIN_000990400	contig_12793	100.00	40	0	0	1	40	1067	1186	3e-58	81.3
GPLIN_000990400	contig_12793	92.59	108	8	0	159	266	2032	2355	1e-52	 197
GPLIN_000990400	contig_12793	78.38	74	16	0	98	171	1684	1905	1e-23	 107
GPLIN_000990400	contig_12793	86.27	51	6	1	415	464	3111	3263	6e-21	89.7
GPLIN_000990400	contig_12793	92.86	14	1	0	461	474	3305	3346	6e-21	31.6
GPLIN_000990400	contig_12793	42.67	75	38	3	385	455	1299	1520	2e-09	62.4
GPLIN_000990400	contig_12793	50.00	58	28	1	23	79	2833	3006	2e-07	56.6
GPLIN_000668600	contig_32115	80.20	101	1	1	43	124	10	312	1e-46	 154
GPLIN_000668600	contig_32115	55.88	34	15	0	168	201	214	315	1e-05	45.1
GPLIN_000977100	contig_100659	82.54	63	11	0	1	63	12	200	2e-27	 111
GPLIN_000977100	contig_100659	90.32	31	3	0	60	90	325	417	3e-10	62.4
GPLIN_000926600	contig_100659	95.24	63	3	0	33	95	12	200	4e-35	 125
GPLIN_000926600	contig_100659	96.88	32	1	0	92	123	325	420	3e-13	66.6
GPLIN_000950600	contig_82063	77.27	66	15	0	84	149	319	122	2e-29	 109
GPLIN_000950600	contig_82063	83.33	18	3	0	149	166	56	3	0.016	36.2
GPLIN_000950100	contig_82063	80.30	66	13	0	103	168	319	122	2e-31	 114
GPLIN_000950100	contig_82063	77.78	18	4	0	168	185	56	3	0.059	34.7
GPLIN_000203300	contig_58526	76.00	100	7	1	1	83	35	334	9e-44	 146
GPLIN_000912100	contig_62099	86.21	87	9	1	16	102	258	7	6e-41	 152
GPLIN_000912100	contig_62099	100.00	26	0	0	1	26	443	366	1e-08	56.2
GPLIN_000740500	contig_137889	90.38	52	5	0	22	73	435	590	2e-25	99.4
GPLIN_001390400	contig_82063	86.36	66	9	0	103	168	319	122	1e-34	 122
GPLIN_001390400	contig_82063	100.00	18	0	0	168	185	56	3	1e-34	43.5
GPLIN_000662500	contig_100659	88.89	63	7	0	33	95	12	200	2e-33	 120
GPLIN_000662500	contig_100659	93.75	32	2	0	92	123	325	420	4e-13	66.2
GPLIN_000107400	contig_76517	95.12	41	2	0	94	134	361	239	1e-27	73.6
GPLIN_000107400	contig_76517	100.00	34	0	0	62	95	573	472	1e-27	68.2
GPLIN_000107400	contig_76517	73.47	49	13	0	30	78	991	845	2e-10	61.6
GPLIN_000467400	contig_62939	55.93	118	31	2	44	140	407	760	2e-56	 129
GPLIN_000467400	contig_62939	36.22	185	57	5	141	264	862	1416	2e-56	97.1
GPLIN_000467400	contig_62939	41.86	43	25	0	4	46	241	369	2e-56	34.3
GPLIN_000673000	contig_37620	72.13	61	17	0	41	101	2333	2515	1e-70	94.0
GPLIN_000673000	contig_37620	52.94	85	10	1	137	191	2740	2994	1e-70	85.9
GPLIN_000673000	contig_37620	80.00	35	7	0	103	137	2568	2672	1e-70	59.7
GPLIN_000673000	contig_37620	64.71	34	11	1	190	223	3033	3131	1e-70	46.6
GPLIN_000673000	contig_37620	56.25	32	14	0	223	254	3185	3280	1e-70	43.5
GPLIN_000673000	contig_37620	67.86	28	9	0	12	39	2145	2228	1e-70	40.4
GPLIN_000142600	contig_65788	97.14	105	3	0	148	252	3468	3154	2e-75	 203
GPLIN_000142600	contig_65788	100.00	48	0	0	105	152	3649	3506	2e-75	99.0
GPLIN_000142600	contig_65788	100.00	101	0	0	1	101	4124	3822	6e-61	 212
GPLIN_000294400	contig_37620	76.67	60	14	0	35	94	2315	2494	1e-25	93.2
GPLIN_000294400	contig_37620	73.08	26	7	0	12	37	2145	2222	1e-25	41.6
GPLIN_000294400	contig_37620	50.59	85	12	1	103	157	2740	2994	1e-17	83.2
GPLIN_000294500	contig_37620	76.12	67	16	0	35	101	2315	2515	3e-72	 106
GPLIN_000294500	contig_37620	51.76	85	11	1	137	191	2740	2994	3e-72	84.0
GPLIN_000294500	contig_37620	77.14	35	8	0	103	137	2568	2672	3e-72	57.0
GPLIN_000294500	contig_37620	68.57	35	10	1	190	224	3033	3134	3e-72	49.3
GPLIN_000294500	contig_37620	56.67	30	13	0	223	252	3185	3274	3e-72	40.4
GPLIN_000294500	contig_37620	69.23	26	8	0	12	37	2145	2222	3e-72	38.1
GPLIN_000322300	contig_62939	66.49	185	3	3	116	241	862	1416	7e-112	 218
GPLIN_000322300	contig_62939	83.19	119	1	1	16	115	404	760	7e-112	 194
GPLIN_000322300	contig_62939	100.00	15	0	0	1	15	241	285	7e-112	33.5
GPLIN_000412300	contig_8408	88.46	156	0	1	101	238	485	18	4e-68	 233
GPLIN_000412300	contig_8408	100.00	60	0	0	1	60	978	799	2e-23	 105
