GPLIN_000706300	contig_119045	94.74	57	3	0	1	57	80	250	1e-20	86.7
GPLIN_000707900	contig_58646	96.88	64	2	0	15	78	387	578	3e-38	 132
GPLIN_000707900	contig_58646	100.00	14	0	0	1	14	175	216	0.031	33.5
GPLIN_001031600	contig_5746	56.00	125	38	2	259	366	1090	716	4e-32	 127
GPLIN_001031600	contig_5746	79.41	34	7	0	299	332	920	819	1e-09	61.2
GPLIN_000092400	contig_32640	90.91	55	5	0	90	144	228	64	8e-28	 102
GPLIN_000536200	contig_173842	94.55	55	3	0	31	85	2	166	2e-29	 108
GPLIN_000590900	contig_82352	66.67	48	16	0	232	279	84	227	4e-15	75.5
GPLIN_000599100	contig_22440	76.85	108	7	1	157	246	377	54	6e-51	 167
GPLIN_000599200	contig_22440	79.63	108	4	1	180	269	377	54	4e-53	 174
GPLIN_001571600	contig_82352	66.67	48	16	0	168	215	84	227	2e-15	75.1
GPLIN_000293400	contig_158133	96.97	33	1	0	242	274	441	539	3e-15	73.9
GPLIN_000293400	contig_158133	91.89	37	3	0	194	230	2	112	4e-15	73.6
GPLIN_000293700	contig_22440	76.85	108	7	1	162	251	377	54	6e-51	 167
GPLIN_001621500	contig_22440	72.50	80	4	1	1	62	293	54	2e-32	 113
GPLIN_000674600	contig_13624	100.00	106	0	0	359	464	1589	1906	7e-110	 187
GPLIN_000674600	contig_13624	97.53	81	2	0	280	360	1284	1526	7e-110	 166
GPLIN_000674600	contig_13624	91.11	45	4	0	240	284	1058	1192	7e-110	85.5
GPLIN_000674600	contig_13624	95.06	81	4	0	38	118	170	412	2e-40	 154
GPLIN_000674600	contig_13624	100.00	25	0	0	1	25	10	84	2e-40	31.2
GPLIN_000674600	contig_13624	87.67	73	6	1	147	216	645	863	4e-32	 133
GPLIN_000142900	contig_35845	94.44	54	3	0	38	91	163	324	7e-29	 111
GPLIN_000143000	contig_236477	44.74	38	21	0	30	67	293	180	0.051	33.5
GPLIN_000536400	contig_44359	55.94	143	1	2	108	188	649	1077	6e-37	 139
GPLIN_000536400	contig_44359	100.00	14	0	0	95	108	546	587	6e-37	34.7
GPLIN_000536400	contig_44359	100.00	28	0	0	14	41	211	294	4e-10	59.3
GPLIN_000536400	contig_44359	100.00	10	0	0	4	13	182	211	4e-10	24.3
GPLIN_000552400	contig_30648	77.65	170	6	2	564	701	1974	2483	2e-70	 251
GPLIN_000552400	contig_30648	90.00	40	4	0	290	329	122	241	1e-25	71.2
GPLIN_000552400	contig_30648	100.00	30	0	0	325	354	274	363	1e-25	66.2
GPLIN_000552400	contig_30648	95.35	43	2	0	478	520	1204	1332	4e-17	87.8
GPLIN_000552400	contig_30648	100.00	37	0	0	524	560	1605	1715	3e-15	82.0
GPLIN_000552400	contig_30648	48.33	120	13	3	387	457	720	1079	6e-08	58.2
GPLIN_000552400	contig_30648	83.33	18	3	0	697	714	2551	2604	4.4	32.7
GPLIN_000616300	contig_28264	96.83	63	2	0	235	297	296	108	2e-81	 125
GPLIN_000616300	contig_28264	57.66	111	8	1	170	241	646	314	2e-81	 112
GPLIN_000616300	contig_28264	100.00	40	0	0	131	170	860	741	2e-81	87.0
GPLIN_000616300	contig_28264	95.00	20	1	0	296	315	75	16	2e-81	39.7
GPLIN_000694900	contig_28264	46.72	137	14	2	170	247	646	236	1e-40	 100
GPLIN_000694900	contig_28264	100.00	40	0	0	131	170	860	741	1e-40	87.0
GPLIN_000694900	contig_28264	95.35	43	2	0	230	272	236	108	1e-21	83.6
GPLIN_000694900	contig_28264	95.00	20	1	0	271	290	75	16	1e-21	39.7
GPLIN_000755100	contig_28313	96.00	75	3	0	1	75	12	236	1e-59	 124
GPLIN_000755100	contig_28313	100.00	59	0	0	72	130	295	471	1e-59	 124
GPLIN_000755200	contig_28313	96.00	75	3	0	1	75	12	236	1e-59	 124
GPLIN_000755200	contig_28313	100.00	59	0	0	72	130	295	471	1e-59	 124
GPLIN_000779000	contig_48783	83.28	287	22	2	447	733	852	70	5e-154	 464
GPLIN_000779000	contig_48783	95.65	46	2	0	339	384	1081	944	1e-20	97.1
GPLIN_000779200	contig_18054	89.55	67	7	0	237	303	203	3	3e-32	 123
GPLIN_000827200	contig_90450	89.39	66	7	0	91	156	237	40	1e-36	 130
GPLIN_001111200	contig_114181	94.87	78	4	0	241	318	8	241	6e-46	 155
GPLIN_001111300	contig_167	93.06	72	5	0	1	72	462	247	6e-34	 127
GPLIN_001185800	contig_22966	87.37	95	11	1	184	277	858	574	3e-77	 170
GPLIN_001185800	contig_22966	72.45	98	2	1	274	346	488	195	3e-77	 139
GPLIN_001185800	contig_22966	58.14	129	1	1	108	183	1384	998	6e-33	 135
GPLIN_000304900	contig_90450	90.91	66	6	0	454	519	237	40	4e-36	 133
GPLIN_000313600	contig_74345	95.16	62	3	0	118	179	113	298	3e-48	 125
GPLIN_000313600	contig_74345	90.91	33	3	0	172	204	372	470	3e-48	69.3
GPLIN_000313600	contig_74345	95.00	20	1	0	98	117	1	60	3e-48	37.4
GPLIN_001215600	contig_114181	72.15	79	21	1	126	204	8	241	3e-33	 119
GPLIN_000008300	contig_18764	49.74	191	45	6	254	397	561	1	2e-44	 159
GPLIN_000008300	contig_18764	58.62	29	12	0	223	251	748	662	0.66	33.9
GPLIN_000008400	contig_113799	80.00	120	1	1	296	392	16	375	6e-65	 209
GPLIN_000008900	contig_8036	60.87	115	36	4	240	346	459	118	2e-43	 132
GPLIN_000008900	contig_8036	66.67	33	10	1	204	236	647	552	2e-43	50.1
GPLIN_000008900	contig_8036	34.44	90	48	2	106	192	1000	755	2e-43	35.0
GPLIN_000008900	contig_8036	71.05	38	11	0	19	56	2308	2195	1e-08	59.3
GPLIN_000008900	contig_8036	73.81	42	10	1	84	125	1985	1863	1e-07	55.8
GPLIN_001327500	contig_99658	92.05	88	7	0	38	125	361	98	1e-50	 173
GPLIN_001327800	contig_60792	55.42	83	25	2	169	240	442	197	4e-44	81.3
GPLIN_001327800	contig_60792	36.46	96	27	1	72	133	969	682	4e-44	57.8
GPLIN_001327800	contig_60792	63.16	38	14	0	241	278	138	25	4e-44	51.6
GPLIN_001327800	contig_60792	80.00	25	5	0	139	163	596	522	4e-44	48.1
GPLIN_000426000	contig_18764	47.16	176	48	3	55	187	546	25	1e-38	 137
GPLIN_000426400	contig_153377	54.23	142	38	1	214	328	644	219	4e-43	 152
GPLIN_000426600	contig_153377	56.34	142	35	1	123	237	644	219	2e-46	 158
GPLIN_000426700	contig_160092	81.67	120	3	1	310	410	2	361	2e-63	 210
GPLIN_000426700	contig_160092	59.17	120	30	1	496	596	2	361	4e-38	 140
GPLIN_000427000	contig_160092	60.48	124	30	1	169	273	2	373	2e-40	 141
GPLIN_000427000	contig_160092	54.21	107	30	1	51	138	2	322	8e-28	 107
GPLIN_000427100	contig_18764	45.64	241	66	10	9	195	696	7	8e-44	 152
GPLIN_001332300	contig_54145	45.39	141	39	5	262	368	373	783	2e-49	 100
GPLIN_001332300	contig_54145	73.81	42	11	0	364	405	830	955	2e-49	68.9
GPLIN_001332300	contig_54145	80.00	30	6	0	194	223	4	93	2e-49	48.9
GPLIN_001332300	contig_54145	62.07	29	11	0	228	256	185	271	2e-49	39.3
GPLIN_000433800	contig_45020	71.30	108	26	2	100	207	2382	2690	2e-39	 149
GPLIN_000433800	contig_45020	49.56	113	8	2	48	111	902	1240	2e-23	 102
GPLIN_000433800	contig_45020	63.93	61	1	1	1	40	186	368	1e-12	68.9
GPLIN_000433800	contig_45020	93.94	33	2	0	201	233	3155	3253	2e-12	68.6
GPLIN_000433800	contig_45020	100.00	30	0	0	99	128	1733	1822	1e-11	66.2
GPLIN_000437400	contig_14858	94.44	54	3	0	133	186	162	1	2e-36	 110
GPLIN_000437400	contig_14858	96.67	30	1	0	106	135	299	210	2e-36	61.2
GPLIN_000437600	contig_99099	98.75	80	1	0	344	423	300	61	2e-42	 149
GPLIN_000438000	contig_72112	79.07	129	8	1	345	454	389	3	2e-67	 205
GPLIN_000438000	contig_72112	94.12	34	2	0	310	343	574	473	2e-67	71.2
GPLIN_000074200	contig_14959	66.67	207	10	3	40	188	1002	385	8e-66	 219
GPLIN_000074200	contig_14959	90.62	32	3	0	7	38	1979	1884	2e-11	64.7
GPLIN_000450400	contig_93816	95.45	66	3	0	319	384	199	2	7e-38	 135
GPLIN_001348800	contig_18433	68.13	91	27	2	154	244	602	336	5e-33	 126
GPLIN_001349800	contig_155099	91.55	71	6	0	1287	1357	214	2	2e-49	 149
GPLIN_001349800	contig_155099	93.94	33	2	0	1263	1295	342	244	2e-49	69.7
GPLIN_000460700	contig_8036	100.00	113	0	0	406	518	459	121	3e-132	 245
GPLIN_000460700	contig_8036	66.00	100	2	1	305	372	1036	737	3e-132	 115
GPLIN_000460700	contig_8036	98.11	53	1	0	251	303	1256	1098	3e-132	 101
GPLIN_000460700	contig_8036	94.29	35	2	0	372	406	647	543	3e-132	74.3
GPLIN_000460700	contig_8036	49.07	269	75	4	1	207	2417	1611	1e-67	 196
GPLIN_000460700	contig_8036	93.02	43	3	0	208	250	1557	1429	1e-67	80.5
GPLIN_000460700	contig_8036	77.78	18	4	0	347	364	1925	1872	9.5	31.2
GPLIN_001352900	contig_16202	67.39	92	29	1	346	436	1431	1706	2e-43	 135
GPLIN_001352900	contig_16202	78.57	28	6	0	315	342	1259	1342	2e-43	50.1
GPLIN_001352900	contig_16202	50.00	28	9	1	290	312	1074	1157	2e-43	31.2
GPLIN_000467500	contig_70245	80.43	46	4	1	87	127	1056	919	7e-16	75.9
GPLIN_001362700	contig_52666	54.94	162	23	4	10	123	553	1032	4e-37	 143
GPLIN_001362700	contig_52666	44.96	129	33	3	123	218	1394	1765	1e-16	82.8
GPLIN_001363400	contig_60792	55.00	80	23	2	109	175	436	197	4e-43	83.2
GPLIN_001363400	contig_60792	39.78	93	23	1	11	70	969	691	4e-43	53.1
GPLIN_001363400	contig_60792	61.54	39	12	1	176	214	138	31	4e-43	51.6
GPLIN_001363400	contig_60792	81.48	27	5	0	76	102	602	522	4e-43	46.6
GPLIN_000495800	contig_79797	95.35	43	2	0	81	123	845	717	2e-33	94.4
GPLIN_000495800	contig_79797	88.89	36	4	0	46	81	1036	929	2e-33	66.6
GPLIN_000082300	contig_135323	76.09	92	3	1	243	315	4	279	2e-43	 150
GPLIN_000507600	contig_108231	92.42	66	5	0	1	66	503	700	1e-37	 130
GPLIN_000507800	contig_138815	43.41	182	45	5	111	235	6	548	1e-33	 124
GPLIN_000509600	contig_22303	76.32	228	10	2	17	200	2031	1348	2e-105	 345
GPLIN_000509600	contig_22303	92.68	41	2	1	256	295	396	274	2e-12	71.6
GPLIN_000509600	contig_22303	94.44	36	2	0	224	259	849	742	2e-11	68.6
GPLIN_000509600	contig_22303	95.83	24	1	0	200	223	1223	1152	8e-07	53.9
GPLIN_000509600	contig_22303	93.33	15	1	0	1	15	2400	2356	2.8	32.7
GPLIN_001375400	contig_35029	93.83	81	5	0	104	184	28	270	6e-46	 162
GPLIN_001378200	contig_15621	48.00	175	41	6	32	157	1707	2228	2e-50	 112
GPLIN_001378200	contig_15621	44.76	105	33	3	200	281	2513	2821	2e-50	82.0
GPLIN_001378200	contig_15621	56.76	37	14	1	159	195	2317	2421	2e-50	45.4
GPLIN_001378200	contig_15621	63.89	36	13	0	305	340	3138	3245	1e-05	49.3
GPLIN_001378400	contig_18433	93.42	76	5	0	370	445	590	363	1e-63	 158
GPLIN_001378400	contig_18433	91.67	36	3	0	300	335	941	834	1e-63	76.3
GPLIN_001378400	contig_18433	91.30	23	2	0	335	357	757	689	1e-63	50.4
GPLIN_001378400	contig_18433	67.65	34	9	2	446	479	113	18	0.004	41.2
GPLIN_001378600	contig_58744	86.25	80	11	0	76	155	505	744	2e-46	 145
GPLIN_001378600	contig_58744	100.00	27	0	0	49	75	371	451	2e-46	60.1
GPLIN_001378600	contig_58744	100.00	23	0	0	175	197	1296	1364	5e-07	50.8
GPLIN_001378600	contig_58744	84.00	25	4	0	25	49	3	77	1e-05	47.0
GPLIN_001378700	contig_7709	70.00	130	21	1	120	231	1645	2034	3e-77	 177
GPLIN_001378700	contig_7709	52.48	141	11	3	37	121	1145	1567	3e-77	 116
GPLIN_001378700	contig_7709	55.56	54	6	1	1	36	925	1086	3e-77	35.0
GPLIN_001378700	contig_7709	92.11	38	3	0	232	269	2186	2299	2e-14	74.7
GPLIN_001385900	contig_8045	57.86	140	31	2	2	114	1174	758	2e-43	 152
GPLIN_000530300	contig_1561	80.30	132	8	1	199	312	396	1	1e-70	 228
GPLIN_000530300	contig_1561	89.66	29	3	0	202	230	886	800	6e-08	55.5
GPLIN_000530500	contig_11051	74.07	81	20	1	180	259	1099	857	7e-61	 123
GPLIN_000530500	contig_11051	69.57	69	21	0	283	351	570	364	7e-61	 105
GPLIN_000530500	contig_11051	58.54	41	15	1	252	290	755	633	7e-61	47.0
GPLIN_000530500	contig_11051	54.55	44	14	1	120	157	1654	1523	1e-05	50.1
GPLIN_000530500	contig_11051	66.67	30	10	0	94	123	1937	1848	2e-04	46.2
GPLIN_000530500	contig_11051	86.96	23	3	0	157	179	1328	1260	0.001	43.9
GPLIN_000530700	contig_18764	50.28	181	46	3	60	197	546	7	6e-46	 158
GPLIN_000531000	contig_18764	48.89	180	46	4	88	222	543	7	2e-43	 152
GPLIN_000531000	contig_18764	45.24	42	19	1	49	86	790	665	3.3	30.8
GPLIN_000531100	contig_54145	54.74	137	34	4	383	491	373	783	9e-49	 129
GPLIN_000531100	contig_54145	78.57	42	9	0	487	528	830	955	9e-49	72.0
GPLIN_000531100	contig_54145	60.87	23	9	0	352	374	197	265	9e-49	34.3
GPLIN_000531100	contig_54145	55.88	136	32	4	172	279	373	780	4e-34	 131
GPLIN_000531100	contig_54145	60.87	23	9	0	141	163	197	265	4e-34	34.3
GPLIN_000531200	contig_54145	52.86	140	41	4	433	549	370	783	3e-57	 128
GPLIN_000531200	contig_54145	66.67	42	14	0	545	586	830	955	3e-57	61.2
GPLIN_000531200	contig_54145	80.65	31	6	0	371	401	4	96	3e-57	50.8
GPLIN_000531200	contig_54145	61.76	34	12	1	401	433	188	289	3e-57	43.9
GPLIN_000531200	contig_54145	47.73	132	46	4	205	315	379	768	4e-31	99.4
GPLIN_000531200	contig_54145	58.54	41	17	0	316	356	830	952	4e-31	56.2
GPLIN_000531200	contig_54145	84.62	26	4	0	176	201	16	93	2e-04	46.2
GPLIN_000531300	contig_6163	50.00	214	47	2	314	467	355	996	9e-54	 168
GPLIN_000531300	contig_6163	43.18	88	18	2	254	309	2	265	9e-54	62.4
GPLIN_001398800	contig_126630	92.77	83	6	0	99	181	571	819	9e-55	 170
GPLIN_001398800	contig_126630	96.67	30	1	0	68	97	402	491	9e-55	62.0
GPLIN_001398800	contig_126630	88.00	50	6	0	25	74	3	152	3e-19	85.5
GPLIN_000555800	contig_63812	76.70	103	3	1	158	239	835	527	2e-55	 155
GPLIN_000555800	contig_63812	75.00	48	12	0	113	160	1044	901	2e-55	80.9
GPLIN_000556700	contig_18538	62.20	82	29	2	311	391	1467	1225	3e-49	 102
GPLIN_000556700	contig_18538	45.98	87	22	1	247	308	1792	1532	3e-49	73.9
GPLIN_000556700	contig_18538	73.33	30	8	0	392	421	1130	1041	3e-49	49.7
GPLIN_000556700	contig_18538	75.00	20	5	0	201	220	1968	1909	3e-49	31.2
GPLIN_000094400	contig_2596	46.20	184	38	5	63	195	524	3	6e-48	 150
GPLIN_000094400	contig_2596	79.41	34	7	0	28	61	696	595	6e-48	59.7
GPLIN_001408700	contig_15621	64.95	97	31	1	40	133	1941	2231	3e-44	 110
GPLIN_001408700	contig_15621	46.51	86	26	2	166	232	2510	2764	3e-44	67.0
GPLIN_001408700	contig_15621	60.00	35	13	1	133	167	2326	2427	3e-44	42.4
GPLIN_001408700	contig_15621	68.42	38	12	0	271	308	3138	3251	3e-09	60.1
GPLIN_000569300	contig_37519	61.01	159	49	2	16	162	607	1080	4e-47	 174
GPLIN_000569300	contig_37519	44.09	127	35	4	259	358	1545	1898	1e-15	80.9
GPLIN_001415300	contig_84824	97.26	73	2	0	91	163	244	26	5e-52	 154
GPLIN_001415300	contig_84824	68.63	51	16	0	40	90	458	306	5e-52	69.3
GPLIN_001415300	contig_84824	88.46	26	3	0	36	61	534	457	2e-08	53.1
GPLIN_001418900	contig_3563	37.42	155	49	5	18	133	516	79	5e-17	79.3
GPLIN_000099200	contig_50920	54.64	194	16	2	35	156	3	584	1e-33	 133
GPLIN_000099200	contig_50920	78.33	60	9	2	237	292	1463	1642	3e-17	85.1
GPLIN_000099200	contig_50920	84.44	45	7	0	158	202	474	608	4e-14	75.5
GPLIN_000099300	contig_57107	100.00	82	0	0	267	348	1417	1172	3e-53	 156
GPLIN_000099300	contig_57107	87.18	39	4	1	351	389	1083	970	3e-53	72.4
GPLIN_000583000	contig_29110	100.00	66	0	0	253	318	198	1	6e-51	 150
GPLIN_000583000	contig_29110	93.94	33	2	0	223	255	341	243	6e-51	70.9
GPLIN_000583100	contig_25980	62.07	87	23	1	287	373	706	936	6e-63	94.0
GPLIN_000583100	contig_25980	75.00	60	12	1	169	225	242	421	6e-63	82.4
GPLIN_000583100	contig_25980	66.67	57	12	1	221	277	492	641	6e-63	66.6
GPLIN_000583100	contig_25980	76.00	25	6	0	377	401	1055	1129	6e-63	48.1
GPLIN_000583100	contig_25980	58.33	36	12	1	133	168	49	147	6e-63	33.1
GPLIN_000583100	contig_25980	57.38	61	21	2	227	287	4	171	3e-18	56.6
GPLIN_000583100	contig_25980	80.56	36	7	0	287	322	254	361	3e-18	55.5
GPLIN_000583100	contig_25980	60.32	63	24	1	433	495	1402	1587	5e-13	73.6
GPLIN_000583100	contig_25980	70.00	40	9	1	169	205	694	813	3e-09	47.4
GPLIN_000583100	contig_25980	51.06	47	5	1	140	168	501	641	3e-09	34.3
GPLIN_001424900	contig_80675	49.41	170	32	5	151	269	49	549	1e-38	 139
GPLIN_001427300	contig_97866	96.39	83	3	0	160	242	720	968	6e-46	 169
GPLIN_001427300	contig_97866	48.91	92	41	2	381	467	732	1004	3e-16	82.4
GPLIN_001427300	contig_97866	83.33	42	7	0	94	135	45	170	7e-16	81.3
GPLIN_001427300	contig_97866	96.88	32	1	0	129	160	464	559	4e-11	66.6
GPLIN_001427300	contig_97866	63.64	33	12	0	310	342	45	143	4e-07	54.3
GPLIN_001427300	contig_97866	57.58	33	14	0	345	377	461	559	9e-05	46.6
GPLIN_001427300	contig_97866	94.12	17	1	0	243	259	1138	1188	0.053	37.7
GPLIN_001428700	contig_84824	100.00	73	0	0	177	249	244	26	3e-54	 160
GPLIN_001428700	contig_84824	74.47	47	12	0	130	176	446	306	3e-54	71.2
GPLIN_001428700	contig_84824	88.46	26	3	0	122	147	534	457	4e-08	53.9
GPLIN_000603900	contig_54145	30.46	197	49	4	305	480	379	768	3e-27	72.0
GPLIN_000603900	contig_54145	63.41	41	14	1	482	521	833	955	3e-27	55.8
GPLIN_000603900	contig_54145	41.46	41	22	1	254	294	188	304	3e-27	34.7
GPLIN_000608300	contig_8036	61.95	113	38	4	93	203	450	121	2e-30	99.0
GPLIN_000608300	contig_8036	68.75	32	10	0	56	87	647	552	2e-30	52.8
GPLIN_000608300	contig_8036	62.28	114	40	3	226	338	450	115	3e-23	 103
GPLIN_001436900	contig_8045	57.08	226	26	3	296	451	1186	512	1e-71	 229
GPLIN_001436900	contig_8045	93.55	31	1	1	266	295	1373	1281	1e-71	60.8
GPLIN_001436900	contig_8045	97.62	42	1	0	225	266	1700	1575	4e-18	89.0
GPLIN_000620000	contig_40022	97.62	84	2	0	113	196	340	591	7e-42	 153
GPLIN_000620000	contig_40022	77.14	35	8	0	189	223	752	856	3e-08	57.0
GPLIN_000620000	contig_40022	51.43	70	29	1	329	393	349	558	0.084	36.6
GPLIN_001440300	contig_58353	98.36	61	1	0	148	208	301	483	7e-53	 132
GPLIN_001440300	contig_58353	64.56	79	1	1	94	145	2	238	7e-53	95.1
GPLIN_000105400	contig_23741	56.11	180	16	3	139	255	476	1015	4e-84	 181
GPLIN_000105400	contig_23741	70.51	78	1	1	83	138	193	426	4e-84	 108
GPLIN_000105400	contig_23741	93.55	31	2	0	53	83	3	95	4e-84	62.8
GPLIN_000626500	contig_68975	75.31	81	20	0	109	189	13	255	4e-37	 137
GPLIN_000626700	contig_99653	96.83	63	2	0	173	235	191	3	3e-43	 147
GPLIN_000626800	contig_22303	76.25	240	55	2	7	246	2031	1318	4e-105	 353
GPLIN_000626800	contig_22303	65.62	32	10	1	374	404	390	295	0.28	36.6
GPLIN_000626900	contig_103927	92.68	41	3	0	56	96	1286	1408	7e-29	77.0
GPLIN_000626900	contig_103927	81.48	27	5	0	27	53	1108	1188	7e-29	45.8
GPLIN_000626900	contig_103927	90.48	21	2	0	1	21	933	995	7e-29	43.9
GPLIN_000627100	contig_11494	58.14	172	41	2	143	283	3350	3865	1e-41	 158
GPLIN_000627100	contig_11494	48.08	104	39	2	1	90	1272	1580	6e-14	74.3
GPLIN_000627100	contig_11494	36.19	105	15	2	92	144	2832	3146	2e-05	47.8
GPLIN_000632100	contig_6163	46.79	218	47	5	63	212	328	978	2e-43	 154
GPLIN_000632100	contig_6163	77.78	27	6	0	45	71	8	88	3e-04	42.7
GPLIN_000632300	contig_54145	53.62	138	41	2	52	166	370	783	1e-51	 139
GPLIN_000632300	contig_54145	72.22	36	10	0	162	197	830	937	1e-51	58.5
GPLIN_000632300	contig_54145	63.64	33	12	0	20	52	188	286	1e-51	45.4
GPLIN_000632500	contig_54145	51.08	139	40	3	145	257	373	783	2e-51	 128
GPLIN_000632500	contig_54145	59.57	47	8	1	253	299	830	937	2e-51	57.0
GPLIN_000632500	contig_54145	84.62	26	4	0	89	114	16	93	2e-51	43.1
GPLIN_000632500	contig_54145	56.00	25	11	0	115	139	191	265	2e-51	34.7
GPLIN_000632600	contig_2966	62.65	166	29	4	271	410	212	688	4e-45	 162
GPLIN_000632600	contig_2966	69.57	46	8	3	247	290	3	128	3e-06	50.4
GPLIN_001446300	contig_76089	75.23	109	3	1	97	181	1036	1362	6e-71	 135
GPLIN_001446300	contig_76089	62.65	83	8	1	1	60	490	738	6e-71	90.5
GPLIN_001446300	contig_76089	92.50	40	3	0	62	101	839	958	6e-71	81.3
GPLIN_000636800	contig_22831	95.06	81	4	0	290	370	3102	3344	6e-118	 164
GPLIN_000636800	contig_22831	59.84	122	3	1	209	284	2651	3016	6e-118	 134
GPLIN_000636800	contig_22831	85.71	70	8	1	92	159	2132	2341	6e-118	 122
GPLIN_000636800	contig_22831	96.23	53	2	0	160	212	2383	2541	6e-118	66.2
GPLIN_000636800	contig_22831	100.00	39	0	0	54	92	1783	1899	4e-26	81.6
GPLIN_000636800	contig_22831	100.00	19	0	0	1	19	1502	1558	4e-26	40.8
GPLIN_000636800	contig_22831	94.59	37	2	0	17	53	1617	1727	4e-26	35.4
GPLIN_000636800	contig_22831	100.00	38	0	0	368	405	3507	3620	2e-16	84.0
GPLIN_000636900	contig_8045	39.23	130	32	2	7	89	910	521	6e-21	89.4
GPLIN_000637000	contig_32803	64.19	148	28	2	220	343	468	28	3e-54	 189
GPLIN_000639300	contig_35759	71.95	82	22	1	256	337	421	179	1e-45	 119
GPLIN_000639300	contig_35759	73.17	41	11	0	338	378	125	3	1e-45	61.6
GPLIN_000639300	contig_35759	83.33	24	4	0	229	252	576	505	1e-45	43.1
GPLIN_000657200	contig_5813	67.21	61	20	0	136	196	1111	929	2e-33	87.8
GPLIN_000657200	contig_5813	58.21	67	9	1	198	245	927	727	2e-33	74.3
GPLIN_001453900	contig_25980	67.90	81	24	2	239	319	1411	1647	6e-57	 113
GPLIN_001453900	contig_25980	54.76	84	28	2	95	171	694	936	6e-57	74.3
GPLIN_001453900	contig_25980	56.72	67	10	3	29	95	501	644	6e-57	55.1
GPLIN_001453900	contig_25980	34.31	102	22	4	170	230	1034	1327	6e-57	40.8
GPLIN_001453900	contig_25980	51.35	74	35	1	442	515	1402	1620	2e-28	72.8
GPLIN_001453900	contig_25980	38.10	105	21	4	375	439	1034	1336	2e-28	53.1
GPLIN_001453900	contig_25980	48.94	47	20	1	334	376	796	936	2e-28	40.8
GPLIN_001453900	contig_25980	86.00	50	7	0	45	94	1	150	4e-22	84.7
GPLIN_001453900	contig_25980	61.11	36	7	1	99	127	254	361	4e-22	40.0
GPLIN_000659600	contig_8036	69.57	115	32	3	24	136	462	121	1e-40	 157
GPLIN_000659600	contig_8036	84.21	19	3	0	1	19	1919	1863	0.085	37.0
GPLIN_000659700	contig_8036	64.29	112	38	2	105	215	450	118	2e-39	 134
GPLIN_000659700	contig_8036	63.64	33	12	0	70	102	641	543	2e-39	48.5
GPLIN_000659700	contig_8036	60.98	41	16	0	210	250	662	540	3e-08	57.0
GPLIN_000659700	contig_8036	48.57	35	18	0	240	274	486	382	7e-06	38.1
GPLIN_000659700	contig_8036	55.56	27	11	1	282	307	367	287	7e-06	30.8
GPLIN_000673400	contig_12997	63.21	106	3	1	49	118	412	95	9e-49	 115
GPLIN_000673400	contig_12997	100.00	48	0	0	1	48	609	466	9e-49	99.0
GPLIN_001463100	contig_76186	63.56	118	27	1	91	192	2009	1656	3e-42	 146
GPLIN_001463100	contig_76186	44.26	61	32	1	188	248	1545	1369	3e-42	45.4
GPLIN_001463100	contig_76186	53.75	80	22	1	19	83	2606	2367	3e-14	75.9
GPLIN_001465400	contig_153377	60.56	142	29	1	140	254	644	219	3e-52	 174
GPLIN_001465500	contig_47903	79.81	104	1	1	186	269	313	2	5e-69	 169
GPLIN_001465500	contig_47903	100.00	32	0	0	141	172	515	420	5e-69	69.7
GPLIN_001465500	contig_47903	93.94	33	2	0	108	140	721	623	5e-69	63.2
GPLIN_000696800	contig_42379	72.81	114	25	2	122	230	339	677	2e-40	 144
GPLIN_000697500	contig_18538	70.37	81	24	0	98	178	1467	1225	6e-57	 122
GPLIN_000697500	contig_18538	43.16	95	25	2	34	99	1804	1520	6e-57	69.7
GPLIN_000697500	contig_18538	78.12	32	7	0	3	34	1968	1873	6e-57	48.1
GPLIN_000697500	contig_18538	70.00	30	8	1	179	207	1130	1041	6e-57	40.8
GPLIN_000698900	contig_8045	35.45	220	68	5	12	160	1186	536	5e-30	 117
GPLIN_001470700	contig_153377	50.00	122	33	2	51	144	584	219	8e-31	 114
GPLIN_000132400	contig_18764	49.47	188	51	3	43	187	567	7	1e-51	 160
GPLIN_000132400	contig_18764	81.58	38	7	0	8	45	778	665	1e-51	62.4
GPLIN_000132500	contig_118535	92.86	56	4	0	84	139	911	1078	2e-35	74.7
GPLIN_000132500	contig_118535	76.79	56	5	3	36	91	705	848	2e-35	67.4
GPLIN_000132500	contig_118535	71.88	32	7	1	14	43	556	651	2e-35	46.2
GPLIN_000133000	contig_76089	59.26	108	19	2	188	270	1039	1362	1e-59	 115
GPLIN_000133000	contig_76089	63.00	100	13	2	76	152	445	741	1e-59	 106
GPLIN_000133000	contig_76089	73.33	30	8	0	153	182	839	928	1e-59	49.3
GPLIN_000700300	contig_80675	50.60	166	35	4	193	311	49	546	2e-38	 139
GPLIN_000700500	contig_3560	53.52	71	31	1	83	151	527	315	2e-23	72.0
GPLIN_000700500	contig_3560	71.79	39	10	1	146	183	231	115	2e-23	55.5
GPLIN_000700500	contig_3560	57.89	38	12	2	1	38	548	447	0.002	39.7
GPLIN_001472400	contig_18764	53.80	184	39	3	105	242	558	7	1e-46	 161
GPLIN_000716900	contig_60792	96.43	84	3	0	449	532	448	197	3e-111	 177
GPLIN_000716900	contig_60792	62.41	133	14	1	329	425	1056	658	3e-111	 152
GPLIN_000716900	contig_60792	93.94	33	2	0	297	329	1235	1137	3e-111	65.5
GPLIN_000716900	contig_60792	93.10	29	2	0	420	448	602	516	3e-111	62.8
GPLIN_000716900	contig_60792	100.00	12	0	0	286	297	1353	1318	3e-111	29.3
GPLIN_000716900	contig_60792	82.00	50	7	1	521	570	168	25	5e-17	85.9
GPLIN_000725400	contig_6738	50.60	83	37	1	353	435	2046	1810	1e-45	77.8
GPLIN_000725400	contig_6738	49.44	89	39	2	234	319	2541	2284	1e-45	71.2
GPLIN_000725400	contig_6738	68.42	38	10	1	435	472	1720	1613	1e-45	53.1
GPLIN_000725400	contig_6738	66.67	27	9	0	325	351	2191	2111	1e-45	42.7
GPLIN_000725500	contig_189670	100.00	60	0	0	1	60	181	2	3e-37	 126
GPLIN_001477200	contig_105838	48.33	240	43	6	1	161	523	1236	8e-54	 182
GPLIN_000736500	contig_39438	76.92	91	21	0	74	164	579	307	4e-42	 145
GPLIN_001480400	contig_18538	65.12	86	28	2	113	197	1464	1210	8e-38	 105
GPLIN_001480400	contig_18538	39.13	92	27	2	46	109	1804	1532	8e-38	60.8
GPLIN_001480400	contig_18538	55.17	29	13	0	3	31	1968	1882	8e-38	30.0
GPLIN_000755000	contig_28773	95.83	48	2	0	91	138	238	381	1e-40	96.7
GPLIN_000755000	contig_28773	73.85	65	2	1	139	188	446	640	1e-40	90.1
GPLIN_000756200	contig_54145	48.12	133	40	5	400	504	373	768	7e-50	 107
GPLIN_000756200	contig_54145	66.67	42	14	0	505	546	830	955	7e-50	62.8
GPLIN_000756200	contig_54145	65.62	32	9	1	362	393	182	271	7e-50	45.4
GPLIN_000756200	contig_54145	81.48	27	5	0	338	364	16	96	7e-50	43.9
GPLIN_000756200	contig_54145	75.00	28	7	0	98	125	10	93	8e-04	43.9
GPLIN_000756400	contig_746	54.62	130	28	1	78	176	773	384	5e-40	 140
GPLIN_000756600	contig_18764	50.80	187	47	6	189	332	561	7	2e-42	 152
GPLIN_000756700	contig_95140	73.33	120	9	2	186	282	360	1	4e-58	 173
GPLIN_000756700	contig_95140	83.78	37	6	0	151	187	521	411	4e-58	71.6
GPLIN_000757500	contig_14959	51.21	207	43	3	41	189	1005	385	2e-51	 179
GPLIN_000148800	contig_111228	97.74	133	3	0	354	486	1575	1973	4e-56	 213
GPLIN_000148800	contig_111228	73.42	79	2	1	513	572	2238	2474	1e-50	 113
GPLIN_000148800	contig_111228	96.43	56	2	0	572	627	2542	2709	1e-50	 107
GPLIN_000148800	contig_111228	95.35	43	2	0	624	666	2875	3003	2e-16	87.0
GPLIN_001487300	contig_12061	63.90	241	70	1	85	308	1382	660	4e-111	 297
GPLIN_001487300	contig_12061	66.67	90	29	1	310	398	601	332	4e-111	 124
GPLIN_001488500	contig_11494	66.04	268	27	4	50	253	3350	4153	1e-97	 315
GPLIN_001488500	contig_11494	50.50	101	0	1	1	51	2844	3146	5e-17	83.2
GPLIN_001489200	contig_18764	55.49	182	37	3	3	141	543	1	3e-55	 179
GPLIN_000776300	contig_18538	67.90	81	26	0	138	218	1467	1225	1e-53	 114
GPLIN_000776300	contig_18538	49.43	87	16	1	77	135	1792	1532	1e-53	82.4
GPLIN_000776300	contig_18538	80.00	30	6	0	219	248	1130	1041	1e-53	53.1
GPLIN_000776300	contig_18538	70.97	31	9	0	3	33	1968	1876	2e-04	44.3
GPLIN_000776500	contig_7708	97.37	76	2	0	130	205	261	488	4e-49	 157
GPLIN_000776500	contig_7708	86.21	29	4	0	99	127	97	183	4e-49	57.0
GPLIN_000776700	contig_35029	50.00	164	44	2	113	239	13	501	1e-40	 150
GPLIN_000152800	contig_40364	95.12	82	4	0	252	333	1352	1107	5e-62	 169
GPLIN_000152800	contig_40364	100.00	42	0	0	335	376	1002	877	5e-62	89.0
GPLIN_000152800	contig_40364	90.32	31	2	1	222	251	1763	1671	6e-08	56.2
GPLIN_000785600	contig_2614	64.46	166	17	1	435	558	673	1170	2e-77	 209
GPLIN_000785600	contig_2614	78.95	38	8	0	370	407	351	464	2e-77	69.3
GPLIN_000785600	contig_2614	80.00	30	6	0	406	435	527	616	2e-77	53.5
GPLIN_000785600	contig_2614	75.00	88	22	0	289	376	673	936	7e-63	 145
GPLIN_000785600	contig_2614	78.38	37	8	0	225	261	354	464	7e-63	67.8
GPLIN_000785600	contig_2614	80.00	30	6	0	260	289	527	616	7e-63	53.5
GPLIN_000785600	contig_2614	85.00	20	3	0	206	225	188	247	7e-63	36.2
GPLIN_000787400	contig_18764	54.74	190	35	5	400	541	567	7	3e-57	 176
GPLIN_000787400	contig_18764	83.33	42	7	0	361	402	790	665	3e-57	67.0
GPLIN_001493900	contig_2596	49.14	116	33	1	12	101	350	3	9e-29	 108
GPLIN_000788000	contig_67544	84.40	109	15	2	686	794	2	322	2e-74	 179
GPLIN_000788000	contig_67544	87.50	40	5	0	818	857	541	660	2e-74	86.7
GPLIN_000788000	contig_67544	92.86	28	2	0	789	816	390	473	2e-74	56.2
GPLIN_000788000	contig_67544	66.06	109	36	1	210	318	2	325	8e-64	 134
GPLIN_000788000	contig_67544	60.49	81	28	2	343	420	541	780	8e-64	92.8
GPLIN_000788000	contig_67544	81.48	27	5	0	314	340	393	473	8e-64	48.1
GPLIN_000788000	contig_67544	68.42	19	6	0	421	439	893	949	8e-64	32.0
GPLIN_000788900	contig_8045	45.37	216	46	4	325	469	1174	530	8e-51	 165
GPLIN_000788900	contig_8045	73.53	34	9	0	289	322	1373	1272	8e-51	55.8
GPLIN_000788900	contig_8045	48.48	66	22	1	248	301	1700	1503	2e-09	62.0
GPLIN_000789100	contig_35759	54.79	73	32	1	77	148	397	179	5e-31	79.7
GPLIN_000789100	contig_35759	82.93	41	7	0	149	189	125	3	5e-31	73.6
GPLIN_000789300	contig_32803	56.64	113	24	3	14	102	429	94	3e-33	 120
GPLIN_000794500	contig_8045	42.98	228	56	4	188	345	1183	512	2e-45	 166
GPLIN_000794700	contig_18764	48.42	190	50	4	171	317	561	7	3e-40	 152
GPLIN_000157600	contig_52666	68.35	218	1	3	1	150	379	1032	4e-69	 232
GPLIN_000157600	contig_52666	100.00	35	0	0	150	184	1394	1498	1e-12	71.2
GPLIN_000157600	contig_52666	100.00	23	0	0	185	207	1697	1765	6e-07	53.1
GPLIN_000158300	contig_18764	49.74	193	48	8	338	488	558	1	6e-42	 154
GPLIN_001496800	contig_8045	49.78	223	40	4	317	469	1180	518	6e-60	 196
GPLIN_001496800	contig_8045	64.86	37	13	0	283	319	1373	1263	6e-60	55.5
GPLIN_001496800	contig_8045	61.90	42	16	0	242	283	1700	1575	7e-08	56.6
GPLIN_000798500	contig_16202	51.81	166	37	2	469	591	1431	1928	1e-52	 167
GPLIN_000798500	contig_16202	78.57	28	6	0	438	465	1259	1342	1e-52	49.7
GPLIN_000798500	contig_16202	50.00	28	9	1	413	435	1074	1157	1e-52	31.6
GPLIN_000798500	contig_16202	53.12	32	14	1	306	336	1074	1169	0.65	35.0
GPLIN_000800100	contig_14959	46.01	213	58	4	227	383	1020	385	4e-45	 156
GPLIN_000800100	contig_14959	70.97	31	7	1	197	227	1186	1100	4e-45	45.4
GPLIN_000800100	contig_14959	83.33	24	4	0	108	131	2389	2318	5e-10	45.8
GPLIN_000800100	contig_14959	90.00	20	2	0	91	110	2504	2445	5e-10	37.7
GPLIN_000800100	contig_14959	58.82	34	14	0	168	201	1973	1872	0.016	39.3
GPLIN_000800100	contig_14959	67.86	28	9	0	37	64	1970	1887	0.020	39.3
GPLIN_000800200	contig_108231	98.55	69	1	0	1	69	494	700	3e-43	 145
GPLIN_000800300	contig_10936	90.41	73	7	0	175	247	262	44	3e-78	 143
GPLIN_000800300	contig_10936	91.89	37	3	0	108	144	590	480	3e-78	73.2
GPLIN_000800300	contig_10936	97.22	36	1	0	76	111	769	662	3e-78	72.8
GPLIN_000800300	contig_10936	100.00	29	0	0	145	173	414	328	3e-78	64.3
GPLIN_000800300	contig_10936	96.30	27	1	0	32	58	1530	1450	1e-06	50.8
GPLIN_000800300	contig_10936	77.78	18	4	0	88	105	1750	1697	6.6	30.0
GPLIN_000802900	contig_54145	54.41	136	33	5	155	264	370	768	1e-55	 129
GPLIN_000802900	contig_54145	75.86	29	7	0	121	149	185	271	1e-55	52.4
GPLIN_000802900	contig_54145	63.89	36	12	1	265	299	830	937	1e-55	48.9
GPLIN_000802900	contig_54145	74.29	35	7	1	91	123	4	108	1e-55	46.6
GPLIN_000803200	contig_126630	67.47	83	26	1	205	286	571	819	6e-48	 113
GPLIN_000803200	contig_126630	40.76	157	42	3	97	202	15	485	6e-48	97.4
GPLIN_001501200	contig_18764	44.69	179	47	3	51	177	543	7	2e-39	 107
GPLIN_001501200	contig_18764	82.22	45	8	0	7	51	790	656	2e-39	73.9
GPLIN_000822000	contig_35486	58.43	166	10	3	112	218	618	1115	2e-38	 136
GPLIN_000822000	contig_35486	63.64	55	1	1	75	110	397	561	2e-38	42.7
GPLIN_000822000	contig_35486	81.48	27	5	0	34	60	153	233	1e-06	51.2
GPLIN_000822000	contig_35486	100.00	23	0	0	258	280	1381	1449	5e-05	46.6
GPLIN_001506200	contig_111742	49.32	73	35	2	1	72	392	607	1e-21	67.0
GPLIN_001506200	contig_111742	62.16	37	14	0	73	109	714	824	1e-21	53.5
GPLIN_000843100	contig_60649	70.12	164	21	2	92	227	754	1245	2e-123	 221
GPLIN_000843100	contig_60649	76.67	90	4	1	22	94	452	721	2e-123	 134
GPLIN_000843100	contig_60649	97.87	47	1	0	229	275	1302	1442	2e-123	 100
GPLIN_000843100	contig_60649	100.00	23	0	0	1	23	345	413	2e-123	49.7
GPLIN_000855400	contig_14959	41.67	204	60	5	240	384	996	385	2e-42	 137
GPLIN_000855400	contig_14959	68.75	32	10	0	200	231	1195	1100	2e-42	54.7
GPLIN_000177900	contig_80675	72.46	167	5	1	39	164	49	549	6e-76	 231
GPLIN_000862600	contig_133302	57.97	69	8	1	101	169	198	55	5e-14	68.2
GPLIN_000867100	contig_18764	53.19	188	38	4	162	304	549	1	1e-50	 172
GPLIN_000867100	contig_18764	45.95	37	20	0	119	155	772	662	0.76	33.1
GPLIN_000179400	contig_105838	56.90	116	28	2	215	308	889	1236	3e-59	 132
GPLIN_000179400	contig_105838	57.47	87	21	1	109	179	352	612	3e-59	90.1
GPLIN_000179400	contig_105838	65.62	32	11	0	181	212	723	818	3e-59	46.6
GPLIN_000179900	contig_16491	98.88	89	0	1	87	174	319	53	9e-59	 185
GPLIN_000179900	contig_16491	96.55	29	1	0	57	85	479	393	9e-59	60.1
GPLIN_000179900	contig_16491	100.00	40	0	0	17	56	836	717	5e-18	81.3
GPLIN_000180800	contig_114554	80.70	57	11	0	12	68	15	185	3e-36	97.8
GPLIN_000180800	contig_114554	95.65	69	3	0	64	132	254	460	3e-36	74.7
GPLIN_000880300	contig_18764	51.63	184	39	3	11	144	558	7	2e-46	 157
GPLIN_001520200	contig_8036	66.67	111	34	2	74	182	450	121	4e-44	 144
GPLIN_001520200	contig_8036	70.97	31	9	0	37	67	647	555	4e-44	52.8
GPLIN_001520400	contig_2271	60.87	115	24	2	182	275	1	345	2e-45	 134
GPLIN_001520400	contig_2271	80.49	41	5	1	276	313	453	575	2e-45	68.6
GPLIN_000183900	contig_80968	58.33	216	48	3	257	436	950	321	2e-67	 231
GPLIN_000892800	contig_5470	80.88	68	13	0	108	175	2	205	8e-35	 128
GPLIN_000892900	contig_32803	52.41	145	42	3	87	204	462	28	1e-37	 139
GPLIN_000892900	contig_32803	64.71	34	11	1	236	268	129	28	5e-05	46.2
GPLIN_000893400	contig_26070	78.32	143	1	1	291	403	301	729	3e-89	 227
GPLIN_000893400	contig_26070	96.97	33	1	0	229	261	3	101	3e-89	74.7
GPLIN_000893400	contig_26070	100.00	30	0	0	261	290	167	256	3e-89	69.3
GPLIN_001522400	contig_18764	52.63	190	44	6	8	154	567	7	2e-48	 163
GPLIN_000898200	contig_78174	75.52	286	23	3	761	999	4425	3568	1e-90	 323
GPLIN_000898200	contig_78174	84.78	46	7	0	990	1035	3195	3058	2e-15	84.0
GPLIN_000898200	contig_78174	58.33	72	7	2	1026	1074	3041	2826	2e-11	70.5
GPLIN_000905800	contig_10126	75.18	141	4	1	232	341	1800	1378	2e-83	 191
GPLIN_000905800	contig_10126	94.74	38	2	0	342	379	1309	1196	2e-83	80.5
GPLIN_000905800	contig_10126	59.15	71	14	1	161	231	2063	1896	2e-83	79.3
GPLIN_000905800	contig_10126	68.48	92	5	1	42	109	3581	3306	5e-48	 116
GPLIN_000905800	contig_10126	93.88	49	3	0	108	156	3252	3106	5e-48	94.4
GPLIN_000905800	contig_10126	76.00	50	10	1	156	205	2888	2745	4e-13	73.2
GPLIN_000908700	contig_3560	78.64	103	16	1	372	474	578	288	3e-54	 167
GPLIN_000908700	contig_3560	100.00	30	0	0	342	371	727	638	3e-54	65.1
GPLIN_000908700	contig_3560	95.65	23	1	0	454	476	171	103	1e-05	48.9
GPLIN_000909700	contig_18538	62.92	89	32	1	239	327	1488	1225	2e-56	 119
GPLIN_000909700	contig_18538	45.45	88	21	1	180	240	1804	1541	2e-56	76.3
GPLIN_000909700	contig_18538	77.78	27	6	0	154	180	1953	1873	2e-56	43.1
GPLIN_000909700	contig_18538	70.00	30	9	0	328	357	1130	1041	2e-56	42.7
GPLIN_000195600	contig_8036	51.30	115	50	5	75	186	453	118	1e-29	 100
GPLIN_000195600	contig_8036	54.17	48	20	1	30	77	665	528	1e-29	48.5
GPLIN_000196200	contig_114243	89.47	57	6	0	211	267	173	3	7e-49	 110
GPLIN_000196200	contig_114243	100.00	33	0	0	173	205	391	293	7e-49	71.2
GPLIN_000196200	contig_114243	69.44	36	11	0	135	170	573	466	7e-49	53.1
GPLIN_000196200	contig_114243	62.00	50	14	1	110	154	963	814	9e-09	58.2
GPLIN_000196800	contig_26666	94.67	75	4	0	82	156	541	317	4e-42	 152
GPLIN_000196800	contig_26666	100.00	36	0	0	15	50	925	818	5e-29	80.5
GPLIN_000196800	contig_26666	96.77	31	1	0	51	81	768	676	5e-29	65.9
GPLIN_000196800	contig_26666	100.00	45	0	0	155	199	135	1	5e-21	92.8
GPLIN_000196800	contig_26666	34.48	29	19	0	120	148	1558	1472	2.0	26.2
GPLIN_000196800	contig_26666	100.00	9	0	0	145	153	1484	1458	2.0	22.7
GPLIN_000200100	contig_16202	55.15	165	30	3	100	220	1434	1928	4e-42	 151
GPLIN_000200100	contig_16202	63.33	30	11	0	67	96	1253	1342	4e-42	38.9
GPLIN_000200100	contig_16202	65.91	44	13	1	24	65	663	794	2e-10	60.8
GPLIN_000200100	contig_16202	81.82	11	2	0	13	23	575	607	2e-10	22.7
GPLIN_000200200	contig_122848	69.18	146	31	4	234	368	449	21	5e-51	 176
GPLIN_000930100	contig_141046	94.74	95	5	0	214	308	219	503	5e-49	 170
GPLIN_000930100	contig_141046	38.78	98	32	4	142	211	207	500	0.001	41.2
GPLIN_000937900	contig_2850	77.32	194	5	1	134	288	7874	8455	3e-93	 237
GPLIN_000937900	contig_2850	74.68	79	2	1	73	133	7575	7811	3e-93	 125
GPLIN_000937900	contig_2850	100.00	22	0	0	366	387	8813	8878	2e-04	47.0
GPLIN_000937900	contig_2850	100.00	19	0	0	1	19	7311	7367	0.009	41.6
GPLIN_001535200	contig_5367	78.31	83	18	0	214	296	288	40	1e-50	 121
GPLIN_001535200	contig_5367	46.67	105	15	1	149	212	659	345	1e-50	88.2
GPLIN_001535200	contig_5367	62.50	24	9	0	130	153	817	746	1e-50	30.8
GPLIN_001535200	contig_5367	79.69	64	6	1	68	131	1153	983	2e-04	44.7
GPLIN_001536900	contig_18764	54.70	181	39	2	40	177	543	1	3e-56	 182
GPLIN_001536900	contig_18764	48.72	39	20	0	2	40	772	656	0.20	33.5
GPLIN_000203700	contig_18538	60.98	82	30	2	680	760	1467	1225	8e-36	97.4
GPLIN_000203700	contig_18538	40.66	91	26	2	617	680	1792	1523	8e-36	56.2
GPLIN_000203700	contig_18538	60.00	30	12	0	761	790	1130	1041	8e-36	38.9
GPLIN_000203800	contig_31671	92.59	81	6	0	261	341	300	58	5e-59	 160
GPLIN_000203800	contig_31671	97.62	42	1	0	221	262	473	348	5e-59	88.2
GPLIN_000203800	contig_31671	95.45	44	2	0	137	180	905	774	3e-20	93.6
GPLIN_000971300	contig_31273	46.23	212	33	2	65	195	4212	3577	1e-68	 162
GPLIN_000971300	contig_31273	48.39	124	30	1	192	281	3505	3134	1e-68	 120
GPLIN_000971300	contig_31273	64.71	34	12	0	1	34	5603	5502	0.002	45.4
GPLIN_000971300	contig_31273	82.61	23	4	0	35	57	5132	5064	0.015	42.4
GPLIN_000984200	contig_14959	46.38	207	54	3	293	442	1005	385	1e-45	 152
GPLIN_000984200	contig_14959	57.50	40	17	0	257	296	1192	1073	1e-45	51.2
GPLIN_000995700	contig_746	55.24	143	32	2	70	180	812	384	8e-44	 150
GPLIN_001000300	contig_16698	71.61	155	1	1	16	127	917	1381	6e-77	 213
GPLIN_001000300	contig_16698	93.62	47	3	0	128	174	1471	1611	6e-77	92.8
GPLIN_001004800	contig_3563	67.20	186	30	2	241	395	636	79	4e-71	 237
GPLIN_001004800	contig_3563	66.67	81	25	2	167	247	510	274	6e-20	77.4
GPLIN_001004800	contig_3563	76.00	25	6	0	139	163	650	576	6e-20	40.0
GPLIN_001004800	contig_3563	68.75	48	8	1	237	277	713	570	5e-12	69.3
GPLIN_001005900	contig_157391	86.49	37	5	0	63	99	134	24	4e-23	64.7
GPLIN_001005900	contig_157391	96.55	29	1	0	34	62	273	187	4e-23	62.0
GPLIN_001007400	contig_70459	80.00	260	8	1	155	370	549	1328	9e-155	 418
GPLIN_001007400	contig_70459	77.78	99	4	1	74	154	182	478	9e-155	 144
GPLIN_001007400	contig_70459	66.67	18	6	0	363	380	1438	1491	9e-155	28.9
GPLIN_001007400	contig_70459	60.19	103	40	1	460	561	2576	2884	3e-29	 129
GPLIN_001007400	contig_70459	67.31	104	27	1	184	280	170	481	1e-27	 124
GPLIN_001007400	contig_70459	54.39	114	41	2	56	158	594	935	2e-19	97.4
GPLIN_001007400	contig_70459	71.15	52	8	1	543	587	3139	3294	6e-13	75.9
GPLIN_001007400	contig_70459	72.92	48	13	0	414	461	2226	2369	3e-11	70.5
GPLIN_001009200	contig_38771	54.22	83	14	2	49	107	933	685	3e-30	80.1
GPLIN_001009200	contig_38771	56.14	57	25	0	110	166	595	425	3e-30	70.5
GPLIN_001009200	contig_38771	56.41	39	17	0	172	210	204	88	2e-06	49.7
GPLIN_001013600	contig_54145	57.25	138	38	1	366	482	370	783	2e-64	 153
GPLIN_001013600	contig_54145	72.50	40	11	0	478	517	830	949	2e-64	64.3
GPLIN_001013600	contig_54145	77.78	27	6	0	306	332	10	90	2e-64	45.4
GPLIN_001013600	contig_54145	74.07	27	7	0	334	360	185	265	2e-64	44.7
GPLIN_001013600	contig_54145	48.86	88	24	1	159	225	370	633	2e-32	86.3
GPLIN_001013600	contig_54145	81.48	27	5	0	102	128	16	96	2e-32	47.4
GPLIN_001013600	contig_54145	77.78	27	6	0	127	153	185	265	2e-32	46.2
GPLIN_001551100	contig_12097	81.11	90	9	1	152	233	933	664	1e-40	 146
GPLIN_001551100	contig_12097	93.10	29	2	0	218	246	403	317	1e-15	62.4
GPLIN_001551100	contig_12097	94.74	19	1	0	242	260	330	274	1e-15	39.7
GPLIN_001022100	contig_60792	55.42	83	25	2	282	353	442	197	8e-44	81.3
GPLIN_001022100	contig_60792	40.62	96	23	2	185	246	969	682	8e-44	57.8
GPLIN_001022100	contig_60792	60.53	38	15	0	354	391	138	25	8e-44	50.8
GPLIN_001022100	contig_60792	80.00	25	5	0	252	276	596	522	8e-44	48.1
GPLIN_000238900	contig_2271	67.24	116	15	3	16	109	1	345	4e-47	 144
GPLIN_000238900	contig_2271	78.05	41	6	1	110	147	453	575	4e-47	62.0
GPLIN_001032500	contig_83209	67.30	263	24	3	79	281	1612	830	8e-105	 281
GPLIN_001032500	contig_83209	85.48	62	9	0	285	346	720	535	8e-105	 120
GPLIN_001032500	contig_83209	67.60	179	45	2	330	508	1318	821	3e-79	 199
GPLIN_001032500	contig_83209	80.30	66	13	0	510	575	717	520	3e-79	 117
GPLIN_001032500	contig_83209	36.42	151	35	4	623	713	657	208	4e-16	84.7
GPLIN_001032500	contig_83209	71.43	28	8	0	575	602	1093	1010	0.039	39.3
GPLIN_001032500	contig_83209	80.00	25	5	0	578	602	1117	1043	0.047	39.3
GPLIN_001035200	contig_48845	54.17	96	15	1	2	68	14	301	3e-26	98.2
GPLIN_001035300	contig_746	56.20	137	29	1	5	110	794	384	1e-43	 147
GPLIN_000242100	contig_9149	85.71	112	2	1	438	535	2133	1798	2e-90	 161
GPLIN_000242100	contig_9149	96.92	65	2	0	533	597	1763	1569	2e-90	 134
GPLIN_000242100	contig_9149	100.00	34	0	0	597	630	1522	1421	2e-90	79.3
GPLIN_000242100	contig_9149	52.02	198	52	2	46	200	4112	3519	3e-46	 179
GPLIN_000242100	contig_9149	78.90	109	5	2	272	363	3002	2679	9e-44	 172
GPLIN_000242100	contig_9149	62.25	151	29	4	171	294	3474	3025	9e-41	 162
GPLIN_000242100	contig_9149	100.00	50	0	0	33	82	4645	4496	3e-23	 107
GPLIN_000242100	contig_9149	100.00	46	0	0	358	403	2556	2419	2e-20	98.2
GPLIN_001048200	contig_87733	98.67	75	1	0	270	344	2774	2550	1e-57	 159
GPLIN_001048200	contig_87733	97.37	38	1	0	345	382	2457	2344	1e-57	84.0
GPLIN_000245400	contig_26327	43.33	150	48	3	28	152	946	1359	3e-30	 107
GPLIN_000245400	contig_26327	77.27	22	5	0	4	25	828	893	3e-30	41.6
GPLIN_000245500	contig_87494	97.10	310	8	1	319	627	726	1655	0.0	 527
GPLIN_000245500	contig_87494	73.47	147	1	1	646	754	1762	2202	0.0	 204
GPLIN_000245500	contig_87494	36.13	119	32	6	247	324	344	691	0.0	51.6
GPLIN_000245500	contig_87494	90.48	42	4	0	259	300	439	564	5e-18	90.9
GPLIN_001058700	contig_3146	62.28	114	5	1	174	249	2	343	1e-49	 133
GPLIN_001058700	contig_3146	69.84	63	0	1	249	292	417	605	1e-49	83.2
GPLIN_001059100	contig_18764	57.81	192	35	5	177	325	567	1	7e-59	 194
GPLIN_001059100	contig_18764	38.89	90	36	5	148	231	760	530	4e-05	46.6
GPLIN_001059400	contig_18764	52.78	180	43	2	2	139	546	7	1e-49	 165
GPLIN_001059500	contig_54145	48.18	137	43	4	240	348	373	783	4e-41	 107
GPLIN_001059500	contig_54145	65.71	35	12	0	344	378	830	934	4e-41	51.6
GPLIN_001059500	contig_54145	68.97	29	9	0	166	194	13	99	4e-41	36.6
GPLIN_001059500	contig_54145	58.62	29	9	1	197	225	188	265	4e-41	33.9
GPLIN_001059800	contig_153377	53.52	142	39	1	76	190	644	219	4e-41	 142
GPLIN_001059900	contig_6561	68.63	102	6	1	115	190	2554	2249	6e-48	 127
GPLIN_001059900	contig_6561	86.11	36	5	0	185	220	2190	2083	6e-48	69.7
GPLIN_001059900	contig_6561	100.00	15	0	0	225	239	2011	1967	6e-48	33.9
GPLIN_001059900	contig_6561	72.00	75	3	1	59	115	3069	2845	8e-21	95.5
GPLIN_001059900	contig_6561	95.24	42	2	0	264	305	1352	1227	3e-19	90.5
GPLIN_001059900	contig_6561	70.00	20	6	0	40	59	3300	3241	0.033	29.3
GPLIN_001059900	contig_6561	100.00	11	0	0	38	48	3356	3324	0.033	26.9
GPLIN_001060000	contig_18764	45.78	225	62	5	211	380	666	7	9e-42	 152
GPLIN_001060000	contig_18764	62.50	40	15	0	95	134	787	668	4e-05	47.0
GPLIN_001060400	contig_28440	52.20	205	15	2	3	124	1589	2203	4e-46	 178
GPLIN_001060400	contig_28440	77.78	63	13	1	220	281	2898	3086	1e-36	90.5
GPLIN_001060400	contig_28440	55.56	81	31	1	140	220	2606	2833	1e-36	83.2
GPLIN_001060400	contig_28440	66.67	90	21	2	102	183	2265	2531	6e-25	 112
GPLIN_001060400	contig_28440	87.88	33	4	0	281	313	3245	3343	4e-09	61.6
GPLIN_000252200	contig_18538	45.35	86	19	1	52	109	1804	1547	1e-30	76.3
GPLIN_000252200	contig_18538	62.82	78	26	2	122	198	1452	1225	1e-30	75.9
GPLIN_000254600	contig_68975	97.56	82	2	0	315	396	10	255	2e-60	 176
GPLIN_000254600	contig_68975	92.11	38	3	0	397	434	371	484	2e-60	76.6
GPLIN_000038300	contig_138783	85.89	163	2	1	2542	2683	1765	1277	0.0	 278
GPLIN_000038300	contig_138783	100.00	129	0	0	2684	2812	1226	840	0.0	 278
GPLIN_000038300	contig_138783	97.62	84	2	0	2812	2895	780	529	0.0	 180
GPLIN_000038300	contig_138783	100.00	51	0	0	2458	2508	2114	1962	0.0	 107
GPLIN_000038300	contig_138783	97.30	37	1	0	2507	2543	1920	1810	0.0	79.0
GPLIN_000038300	contig_138783	100.00	56	0	0	2917	2972	189	22	2e-24	 114
GPLIN_000038900	contig_54551	66.88	154	24	2	542	668	524	63	4e-60	 203
GPLIN_000038900	contig_54551	86.42	81	11	0	277	357	521	279	2e-40	 148
GPLIN_000259400	contig_90598	85.94	64	9	0	548	611	361	552	4e-41	 137
GPLIN_000259400	contig_90598	100.00	21	0	0	527	547	230	292	4e-41	51.2
GPLIN_000259500	contig_6163	47.69	216	48	3	209	359	349	996	6e-46	 147
GPLIN_000259500	contig_6163	42.70	89	20	2	149	206	2	268	6e-46	57.0
GPLIN_000260100	contig_5289	91.40	93	6	1	177	267	1196	1474	2e-92	 179
GPLIN_000260100	contig_5289	74.70	83	6	1	113	180	898	1146	2e-92	 121
GPLIN_000260100	contig_5289	100.00	37	0	0	259	295	1567	1677	2e-92	80.1
GPLIN_000260100	contig_5289	100.00	67	0	0	6	72	3	203	1e-23	 103
GPLIN_000260100	contig_5289	97.62	42	1	0	72	113	329	454	5e-17	83.2
GPLIN_000260200	contig_6163	65.58	215	14	2	349	503	352	996	2e-96	 253
GPLIN_000260200	contig_6163	68.48	92	0	1	287	349	2	277	2e-96	 119
GPLIN_001082800	contig_20738	78.41	88	17	1	31	116	17	280	3e-44	 144
GPLIN_001082900	contig_15807	98.15	54	1	0	75	128	1627	1466	1e-27	 110
GPLIN_001082900	contig_15807	93.75	48	3	0	28	75	1898	1755	9e-23	95.9
GPLIN_001083600	contig_14959	60.15	133	30	3	191	301	1011	616	3e-42	 145
GPLIN_001083600	contig_14959	67.74	31	10	0	155	185	1201	1109	3e-42	45.8
GPLIN_001566300	contig_18538	53.85	130	32	2	8	110	1611	1225	4e-35	 129
GPLIN_001096800	contig_535	73.49	83	6	1	55	121	677	925	2e-35	 126
GPLIN_001096800	contig_535	95.00	20	1	0	121	140	976	1035	2e-35	41.6
GPLIN_001096800	contig_535	100.00	39	0	0	1	39	56	172	1e-17	77.8
GPLIN_001096800	contig_535	86.67	15	2	0	40	54	228	272	1e-17	30.8
GPLIN_001099700	contig_14031	52.59	135	27	3	115	212	1029	1433	9e-60	 128
GPLIN_001099700	contig_14031	81.33	75	13	1	34	107	736	960	9e-60	 122
GPLIN_001099700	contig_14031	100.00	21	0	0	1	21	334	396	5e-04	43.5
GPLIN_000266800	contig_6738	30.77	377	140	14	124	387	2760	1654	9e-51	 110
GPLIN_000266800	contig_6738	82.61	46	7	1	79	124	2957	2823	9e-51	68.9
GPLIN_000266800	contig_6738	96.97	33	1	0	53	85	3085	2987	9e-51	62.4
GPLIN_000266800	contig_6738	90.62	32	3	0	149	180	2608	2513	1e-09	62.0
GPLIN_000266800	contig_6738	58.33	36	12	1	180	215	2778	2680	0.003	41.6
GPLIN_000266800	contig_6738	50.00	26	13	0	254	279	2188	2111	7.7	30.8
GPLIN_001105100	contig_160092	60.48	124	30	1	214	318	2	373	2e-45	 155
GPLIN_001105500	contig_14959	51.90	210	74	5	31	213	1017	388	3e-48	 172
GPLIN_001115700	contig_72112	56.90	116	30	1	109	204	389	42	9e-32	 121
GPLIN_001126000	contig_105838	58.92	297	39	7	3	219	355	1236	4e-96	 292
GPLIN_001128900	contig_73956	94.81	77	4	0	465	541	1290	1520	6e-41	 157
GPLIN_001131500	contig_14959	47.60	208	47	6	23	171	999	385	8e-42	 152
GPLIN_001135400	contig_111308	71.61	155	13	1	158	281	466	2	1e-69	 228
GPLIN_001135400	contig_111308	94.74	38	2	0	54	91	1262	1149	7e-42	76.6
GPLIN_001135400	contig_111308	84.21	38	6	0	85	122	1038	925	7e-42	73.2
GPLIN_001135400	contig_111308	96.30	27	1	0	123	149	856	776	7e-42	61.2
GPLIN_000284600	contig_54145	53.44	131	34	4	73	177	379	768	2e-57	 115
GPLIN_000284600	contig_54145	71.43	42	12	0	178	219	830	955	2e-57	63.2
GPLIN_000284600	contig_54145	93.55	31	2	0	6	36	1	93	2e-57	58.9
GPLIN_000284600	contig_54145	66.67	30	10	0	35	64	182	271	2e-57	45.4
GPLIN_000284700	contig_40363	72.59	197	13	3	53	209	594	7	9e-84	 253
GPLIN_001150700	contig_14632	77.71	175	2	1	546	683	497	1021	3e-80	 278
GPLIN_001150700	contig_14632	76.00	50	12	0	491	540	179	328	6e-16	84.3
GPLIN_001150700	contig_14632	73.68	38	10	0	688	725	1194	1307	2e-09	63.2
GPLIN_000292100	contig_50293	79.53	127	5	1	153	258	838	1218	8e-54	 198
GPLIN_000292100	contig_50293	56.10	123	14	1	253	335	1453	1821	1e-29	 125
GPLIN_000292100	contig_50293	76.00	75	13	1	369	443	2530	2739	4e-26	 114
GPLIN_000292100	contig_50293	100.00	30	0	0	335	364	2204	2293	2e-20	64.3
GPLIN_000292100	contig_50293	100.00	25	0	0	364	388	2382	2456	2e-20	54.7
GPLIN_000292100	contig_50293	85.71	28	4	0	439	466	3762	3679	3e-06	52.0
GPLIN_000292100	contig_50293	60.98	41	13	2	320	359	1826	1942	1.2	33.9
GPLIN_000043300	contig_18764	51.32	189	49	3	136	282	567	4	4e-51	 173
GPLIN_000043300	contig_18764	46.15	91	37	3	100	184	790	536	1e-08	57.0
GPLIN_000046400	contig_67544	69.14	81	23	2	384	462	538	780	5e-58	 119
GPLIN_000046400	contig_67544	50.51	99	29	5	262	355	56	307	5e-58	77.4
GPLIN_000046400	contig_67544	78.57	28	6	0	355	382	390	473	5e-58	51.2
GPLIN_000046400	contig_67544	63.64	33	9	1	463	492	893	991	5e-58	38.9
GPLIN_000294100	contig_35759	75.90	83	19	1	493	574	427	179	4e-55	 132
GPLIN_000294100	contig_35759	82.93	41	7	0	575	615	125	3	4e-55	75.5
GPLIN_000294100	contig_35759	88.00	25	3	0	468	492	576	502	4e-55	49.3
GPLIN_000294100	contig_35759	75.90	83	19	1	294	375	427	179	2e-40	 132
GPLIN_000294100	contig_35759	96.00	25	1	0	269	293	576	502	2e-40	53.9
GPLIN_001166000	contig_103439	88.00	75	9	0	122	196	271	47	1e-39	 136
GPLIN_001168900	contig_37195	79.59	49	10	0	1	49	206	60	4e-20	84.7
GPLIN_001169300	contig_60792	46.34	82	31	1	322	390	442	197	2e-41	65.5
GPLIN_001169300	contig_60792	39.84	123	31	4	216	296	1023	658	2e-41	61.6
GPLIN_001169300	contig_60792	65.79	38	13	0	391	428	138	25	2e-41	55.8
GPLIN_001169300	contig_60792	82.61	23	4	0	294	316	593	525	2e-41	47.4
GPLIN_001169300	contig_60792	63.64	22	8	0	151	172	1023	958	2.2	32.7
GPLIN_001171400	contig_11494	71.64	268	12	4	122	325	3350	4153	2e-110	 354
GPLIN_001171400	contig_11494	96.23	53	2	0	17	69	1428	1586	1e-24	 108
GPLIN_001171400	contig_11494	52.83	106	0	1	68	123	2829	3146	1e-20	95.5
GPLIN_001171800	contig_11494	63.64	176	23	5	148	290	3362	3865	3e-55	 207
GPLIN_001171800	contig_11494	51.72	29	14	0	115	143	3060	3146	0.59	35.4
GPLIN_001586900	contig_7708	60.34	58	22	1	64	120	261	434	1e-26	74.7
GPLIN_001586900	contig_7708	90.32	31	3	0	33	63	94	186	1e-26	62.8
GPLIN_001587100	contig_16176	47.86	117	33	2	29	117	1285	935	1e-23	98.2
GPLIN_001173900	contig_12996	92.93	99	7	0	737	835	885	589	4e-98	 190
GPLIN_001173900	contig_12996	81.91	94	1	1	665	742	1234	953	4e-98	 158
GPLIN_001173900	contig_12996	96.15	26	1	0	640	665	1358	1281	4e-98	52.8
GPLIN_001173900	contig_12996	97.80	91	1	1	544	634	1960	1691	1e-82	 155
GPLIN_001173900	contig_12996	97.30	74	2	0	470	543	2258	2037	1e-82	 128
GPLIN_001173900	contig_12996	96.97	33	1	0	430	462	2427	2329	1e-82	65.5
GPLIN_001173900	contig_12996	75.54	184	12	3	296	447	3074	2526	1e-67	 161
GPLIN_001173900	contig_12996	70.18	57	0	1	256	295	3300	3130	1e-67	80.1
GPLIN_001173900	contig_12996	62.79	43	15	1	214	256	3529	3404	1e-67	57.8
GPLIN_001173900	contig_12996	62.18	156	26	4	1	124	4706	4242	6e-43	 171
GPLIN_001173900	contig_12996	84.04	94	9	1	137	230	3831	3568	2e-39	 160
GPLIN_001173900	contig_12996	64.38	73	17	2	118	182	4072	3857	7e-17	87.8
GPLIN_001587400	contig_2668	97.22	72	2	0	38	109	1	216	3e-54	 150
GPLIN_001587400	contig_2668	100.00	38	0	0	110	147	332	445	3e-54	79.7
GPLIN_000299400	contig_111742	66.67	84	27	1	252	335	359	607	4e-40	 111
GPLIN_000299400	contig_111742	77.78	36	8	0	336	371	714	821	4e-40	65.9
GPLIN_000299400	contig_111742	52.00	25	12	0	223	247	205	279	4e-40	27.7
GPLIN_001178500	contig_88924	86.75	83	8	2	328	410	293	54	8e-39	 140
GPLIN_001178500	contig_88924	46.77	62	30	2	62	121	253	71	8.4	29.6
GPLIN_001178500	contig_88924	85.71	14	2	0	314	327	408	367	8.7	29.6
GPLIN_001181800	contig_35542	52.11	142	31	4	159	264	1087	665	4e-37	 100
GPLIN_001181800	contig_35542	49.25	67	31	2	68	131	1492	1292	4e-37	55.1
GPLIN_001181800	contig_35542	55.88	34	15	0	127	160	1233	1132	4e-37	39.7
GPLIN_001181800	contig_35542	77.78	18	4	0	73	90	1607	1660	0.33	34.7
GPLIN_001185900	contig_16202	56.36	165	29	2	101	222	1434	1928	1e-51	 179
GPLIN_001185900	contig_16202	68.75	32	10	0	66	97	1253	1348	1e-51	43.5
GPLIN_001185900	contig_16202	73.81	42	9	1	24	63	663	788	2e-10	61.6
GPLIN_001186200	contig_50858	92.31	78	6	0	336	413	403	170	5e-47	 134
GPLIN_001186200	contig_50858	91.18	34	3	0	414	447	104	3	5e-47	74.3
GPLIN_001186200	contig_50858	92.31	78	6	0	254	331	403	170	3e-37	 136
GPLIN_001189000	contig_14858	92.59	54	4	0	57	110	162	1	1e-36	 109
GPLIN_001189000	contig_14858	96.67	30	1	0	30	59	299	210	1e-36	61.2
GPLIN_001189400	contig_45133	73.49	83	22	0	566	648	638	886	3e-59	 135
GPLIN_001189400	contig_45133	47.37	114	35	5	428	540	147	416	3e-59	76.6
GPLIN_001189400	contig_45133	73.33	30	4	1	540	565	493	582	3e-59	46.2
GPLIN_001189400	contig_45133	84.21	19	3	0	409	427	31	87	3e-59	32.3
GPLIN_001189400	contig_45133	52.27	44	16	2	329	372	129	245	0.005	41.6
GPLIN_001206200	contig_14031	51.52	165	42	4	108	235	1026	1517	7e-58	 147
GPLIN_001206200	contig_14031	73.33	75	14	3	33	101	736	960	7e-58	96.7
GPLIN_001206200	contig_14031	53.03	132	26	2	232	327	1041	1436	7e-31	 124
GPLIN_001206200	contig_14031	80.95	21	4	0	1	21	334	396	0.030	38.1
GPLIN_000312100	contig_14881	93.15	73	5	0	229	301	1407	1625	6e-45	 152
GPLIN_000312100	contig_14881	88.00	25	3	0	311	335	1718	1792	6e-45	48.1
GPLIN_000312100	contig_14881	69.57	23	7	0	191	213	1145	1213	0.004	41.2
GPLIN_000312300	contig_59043	98.59	71	1	0	243	313	18	230	2e-46	 157
GPLIN_000312500	contig_12467	44.75	219	76	7	15	190	933	283	9e-57	 145
GPLIN_000312500	contig_12467	63.08	65	23	1	194	257	200	6	9e-57	83.6
GPLIN_000312500	contig_12467	56.52	23	10	0	1	23	1057	989	9e-57	32.3
GPLIN_000312600	contig_114176	72.22	90	25	0	43	132	24	293	4e-40	 135
GPLIN_001212700	contig_32803	74.71	87	22	0	11	97	300	40	5e-41	 140
GPLIN_000318600	contig_98252	57.00	100	7	1	83	146	51	350	4e-32	 107
GPLIN_000318600	contig_98252	72.41	29	8	0	145	173	344	430	4e-32	49.3
GPLIN_000318800	contig_111308	61.29	155	27	3	302	423	466	2	3e-50	 180
GPLIN_000318800	contig_111308	72.73	33	9	0	234	266	1023	925	3e-15	60.8
GPLIN_000318800	contig_111308	51.72	29	14	0	265	293	862	776	3e-15	40.4
GPLIN_000320000	contig_54145	80.45	133	5	1	349	460	370	768	2e-94	 222
GPLIN_000320000	contig_54145	88.89	36	3	1	315	349	182	289	2e-94	66.6
GPLIN_000320000	contig_54145	66.67	42	14	0	461	502	830	955	2e-94	65.9
GPLIN_000320000	contig_54145	96.43	28	1	0	290	317	13	96	2e-94	54.7
GPLIN_000320000	contig_54145	71.79	39	8	1	215	253	4	111	9e-06	49.7
GPLIN_001598500	contig_32803	51.11	135	39	4	1	109	462	61	2e-31	 116
GPLIN_001223200	contig_18433	67.16	67	21	1	1	67	575	378	8e-18	79.0
GPLIN_000047500	contig_8045	44.39	223	50	4	16	168	1180	524	1e-45	 160
GPLIN_001224300	contig_16448	83.33	108	2	1	781	872	4987	4664	8e-47	 146
GPLIN_001224300	contig_16448	88.24	34	4	0	754	787	5114	5013	8e-47	62.8
GPLIN_001224300	contig_16448	100.00	57	0	0	874	930	4527	4357	4e-45	 123
GPLIN_001224300	contig_16448	74.51	51	7	1	930	974	4264	4112	4e-45	80.1
GPLIN_001224300	contig_16448	80.68	88	15	1	571	656	5682	5419	3e-44	 128
GPLIN_001224300	contig_16448	92.16	51	4	0	523	573	5921	5769	3e-44	72.4
GPLIN_001224300	contig_16448	95.24	84	4	0	337	420	7032	6781	4e-39	 161
GPLIN_001224300	contig_16448	79.66	118	9	1	453	555	6424	6071	2e-35	 149
GPLIN_001224300	contig_16448	100.00	39	0	0	963	1001	4115	3999	2e-25	81.3
GPLIN_001224300	contig_16448	86.21	29	4	0	1002	1030	3942	3856	2e-25	56.2
GPLIN_001224300	contig_16448	96.08	51	1	1	56	106	8060	7911	3e-23	 109
GPLIN_001224300	contig_16448	100.00	38	0	0	1	38	8647	8534	5e-14	79.3
GPLIN_001224300	contig_16448	56.90	58	21	2	626	679	5506	5333	3e-06	53.9
GPLIN_001224300	contig_16448	66.67	33	11	0	455	487	5921	5823	0.016	41.6
GPLIN_001224300	contig_16448	97.14	35	1	0	306	340	7316	7212	0.019	41.2
GPLIN_001224300	contig_16448	79.17	24	5	0	32	55	8391	8320	0.038	40.4
GPLIN_001224300	contig_16448	100.00	16	0	0	1084	1099	3613	3566	1.1	35.4
GPLIN_001224300	contig_16448	45.24	84	25	3	601	678	5413	5207	1.7	35.0
GPLIN_001224300	contig_16448	50.00	44	7	2	572	615	5356	5270	7.2	32.7
GPLIN_001225300	contig_119587	79.67	123	1	1	476	574	3	371	5e-67	 218
GPLIN_000328200	contig_89106	75.31	243	22	2	1747	1951	960	232	7e-105	 345
GPLIN_001227400	contig_80675	54.55	165	34	1	115	238	55	549	4e-49	 165
GPLIN_001235900	contig_21802	73.94	165	11	2	17	156	1537	2010	8e-71	 231
GPLIN_001246500	contig_10126	35.71	98	25	3	81	141	1794	1504	7e-23	45.8
GPLIN_001246500	contig_10126	55.17	29	13	0	187	215	1282	1196	7e-23	44.3
GPLIN_001246500	contig_10126	70.27	37	11	0	142	178	1481	1371	7e-23	38.9
GPLIN_001246500	contig_10126	64.52	31	9	1	49	77	1994	1902	7e-23	36.6
GPLIN_001246900	contig_10126	35.71	98	25	3	81	141	1794	1504	7e-23	45.8
GPLIN_001246900	contig_10126	55.17	29	13	0	187	215	1282	1196	7e-23	44.3
GPLIN_001246900	contig_10126	70.27	37	11	0	142	178	1481	1371	7e-23	38.9
GPLIN_001246900	contig_10126	64.52	31	9	1	49	77	1994	1902	7e-23	36.6
GPLIN_000350100	contig_2271	66.09	115	17	2	407	499	1	345	3e-47	 146
GPLIN_000350100	contig_2271	75.61	41	7	1	500	537	453	575	3e-47	62.8
GPLIN_001253500	contig_144161	76.67	60	14	0	115	174	287	466	8e-44	98.6
GPLIN_001253500	contig_144161	70.27	74	3	1	59	113	1	222	8e-44	97.8
GPLIN_001253600	contig_18807	59.43	106	14	1	256	361	1642	1412	2e-34	 122
GPLIN_001253600	contig_18807	79.17	24	5	0	226	249	1788	1717	2e-34	43.1
GPLIN_001253700	contig_144161	78.33	60	13	0	115	174	287	466	2e-42	99.4
GPLIN_001253700	contig_144161	66.22	74	6	1	59	113	1	222	2e-42	92.4
GPLIN_001253800	contig_15621	58.49	106	25	1	257	343	2504	2821	2e-53	 118
GPLIN_001253800	contig_15621	41.33	196	48	5	84	225	1686	2234	2e-53	93.6
GPLIN_001253800	contig_15621	51.52	33	16	0	227	259	2332	2430	2e-53	38.5
GPLIN_001253800	contig_15621	34.97	143	29	3	51	129	1782	2210	4e-06	51.2
GPLIN_001253900	contig_54145	48.18	137	44	4	222	332	376	783	5e-50	 108
GPLIN_001253900	contig_54145	77.50	40	9	0	328	367	830	949	5e-50	69.7
GPLIN_001253900	contig_54145	65.52	29	10	0	187	215	185	271	5e-50	43.5
GPLIN_001253900	contig_54145	94.44	18	1	0	169	186	16	69	5e-50	37.0
GPLIN_000358100	contig_111308	56.64	143	29	3	1	110	433	5	9e-42	 146
GPLIN_001258100	contig_2595	100.00	81	0	0	131	211	549	307	5e-79	 174
GPLIN_001258100	contig_2595	87.93	58	6	1	49	105	960	787	5e-79	 100
GPLIN_001258100	contig_2595	96.67	30	1	0	101	130	716	627	5e-79	60.8
GPLIN_001258100	contig_2595	79.17	48	9	1	213	259	164	21	1e-14	74.3
GPLIN_001258400	contig_8036	67.54	114	33	4	191	302	450	115	1e-50	 138
GPLIN_001258400	contig_8036	58.54	41	16	1	152	192	647	528	1e-50	52.4
GPLIN_001258400	contig_8036	80.65	31	6	0	122	152	832	740	1e-50	50.1
GPLIN_001258400	contig_8036	47.87	94	45	1	26	115	2290	2009	1e-13	63.9
GPLIN_001258400	contig_8036	60.71	28	11	0	126	153	1931	1848	1e-13	31.2
GPLIN_001258400	contig_8036	57.69	26	11	0	70	95	1175	1098	2.8	31.6
GPLIN_001260200	contig_88494	98.04	51	1	0	262	312	1026	874	2e-34	 107
GPLIN_001260200	contig_88494	96.43	28	1	0	312	339	752	669	2e-34	58.9
GPLIN_001265800	contig_16202	53.25	169	35	3	333	457	1422	1928	2e-56	 156
GPLIN_001265800	contig_16202	83.87	31	5	0	303	333	1253	1345	2e-56	57.4
GPLIN_001265800	contig_16202	60.61	33	13	0	269	301	1074	1172	2e-56	47.0
GPLIN_001265900	contig_18538	93.18	88	6	0	164	251	1488	1225	1e-78	 149
GPLIN_001265900	contig_18538	68.13	91	1	1	106	168	1804	1532	1e-78	 120
GPLIN_001265900	contig_18538	100.00	32	0	0	75	106	1968	1873	1e-78	64.3
GPLIN_000051600	contig_126630	90.36	83	8	0	121	203	571	819	7e-50	 169
GPLIN_000051600	contig_126630	60.24	83	22	4	61	136	3	239	3e-17	80.1
GPLIN_000051600	contig_126630	100.00	16	0	0	104	119	444	491	0.050	36.2
GPLIN_000363400	contig_37519	79.07	172	14	2	18	189	610	1059	5e-66	 226
GPLIN_000363400	contig_37519	98.25	57	1	0	310	366	1728	1898	2e-30	 125
GPLIN_000363400	contig_37519	94.12	17	1	0	1	17	423	473	0.27	35.4
GPLIN_000369500	contig_33885	55.20	221	2	2	569	692	2245	2907	4e-56	 209
GPLIN_000369500	contig_33885	69.08	152	15	1	307	426	900	1355	1e-50	 192
GPLIN_000369500	contig_33885	66.67	129	36	2	110	238	2	367	1e-41	 165
GPLIN_000369500	contig_33885	100.00	67	0	0	256	322	652	852	8e-34	 140
GPLIN_000369500	contig_33885	78.31	83	0	1	454	518	1695	1943	2e-33	 129
GPLIN_000369500	contig_33885	100.00	15	0	0	522	536	1996	2040	2e-33	34.7
GPLIN_001271400	contig_15621	53.40	103	30	1	127	211	2513	2821	4e-47	 108
GPLIN_001271400	contig_15621	41.30	138	18	3	8	82	1818	2231	4e-47	72.0
GPLIN_001271400	contig_15621	55.10	49	13	2	79	127	2308	2427	4e-47	47.8
GPLIN_000372100	contig_18764	52.91	189	43	4	628	774	561	7	2e-52	 186
GPLIN_000376500	contig_50206	80.52	77	13	1	267	343	453	677	8e-33	 132
GPLIN_000376500	contig_50206	83.33	36	5	1	220	255	102	206	5e-23	65.5
GPLIN_000376500	contig_50206	96.55	29	1	0	256	284	284	370	5e-23	62.0
GPLIN_000376500	contig_50206	90.48	42	4	0	343	384	1073	1198	2e-17	86.3
GPLIN_000381900	contig_42379	67.96	103	31	1	145	247	342	644	2e-36	 135
GPLIN_000382500	contig_122848	76.87	134	29	1	130	263	449	54	3e-61	 201
GPLIN_000382500	contig_122848	57.89	38	13	1	69	106	143	39	0.011	38.5
GPLIN_000385000	contig_2596	73.33	120	8	1	27	122	362	3	2e-56	 182
GPLIN_000385000	contig_2596	68.42	38	11	1	1	37	668	555	1e-08	54.3
GPLIN_000385300	contig_14959	49.76	207	45	4	142	289	1008	388	6e-41	 154
GPLIN_000385300	contig_14959	54.84	31	14	0	109	139	1979	1887	0.004	40.4
GPLIN_000389800	contig_62749	93.15	73	5	0	71	143	624	406	3e-56	 134
GPLIN_000389800	contig_62749	58.95	95	2	1	143	200	346	62	3e-56	 104
GPLIN_000389800	contig_62749	96.55	29	1	0	1	29	1220	1134	1e-09	61.6
GPLIN_000389800	contig_62749	86.05	43	6	0	29	71	993	865	0.17	35.8
GPLIN_000390200	contig_15621	49.29	140	32	3	99	199	1815	2234	2e-40	99.4
GPLIN_000390200	contig_15621	37.04	108	23	3	230	296	2510	2821	2e-40	62.4
GPLIN_000390200	contig_15621	67.74	31	9	1	202	232	2341	2430	2e-40	44.3
GPLIN_000057000	contig_22831	34.52	168	42	3	269	368	3111	3614	2e-42	96.3
GPLIN_000057000	contig_22831	38.64	132	64	4	123	254	2651	2995	2e-42	60.1
GPLIN_000057000	contig_22831	68.63	51	8	2	83	126	2392	2541	2e-42	57.4
GPLIN_000057100	contig_8036	61.74	115	39	4	93	205	450	115	2e-31	 101
GPLIN_000057100	contig_8036	68.75	32	10	0	56	87	647	552	2e-31	52.8
GPLIN_001300800	contig_129268	82.14	84	15	0	241	324	294	43	5e-45	 155
GPLIN_001300800	contig_129268	100.00	13	0	0	326	338	40	2	3.1	30.4
GPLIN_000403000	contig_55619	56.80	169	28	4	152	291	414	872	1e-89	 159
GPLIN_000403000	contig_55619	60.27	146	25	1	290	402	923	1360	1e-89	 159
GPLIN_000403000	contig_55619	100.00	18	0	0	133	150	359	412	1e-89	40.0
GPLIN_000403000	contig_55619	64.29	28	6	1	109	132	229	312	1e-89	33.5
GPLIN_000403000	contig_55619	100.00	15	0	0	256	270	766	810	0.023	38.9
GPLIN_000403000	contig_55619	88.89	18	2	0	372	389	1269	1322	0.27	35.4
GPLIN_001310300	contig_54145	57.55	139	32	4	184	296	370	783	9e-54	 139
GPLIN_001310300	contig_54145	71.79	39	11	0	292	330	830	946	9e-54	63.9
GPLIN_001310300	contig_54145	60.61	33	13	0	152	184	188	286	9e-54	48.1
GPLIN_001310300	contig_54145	47.66	128	35	4	1	96	400	783	2e-24	72.8
GPLIN_001310300	contig_54145	65.85	41	14	0	92	132	830	952	2e-24	59.7
GPLIN_001310400	contig_160092	59.68	124	31	1	167	271	2	373	8e-38	 134
GPLIN_001310400	contig_160092	60.38	53	21	0	40	92	203	361	8e-22	70.1
GPLIN_001310400	contig_160092	71.88	32	9	0	11	42	117	212	8e-22	52.8
GPLIN_001310900	contig_2596	40.57	175	49	4	93	213	524	3	6e-34	 112
GPLIN_001310900	contig_2596	55.26	38	17	0	55	92	702	589	6e-34	50.4
GPLIN_001312600	contig_126630	67.06	85	26	1	249	331	580	834	7e-42	 121
GPLIN_001312600	contig_126630	39.13	92	28	1	181	244	216	491	7e-42	68.9
GPLIN_001315800	contig_18764	48.91	184	45	5	191	330	543	7	6e-39	 142
GPLIN_000413600	contig_26328	97.53	81	2	0	121	201	478	720	4e-69	 166
GPLIN_000413600	contig_26328	91.07	56	5	0	64	119	249	416	4e-69	 114
GPLIN_000413600	contig_26328	88.00	50	6	0	202	251	932	1081	2e-20	93.6
GPLIN_000413700	contig_73353	93.41	91	6	0	284	374	405	677	1e-52	 182
GPLIN_000413700	contig_73353	72.29	83	2	1	223	284	11	259	5e-32	 126
GPLIN_000413700	contig_73353	36.90	84	30	1	161	221	2	253	3e-08	56.6
GPLIN_000414000	contig_31273	45.75	212	34	2	65	195	4212	3577	1e-64	 157
GPLIN_000414000	contig_31273	47.20	125	32	1	191	281	3508	3134	1e-64	 110
GPLIN_000414000	contig_31273	52.38	42	20	0	1	42	5603	5478	1e-04	47.4
GPLIN_000414000	contig_31273	82.61	23	4	0	35	57	5132	5064	0.017	40.0
GPLIN_000414100	contig_18538	60.00	105	41	1	339	443	1488	1177	1e-44	 127
GPLIN_000414100	contig_18538	45.56	90	21	1	281	342	1804	1535	1e-44	72.8
GPLIN_000414100	contig_18538	78.95	19	4	0	169	187	1968	1912	7.9	30.8
GPLIN_001323300	contig_80643	57.21	201	29	3	100	243	916	314	1e-65	 218
GPLIN_000047700	contig_233	87.50	64	8	0	421	484	271	462	3e-46	 138
GPLIN_000047700	contig_233	100.00	29	0	0	391	419	104	190	3e-46	67.4
GPLIN_000008700	contig_123980	80.68	88	3	1	176	249	2	265	2e-44	 151
GPLIN_000424400	contig_27992	52.90	138	22	4	339	434	2360	2770	2e-81	 118
GPLIN_000424400	contig_27992	84.62	52	8	0	427	478	2794	2949	2e-81	95.1
GPLIN_000424400	contig_27992	44.37	142	29	4	248	339	1876	2301	2e-81	91.7
GPLIN_000424400	contig_27992	96.30	27	1	0	218	244	1688	1768	2e-81	60.8
GPLIN_000424400	contig_27992	71.74	92	1	1	48	114	573	848	5e-30	 127
GPLIN_000424400	contig_27992	68.66	67	0	1	157	202	1319	1519	1e-16	85.5
GPLIN_000424400	contig_27992	97.30	37	1	0	267	303	2025	2135	1e-15	82.4
GPLIN_000424400	contig_27992	52.70	74	13	1	477	528	3141	3362	7e-11	67.4
GPLIN_000424400	contig_27992	100.00	29	0	0	128	156	1087	1173	2e-09	62.8
GPLIN_000424400	contig_27992	36.84	57	35	1	364	420	2511	2678	0.30	36.2
GPLIN_001335500	contig_69158	90.67	75	7	0	1	75	596	820	5e-34	 125
GPLIN_001335500	contig_69158	72.50	40	11	0	65	104	1154	1273	7e-13	66.6
GPLIN_001344300	contig_2325	96.94	98	3	0	260	357	621	328	2e-79	 194
GPLIN_001344300	contig_2325	100.00	53	0	0	207	259	898	740	2e-79	 122
GPLIN_001344300	contig_2325	98.21	56	1	0	110	165	1321	1154	1e-31	 121
GPLIN_001344300	contig_2325	86.67	15	2	0	165	179	1106	1062	1e-31	35.0
GPLIN_001344300	contig_2325	72.82	103	1	1	1	76	1945	1637	2e-26	 113
GPLIN_000466900	contig_9077	90.28	72	7	0	181	252	218	3	5e-39	 136
GPLIN_000495300	contig_13565	88.64	44	5	0	49	92	2759	2628	6e-30	80.9
GPLIN_000495300	contig_13565	60.00	65	6	1	89	133	2577	2383	6e-30	69.3
GPLIN_000495300	contig_13565	93.33	45	2	1	172	215	1762	1628	4e-18	87.0
GPLIN_000495300	contig_13565	90.00	50	0	1	127	171	2214	2065	3e-15	78.2
GPLIN_000495300	contig_13565	96.67	30	1	0	234	263	1147	1058	2e-09	60.5
GPLIN_000510600	contig_3281	53.09	194	57	2	123	282	4310	4891	6e-77	 199
GPLIN_000510600	contig_3281	66.20	71	24	0	54	124	4050	4262	6e-77	 108
GPLIN_000516100	contig_27928	55.06	158	23	3	18	127	636	163	7e-45	 158
GPLIN_001391000	contig_41868	99.07	107	1	0	126	232	334	14	5e-69	 221
GPLIN_001391000	contig_41868	82.14	84	14	1	59	141	653	402	5e-22	95.5
GPLIN_000555400	contig_76323	69.57	69	20	1	38	105	1454	1248	5e-15	73.2
GPLIN_000560800	contig_4519	97.52	121	3	0	110	230	1602	1240	3e-76	 255
GPLIN_000560800	contig_4519	98.36	61	1	0	260	320	1009	827	6e-32	 130
GPLIN_000560800	contig_4519	95.00	40	2	0	22	61	2015	1896	1e-15	81.3
GPLIN_000560800	contig_4519	95.38	65	1	1	374	436	617	423	4e-15	79.7
GPLIN_001417900	contig_154822	89.19	37	2	1	79	115	193	89	1e-15	70.1
GPLIN_000589200	contig_40799	91.67	108	9	0	40	147	387	64	9e-62	 210
GPLIN_000100500	contig_24260	71.43	35	10	0	13	47	578	474	3e-09	54.3
GPLIN_000100500	contig_24260	83.33	18	3	0	49	66	304	251	1.2	28.5
GPLIN_000608100	contig_82363	47.55	204	65	4	140	302	613	1221	3e-39	 146
GPLIN_000609400	contig_56484	48.87	133	57	4	29	152	544	936	2e-26	 109
GPLIN_000610000	contig_116074	70.97	93	8	1	155	228	1	279	6e-33	 121
GPLIN_000614900	contig_140876	100.00	25	0	0	116	140	63	137	2e-10	57.4
GPLIN_000616800	contig_54800	60.77	130	1	1	1	80	1394	1005	3e-24	98.2
GPLIN_000641200	contig_59858	89.32	103	11	0	352	454	310	2	9e-53	 179
GPLIN_000120500	contig_182894	53.33	75	3	1	127	169	235	11	4e-10	55.8
GPLIN_000120500	contig_182894	52.00	75	4	1	105	147	235	11	2e-09	54.3
GPLIN_000120500	contig_182894	86.96	23	3	0	103	125	79	11	3e-04	39.7
GPLIN_000122100	contig_3655	100.00	72	0	0	85	156	2139	2354	9e-70	 150
GPLIN_000122100	contig_3655	77.78	90	1	1	156	226	2417	2686	9e-70	 133
GPLIN_000122100	contig_3655	95.18	83	4	0	222	304	2845	3093	1e-34	 139
GPLIN_000122100	contig_3655	98.36	61	1	0	303	363	3367	3549	2e-31	 129
GPLIN_000122100	contig_3655	86.00	50	7	0	1	50	1472	1621	4e-18	88.6
GPLIN_000122100	contig_3655	100.00	35	0	0	363	397	3765	3869	2e-14	77.4
GPLIN_000122100	contig_3655	76.92	39	9	0	31	69	1620	1736	3e-10	63.9
GPLIN_000122100	contig_3655	35.48	62	32	2	1	61	988	824	6.4	31.2
GPLIN_001463000	contig_22533	100.00	53	0	0	113	165	156	314	2e-29	 110
GPLIN_000126000	contig_96961	96.17	183	7	0	240	422	585	37	7e-120	 355
GPLIN_000689500	contig_123288	67.89	109	4	1	173	250	1	327	8e-40	 145
GPLIN_000696300	contig_12730	39.91	233	97	5	52	248	739	1416	1e-49	 147
GPLIN_000696300	contig_12730	31.12	196	99	7	251	425	1476	2018	1e-49	69.3
GPLIN_000696300	contig_12730	56.10	41	15	2	433	473	2200	2313	0.026	39.3
GPLIN_000698800	contig_27054	58.95	95	21	2	1	77	423	139	7e-33	95.9
GPLIN_000698800	contig_27054	62.22	45	17	0	78	122	137	3	7e-33	63.9
GPLIN_000713500	contig_64853	100.00	58	0	0	104	161	889	1062	8e-32	 122
GPLIN_000713500	contig_64853	97.06	34	1	0	72	105	638	739	2e-14	72.4
GPLIN_000713500	contig_64853	48.48	33	17	0	100	132	638	736	0.006	38.1
GPLIN_000713500	contig_64853	52.38	21	10	0	67	87	946	1008	6.0	29.3
GPLIN_000723200	contig_2325	90.20	51	5	0	174	224	892	740	1e-42	 108
GPLIN_000723200	contig_2325	56.25	96	36	3	225	314	621	334	1e-42	85.1
GPLIN_000723200	contig_2325	63.79	58	19	1	73	130	1321	1154	6e-07	53.5
GPLIN_000723200	contig_2325	34.85	66	15	1	1	38	1945	1748	0.98	33.9
GPLIN_000140200	contig_23894	79.25	53	10	1	31	83	157	2	7e-22	85.1
GPLIN_000140200	contig_23894	76.00	25	5	1	4	28	318	247	7e-22	36.2
GPLIN_000142200	contig_26479	91.30	69	6	0	1	69	386	592	5e-40	 140
GPLIN_000744000	contig_84059	90.43	94	9	0	1	94	288	7	3e-44	 147
GPLIN_000758200	contig_468	63.11	103	9	1	93	166	1010	702	8e-68	 122
GPLIN_000758200	contig_468	90.38	52	5	0	163	214	595	440	8e-68	 102
GPLIN_000758200	contig_468	77.78	45	10	0	214	258	356	222	8e-68	73.9
GPLIN_000758200	contig_468	85.00	20	3	0	258	277	60	1	0.036	38.1
GPLIN_000758500	contig_73482	57.72	123	2	2	76	148	792	1160	3e-38	 119
GPLIN_000758500	contig_73482	80.95	21	4	0	149	169	1232	1294	3e-38	38.9
GPLIN_000758500	contig_73482	93.75	16	1	0	62	77	629	676	3e-38	38.1
GPLIN_000758500	contig_73482	83.33	12	2	0	53	64	523	558	3e-38	23.1
GPLIN_000758500	contig_73482	88.10	42	5	0	173	214	1512	1637	1e-14	77.4
GPLIN_000758500	contig_73482	90.62	32	3	0	3	34	224	319	1e-09	62.0
GPLIN_000776900	contig_78109	68.16	179	19	3	112	252	675	139	9e-116	 233
GPLIN_000776900	contig_78109	100.00	51	0	0	28	78	1106	954	9e-116	 114
GPLIN_000776900	contig_78109	100.00	33	0	0	79	111	877	779	9e-116	73.6
GPLIN_000776900	contig_78109	96.30	27	1	0	1	27	1237	1157	9e-116	60.1
GPLIN_000776900	contig_78109	90.32	31	3	0	162	192	476	384	5e-09	62.4
GPLIN_000807000	contig_9629	72.73	77	15	2	7	78	230	3	4e-28	 108
GPLIN_000818900	contig_45519	67.55	151	17	1	1	119	2253	2705	2e-35	 137
GPLIN_000819000	contig_87156	70.00	120	1	1	51	135	2	361	6e-45	 151
GPLIN_000821100	contig_53399	93.02	43	3	0	1	43	608	736	1e-19	83.6
GPLIN_000167000	contig_86431	96.43	84	3	0	51	134	1234	983	1e-45	 168
GPLIN_000167000	contig_86431	95.83	24	1	0	137	160	183	112	7e-07	53.1
GPLIN_000834600	contig_248641	31.58	38	26	0	26	63	285	172	1.0	30.0
GPLIN_000172000	contig_60851	100.00	20	0	0	73	92	46	105	3e-06	45.1
GPLIN_000847100	contig_160563	57.35	68	1	1	202	241	330	127	9e-15	72.4
GPLIN_000886500	contig_22176	91.01	89	3	1	106	189	265	531	1e-40	 144
GPLIN_000886500	contig_22176	80.77	26	5	0	86	111	3	80	2e-05	45.8
GPLIN_000886600	contig_148296	94.59	74	4	0	1	74	102	323	2e-28	 108
GPLIN_000886700	contig_3735	92.81	153	11	0	1	153	3735	3277	1e-95	 274
GPLIN_000886700	contig_3735	93.48	46	3	0	157	202	3214	3077	1e-95	96.3
GPLIN_000886700	contig_3735	64.86	111	4	2	255	344	2030	1740	2e-31	 126
GPLIN_000886700	contig_3735	85.71	14	2	0	242	255	2190	2149	2e-31	29.3
GPLIN_000886700	contig_3735	55.26	38	15	1	225	260	2924	2811	0.007	40.4
GPLIN_000185800	contig_96748	92.31	26	2	0	74	99	185	262	2e-18	55.8
GPLIN_000185800	contig_96748	86.67	30	4	0	45	74	3	92	2e-18	55.1
GPLIN_000897000	contig_45270	77.55	98	19	2	1	98	231	515	1e-44	 155
GPLIN_000897600	contig_2415	71.43	70	15	1	49	118	2013	2207	6e-24	99.8
GPLIN_000897600	contig_2415	100.00	36	0	0	33	68	1616	1723	6e-15	73.6
GPLIN_000187400	contig_46809	80.53	113	12	1	75	187	914	606	1e-51	 176
GPLIN_000187400	contig_46809	97.30	37	1	0	196	232	122	12	2e-13	70.5
GPLIN_000187400	contig_46809	64.00	25	9	0	151	175	512	438	0.070	35.8
GPLIN_000187600	contig_45256	37.64	263	89	8	49	243	242	1009	4e-34	 134
GPLIN_000195900	contig_27054	58.06	93	21	2	1	75	423	145	6e-25	95.9
GPLIN_000919700	contig_94723	93.18	44	3	0	85	128	180	311	6e-36	88.6
GPLIN_000919700	contig_94723	94.74	38	2	0	47	84	1	114	6e-36	80.1
GPLIN_000925000	contig_103044	59.57	47	13	2	1	43	428	562	3e-07	47.8
GPLIN_000927400	contig_27089	100.00	23	0	0	49	71	2	70	5e-11	52.8
GPLIN_000927400	contig_27089	100.00	14	0	0	97	110	139	180	5e-11	32.0
GPLIN_000943000	contig_8773	63.03	238	15	3	1	165	255	968	2e-88	 268
GPLIN_000943100	contig_181355	94.44	54	3	0	88	141	274	113	2e-24	94.4
GPLIN_000948600	contig_140886	39.73	73	44	0	58	130	373	155	4e-10	58.9
GPLIN_000957300	contig_69017	51.18	170	32	2	56	174	10	519	3e-35	 126
GPLIN_000208700	contig_32686	67.31	52	17	0	103	154	167	322	8e-17	75.1
GPLIN_000208800	contig_33513	94.19	86	2	1	44	129	756	508	1e-37	 132
GPLIN_000209100	contig_33820	67.96	181	20	4	1	145	539	3	5e-47	 160
GPLIN_000966000	contig_40772	72.34	94	20	1	65	158	162	425	4e-42	 127
GPLIN_000966000	contig_40772	87.10	31	4	0	154	184	524	616	4e-42	62.0
GPLIN_000027900	contig_53113	98.25	57	1	0	75	131	96	266	3e-32	 117
GPLIN_000028200	contig_48634	85.19	54	8	0	201	254	555	394	8e-21	90.5
GPLIN_000028200	contig_48634	54.29	70	22	2	78	137	588	379	3e-11	63.2
GPLIN_001004000	contig_146957	56.76	37	11	2	53	89	9	104	0.77	29.6
GPLIN_001008400	contig_6420	71.88	64	17	1	8	71	413	225	1e-15	70.1
GPLIN_000228700	contig_52405	74.47	47	12	0	57	103	220	360	2e-17	75.5
GPLIN_001550200	contig_113335	83.02	53	3	2	1	48	349	504	1e-20	83.2
GPLIN_001016900	contig_85383	57.80	109	39	3	84	187	3	323	1e-30	 116
GPLIN_001016900	contig_85383	82.35	17	3	0	159	175	522	572	0.15	34.3
GPLIN_001030400	contig_40581	83.94	249	8	2	32	249	1	744	5e-132	 410
GPLIN_001030700	contig_23894	69.81	53	15	1	30	82	157	2	1e-21	78.2
GPLIN_001030700	contig_23894	83.33	24	4	0	4	27	318	247	1e-21	42.0
GPLIN_001031700	contig_8206	49.38	160	27	3	17	124	3	476	8e-36	 125
GPLIN_000241600	contig_124417	88.10	42	5	0	8	49	151	26	2e-19	78.2
GPLIN_001040900	contig_64876	97.67	43	1	0	125	167	422	294	1e-32	87.0
GPLIN_001040900	contig_64876	66.67	57	3	1	164	204	211	41	1e-32	72.0
GPLIN_001040900	contig_64876	96.43	56	2	0	41	96	729	562	5e-27	 113
GPLIN_001040900	contig_64876	100.00	19	0	0	1	19	917	861	3e-04	43.9
GPLIN_001066900	contig_111185	91.67	36	3	0	96	131	783	890	7e-25	68.2
GPLIN_001066900	contig_111185	77.50	40	8	1	49	88	587	703	7e-25	65.1
GPLIN_000258900	contig_89138	90.53	95	7	1	104	196	420	136	2e-49	 175
GPLIN_000258900	contig_89138	96.88	32	1	0	75	106	1206	1111	4e-11	65.9
GPLIN_001080000	contig_81162	56.70	97	21	3	34	109	294	4	2e-23	93.2
GPLIN_001099200	contig_33009	77.58	223	5	1	396	573	1228	560	3e-90	 304
GPLIN_001099200	contig_33009	97.78	90	1	1	607	696	280	14	2e-44	 172
GPLIN_001099200	contig_33009	98.81	84	1	0	309	392	1668	1417	5e-29	 125
GPLIN_000271900	contig_42967	85.54	83	11	1	139	220	1152	904	7e-52	 110
GPLIN_000271900	contig_42967	88.52	61	6	1	79	138	1387	1205	7e-52	 105
GPLIN_000271900	contig_42967	92.86	14	1	0	218	231	836	795	7e-52	28.9
GPLIN_000271900	contig_42967	90.62	32	3	0	266	297	430	335	3e-10	62.4
GPLIN_000271900	contig_42967	49.09	55	24	3	206	258	1004	846	0.006	40.0
GPLIN_000280900	contig_78416	92.98	57	4	0	105	161	173	3	6e-29	 111
GPLIN_000280900	contig_78416	95.92	49	2	0	33	81	173	27	4e-25	 100
GPLIN_000281300	contig_54129	82.88	111	15	1	24	130	935	603	7e-92	 180
GPLIN_000281300	contig_54129	83.13	83	14	0	126	208	523	275	7e-92	 136
GPLIN_000281300	contig_54129	95.65	23	1	0	1	23	1060	992	7e-92	45.1
GPLIN_000281300	contig_54129	57.89	38	14	2	209	244	221	108	7e-92	37.7
GPLIN_001127400	contig_81446	95.00	40	2	0	72	111	528	647	6e-17	79.7
GPLIN_001127400	contig_81446	72.22	36	10	0	125	160	852	959	9e-11	61.6
GPLIN_001127400	contig_81446	64.00	25	9	0	53	77	172	246	0.87	31.6
GPLIN_000283500	contig_72549	58.06	124	22	2	3	96	217	588	4e-36	 132
GPLIN_000283500	contig_72549	73.33	30	6	1	127	154	588	677	4e-36	39.7
GPLIN_001138300	contig_124335	87.01	77	10	0	253	329	233	3	1e-38	 138
GPLIN_001138500	contig_13689	100.00	100	0	0	158	257	2851	2552	4e-71	 209
GPLIN_001138500	contig_13689	96.97	33	1	0	273	305	2327	2229	4e-71	68.9
GPLIN_001138500	contig_13689	86.67	15	2	0	258	272	2487	2443	4e-71	30.8
GPLIN_001138700	contig_13689	100.00	100	0	0	157	256	2851	2552	5e-68	 209
GPLIN_001138700	contig_13689	83.87	31	5	0	272	302	2327	2235	5e-68	58.5
GPLIN_001138700	contig_13689	86.67	15	2	0	257	271	2487	2443	5e-68	31.2
GPLIN_001146800	contig_12730	52.10	238	68	5	51	244	739	1446	2e-59	 213
GPLIN_001146800	contig_12730	40.13	299	75	8	168	365	1128	2015	5e-40	 157
GPLIN_001146800	contig_12730	57.58	66	25	1	374	436	2200	2397	2e-11	68.6
GPLIN_001146800	contig_12730	71.43	28	5	1	410	434	2519	2602	2e-06	38.5
GPLIN_001146800	contig_12730	83.33	18	3	0	441	458	2619	2672	2e-06	32.7
GPLIN_001153200	contig_31251	54.91	224	36	4	443	604	663	1	4e-59	 204
GPLIN_001153200	contig_31251	58.33	168	34	3	648	795	663	208	3e-42	 157
GPLIN_001153200	contig_31251	37.56	221	18	6	299	399	663	1	2e-23	 102
GPLIN_001153300	contig_31251	61.29	155	32	3	284	413	663	208	8e-50	 174
GPLIN_001183800	contig_33820	66.48	179	16	1	1	135	539	3	3e-47	 160
GPLIN_001184500	contig_8079	94.79	96	5	0	18	113	1927	2214	2e-56	 192
GPLIN_001185000	contig_31894	79.17	72	8	1	29	93	391	606	9e-29	 111
GPLIN_001592300	contig_42601	100.00	47	0	0	1	47	189	49	8e-23	92.0
GPLIN_001196900	contig_4820	93.10	29	2	0	20	48	276	190	2e-11	58.5
GPLIN_000318900	contig_33413	86.23	138	12	3	1	136	741	343	1e-65	 208
GPLIN_000319000	contig_472	100.00	55	0	0	32	86	190	354	4e-43	 124
GPLIN_000319000	contig_472	100.00	34	0	0	85	118	408	509	4e-43	71.6
GPLIN_000319500	contig_82315	100.00	17	0	0	32	48	81	31	3e-04	38.1
GPLIN_001223000	contig_73760	67.03	185	17	4	1	143	942	1490	1e-43	 159
GPLIN_001223000	contig_73760	100.00	12	0	0	165	176	2609	2644	0.67	32.3
GPLIN_001232800	contig_12730	47.83	230	78	2	52	239	739	1428	1e-52	 190
GPLIN_001232800	contig_12730	56.06	66	26	1	248	310	2200	2397	1e-09	61.6
GPLIN_001232800	contig_12730	71.43	28	5	1	284	308	2519	2602	0.003	38.5
GPLIN_001232800	contig_12730	63.16	19	6	1	315	333	2619	2672	0.003	21.6
GPLIN_000333000	contig_69217	100.00	13	0	0	21	33	733	771	2.1	28.1
GPLIN_000333100	contig_135040	97.30	37	1	0	177	213	76	186	2e-17	77.0
GPLIN_000342300	contig_11974	96.08	51	2	0	110	160	2158	2310	6e-38	 105
GPLIN_000342300	contig_11974	61.54	52	10	2	76	117	1916	2071	6e-38	53.5
GPLIN_000342300	contig_11974	73.91	23	6	0	60	82	1818	1886	6e-38	38.5
GPLIN_000342300	contig_11974	100.00	54	0	0	172	225	2706	2867	1e-28	 119
GPLIN_000342300	contig_11974	94.92	59	3	0	224	282	3144	3320	3e-28	 117
GPLIN_001244900	contig_60916	52.32	151	46	6	88	228	1650	1246	1e-33	 129
GPLIN_000357600	contig_14257	93.24	74	5	0	185	258	618	839	6e-38	 147
GPLIN_000357600	contig_14257	72.00	100	9	1	252	332	1158	1457	9e-37	 144
GPLIN_000357600	contig_14257	96.08	51	2	0	12	62	2842	2994	1e-23	 104
GPLIN_000357600	contig_14257	54.10	61	23	2	156	211	213	395	4e-12	68.9
GPLIN_000361100	contig_135040	96.77	62	2	0	344	405	1	186	2e-22	93.6
GPLIN_000361100	contig_135040	95.16	62	3	0	97	158	1	186	2e-21	90.9
GPLIN_000361100	contig_135040	87.10	62	7	1	158	218	1	186	2e-15	74.3
GPLIN_001262300	contig_24791	96.17	366	10	3	348	713	414	1499	0.0	 551
GPLIN_001262300	contig_24791	82.78	151	18	2	224	374	1	429	4e-51	 192
GPLIN_001263700	contig_176394	94.38	89	5	0	121	209	271	5	9e-50	 162
GPLIN_001268500	contig_6110	51.30	115	36	1	59	153	954	610	6e-39	 117
GPLIN_001268500	contig_6110	90.32	31	3	0	28	58	1105	1013	6e-39	63.5
GPLIN_000376600	contig_129126	80.39	102	6	1	409	496	374	69	7e-49	 169
GPLIN_001292400	contig_21409	86.85	365	26	4	140	483	1174	83	0.0	 556
GPLIN_000061100	contig_181	99.12	113	1	0	196	308	358	20	2e-58	 199
GPLIN_000061100	contig_181	90.57	53	5	0	143	195	717	559	9e-29	 103
GPLIN_000061100	contig_181	100.00	19	0	0	124	142	872	816	9e-29	43.1
GPLIN_000061100	contig_181	86.96	23	3	0	105	127	1101	1033	9e-06	49.3
GPLIN_000063100	contig_468	69.70	99	1	1	90	159	1010	714	2e-77	 129
GPLIN_000063100	contig_468	94.23	52	3	0	160	211	595	440	2e-77	 108
GPLIN_000063100	contig_468	91.49	47	4	0	211	257	356	216	2e-77	93.2
GPLIN_000063100	contig_468	85.00	20	3	0	255	274	60	1	0.016	39.3
GPLIN_000063700	contig_16467	95.71	70	3	0	1	70	1444	1653	4e-35	 141
GPLIN_000063700	contig_16467	45.16	62	26	2	276	331	1474	1653	2e-04	46.2
GPLIN_001304400	contig_69158	82.67	75	12	1	1	74	596	820	2e-25	 103
GPLIN_001304400	contig_69158	61.29	31	12	0	64	94	1154	1246	2e-04	42.4
GPLIN_001318000	contig_41588	45.15	237	44	9	18	175	2301	1612	2e-40	 149
GPLIN_001318000	contig_41588	100.00	61	0	0	91	151	1921	1739	3e-31	 123
GPLIN_001318000	contig_41588	92.86	14	1	0	1	14	2473	2432	5.3	29.6
GPLIN_001319300	contig_70845	48.95	143	10	3	52	131	454	882	3e-44	 117
GPLIN_001319300	contig_70845	56.18	89	1	2	1	51	144	410	3e-44	81.3
GPLIN_000075700	contig_13679	50.27	187	8	4	1	102	1276	1836	4e-39	 146
GPLIN_000075700	contig_13679	100.00	54	0	0	142	195	2123	2284	3e-27	 112
GPLIN_001337800	contig_129942	93.85	65	1	1	8	72	188	3	8e-36	 121
GPLIN_001339200	contig_106992	90.12	81	8	0	145	225	120	362	6e-45	 151
GPLIN_001339200	contig_106992	66.30	92	19	3	67	150	99	362	2e-26	 102
GPLIN_000442900	contig_31449	90.32	93	6	1	527	619	1578	1309	2e-69	 175
GPLIN_000442900	contig_31449	97.56	41	1	0	487	527	1742	1620	2e-69	88.6
GPLIN_000442900	contig_31449	100.00	17	0	0	616	632	1321	1271	2e-69	41.6
GPLIN_000442900	contig_31449	95.65	23	1	0	433	455	2079	2011	1e-04	47.4
GPLIN_000072400	contig_69386	100.00	26	0	0	52	77	264	187	7e-11	56.6
GPLIN_000072400	contig_69386	100.00	11	0	0	42	52	376	344	6.3	26.6
GPLIN_001358800	contig_4940	72.92	96	9	2	73	151	524	237	8e-40	 136
GPLIN_000481100	contig_116225	76.54	81	19	0	86	166	298	56	2e-33	 127
GPLIN_001384700	contig_81577	90.12	243	4	1	160	382	3	731	0.0	 449
GPLIN_001384700	contig_81577	100.00	85	0	0	383	467	794	1048	0.0	 179
GPLIN_001384700	contig_81577	100.00	23	0	0	468	490	1111	1179	0.0	51.2
GPLIN_001390500	contig_4940	72.63	95	10	1	1	79	524	240	2e-42	 140
GPLIN_000555600	contig_32071	93.10	58	4	0	276	333	188	15	1e-38	 111
GPLIN_000555600	contig_32071	96.97	33	1	0	244	276	337	239	1e-38	69.7
GPLIN_001416500	contig_44491	47.15	123	51	3	485	595	258	620	9e-23	 102
GPLIN_001416500	contig_44491	70.27	37	11	0	454	490	1	111	4e-09	60.1
GPLIN_000594000	contig_66887	86.55	119	10	1	343	455	592	236	7e-79	 215
GPLIN_000594000	contig_66887	94.12	68	4	0	448	515	206	3	7e-79	99.8
GPLIN_000594000	contig_66887	100.00	56	0	0	287	342	1104	937	1e-27	 119
GPLIN_000594000	contig_66887	88.00	50	6	0	178	227	1902	1753	5e-19	92.8
GPLIN_000594000	contig_66887	87.88	33	4	0	222	254	1423	1325	2e-09	62.0
GPLIN_000594000	contig_66887	100.00	41	0	0	142	182	2495	2373	4e-07	55.1
GPLIN_000604400	contig_32071	82.76	58	10	0	274	331	188	15	6e-30	98.2
GPLIN_000604400	contig_32071	75.76	33	8	0	242	274	337	239	6e-30	53.1
GPLIN_001431400	contig_14169	73.61	72	17	1	90	159	2842	3057	6e-45	 106
GPLIN_001431400	contig_14169	76.36	55	13	0	156	210	3098	3262	6e-45	93.6
GPLIN_001431400	contig_14169	51.43	70	34	0	90	159	5282	5073	2e-11	65.5
GPLIN_001431400	contig_14169	65.79	38	13	0	211	248	3725	3838	3e-06	50.1
GPLIN_001431400	contig_14169	56.41	39	16	1	211	248	4577	4461	0.002	41.2
GPLIN_000621200	contig_109659	98.96	96	1	0	196	291	369	656	3e-56	 200
GPLIN_000621200	contig_109659	97.44	39	1	0	141	179	112	228	2e-21	85.1
GPLIN_000621200	contig_109659	95.24	21	1	0	122	142	2	64	2e-21	38.5
GPLIN_000621200	contig_109659	91.49	47	4	0	355	401	838	978	6e-21	95.5
GPLIN_000621200	contig_109659	100.00	10	0	0	397	406	1028	1057	6e-21	26.2
GPLIN_001443600	contig_36424	76.71	73	5	1	30	90	57	275	1e-30	 108
GPLIN_000637900	contig_106992	92.00	75	6	0	50	124	120	344	6e-42	 140
GPLIN_000637900	contig_106992	66.67	84	17	2	4	79	93	335	2e-26	 100
GPLIN_000637900	contig_106992	52.00	50	24	0	85	134	99	248	1e-07	49.3
GPLIN_000637900	contig_106992	38.89	54	32	1	2	55	204	362	4e-04	39.3
GPLIN_000638800	contig_34015	98.67	75	1	0	61	135	2	226	3e-31	 112
GPLIN_000642100	contig_20908	70.00	70	21	0	21	90	226	435	1e-29	 108
GPLIN_000119200	contig_42789	79.52	83	15	1	57	139	53	295	2e-07	48.1
GPLIN_000120300	contig_106992	98.61	72	1	0	34	105	129	344	1e-43	 143
GPLIN_000120300	contig_106992	52.00	50	24	0	66	115	99	248	4e-08	50.1
GPLIN_001456900	contig_94938	74.62	130	3	2	1	100	105	494	8e-57	 184
GPLIN_000666500	contig_15607	76.95	243	6	2	57	249	9203	8475	8e-112	 369
GPLIN_000666500	contig_15607	73.29	146	9	1	334	449	7812	7375	3e-91	 201
GPLIN_000666500	contig_15607	70.00	120	6	1	244	333	8228	7869	3e-91	 155
GPLIN_000666500	contig_15607	89.13	46	5	0	11	56	9542	9405	2e-14	78.6
GPLIN_000666500	contig_15607	90.00	20	2	0	441	460	7232	7173	0.009	40.8
GPLIN_000667500	contig_1973	95.10	102	5	0	42	143	207	512	2e-55	 191
GPLIN_000667500	contig_1973	95.00	20	1	0	23	42	1	60	0.002	39.3
GPLIN_000668700	contig_34015	98.67	75	1	0	81	155	2	226	3e-31	 113
GPLIN_000126500	contig_4940	65.62	96	17	1	23	102	524	237	1e-36	 126
GPLIN_000683800	contig_132476	91.30	23	2	0	48	70	209	277	2e-07	47.8
GPLIN_000684200	contig_132476	76.92	26	4	1	115	140	206	277	2e-04	40.8
GPLIN_000697600	contig_67574	43.81	105	17	1	10	72	461	147	1e-16	77.8
GPLIN_001471200	contig_71985	89.19	74	8	0	27	100	606	385	6e-37	 132
GPLIN_001471200	contig_71985	89.47	38	4	0	101	138	236	123	5e-17	73.6
GPLIN_001471200	contig_71985	93.94	33	2	0	136	168	130	32	5e-17	32.0
GPLIN_001475500	contig_60515	75.18	137	0	2	69	171	2119	1709	4e-74	 200
GPLIN_001475500	contig_60515	96.88	64	2	0	7	70	2396	2205	4e-74	97.1
GPLIN_000738800	contig_9345	57.72	123	14	4	64	150	2319	2681	1e-30	 120
GPLIN_000738800	contig_9345	97.22	36	1	0	15	50	1966	2073	4e-15	75.1
GPLIN_000738800	contig_9345	91.67	24	2	0	92	115	2455	2526	6e-07	50.1
GPLIN_000760900	contig_69347	81.16	69	12	1	108	175	531	737	4e-28	 113
GPLIN_000760900	contig_69347	88.52	61	6	1	13	72	555	737	7e-28	 112
GPLIN_000763000	contig_179595	100.00	77	0	0	89	165	296	66	2e-48	 164
GPLIN_000763000	contig_179595	38.67	75	44	2	218	290	293	69	2e-11	63.5
GPLIN_000768400	contig_125248	90.16	61	4	1	172	230	108	290	1e-21	94.7
GPLIN_000780600	contig_77556	70.18	171	3	2	100	222	17	529	2e-50	 168
GPLIN_000785400	contig_147981	100.00	46	0	0	214	259	71	208	2e-24	97.4
GPLIN_000792900	contig_116225	75.36	69	14	1	31	96	265	59	2e-25	 102
GPLIN_000793000	contig_42789	76.83	82	14	2	10	87	53	295	4e-05	40.8
GPLIN_000796500	contig_17992	73.53	68	17	1	59	126	712	512	2e-30	98.6
GPLIN_000796500	contig_17992	88.46	26	3	0	126	151	443	366	2e-30	52.0
GPLIN_000796500	contig_17992	61.02	59	23	0	1	59	1265	1089	6e-14	71.2
GPLIN_000803500	contig_4940	77.08	96	5	2	73	151	524	237	3e-44	 148
GPLIN_000812600	contig_102262	97.62	42	1	0	21	62	246	121	8e-21	82.4
GPLIN_000167300	contig_45774	87.14	70	9	0	86	155	1600	1391	3e-17	83.2
GPLIN_000167300	contig_45774	51.22	82	6	1	147	194	1219	974	1e-14	75.1
GPLIN_000167300	contig_45774	76.92	39	7	1	28	66	1953	1843	5e-09	58.2
GPLIN_000167300	contig_45774	92.86	14	1	0	201	214	744	703	4.4	30.4
GPLIN_000167700	contig_20908	99.04	104	1	0	1	104	160	471	4e-62	 191
GPLIN_000850500	contig_32944	89.47	57	6	0	60	116	2	172	4e-14	70.9
GPLIN_000854400	contig_34595	35.42	48	26	2	90	137	382	254	2.4	29.6
GPLIN_000860700	contig_65185	96.36	55	2	0	27	81	165	1	5e-32	 111
GPLIN_000869800	contig_183462	63.16	57	1	1	12	48	1	171	7e-14	65.5
GPLIN_000870000	contig_96868	100.00	38	0	0	111	148	72	185	5e-20	85.5
GPLIN_000178900	contig_6898	33.56	146	51	1	57	156	100	537	4e-18	84.7
GPLIN_000872800	contig_24100	78.48	79	14	2	22	99	313	83	1e-33	 122
GPLIN_000901700	contig_49159	50.00	46	2	1	14	38	15	152	2e-04	39.3
GPLIN_000901900	contig_81423	92.31	26	2	0	9	34	114	191	1e-11	49.7
GPLIN_000901900	contig_81423	94.44	18	1	0	34	51	251	304	1e-11	37.0
GPLIN_000187800	contig_66108	57.29	96	38	3	6	98	10	297	7e-27	 100
GPLIN_000188200	contig_23217	81.91	94	0	1	201	277	315	34	2e-100	 152
GPLIN_000188200	contig_23217	92.65	68	5	0	60	127	1010	807	2e-100	 133
GPLIN_000188200	contig_23217	65.62	64	4	1	156	201	611	420	2e-100	84.7
GPLIN_000188200	contig_23217	90.00	30	3	0	126	155	756	667	2e-100	59.3
GPLIN_000188200	contig_23217	87.32	71	8	1	1	70	1249	1037	7e-29	 122
GPLIN_001526900	contig_25046	49.28	207	72	6	66	242	940	1551	3e-52	 176
GPLIN_001526900	contig_25046	66.67	36	12	0	33	68	792	899	3e-52	48.1
GPLIN_000931100	contig_82888	98.63	73	1	0	1	73	1227	1445	6e-32	 119
GPLIN_000933000	contig_25046	100.00	72	0	0	36	107	940	1155	1e-85	 152
GPLIN_000933000	contig_25046	92.86	56	4	0	154	209	1384	1551	1e-85	 115
GPLIN_000933000	contig_25046	96.30	54	2	0	107	160	1199	1360	1e-85	75.5
GPLIN_000933000	contig_25046	97.37	38	1	0	1	38	786	899	1e-85	35.8
GPLIN_000933000	contig_25046	90.00	70	3	1	200	269	1740	1937	2e-29	 119
GPLIN_000201400	contig_87099	56.76	111	24	2	29	116	878	549	1e-30	 121
GPLIN_000201400	contig_87099	52.70	74	11	1	118	167	222	1	7e-12	67.0
GPLIN_000201400	contig_87099	77.78	27	5	1	1	27	1266	1189	0.002	41.2
GPLIN_000950800	contig_62627	77.19	57	13	0	13	69	337	167	3e-27	86.3
GPLIN_000950800	contig_62627	57.69	52	5	1	63	97	188	33	3e-27	53.1
GPLIN_000950900	contig_62627	80.60	67	13	0	13	79	337	137	6e-28	 105
GPLIN_000962200	contig_84800	44.62	186	29	4	59	172	663	1214	2e-81	 123
GPLIN_000962200	contig_84800	81.36	59	11	0	170	228	1316	1492	2e-81	 107
GPLIN_000962200	contig_84800	41.61	137	32	5	229	320	1555	1956	2e-81	88.2
GPLIN_000962200	contig_84800	88.00	25	3	0	35	59	542	616	2e-81	46.2
GPLIN_000962200	contig_84800	24.86	185	70	7	163	321	1534	1959	0.012	39.3
GPLIN_000962200	contig_84800	41.18	34	20	0	287	320	1316	1417	0.58	33.9
GPLIN_000207700	contig_8381	69.23	65	20	0	1	65	324	130	5e-23	89.0
GPLIN_000969800	contig_110173	84.48	58	9	0	18	75	2	175	7e-26	99.8
GPLIN_000969900	contig_110173	92.68	41	3	0	45	85	2	124	1e-17	75.9
GPLIN_000969900	contig_110173	48.39	31	16	0	69	99	73	165	0.003	35.8
GPLIN_000970000	contig_110173	86.21	58	8	0	45	102	2	175	8e-26	 101
GPLIN_000970100	contig_110173	90.48	63	6	0	45	107	2	190	1e-32	 115
GPLIN_001541500	contig_93822	44.07	59	24	3	36	85	198	374	8e-06	43.9
GPLIN_001030900	contig_109622	96.25	80	3	0	29	108	19	258	6e-51	 165
GPLIN_001038900	contig_17992	74.63	67	16	1	102	168	709	512	2e-29	94.7
GPLIN_001038900	contig_17992	92.31	26	2	0	168	193	443	366	2e-29	53.1
GPLIN_001038900	contig_17992	63.89	72	26	0	29	100	1307	1092	5e-22	96.3
GPLIN_001043600	contig_102262	90.48	42	4	0	21	62	246	121	2e-19	80.5
GPLIN_000243700	contig_36424	93.15	73	5	0	30	102	57	275	6e-43	 143
GPLIN_000243800	contig_36424	90.67	75	5	1	46	120	57	275	8e-41	 139
GPLIN_001559100	contig_33565	95.00	40	2	0	61	100	117	236	2e-24	82.0
GPLIN_001559100	contig_33565	95.65	23	1	0	40	62	2	70	2e-24	48.1
GPLIN_000248100	contig_8957	82.32	198	26	4	9	205	1292	1861	6e-54	 189
GPLIN_001090500	contig_62627	98.28	58	1	0	25	82	310	137	7e-30	 114
GPLIN_001090500	contig_62627	65.31	49	12	1	100	143	265	119	3e-12	64.3
GPLIN_001090600	contig_62627	80.60	67	13	0	13	79	337	137	3e-27	 105
GPLIN_001098200	contig_54130	81.03	58	11	0	43	100	243	416	2e-14	68.9
GPLIN_001110200	contig_154195	75.41	61	15	0	29	89	36	218	2e-25	94.7
GPLIN_000293500	contig_92927	64.71	51	18	0	42	92	454	606	2e-14	67.8
GPLIN_001582700	contig_36424	88.37	43	5	0	27	69	54	182	6e-21	82.4
GPLIN_001162100	contig_65185	96.36	55	2	0	27	81	165	1	1e-31	 112
GPLIN_000297600	contig_48011	78.05	123	9	1	49	153	1234	866	3e-54	 191
GPLIN_000297600	contig_48011	100.00	40	0	0	185	224	164	45	3e-20	93.2
GPLIN_000297600	contig_48011	68.89	45	10	1	155	195	382	248	8e-10	61.6
GPLIN_000308900	contig_36424	91.11	45	4	0	30	74	57	191	1e-23	89.4
GPLIN_000309000	contig_36424	95.00	40	2	0	30	69	57	176	5e-21	82.8
GPLIN_001199500	contig_158775	75.23	109	4	1	157	242	329	3	9e-44	 154
GPLIN_001199500	contig_158775	67.86	84	4	1	82	142	329	78	3e-27	 108
GPLIN_001203000	contig_26374	81.67	60	7	1	24	83	912	745	3e-26	 101
GPLIN_001205000	contig_80041	97.62	42	1	0	175	216	611	736	7e-21	91.3
GPLIN_001205000	contig_80041	100.00	54	0	0	121	174	21	182	7e-15	73.9
GPLIN_001205000	contig_80041	55.00	40	18	0	44	83	617	736	7e-08	54.3
GPLIN_000314000	contig_32944	87.72	57	7	0	111	167	2	172	4e-14	72.0
GPLIN_001596100	contig_71985	63.38	71	24	1	1	69	603	391	4e-21	87.8
GPLIN_001596100	contig_71985	71.05	38	10	1	71	108	239	129	2e-08	52.4
GPLIN_001221800	contig_121125	93.94	66	4	0	24	89	1	198	2e-25	97.4
GPLIN_001221900	contig_121125	92.98	57	4	0	1	57	28	198	2e-30	 109
GPLIN_000325200	contig_181020	49.09	55	28	0	1	55	244	80	3e-09	52.0
GPLIN_001606400	contig_110173	76.12	67	14	1	45	111	2	196	5e-24	95.9
GPLIN_000349200	contig_61685	90.79	152	13	1	110	260	1918	1463	1e-83	 278
GPLIN_000349200	contig_61685	91.36	81	7	0	1	81	2681	2439	1e-39	 151
GPLIN_000349200	contig_61685	91.89	37	3	0	80	116	2257	2147	5e-14	73.9
GPLIN_000349200	contig_61685	33.33	135	76	5	109	238	60	437	4e-10	62.4
GPLIN_001613000	contig_132476	80.77	26	3	1	123	148	206	277	6e-05	42.7
GPLIN_000359000	contig_42789	64.71	85	29	1	20	104	44	295	8e-05	40.0
GPLIN_000370900	contig_44491	47.15	123	51	3	424	534	258	620	4e-22	99.8
GPLIN_000370900	contig_44491	70.27	37	11	0	393	429	1	111	4e-09	60.5
GPLIN_000376700	contig_10636	98.96	96	1	0	197	292	311	24	3e-63	 199
GPLIN_001295300	contig_6522	95.24	21	1	0	1	21	86	148	2e-05	43.9
GPLIN_000388900	contig_18381	51.01	149	38	3	243	358	371	811	2e-58	 136
GPLIN_000388900	contig_18381	92.86	42	3	0	202	243	198	323	2e-58	80.5
GPLIN_000388900	contig_18381	100.00	22	0	0	184	205	94	159	2e-58	50.1
GPLIN_000057600	contig_147313	81.97	61	11	0	1	61	306	124	1e-29	 107
GPLIN_000060800	contig_17992	95.52	67	3	0	99	165	712	512	3e-42	 134
GPLIN_000060800	contig_17992	96.15	26	1	0	165	190	443	366	3e-42	55.8
GPLIN_000060800	contig_17992	94.59	74	4	0	27	100	1307	1086	5e-39	 145
GPLIN_000407400	contig_94938	73.85	130	4	2	1	100	105	494	2e-56	 183
GPLIN_001317500	contig_35854	83.33	30	5	0	100	129	499	588	2e-09	56.2
GPLIN_000015300	contig_42657	93.18	44	3	0	66	109	442	573	1e-18	85.5
GPLIN_000015300	contig_42657	96.67	30	1	0	25	54	192	281	1e-11	64.3
GPLIN_000574800	contig_21235	79.23	130	1	1	199	302	1127	1516	4e-102	 203
GPLIN_000574800	contig_21235	93.67	79	5	0	126	204	862	1098	4e-102	 146
GPLIN_000574800	contig_21235	87.88	33	4	0	298	330	1575	1673	4e-102	63.5
GPLIN_000574800	contig_21235	54.55	143	30	3	335	444	1823	2245	9e-58	 131
GPLIN_000574800	contig_21235	100.00	59	0	0	439	497	2353	2529	9e-58	 113
GPLIN_000574800	contig_21235	65.22	23	8	0	49	71	2040	2108	0.004	42.0
GPLIN_000591100	contig_63817	37.50	96	20	3	14	69	1	288	2e-07	48.1
GPLIN_000638300	contig_45593	94.20	69	4	0	5	73	1011	805	2e-38	 134
GPLIN_000169700	contig_138134	96.36	55	2	0	91	145	1025	861	8e-38	 110
GPLIN_000169700	contig_138134	96.77	31	1	0	64	94	1197	1105	8e-38	64.3
GPLIN_000169700	contig_138134	97.50	40	1	0	1	40	1741	1622	2e-14	72.4
GPLIN_000996800	contig_56390	94.20	362	17	2	21	379	169	1251	4e-167	 493
GPLIN_000996800	contig_56390	92.31	78	3	1	449	526	1429	1653	5e-36	 143
GPLIN_001255700	contig_65185	94.55	55	3	0	27	81	165	1	2e-29	 108
GPLIN_000393900	contig_2620	63.64	154	23	2	180	300	1041	580	7e-50	 184
GPLIN_000393900	contig_2620	98.00	50	1	0	289	338	568	419	9e-33	 113
GPLIN_000393900	contig_2620	95.45	22	1	0	339	360	377	312	9e-33	48.1
GPLIN_000393900	contig_2620	100.00	39	0	0	47	85	1546	1430	3e-31	81.6
GPLIN_000393900	contig_2620	90.00	40	4	0	126	165	1362	1243	3e-31	73.9
GPLIN_000990400	contig_39827	74.14	232	15	1	294	480	2322	1627	4e-101	 335
GPLIN_000990400	contig_39827	67.47	249	3	2	1	171	3779	3033	2e-89	 301
GPLIN_000990400	contig_39827	97.98	99	2	0	168	266	2877	2581	6e-52	 194
GPLIN_000990400	contig_39827	29.94	167	100	6	299	455	3803	3324	5e-10	64.3
GPLIN_000990400	contig_39827	50.00	58	28	1	23	79	2106	1933	1e-07	57.0
GPLIN_000990400	contig_39827	51.35	37	1	1	461	480	1636	1526	3.2	32.7
GPLIN_000668600	contig_106992	90.67	75	7	0	124	198	120	344	3e-41	 141
GPLIN_000668600	contig_106992	67.07	82	16	2	80	153	99	335	1e-25	 100
GPLIN_000668600	contig_106992	52.00	50	24	0	159	208	99	248	2e-07	50.1
GPLIN_000668600	contig_106992	40.00	55	32	1	75	129	201	362	0.001	39.3
GPLIN_000977100	contig_107847	86.79	53	7	0	10	62	625	467	2e-23	 102
GPLIN_000926600	contig_107847	90.57	53	5	0	42	94	625	467	1e-26	 103
GPLIN_000950600	contig_36424	94.44	72	4	0	11	82	57	272	4e-43	 143
GPLIN_000950100	contig_36424	91.78	73	6	0	30	102	57	275	5e-42	 141
GPLIN_000203300	contig_116225	77.78	81	18	0	86	166	298	56	4e-34	 129
GPLIN_000912100	contig_110173	86.21	58	8	0	45	102	2	175	1e-25	 100
GPLIN_000235400	contig_42789	62.35	85	27	2	97	177	44	295	3e-04	40.4
GPLIN_000740500	contig_45593	89.86	69	7	0	5	73	1011	805	4e-36	 127
GPLIN_001390400	contig_36424	91.78	73	6	0	30	102	57	275	3e-42	 142
GPLIN_000662500	contig_107847	96.23	53	2	0	42	94	625	467	1e-28	 109
GPLIN_000107400	contig_14085	95.24	63	3	0	133	195	2166	2354	2e-31	 124
GPLIN_000107400	contig_14085	86.67	45	6	0	94	138	1705	1839	8e-28	73.9
GPLIN_000107400	contig_14085	100.00	34	0	0	62	95	1493	1594	8e-28	68.2
GPLIN_000107400	contig_14085	96.88	32	1	0	1	32	771	866	1e-11	65.5
GPLIN_000107400	contig_14085	86.11	36	5	0	30	65	1025	1132	1e-09	59.3
GPLIN_000467400	contig_101221	74.19	155	3	2	42	159	86	550	3e-66	 211
GPLIN_000673000	contig_93130	72.18	133	21	1	21	137	144	542	1e-76	 186
GPLIN_000673000	contig_93130	43.33	120	33	3	137	223	617	970	1e-76	75.9
GPLIN_000673000	contig_93130	93.75	32	2	0	224	255	1029	1124	1e-76	67.0
GPLIN_000142600	contig_51410	82.00	100	18	0	2	101	638	339	3e-50	 176
GPLIN_000142600	contig_51410	80.39	51	10	0	102	152	166	14	2e-18	86.3
GPLIN_000294400	contig_52273	92.73	55	4	0	40	94	6	170	7e-27	 102
GPLIN_000294500	contig_52274	48.97	145	18	2	103	191	301	735	4e-57	 124
GPLIN_000294500	contig_52274	76.12	67	16	0	35	101	48	248	4e-57	 106
GPLIN_000294500	contig_52274	72.73	22	6	0	190	211	774	839	4e-57	32.3
GPLIN_000322300	contig_61007	57.93	164	12	3	79	187	1648	2133	1e-72	 164
GPLIN_000322300	contig_61007	98.39	62	1	0	16	77	1403	1588	1e-72	 128
GPLIN_000322300	contig_61007	100.00	15	0	0	1	15	1236	1280	0.22	34.7
GPLIN_000412300	contig_51410	96.00	100	4	0	1	100	638	339	1e-50	 182
GPLIN_000412300	contig_51410	94.12	51	3	0	101	151	166	14	3e-11	67.0
