GPLIN_000706300	contig_7208	100.00	31	0	0	55	85	564	656	8e-14	68.9
GPLIN_000706300	contig_7208	100.00	45	0	0	5	49	1	135	3e-12	64.3
GPLIN_000707900	contig_87342	100.00	64	0	0	15	78	724	915	7e-37	 135
GPLIN_000707900	contig_87342	52.63	38	17	1	40	77	4025	4135	1e-04	41.6
GPLIN_000707900	contig_87342	64.00	25	9	0	15	39	3707	3781	0.001	38.5
GPLIN_000707900	contig_87342	100.00	14	0	0	1	14	524	565	0.033	33.9
GPLIN_001031600	contig_12688	59.14	93	7	1	205	266	705	427	6e-25	 106
GPLIN_001031600	contig_12688	86.96	23	3	0	186	208	1103	1035	3e-04	44.7
GPLIN_000092400	contig_10344	97.30	74	2	0	1	74	71	292	1e-45	 149
GPLIN_000536200	contig_65779	96.47	85	3	0	1	85	256	510	5e-38	 134
GPLIN_000590900	contig_50184	61.19	134	6	2	1	88	659	258	1e-28	 114
GPLIN_000599100	contig_10967	65.00	100	4	1	45	113	1749	2048	2e-48	 121
GPLIN_000599100	contig_10967	100.00	43	0	0	114	156	2098	2226	2e-48	90.9
GPLIN_000599200	contig_10967	65.00	100	4	1	68	136	1749	2048	2e-45	 117
GPLIN_000599200	contig_10967	90.70	43	4	0	137	179	2098	2226	2e-45	84.7
GPLIN_001571600	contig_153056	94.74	57	3	0	115	171	603	433	4e-29	 112
GPLIN_001571600	contig_153056	100.00	48	0	0	168	215	207	64	1e-25	 103
GPLIN_000293400	contig_50184	61.19	134	6	2	1	88	659	258	1e-28	 115
GPLIN_000293700	contig_10967	57.00	100	12	1	50	118	1749	2048	1e-40	 102
GPLIN_000293700	contig_10967	67.69	65	16	1	119	178	2098	2292	1e-40	83.6
GPLIN_001621500	contig_27712	69.33	75	5	1	6	62	2	226	1e-26	 100
GPLIN_001621500	contig_27712	94.12	17	1	0	58	74	539	589	0.006	35.4
GPLIN_000674600	contig_79992	78.07	187	2	1	213	360	952	1512	1e-99	 289
GPLIN_000674600	contig_79992	100.00	61	0	0	359	419	1575	1757	1e-99	94.7
GPLIN_000674600	contig_79992	67.96	103	22	3	147	238	702	1010	1e-33	 135
GPLIN_000674600	contig_79992	100.00	24	0	0	37	60	352	423	6e-09	49.3
GPLIN_000674600	contig_79992	100.00	25	0	0	1	25	195	269	6e-09	31.2
GPLIN_000142900	contig_110214	100.00	21	0	0	73	93	1188	1126	2e-06	47.0
GPLIN_000143000	contig_360240	43.28	67	38	0	5	71	49	249	9e-10	55.1
GPLIN_000536400	contig_83217	58.41	113	28	3	14	109	1217	885	1e-42	 125
GPLIN_000536400	contig_83217	61.02	59	19	1	108	166	790	626	1e-42	68.2
GPLIN_000536400	contig_83217	40.79	76	28	1	149	207	495	268	5e-11	63.2
GPLIN_000536400	contig_83217	61.11	18	7	0	206	223	235	182	5e-11	23.9
GPLIN_000536400	contig_83217	88.24	17	2	0	147	163	575	525	0.19	35.8
GPLIN_000552400	contig_66311	97.67	43	1	0	478	520	1096	968	1e-35	90.1
GPLIN_000552400	contig_66311	97.37	38	1	0	519	556	923	810	1e-35	80.5
GPLIN_000552400	contig_66311	76.12	67	0	1	640	690	203	3	6e-22	 100
GPLIN_000552400	contig_66311	100.00	26	0	0	564	589	529	452	8e-08	57.4
GPLIN_000616300	contig_83217	85.71	119	0	1	69	170	1241	885	8e-120	 201
GPLIN_000616300	contig_83217	100.00	63	0	0	235	297	456	268	8e-120	 130
GPLIN_000616300	contig_83217	100.00	41	0	0	170	210	787	665	8e-120	85.5
GPLIN_000616300	contig_83217	93.10	29	2	0	208	236	575	489	8e-120	58.5
GPLIN_000616300	contig_83217	95.00	20	1	0	296	315	235	176	8e-120	39.7
GPLIN_000616300	contig_83217	100.00	21	0	0	48	68	1492	1430	6e-06	50.8
GPLIN_000694900	contig_83217	85.71	119	0	1	69	170	1241	885	2e-70	 201
GPLIN_000694900	contig_83217	100.00	41	0	0	170	210	787	665	2e-70	85.5
GPLIN_000694900	contig_83217	63.51	74	14	1	212	272	489	268	8e-23	87.4
GPLIN_000694900	contig_83217	95.00	20	1	0	271	290	235	176	8e-23	39.7
GPLIN_000694900	contig_83217	100.00	21	0	0	48	68	1492	1430	6e-06	50.8
GPLIN_000755100	contig_83217	67.23	119	22	1	72	173	1241	885	2e-44	 157
GPLIN_000755100	contig_83217	55.56	36	16	0	172	207	790	683	2e-44	41.6
GPLIN_000755100	contig_83217	48.31	89	33	1	193	281	495	268	2e-23	90.9
GPLIN_000755100	contig_83217	65.38	26	9	0	281	306	232	155	2e-23	38.1
GPLIN_000755100	contig_83217	57.14	35	15	0	51	85	1492	1388	9e-06	49.3
GPLIN_000755100	contig_83217	65.62	32	11	0	186	217	593	498	3e-04	44.7
GPLIN_000755200	contig_83217	67.23	119	22	1	72	173	1241	885	7e-54	 157
GPLIN_000755200	contig_83217	80.95	42	8	0	172	213	790	665	7e-54	73.6
GPLIN_000755200	contig_83217	71.88	32	9	0	239	270	453	358	8e-14	58.2
GPLIN_000755200	contig_83217	68.00	25	8	0	286	310	235	161	8e-14	38.1
GPLIN_000755200	contig_83217	57.14	35	15	0	51	85	1492	1388	1e-05	48.9
GPLIN_000779000	contig_15589	76.86	229	2	1	207	384	340	1026	5e-106	 347
GPLIN_000779000	contig_15589	87.50	32	4	0	173	204	1	96	2e-10	66.6
GPLIN_000779200	contig_80353	58.51	94	38	1	510	602	535	254	4e-54	 119
GPLIN_000779200	contig_80353	41.28	109	14	2	404	462	1108	782	4e-54	82.8
GPLIN_000779200	contig_80353	69.70	33	10	0	484	516	675	577	4e-54	52.4
GPLIN_000827200	contig_68620	100.00	62	0	0	246	307	980	795	2e-33	 129
GPLIN_001111200	contig_80353	75.53	94	19	2	246	335	514	233	5e-69	 142
GPLIN_001111200	contig_80353	51.38	109	3	2	133	191	1108	782	5e-69	 103
GPLIN_001111200	contig_80353	69.70	33	10	0	213	245	675	577	5e-69	57.0
GPLIN_001111300	contig_63161	73.63	91	2	1	71	139	333	61	3e-38	 132
GPLIN_001185800	contig_123093	100.00	40	0	0	307	346	158	277	7e-31	84.7
GPLIN_001185800	contig_123093	96.67	30	1	0	278	307	1	90	7e-31	70.1
GPLIN_000304900	contig_30909	79.80	99	10	1	249	337	1521	1225	9e-40	 159
GPLIN_000304900	contig_30909	97.96	49	1	0	321	369	152	298	1e-21	 102
GPLIN_000304900	contig_30909	100.00	43	0	0	206	248	1958	1830	5e-18	90.9
GPLIN_000313600	contig_30549	92.19	64	5	0	272	335	718	527	4e-31	 124
GPLIN_000313600	contig_30549	98.33	60	1	0	212	271	1257	1078	3e-17	84.3
GPLIN_001215600	contig_80353	91.00	100	6	1	125	221	532	233	9e-66	 181
GPLIN_001215600	contig_80353	100.00	33	0	0	98	130	675	577	9e-66	73.6
GPLIN_001215600	contig_80353	41.07	56	0	1	54	76	949	782	9e-66	36.2
GPLIN_000008300	contig_28373	63.82	152	19	2	256	371	1	456	5e-59	 194
GPLIN_000008400	contig_35	70.37	81	24	0	327	407	2507	2265	2e-54	90.1
GPLIN_000008400	contig_35	48.39	124	52	3	183	301	3078	2728	2e-54	89.7
GPLIN_000008400	contig_35	63.27	49	11	1	402	443	2190	2044	2e-54	59.7
GPLIN_000008400	contig_35	57.14	28	12	0	296	323	2668	2585	2e-54	34.7
GPLIN_000008900	contig_28373	71.05	152	8	2	206	321	1	456	4e-68	 217
GPLIN_001327500	contig_172910	93.18	88	6	0	38	125	111	374	3e-51	 175
GPLIN_001327800	contig_23299	52.44	82	28	2	169	240	915	673	6e-49	82.4
GPLIN_001327800	contig_23299	55.26	76	27	1	62	137	1316	1110	6e-49	72.0
GPLIN_001327800	contig_23299	63.16	38	14	0	241	278	586	473	6e-49	54.7
GPLIN_001327800	contig_23299	67.86	28	9	0	136	163	1069	986	6e-49	45.8
GPLIN_000426000	contig_56544	81.75	126	1	1	85	188	643	266	7e-60	 182
GPLIN_000426000	contig_56544	96.67	30	1	0	55	84	813	724	7e-60	67.4
GPLIN_000426400	contig_179962	79.01	81	16	1	209	289	245	6	5e-39	 137
GPLIN_000426600	contig_35772	62.94	143	33	1	117	239	851	423	2e-41	 147
GPLIN_000426700	contig_31716	84.25	127	1	1	303	410	964	584	1e-71	 221
GPLIN_000426700	contig_31716	96.88	32	1	0	272	303	1136	1041	1e-71	70.1
GPLIN_000426700	contig_31716	60.47	129	32	1	487	596	970	584	7e-37	 148
GPLIN_000426700	contig_31716	80.00	30	6	0	596	625	92	3	6e-07	55.1
GPLIN_000426700	contig_31716	100.00	28	0	0	210	237	2066	1983	8e-07	54.7
GPLIN_000426700	contig_31716	80.00	30	6	0	410	439	92	3	2e-06	53.1
GPLIN_000427000	contig_31716	57.45	141	41	1	152	273	994	572	7e-42	 155
GPLIN_000427000	contig_31716	55.75	113	31	1	45	138	961	623	6e-29	 119
GPLIN_000427100	contig_92534	96.00	75	3	0	121	195	3	227	8e-47	 155
GPLIN_001332300	contig_60919	55.41	148	44	4	223	352	214	645	6e-50	 145
GPLIN_001332300	contig_60919	92.31	39	3	0	186	224	24	140	6e-50	72.8
GPLIN_000433800	contig_90426	85.06	87	10	1	114	200	254	3	1e-44	 150
GPLIN_000437400	contig_55282	97.59	83	2	0	133	215	281	33	5e-53	 172
GPLIN_000437600	contig_118012	63.85	130	24	2	202	315	476	108	2e-38	 140
GPLIN_000438000	contig_13596	100.00	87	0	0	374	460	359	619	2e-76	 185
GPLIN_000438000	contig_13596	100.00	34	0	0	310	343	24	125	2e-76	75.5
GPLIN_000438000	contig_13596	100.00	30	0	0	344	373	208	297	2e-76	66.6
GPLIN_000074200	contig_34122	56.70	194	37	5	41	188	233	811	3e-49	 168
GPLIN_000450400	contig_44142	48.89	135	35	3	289	390	577	978	1e-32	 111
GPLIN_000450400	contig_44142	67.65	34	11	0	255	288	386	487	1e-32	48.5
GPLIN_001348800	contig_75891	75.00	80	19	1	154	232	264	25	6e-33	 126
GPLIN_001349800	contig_68447	80.37	219	3	1	892	1070	1147	491	3e-113	 377
GPLIN_001349800	contig_68447	100.00	22	0	0	1462	1483	584	519	1e-04	49.3
GPLIN_000460700	contig_53928	71.66	187	1	2	116	250	1	561	4e-75	 241
GPLIN_000460700	contig_53928	77.78	18	4	0	347	364	40	93	7.3	31.2
GPLIN_001352900	contig_55281	58.78	131	37	3	314	428	25	414	5e-44	 155
GPLIN_000467500	contig_120418	97.26	73	2	0	88	160	810	592	7e-50	97.4
GPLIN_000467500	contig_120418	96.77	31	1	0	59	89	952	860	7e-50	67.0
GPLIN_000467500	contig_120418	92.86	28	2	0	36	63	1094	1011	7e-50	54.7
GPLIN_000467500	contig_120418	59.26	27	11	0	11	37	1224	1144	7e-50	37.7
GPLIN_001362700	contig_54497	43.67	158	63	2	123	254	2459	1986	7e-39	 105
GPLIN_001362700	contig_54497	59.09	66	24	2	270	333	1869	1675	7e-39	75.1
GPLIN_001362700	contig_54497	77.78	45	10	0	79	123	2869	2735	3e-11	67.4
GPLIN_001363400	contig_54497	50.92	163	22	4	1	105	2453	1965	2e-56	 138
GPLIN_001363400	contig_54497	69.44	72	19	2	107	175	1890	1675	2e-56	 100
GPLIN_001363400	contig_54497	70.00	40	9	1	176	215	1496	1386	2e-10	62.4
GPLIN_001363400	contig_54497	74.07	27	7	0	191	217	708	788	2e-05	43.5
GPLIN_001363400	contig_54497	61.11	18	4	1	176	193	671	715	2e-05	23.1
GPLIN_000495800	contig_111599	100.00	43	0	0	81	123	191	63	5e-34	94.0
GPLIN_000495800	contig_111599	100.00	33	0	0	49	81	372	274	5e-34	69.7
GPLIN_000082300	contig_34122	42.79	201	53	6	214	356	53	643	5e-36	 137
GPLIN_000507600	contig_55281	71.01	69	20	0	1	69	199	405	2e-27	 101
GPLIN_000507800	contig_34122	39.53	258	76	7	52	229	38	811	5e-41	 148
GPLIN_000509600	contig_58362	94.37	71	4	0	406	476	511	723	5e-74	 148
GPLIN_000509600	contig_58362	80.56	36	7	0	341	376	166	273	5e-74	66.6
GPLIN_000509600	contig_58362	88.57	35	4	0	307	341	3	107	5e-74	64.3
GPLIN_000509600	contig_58362	93.33	30	2	0	376	405	348	437	5e-74	61.2
GPLIN_001375400	contig_21144	72.62	84	22	1	102	185	510	262	2e-33	 123
GPLIN_001378200	contig_28373	63.82	152	19	2	165	280	1	456	3e-58	 190
GPLIN_001378400	contig_35	69.33	75	22	1	370	443	2495	2271	2e-55	88.6
GPLIN_001378400	contig_35	46.90	113	31	2	251	335	3078	2743	2e-55	87.0
GPLIN_001378400	contig_35	80.00	35	6	1	444	478	2157	2056	2e-55	59.7
GPLIN_001378400	contig_35	78.26	23	5	0	335	357	2668	2600	2e-55	42.4
GPLIN_001378600	contig_2475	85.60	125	0	1	49	155	1093	1467	7e-64	 213
GPLIN_001378600	contig_2475	100.00	49	0	0	1	49	673	819	3e-23	 100
GPLIN_001378600	contig_2475	58.33	36	8	1	141	169	1852	1959	0.094	35.4
GPLIN_001378700	contig_154523	100.00	81	0	0	151	231	318	76	1e-52	 172
GPLIN_001385900	contig_55281	62.79	129	31	3	2	114	31	414	2e-43	 143
GPLIN_000530300	contig_1668	66.67	78	25	1	269	345	3836	4069	2e-45	 103
GPLIN_000530300	contig_1668	35.66	129	51	4	159	263	3385	3747	2e-45	62.0
GPLIN_000530300	contig_1668	67.92	53	14	2	110	162	3123	3272	2e-45	58.2
GPLIN_000530500	contig_26489	60.39	154	12	1	178	282	464	3	6e-65	 179
GPLIN_000530500	contig_26489	52.04	98	9	1	120	179	876	583	6e-65	89.7
GPLIN_000530700	contig_34122	40.32	253	73	6	60	234	53	811	5e-44	 156
GPLIN_000531000	contig_34784	95.06	81	4	0	142	222	258	16	2e-51	 165
GPLIN_000531000	contig_34784	100.00	26	0	0	117	142	389	312	2e-51	56.6
GPLIN_000531100	contig_56544	53.85	130	34	3	383	486	640	251	5e-43	 108
GPLIN_000531100	contig_56544	81.08	37	7	0	486	522	183	73	5e-43	64.3
GPLIN_000531100	contig_56544	62.07	29	11	0	350	378	816	730	5e-43	42.4
GPLIN_000531100	contig_56544	53.73	134	36	3	172	279	640	239	8e-31	 111
GPLIN_000531100	contig_56544	62.07	29	11	0	139	167	816	730	8e-31	42.4
GPLIN_000531200	contig_20961	47.02	168	44	4	463	586	3758	3258	6e-56	 129
GPLIN_000531200	contig_20961	45.68	81	22	2	401	462	4048	3815	6e-56	66.2
GPLIN_000531200	contig_20961	67.35	49	16	0	353	401	4295	4149	6e-56	64.7
GPLIN_000531200	contig_20961	41.10	163	52	3	236	355	3749	3264	4e-24	 110
GPLIN_000531200	contig_20961	80.77	26	5	0	176	201	4229	4152	0.026	40.0
GPLIN_000531300	contig_89563	84.85	132	1	2	314	426	467	72	7e-75	 224
GPLIN_000531300	contig_89563	97.14	35	1	0	278	312	657	553	7e-75	77.4
GPLIN_001398800	contig_55281	62.31	130	32	3	68	182	25	408	3e-46	 154
GPLIN_000555800	contig_20348	98.63	73	1	0	189	261	2611	2829	2e-67	 149
GPLIN_000555800	contig_20348	94.87	39	2	0	122	160	2271	2387	2e-67	82.0
GPLIN_000555800	contig_20348	100.00	31	0	0	158	188	2453	2545	2e-67	65.5
GPLIN_000555800	contig_20348	100.00	59	0	0	1	59	107	283	2e-17	85.1
GPLIN_000556700	contig_23299	98.80	83	1	0	310	392	918	670	2e-116	 179
GPLIN_000556700	contig_23299	94.87	78	4	0	208	285	1322	1089	2e-116	 154
GPLIN_000556700	contig_23299	100.00	38	0	0	392	429	586	473	2e-116	83.2
GPLIN_000556700	contig_23299	93.75	32	2	0	280	311	1066	971	2e-116	65.9
GPLIN_000556700	contig_23299	79.51	122	2	1	99	197	2475	2110	6e-41	 159
GPLIN_000556700	contig_23299	100.00	55	0	0	44	98	2918	2754	2e-25	 111
GPLIN_000094400	contig_34122	46.56	262	57	7	62	248	50	811	6e-60	 198
GPLIN_001408700	contig_21137	90.00	80	8	0	191	270	409	648	2e-57	 157
GPLIN_001408700	contig_21137	52.33	86	12	1	135	191	98	355	2e-57	85.1
GPLIN_000569300	contig_14394	100.00	90	0	0	286	375	448	717	1e-94	 197
GPLIN_000569300	contig_14394	100.00	39	0	0	376	414	830	946	1e-94	88.2
GPLIN_000569300	contig_14394	100.00	29	0	0	256	284	285	371	1e-94	62.4
GPLIN_000569300	contig_14394	50.67	75	0	1	218	255	2	226	1e-94	61.6
GPLIN_001415300	contig_3345	80.33	122	1	1	107	205	1870	1505	3e-57	 194
GPLIN_001418900	contig_19401	52.59	135	4	2	51	132	624	1007	6e-29	 114
GPLIN_000099200	contig_66295	65.00	60	14	1	298	350	770	949	3e-25	80.1
GPLIN_000099200	contig_66295	76.67	30	7	0	345	374	1005	1094	3e-25	55.1
GPLIN_000099300	contig_24546	90.11	91	9	0	2	92	81	353	2e-49	 151
GPLIN_000099300	contig_24546	96.77	31	1	0	93	123	394	486	2e-49	64.7
GPLIN_000099300	contig_24546	62.22	135	24	4	25	158	3	329	2e-34	 129
GPLIN_000583000	contig_2475	45.96	285	56	10	135	338	673	1476	2e-55	 195
GPLIN_000583100	contig_64248	75.62	242	2	2	221	405	814	1539	3e-129	 341
GPLIN_000583100	contig_64248	96.43	56	2	0	170	225	584	751	3e-129	 108
GPLIN_000583100	contig_64248	100.00	25	0	0	405	429	1605	1679	3e-129	55.1
GPLIN_000583100	contig_64248	67.31	52	17	0	137	188	387	542	6e-19	62.0
GPLIN_000583100	contig_64248	87.50	32	4	0	107	138	217	312	6e-19	52.4
GPLIN_000583100	contig_64248	51.85	108	21	4	128	205	865	1185	4e-12	71.2
GPLIN_000583100	contig_64248	75.68	37	6	1	286	322	590	691	3e-05	49.3
GPLIN_000583100	contig_64248	40.26	77	42	3	254	329	411	632	0.008	41.2
GPLIN_000583100	contig_64248	88.89	18	2	0	94	111	26	79	0.26	36.2
GPLIN_001424900	contig_49505	70.43	115	6	1	128	214	346	2	5e-48	 162
GPLIN_001427300	contig_125455	97.59	83	2	0	160	242	256	8	2e-48	 171
GPLIN_001427300	contig_125455	52.50	80	32	2	381	455	244	8	1e-16	81.6
GPLIN_001427300	contig_125455	96.88	32	1	0	129	160	515	420	9e-12	67.0
GPLIN_001427300	contig_125455	57.58	33	14	0	345	377	518	420	5e-05	47.0
GPLIN_001428700	contig_3345	81.15	122	0	1	193	291	1870	1505	3e-58	 201
GPLIN_000603900	contig_58664	80.36	56	11	0	287	342	534	367	6e-23	99.8
GPLIN_000603900	contig_58664	77.27	22	5	0	327	348	66	1	0.013	39.7
GPLIN_000608300	contig_66295	36.79	106	39	3	13	90	109	426	1e-31	57.0
GPLIN_000608300	contig_66295	51.02	98	37	3	121	210	665	949	1e-31	56.2
GPLIN_000608300	contig_66295	76.67	30	7	0	89	118	507	596	1e-31	47.4
GPLIN_000608300	contig_66295	75.00	20	5	0	205	224	1005	1064	1e-31	35.8
GPLIN_000608300	contig_66295	54.65	86	35	2	254	338	665	913	9e-17	59.3
GPLIN_000608300	contig_66295	68.75	32	10	0	220	251	501	596	9e-17	47.0
GPLIN_001436900	contig_34122	44.36	257	68	5	266	447	41	811	2e-58	 200
GPLIN_000620000	contig_73204	98.81	84	1	0	113	196	579	830	1e-40	 155
GPLIN_000620000	contig_73204	86.27	51	7	0	189	239	989	1141	6e-20	94.7
GPLIN_000620000	contig_73204	100.00	32	0	0	258	289	1610	1705	8e-19	73.2
GPLIN_000620000	contig_73204	85.71	21	3	0	238	258	1479	1541	8e-19	40.8
GPLIN_000620000	contig_73204	54.76	42	19	0	395	436	1013	1138	1e-05	49.7
GPLIN_000620000	contig_73204	50.00	70	30	1	329	393	588	797	0.47	35.0
GPLIN_000620000	contig_73204	48.48	33	5	1	59	79	1610	1708	5.9	31.6
GPLIN_001440300	contig_168128	95.56	90	4	0	148	237	294	25	7e-59	 183
GPLIN_001440300	contig_168128	100.00	30	0	0	118	147	434	345	7e-59	63.5
GPLIN_001440300	contig_168128	100.00	14	0	0	54	67	754	713	5.5	30.4
GPLIN_000105400	contig_39886	65.37	205	0	3	5	138	1620	1006	4e-108	 241
GPLIN_000105400	contig_39886	100.00	79	0	0	139	217	956	720	4e-108	 170
GPLIN_000105400	contig_39886	100.00	44	0	0	221	264	490	359	6e-22	98.2
GPLIN_000626500	contig_15422	70.45	88	25	1	102	189	267	7	2e-38	 134
GPLIN_000626700	contig_34122	50.49	204	55	4	135	293	203	811	5e-48	 168
GPLIN_000626800	contig_37869	73.01	226	8	3	6	183	2119	2781	8e-83	 287
GPLIN_000626900	contig_29577	63.16	95	18	1	23	100	72	356	4e-28	 108
GPLIN_000627100	contig_118776	100.00	52	0	0	39	90	178	23	3e-38	 103
GPLIN_000627100	contig_118776	100.00	36	0	0	3	38	360	253	3e-38	74.7
GPLIN_000632100	contig_31714	100.00	65	0	0	98	162	197	3	4e-42	 142
GPLIN_000632100	contig_31714	100.00	17	0	0	81	97	304	254	0.003	38.1
GPLIN_000632300	contig_16946	75.69	144	17	3	19	146	428	3	1e-66	 214
GPLIN_000632500	contig_39163	51.42	247	66	6	58	252	959	225	7e-62	 207
GPLIN_000632500	contig_39163	53.06	49	12	1	253	301	136	23	7e-62	50.1
GPLIN_000632600	contig_48898	100.00	80	0	0	136	215	15	254	2e-44	 155
GPLIN_000632600	contig_48898	57.83	83	32	2	437	519	15	254	3e-18	83.6
GPLIN_001446300	contig_40493	68.70	115	4	1	19	101	670	1014	5e-74	 149
GPLIN_001446300	contig_40493	73.87	111	5	1	97	183	1095	1427	5e-74	 147
GPLIN_001446300	contig_40493	100.00	19	0	0	1	19	393	449	0.005	39.7
GPLIN_000636800	contig_1668	97.53	81	2	0	290	370	3836	4078	3e-126	 171
GPLIN_000636800	contig_1668	61.48	122	1	1	209	284	3385	3750	3e-126	 139
GPLIN_000636800	contig_1668	97.06	68	2	0	92	159	2869	3072	3e-126	 138
GPLIN_000636800	contig_1668	96.23	53	2	0	160	212	3114	3272	3e-126	66.6
GPLIN_000636800	contig_1668	77.89	95	2	1	17	92	2370	2654	2e-27	 101
GPLIN_000636800	contig_1668	100.00	19	0	0	1	19	2255	2311	2e-27	40.8
GPLIN_000636800	contig_1668	100.00	38	0	0	368	405	4241	4354	2e-16	84.0
GPLIN_000636900	contig_91962	44.64	112	19	1	24	92	390	55	4e-20	85.1
GPLIN_000637000	contig_25825	94.19	86	5	0	248	333	208	465	5e-57	 176
GPLIN_000637000	contig_25825	88.24	34	4	0	221	254	57	158	5e-57	65.9
GPLIN_000637000	contig_25825	100.00	56	0	0	333	388	1186	1353	3e-28	 119
GPLIN_000639300	contig_40790	77.42	124	0	1	224	319	372	1	7e-57	 187
GPLIN_000657200	contig_91186	69.81	159	10	1	135	255	969	1445	5e-63	 210
GPLIN_000657200	contig_91186	76.52	115	1	1	47	135	212	556	5e-32	 125
GPLIN_001453900	contig_92906	64.93	134	16	3	68	171	748	350	1e-50	 141
GPLIN_001453900	contig_92906	97.22	36	1	0	170	205	251	144	1e-50	77.0
GPLIN_001453900	contig_92906	100.00	9	0	0	205	213	27	1	1e-50	23.1
GPLIN_001453900	contig_92906	60.00	35	14	0	375	409	251	147	7e-15	50.4
GPLIN_001453900	contig_92906	84.62	26	4	0	351	376	427	350	7e-15	50.1
GPLIN_000659600	contig_36476	100.00	65	0	0	55	119	197	3	1e-43	 150
GPLIN_000659600	contig_36476	71.88	32	9	0	26	57	336	241	1e-43	45.8
GPLIN_000659700	contig_46547	60.48	124	31	2	103	209	10	378	7e-36	 130
GPLIN_000659700	contig_46547	61.29	31	12	0	247	277	1	93	4e-06	42.7
GPLIN_000659700	contig_46547	48.00	25	13	0	283	307	156	230	4e-06	27.3
GPLIN_000673400	contig_28373	71.72	99	11	1	224	305	157	453	2e-42	 149
GPLIN_001463100	contig_5	68.18	110	14	3	140	231	1238	918	4e-55	 136
GPLIN_001463100	contig_5	90.38	52	5	0	91	142	1443	1288	4e-55	99.0
GPLIN_001463100	contig_5	92.86	14	1	0	232	245	284	243	0.47	30.8
GPLIN_001463100	contig_5	69.23	13	4	0	249	261	198	160	0.47	21.6
GPLIN_001465400	contig_2475	45.31	245	57	6	44	214	739	1464	8e-46	 165
GPLIN_001465500	contig_39163	47.80	182	49	5	145	282	764	225	1e-43	 148
GPLIN_001465500	contig_39163	63.16	38	13	1	283	319	136	23	1e-43	48.1
GPLIN_000696800	contig_68676	74.76	103	25	1	122	224	306	1	5e-38	 137
GPLIN_000697500	contig_34122	45.14	257	66	6	34	215	41	811	3e-55	 184
GPLIN_000698900	contig_13701	66.32	95	7	1	3	72	1065	1349	9e-33	 124
GPLIN_001470700	contig_96357	90.91	55	5	0	51	105	195	31	1e-29	 109
GPLIN_000132400	contig_9599	60.47	215	38	4	18	187	53	691	5e-74	 231
GPLIN_000132500	contig_21211	86.27	51	2	3	42	91	2779	2919	3e-31	72.0
GPLIN_000132500	contig_21211	78.12	32	6	1	13	43	2618	2713	3e-31	51.6
GPLIN_000132500	contig_21211	71.05	38	4	1	84	121	2991	3083	3e-31	50.8
GPLIN_000133000	contig_54497	64.85	165	1	2	109	216	2459	1965	6e-90	 192
GPLIN_000133000	contig_54497	100.00	73	0	0	217	289	1893	1675	6e-90	 159
GPLIN_000133000	contig_54497	100.00	42	0	0	290	331	1496	1371	5e-19	90.5
GPLIN_000133000	contig_54497	100.00	45	0	0	65	109	2869	2735	1e-18	89.4
GPLIN_000133000	contig_54497	60.00	25	10	0	302	326	708	782	4e-05	38.1
GPLIN_000133000	contig_54497	73.33	15	4	0	290	304	671	715	4e-05	28.5
GPLIN_000700300	contig_64197	83.61	122	14	2	19	134	30	395	1e-41	 147
GPLIN_000700500	contig_46150	42.86	140	41	3	83	183	435	854	1e-23	98.2
GPLIN_000700500	contig_46150	57.89	38	12	2	1	38	414	515	0.005	38.9
GPLIN_001472400	contig_70703	100.00	78	0	0	165	242	1538	1771	2e-68	 162
GPLIN_001472400	contig_70703	71.43	84	0	1	105	164	1230	1481	2e-68	 116
GPLIN_001472400	contig_70703	72.06	68	3	1	233	284	950	747	2e-19	90.5
GPLIN_000716900	contig_23299	59.76	82	30	2	452	532	912	673	2e-57	 101
GPLIN_000716900	contig_23299	63.93	61	17	1	356	416	1292	1125	2e-57	77.4
GPLIN_000716900	contig_23299	68.42	38	12	0	533	570	586	473	2e-57	55.5
GPLIN_000716900	contig_23299	75.86	29	7	0	419	447	1069	983	2e-57	50.4
GPLIN_000725400	contig_117831	81.48	81	14	1	354	434	764	525	1e-84	 110
GPLIN_000725400	contig_117831	100.00	38	0	0	435	472	418	305	1e-84	84.0
GPLIN_000725400	contig_117831	85.37	41	6	0	287	327	1101	979	1e-84	74.3
GPLIN_000725400	contig_117831	96.77	31	1	0	322	352	910	818	1e-84	66.6
GPLIN_000725400	contig_117831	93.75	32	2	0	258	289	1286	1191	1e-84	61.6
GPLIN_000725500	contig_36738	43.59	78	41	2	4	81	652	428	4e-18	67.4
GPLIN_000725500	contig_36738	47.37	38	20	0	84	121	318	205	4e-18	41.6
GPLIN_001477200	contig_34122	46.88	256	64	5	32	215	44	811	4e-61	 200
GPLIN_000736500	contig_58362	93.06	72	5	0	95	166	511	726	2e-68	 145
GPLIN_000736500	contig_58362	80.56	36	7	0	30	65	166	273	2e-68	66.2
GPLIN_000736500	contig_58362	90.32	31	3	0	65	95	348	440	2e-68	59.7
GPLIN_000736500	contig_58362	85.19	27	4	0	4	30	27	107	2e-68	48.9
GPLIN_001480400	contig_27681	98.81	84	1	0	111	194	256	5	4e-55	 175
GPLIN_000755000	contig_39163	40.66	273	117	7	130	373	983	213	2e-46	 169
GPLIN_000755000	contig_39163	77.27	22	5	0	92	113	1281	1216	2e-04	35.0
GPLIN_000755000	contig_39163	72.00	25	6	1	68	91	1399	1325	2e-04	29.3
GPLIN_000756200	contig_28373	69.08	152	10	3	366	480	1	456	2e-65	 214
GPLIN_000756400	contig_39163	65.28	72	23	1	67	138	434	225	1e-36	 101
GPLIN_000756400	contig_39163	86.84	38	5	0	139	176	136	23	1e-36	70.5
GPLIN_000756600	contig_39163	67.97	281	2	5	140	332	1067	225	1e-117	 355
GPLIN_000756600	contig_39163	100.00	38	0	0	333	370	136	23	5e-16	81.6
GPLIN_000756600	contig_39163	100.00	25	0	0	68	92	1399	1325	6e-13	48.9
GPLIN_000756600	contig_39163	100.00	22	0	0	93	114	1281	1216	6e-13	44.7
GPLIN_000756700	contig_2475	50.53	285	49	6	85	292	655	1464	5e-72	 239
GPLIN_000757500	contig_34122	55.90	195	40	4	41	189	227	811	2e-61	 200
GPLIN_000148800	contig_40518	81.90	221	0	2	783	963	1547	885	2e-60	 218
GPLIN_001487300	contig_47401	62.25	347	86	6	88	390	2	1039	2e-125	 380
GPLIN_001488500	contig_224983	98.53	68	1	0	193	260	204	1	2e-39	 136
GPLIN_001489200	contig_109155	77.65	85	18	1	59	143	554	805	9e-52	 132
GPLIN_001489200	contig_109155	90.00	30	3	0	2	31	241	330	9e-52	58.9
GPLIN_001489200	contig_109155	88.00	25	3	0	33	57	414	488	9e-52	51.6
GPLIN_000776300	contig_66295	98.80	83	1	0	136	218	659	907	2e-62	 175
GPLIN_000776300	contig_66295	100.00	38	0	0	219	256	1002	1115	2e-62	84.0
GPLIN_000776300	contig_66295	65.77	111	1	1	34	107	94	426	5e-44	 132
GPLIN_000776300	contig_66295	38.98	118	42	5	106	208	507	815	5e-44	65.5
GPLIN_000776500	contig_34122	44.14	256	64	6	65	242	41	805	5e-49	 169
GPLIN_000776700	contig_34122	42.25	258	75	6	50	233	38	811	7e-48	 166
GPLIN_000152800	contig_34122	48.45	258	60	5	186	370	35	808	1e-62	 209
GPLIN_000785600	contig_156472	98.06	103	2	0	35	137	363	55	6e-61	 202
GPLIN_000787400	contig_20961	79.59	98	20	0	305	402	4442	4149	4e-75	 144
GPLIN_000787400	contig_20961	44.58	166	43	3	467	583	3755	3258	4e-75	 122
GPLIN_000787400	contig_20961	45.33	75	24	3	408	465	4039	3815	4e-75	57.4
GPLIN_001493900	contig_102246	69.12	68	21	0	35	102	5	208	3e-27	99.8
GPLIN_000788000	contig_123403	73.86	88	2	1	789	855	357	94	5e-59	 139
GPLIN_000788000	contig_123403	91.07	56	5	0	739	794	592	425	5e-59	 110
GPLIN_000788000	contig_123403	53.78	119	31	4	314	409	354	1	1e-35	 114
GPLIN_000788000	contig_123403	61.22	49	19	0	262	310	592	446	1e-35	57.0
GPLIN_000788900	contig_34122	44.31	255	68	5	289	469	41	805	1e-51	 183
GPLIN_000789100	contig_34122	56.19	105	23	2	105	186	497	811	7e-31	 119
GPLIN_000789300	contig_16198	98.59	71	1	0	32	102	59	271	8e-45	 147
GPLIN_000794500	contig_34122	41.54	260	73	6	158	341	41	811	6e-47	 167
GPLIN_000794700	contig_34122	45.08	244	61	5	176	346	53	784	2e-44	 168
GPLIN_000157600	contig_54497	45.73	164	25	4	150	249	2459	1968	2e-52	 115
GPLIN_000157600	contig_54497	70.27	74	22	0	251	324	1893	1672	2e-52	 110
GPLIN_000157600	contig_54497	53.66	41	16	1	328	368	1484	1371	7e-04	43.9
GPLIN_000157600	contig_54497	61.54	52	11	2	101	150	2869	2735	0.002	42.7
GPLIN_000157600	contig_54497	61.54	26	10	0	339	364	708	785	0.18	36.2
GPLIN_000158300	contig_23299	67.44	86	27	1	405	490	915	661	2e-42	 120
GPLIN_000158300	contig_23299	61.76	34	12	1	338	371	1214	1116	2e-42	48.1
GPLIN_000158300	contig_23299	73.08	26	7	0	373	398	1066	989	2e-42	44.7
GPLIN_000158300	contig_23299	86.36	22	2	1	227	248	2172	2110	0.44	35.8
GPLIN_001496800	contig_34122	43.19	257	72	6	283	466	41	808	4e-50	 179
GPLIN_000798500	contig_34122	42.91	261	65	6	410	586	29	811	6e-52	 186
GPLIN_000798500	contig_34122	29.03	93	17	2	303	346	29	307	0.30	36.2
GPLIN_000800100	contig_17943	98.51	67	1	0	264	330	463	663	7e-67	 142
GPLIN_000800100	contig_17943	77.01	87	1	1	197	264	132	392	7e-67	 132
GPLIN_000800100	contig_17943	70.24	84	7	2	313	395	937	737	3e-25	 107
GPLIN_000800200	contig_34122	55.97	134	34	4	1	110	413	811	5e-35	 127
GPLIN_000800300	contig_36738	78.12	128	7	2	145	251	796	413	2e-63	 204
GPLIN_000802900	contig_3298	75.36	138	0	1	52	155	1737	1324	7e-102	 196
GPLIN_000802900	contig_3298	100.00	71	0	0	183	253	1105	893	7e-102	 155
GPLIN_000802900	contig_3298	100.00	28	0	0	155	182	1247	1164	7e-102	61.2
GPLIN_000802900	contig_3298	100.00	37	0	0	265	301	528	418	3e-16	81.3
GPLIN_000803200	contig_66295	54.26	94	43	0	193	286	626	907	6e-56	 101
GPLIN_000803200	contig_66295	40.87	115	30	2	99	177	94	432	6e-56	76.6
GPLIN_000803200	contig_66295	71.79	39	10	1	287	325	1002	1115	6e-56	58.9
GPLIN_000803200	contig_66295	75.00	24	6	0	177	200	516	587	6e-56	42.0
GPLIN_001501200	contig_20961	36.75	166	53	5	99	215	3758	3270	2e-36	73.2
GPLIN_001501200	contig_20961	76.00	50	12	0	1	50	4292	4143	2e-36	72.8
GPLIN_001501200	contig_20961	34.94	83	28	2	46	102	4054	3806	2e-36	46.2
GPLIN_000822000	contig_41288	97.33	75	2	0	144	218	3757	3533	8e-68	 118
GPLIN_000822000	contig_41288	92.50	40	3	0	217	256	3443	3324	8e-68	82.0
GPLIN_000822000	contig_41288	100.00	32	0	0	112	143	3891	3796	8e-68	68.2
GPLIN_000822000	contig_41288	96.15	26	1	0	255	280	3267	3190	8e-68	50.4
GPLIN_000822000	contig_41288	100.00	13	0	0	48	60	4346	4308	5.7	30.8
GPLIN_001506200	contig_143784	100.00	72	0	0	1	72	81	296	2e-46	 152
GPLIN_001506200	contig_143784	100.00	19	0	0	73	91	514	570	2e-04	41.2
GPLIN_000843100	contig_60792	58.62	145	24	4	22	133	90	515	1e-50	 155
GPLIN_000843100	contig_60792	100.00	30	0	0	129	158	560	649	1e-50	64.7
GPLIN_000843100	contig_60792	97.87	47	1	0	229	275	981	1121	4e-41	 100
GPLIN_000843100	contig_60792	100.00	39	0	0	189	227	808	924	4e-41	87.4
GPLIN_000843100	contig_60792	42.86	119	37	3	7	94	1	357	4e-11	65.1
GPLIN_000855400	contig_33918	81.31	107	17	1	263	366	2074	2394	1e-97	 180
GPLIN_000855400	contig_33918	69.66	89	0	1	203	264	1739	2005	1e-97	 122
GPLIN_000855400	contig_33918	94.12	51	3	0	154	204	1533	1685	1e-97	95.9
GPLIN_000855400	contig_33918	73.50	117	0	1	39	124	584	934	9e-52	 155
GPLIN_000855400	contig_33918	91.43	35	3	0	123	157	1015	1119	9e-52	68.6
GPLIN_000855400	contig_33918	100.00	29	0	0	357	385	2778	2692	2e-11	67.8
GPLIN_000177900	contig_34122	50.00	192	52	3	12	159	236	811	3e-48	 164
GPLIN_000862600	contig_166093	62.32	69	4	2	101	169	194	54	3e-17	77.0
GPLIN_000867100	contig_75427	100.00	64	0	0	221	284	666	857	2e-85	 139
GPLIN_000867100	contig_75427	100.00	62	0	0	159	220	430	615	2e-85	 133
GPLIN_000867100	contig_75427	72.41	87	0	1	95	157	96	356	2e-85	84.3
GPLIN_000179400	contig_9532	64.20	81	9	1	181	241	1236	1478	3e-77	 105
GPLIN_000179400	contig_9532	49.63	135	26	2	15	111	476	868	3e-77	 105
GPLIN_000179400	contig_9532	63.24	68	18	2	115	179	931	1122	3e-77	74.3
GPLIN_000179400	contig_9532	82.76	29	5	0	243	271	1553	1639	3e-77	55.5
GPLIN_000179400	contig_9532	85.71	14	2	0	1	14	385	426	3e-77	30.0
GPLIN_000179900	contig_55281	55.56	135	43	2	53	171	13	414	4e-41	 140
GPLIN_000180800	contig_40859	97.62	84	2	0	152	235	543	794	5e-44	 159
GPLIN_000180800	contig_40859	90.91	44	2	1	115	158	2	127	5e-15	77.0
GPLIN_000880300	contig_70703	64.29	84	6	1	11	70	1230	1481	3e-45	 103
GPLIN_000880300	contig_70703	77.92	77	13	1	72	144	1541	1771	3e-45	96.7
GPLIN_000880300	contig_70703	57.58	66	12	1	135	184	950	753	4e-11	63.9
GPLIN_001520200	contig_55281	60.32	126	33	2	73	182	31	405	5e-40	 137
GPLIN_001520400	contig_93803	81.74	115	1	1	164	258	347	3	7e-60	 192
GPLIN_000183900	contig_45649	56.92	195	22	5	267	400	622	41	3e-55	 195
GPLIN_000892800	contig_21723	73.28	116	28	1	102	217	1093	1431	3e-43	 164
GPLIN_000892900	contig_8353	96.88	96	3	0	114	209	299	586	4e-69	 202
GPLIN_000892900	contig_8353	96.43	28	1	0	86	113	145	228	4e-69	59.7
GPLIN_000892900	contig_8353	95.00	20	1	0	66	85	2	61	4e-69	40.8
GPLIN_000892900	contig_8353	100.00	37	0	0	274	310	711	821	1e-16	80.5
GPLIN_000892900	contig_8353	92.31	39	3	0	235	273	470	586	2e-16	79.3
GPLIN_000892900	contig_8353	94.44	18	1	0	210	227	711	764	0.006	40.0
GPLIN_000893400	contig_34122	45.91	257	64	7	227	408	41	811	2e-54	 189
GPLIN_001522400	contig_103778	81.89	127	3	1	44	150	383	3	1e-56	 180
GPLIN_000898200	contig_2346	100.00	99	0	0	819	917	2196	2492	8e-97	 167
GPLIN_000898200	contig_2346	78.38	74	1	1	761	819	1930	2151	8e-97	 114
GPLIN_000898200	contig_2346	98.53	68	1	0	932	999	2585	2788	8e-97	 114
GPLIN_000898200	contig_2346	100.00	103	0	0	563	665	114	422	2e-46	 184
GPLIN_000898200	contig_2346	94.37	71	4	0	664	734	544	756	4e-26	 119
GPLIN_000898200	contig_2346	84.78	46	7	0	990	1035	3162	3299	3e-15	84.0
GPLIN_000898200	contig_2346	93.94	33	2	0	729	761	923	1021	9e-12	72.0
GPLIN_000898200	contig_2346	58.33	72	7	2	1026	1074	3316	3531	2e-11	70.9
GPLIN_000905800	contig_23299	63.44	93	33	1	250	341	951	673	6e-52	 100
GPLIN_000905800	contig_23299	54.05	74	26	2	158	230	1316	1116	6e-52	74.7
GPLIN_000905800	contig_23299	71.05	38	11	0	342	379	586	473	6e-52	57.8
GPLIN_000905800	contig_23299	72.00	25	4	2	235	256	1057	983	6e-52	33.1
GPLIN_000905800	contig_23299	55.74	122	32	1	57	156	2475	2110	1e-29	 124
GPLIN_000908700	contig_46150	87.50	88	11	0	372	459	384	647	3e-72	 167
GPLIN_000908700	contig_46150	92.11	38	3	0	306	343	49	162	3e-72	82.0
GPLIN_000908700	contig_46150	100.00	30	0	0	342	371	239	328	3e-72	64.7
GPLIN_000909700	contig_34122	48.45	258	60	6	180	365	41	811	1e-64	 214
GPLIN_000195600	contig_30193	77.55	147	0	1	103	216	794	1234	3e-67	 223
GPLIN_000195600	contig_30193	49.70	167	19	2	1	102	159	659	4e-38	 142
GPLIN_000195600	contig_30193	100.00	22	0	0	1	22	95	160	1e-05	47.8
GPLIN_000196200	contig_73245	97.50	80	2	0	205	284	257	18	1e-48	 164
GPLIN_000196800	contig_3345	50.85	118	35	1	97	191	1870	1517	7e-32	 124
GPLIN_000200100	contig_34122	52.82	195	45	4	67	214	224	808	1e-45	 159
GPLIN_000200200	contig_1343	67.11	149	38	3	231	368	3124	2678	1e-53	 182
GPLIN_000200200	contig_1343	73.91	23	6	0	369	391	2627	2559	1e-53	39.7
GPLIN_000200200	contig_1343	60.87	23	9	0	397	419	2455	2387	1e-53	30.0
GPLIN_000200200	contig_1343	51.67	60	29	0	482	541	182	3	3e-11	68.9
GPLIN_000200200	contig_1343	62.50	32	10	1	1	32	2794	2705	0.40	36.2
GPLIN_000930100	contig_24826	77.86	131	8	1	350	459	155	547	2e-69	 202
GPLIN_000930100	contig_24826	92.11	38	3	0	460	497	639	752	2e-69	80.9
GPLIN_000937900	contig_12768	89.89	178	0	2	567	727	3420	2890	6e-78	 275
GPLIN_001535200	contig_34122	44.40	250	66	5	155	331	53	802	3e-46	 165
GPLIN_001536900	contig_17780	66.14	189	19	3	36	179	743	177	1e-62	 200
GPLIN_001536900	contig_17780	86.96	23	3	0	18	40	903	835	5e-04	41.6
GPLIN_000203700	contig_166026	98.53	68	1	0	678	745	21	224	7e-46	 162
GPLIN_000203800	contig_129076	80.42	143	0	1	435	549	607	179	2e-88	 232
GPLIN_000203800	contig_129076	74.42	43	11	0	367	409	973	845	2e-88	68.9
GPLIN_000203800	contig_129076	100.00	31	0	0	404	434	780	688	2e-88	67.4
GPLIN_000971300	contig_73959	97.87	94	2	0	1626	1719	635	354	3e-114	 194
GPLIN_000971300	contig_73959	100.00	62	0	0	1564	1625	876	691	3e-114	 138
GPLIN_000971300	contig_73959	100.00	56	0	0	1716	1771	247	80	3e-114	 114
GPLIN_000971300	contig_73959	92.86	14	1	0	1768	1781	42	1	3e-114	30.4
GPLIN_000971300	contig_73959	94.68	94	5	0	1249	1342	635	354	2e-105	 187
GPLIN_000971300	contig_73959	96.77	62	2	0	1187	1248	876	691	2e-105	 131
GPLIN_000971300	contig_73959	91.23	57	4	1	1339	1395	247	80	2e-105	99.4
GPLIN_000971300	contig_73959	92.86	14	1	0	1392	1405	42	1	2e-105	30.4
GPLIN_000971300	contig_73959	68.97	58	18	0	1273	1330	879	706	1e-18	92.0
GPLIN_000971300	contig_73959	67.24	58	19	0	1650	1707	879	706	3e-18	90.5
GPLIN_000971300	contig_73959	70.18	57	17	0	1187	1243	560	390	4e-18	90.1
GPLIN_000971300	contig_73959	68.42	57	18	0	1564	1620	560	390	9e-18	89.0
GPLIN_000984200	contig_4699	70.44	159	5	2	206	322	1981	1505	5e-110	 181
GPLIN_000984200	contig_4699	97.65	85	2	0	324	408	1427	1173	5e-110	 176
GPLIN_000984200	contig_4699	100.00	38	0	0	405	442	1071	958	5e-110	81.6
GPLIN_000995700	contig_39163	53.91	128	37	3	37	142	608	225	4e-43	 127
GPLIN_000995700	contig_39163	81.58	38	7	0	143	180	136	23	4e-43	65.9
GPLIN_001000300	contig_139579	100.00	47	0	0	128	174	877	1017	4e-41	99.8
GPLIN_001000300	contig_139579	100.00	41	0	0	87	127	665	787	4e-41	87.0
GPLIN_001000300	contig_139579	92.86	28	2	0	16	43	372	455	9e-10	58.5
GPLIN_001004800	contig_15424	71.90	121	30	1	241	357	371	9	2e-46	 171
GPLIN_001004800	contig_15424	64.20	81	27	2	167	247	245	9	8e-19	73.6
GPLIN_001004800	contig_15424	76.00	25	6	0	139	163	385	311	8e-19	40.0
GPLIN_001004800	contig_15424	68.75	48	8	1	237	277	448	305	7e-12	69.3
GPLIN_001004800	contig_15424	76.32	38	9	0	358	395	1820	1707	8e-11	62.0
GPLIN_001004800	contig_15424	100.00	10	0	0	348	357	1959	1930	8e-11	24.3
GPLIN_001005900	contig_31450	62.65	83	14	1	29	94	866	618	6e-40	97.8
GPLIN_001005900	contig_31450	75.44	57	13	1	95	150	547	377	6e-40	85.1
GPLIN_001007400	contig_27211	77.23	382	2	3	74	370	462	1607	0.0	 568
GPLIN_001007400	contig_27211	36.57	134	39	1	56	143	876	1277	2e-08	61.6
GPLIN_001007400	contig_27211	92.00	25	2	0	50	74	2	76	6e-05	49.7
GPLIN_001009200	contig_34853	98.21	56	1	0	109	164	197	30	5e-35	 118
GPLIN_001009200	contig_34853	95.65	23	1	0	86	108	336	268	5e-35	48.1
GPLIN_001013600	contig_35	70.89	79	22	1	400	477	2501	2265	1e-61	92.4
GPLIN_001013600	contig_35	45.87	109	22	3	293	364	3078	2752	1e-61	78.2
GPLIN_001013600	contig_35	66.67	54	11	1	472	518	2190	2029	1e-61	71.6
GPLIN_001013600	contig_35	80.00	35	7	0	366	400	2668	2564	1e-61	56.6
GPLIN_001013600	contig_35	45.92	98	22	2	91	157	3045	2752	8e-34	70.5
GPLIN_001013600	contig_35	60.47	43	15	1	193	235	2501	2379	8e-34	57.4
GPLIN_001013600	contig_35	80.00	35	7	0	159	193	2668	2564	8e-34	56.6
GPLIN_001551100	contig_1703	50.97	155	27	5	33	138	3574	4038	2e-43	 125
GPLIN_001551100	contig_1703	94.12	34	2	0	1	34	3416	3517	2e-43	69.7
GPLIN_001022100	contig_23299	54.88	82	26	3	282	353	915	673	2e-48	82.8
GPLIN_001022100	contig_23299	55.26	76	27	1	175	250	1316	1110	2e-48	71.6
GPLIN_001022100	contig_23299	60.53	38	15	0	354	391	586	473	2e-48	53.9
GPLIN_001022100	contig_23299	67.86	28	9	0	249	276	1069	986	2e-48	45.4
GPLIN_000238900	contig_221451	98.57	70	1	0	25	94	17	226	1e-45	 148
GPLIN_001032500	contig_106920	78.35	231	3	1	535	718	623	1315	1e-114	 362
GPLIN_001032500	contig_106920	95.05	101	5	0	357	457	3	305	1e-52	 192
GPLIN_001032500	contig_106920	61.39	101	17	1	155	233	3	305	8e-26	 114
GPLIN_001032500	contig_106920	45.05	111	18	2	311	421	623	826	7e-14	77.0
GPLIN_001032500	contig_106920	28.40	169	50	4	416	579	743	1051	2e-05	50.1
GPLIN_001032500	contig_106920	27.01	137	34	2	195	331	752	964	0.040	39.7
GPLIN_001032500	contig_106920	71.43	28	8	0	575	602	180	263	0.065	38.9
GPLIN_001032500	contig_106920	68.97	29	9	0	574	602	144	230	0.15	37.7
GPLIN_001032500	contig_106920	52.50	40	17	1	578	615	123	242	6.8	32.3
GPLIN_001035200	contig_14997	51.52	99	16	1	2	68	303	7	5e-24	90.9
GPLIN_001035300	contig_23299	71.01	69	18	2	5	72	876	673	2e-33	95.9
GPLIN_001035300	contig_23299	73.68	38	10	0	73	110	586	473	2e-33	64.3
GPLIN_000242100	contig_65387	84.35	115	1	1	533	630	2252	1908	7e-88	 198
GPLIN_000242100	contig_65387	85.44	103	0	1	447	534	2596	2288	7e-88	 146
GPLIN_000242100	contig_65387	79.82	109	4	2	272	363	3512	3189	3e-44	 172
GPLIN_000242100	contig_65387	95.65	46	2	0	358	403	3066	2929	2e-26	93.6
GPLIN_000242100	contig_65387	100.00	21	0	0	404	424	2854	2792	2e-26	46.6
GPLIN_001048200	contig_34122	42.26	265	77	7	191	382	23	808	1e-47	 170
GPLIN_000245400	contig_18406	84.54	97	0	1	4	85	53	343	7e-52	 166
GPLIN_000245500	contig_693	84.76	269	0	2	646	873	3402	2596	3e-172	 414
GPLIN_000245500	contig_693	100.00	132	0	0	496	627	3905	3510	3e-172	 212
GPLIN_000245500	contig_693	66.36	217	18	3	247	408	4762	4112	5e-75	 272
GPLIN_001058700	contig_113500	93.44	61	4	0	279	339	520	702	3e-65	 124
GPLIN_001058700	contig_113500	60.00	95	3	1	190	249	3	287	3e-65	 102
GPLIN_001058700	contig_113500	96.67	30	1	0	249	278	365	454	3e-65	63.9
GPLIN_001059100	contig_67774	55.92	152	22	2	73	179	96	551	3e-60	 133
GPLIN_001059100	contig_67774	77.14	35	8	0	177	211	655	759	3e-60	60.1
GPLIN_001059100	contig_67774	82.76	29	5	0	297	325	993	1079	3e-60	53.1
GPLIN_001059100	contig_67774	51.85	54	13	1	218	258	830	991	3e-60	47.4
GPLIN_001059400	contig_56544	62.88	132	25	2	32	139	646	251	2e-50	 135
GPLIN_001059400	contig_56544	69.23	39	12	0	139	177	183	67	2e-50	57.4
GPLIN_001059400	contig_56544	67.86	28	9	0	2	29	813	730	2e-50	45.4
GPLIN_001059500	contig_28373	63.82	152	24	3	199	319	1	456	2e-54	 181
GPLIN_001059800	contig_121591	98.46	65	1	0	69	133	197	3	4e-43	 134
GPLIN_001059800	contig_121591	100.00	28	0	0	41	68	333	250	4e-43	58.9
GPLIN_001059900	contig_2475	39.57	235	57	5	117	272	697	1383	5e-36	 139
GPLIN_001059900	contig_2475	40.34	233	55	5	123	271	682	1380	5e-34	 134
GPLIN_001060000	contig_34783	75.22	113	9	1	287	380	650	312	1e-50	 174
GPLIN_001060400	contig_60917	81.48	108	0	1	433	520	1138	1461	4e-95	 179
GPLIN_001060400	contig_60917	75.21	121	0	1	312	402	506	868	4e-95	 139
GPLIN_001060400	contig_60917	100.00	32	0	0	402	433	963	1058	4e-95	73.2
GPLIN_001060400	contig_60917	49.55	111	3	1	258	315	1	333	3e-17	87.0
GPLIN_000252200	contig_22391	66.99	103	0	1	18	86	642	950	7e-41	80.9
GPLIN_000252200	contig_22391	70.18	57	9	2	122	170	1175	1345	7e-41	73.6
GPLIN_000252200	contig_22391	96.00	25	1	0	85	109	997	1071	7e-41	53.1
GPLIN_000252200	contig_22391	100.00	19	0	0	153	171	1410	1466	3e-05	47.0
GPLIN_000254600	contig_9532	86.42	81	7	1	174	254	901	1131	1e-74	 130
GPLIN_000254600	contig_9532	73.81	84	2	1	251	314	1233	1484	1e-74	 127
GPLIN_000254600	contig_9532	96.55	29	1	0	314	342	1553	1639	1e-74	64.3
GPLIN_000254600	contig_9532	54.29	140	16	1	3	94	7	426	3e-60	 127
GPLIN_000254600	contig_9532	69.77	129	1	1	95	185	476	862	3e-60	 124
GPLIN_000038300	contig_8707	65.20	204	0	2	540	672	6694	6083	0.0	 238
GPLIN_000038300	contig_8707	57.38	183	32	3	788	927	5373	4834	0.0	 194
GPLIN_000038300	contig_8707	65.50	171	4	2	673	788	5990	5478	0.0	 174
GPLIN_000038300	contig_8707	100.00	69	0	0	472	540	6989	6783	0.0	 144
GPLIN_000038300	contig_8707	92.86	28	2	0	445	472	7131	7048	0.0	56.2
GPLIN_000038300	contig_8707	55.40	287	22	4	1669	1849	863	3	1e-136	 268
GPLIN_000038300	contig_8707	50.90	332	79	7	1424	1674	1882	896	1e-136	 242
GPLIN_000038300	contig_8707	68.98	187	1	2	1086	1215	3926	3366	2e-136	 243
GPLIN_000038300	contig_8707	100.00	102	0	0	1214	1315	3328	3023	2e-136	 222
GPLIN_000038300	contig_8707	95.24	21	1	0	1031	1051	4209	4147	2e-136	47.4
GPLIN_000038300	contig_8707	100.00	18	0	0	1068	1085	4048	3995	2e-136	40.0
GPLIN_000038300	contig_8707	59.26	324	30	7	21	242	9456	8485	8e-85	 315
GPLIN_000038300	contig_8707	84.68	124	4	1	266	374	8181	7810	1e-70	 208
GPLIN_000038300	contig_8707	97.06	34	1	0	237	270	8311	8210	1e-70	81.6
GPLIN_000038300	contig_8707	97.22	72	2	0	963	1034	4602	4387	1e-59	 155
GPLIN_000038300	contig_8707	93.62	47	3	0	918	964	4804	4664	1e-59	99.0
GPLIN_000038300	contig_8707	100.00	54	0	0	1370	1423	2634	2473	3e-39	 112
GPLIN_000038300	contig_8707	97.22	36	1	0	1334	1369	2791	2684	3e-39	72.8
GPLIN_000038300	contig_8707	100.00	39	0	0	375	413	7551	7435	4e-33	85.1
GPLIN_000038300	contig_8707	87.80	41	5	0	406	446	7388	7266	4e-33	79.7
GPLIN_000038300	contig_8707	92.31	39	3	0	810	848	5239	5123	2e-13	79.7
GPLIN_000038300	contig_8707	100.00	24	0	0	1730	1753	531	460	2e-06	56.6
GPLIN_000038300	contig_8707	19.76	167	93	5	2168	2293	4929	4429	0.093	41.2
GPLIN_000038300	contig_8707	32.94	85	43	4	2222	2300	5082	4852	0.46	38.9
GPLIN_000038300	contig_8707	37.70	61	25	3	741	788	3614	3432	0.54	31.6
GPLIN_000038300	contig_8707	32.56	43	25	1	786	828	3367	3251	0.54	23.9
GPLIN_000038300	contig_8707	34.09	44	29	0	986	1029	4995	4864	3.8	35.8
GPLIN_000038900	contig_17942	79.87	159	0	1	546	672	776	1252	1e-74	 252
GPLIN_000038900	contig_17942	97.37	76	2	0	280	355	776	1003	9e-41	 157
GPLIN_000038900	contig_17942	77.11	83	0	1	213	276	353	601	6e-30	 125
GPLIN_000038900	contig_17942	60.00	85	13	2	472	537	353	601	1e-18	91.3
GPLIN_000038900	contig_17942	100.00	22	0	0	192	213	1	66	5e-05	48.5
GPLIN_000038900	contig_17942	100.00	22	0	0	451	472	1	66	5e-05	48.5
GPLIN_000259400	contig_88605	67.41	135	2	3	256	351	692	297	5e-59	 161
GPLIN_000259400	contig_88605	97.67	43	1	0	213	255	883	755	5e-59	87.4
GPLIN_000259500	contig_20961	43.71	167	51	2	236	359	3758	3258	2e-55	 123
GPLIN_000259500	contig_20961	68.75	64	13	1	119	175	4346	4155	2e-55	69.7
GPLIN_000259500	contig_20961	45.45	77	23	2	178	235	4045	3815	2e-55	63.9
GPLIN_000260100	contig_1668	55.00	100	42	1	181	277	3836	4135	4e-52	 104
GPLIN_000260100	contig_1668	39.20	125	51	3	72	175	3385	3747	4e-52	66.2
GPLIN_000260100	contig_1668	79.41	34	7	0	1	34	2956	3057	4e-52	56.6
GPLIN_000260100	contig_1668	83.72	43	6	1	33	75	3147	3272	4e-52	38.9
GPLIN_000260100	contig_1668	55.26	38	16	1	259	295	4241	4354	9e-04	43.1
GPLIN_000260200	contig_35	100.00	82	0	0	380	461	2510	2265	2e-103	 155
GPLIN_000260200	contig_35	68.82	93	0	1	286	349	3021	2743	2e-103	 122
GPLIN_000260200	contig_35	83.64	55	2	1	456	503	2190	2026	2e-103	92.8
GPLIN_000260200	contig_35	91.43	35	3	0	349	383	2668	2564	2e-103	68.6
GPLIN_001082800	contig_72070	98.77	81	1	0	30	110	327	569	2e-52	 169
GPLIN_001082800	contig_72070	52.50	80	23	4	1	71	181	402	2e-13	66.2
GPLIN_001082900	contig_58558	79.63	54	11	0	75	128	921	1082	9e-36	88.2
GPLIN_001082900	contig_58558	60.27	73	26	1	3	75	593	802	9e-36	80.1
GPLIN_001083600	contig_55281	62.30	122	30	1	196	301	34	399	1e-43	 150
GPLIN_001566300	contig_5614	98.81	84	1	0	27	110	1545	1294	3e-51	 176
GPLIN_001566300	contig_5614	76.81	69	13	2	27	93	2451	2654	1e-25	 103
GPLIN_001566300	contig_5614	87.50	24	3	0	3	26	2064	2135	9e-07	48.9
GPLIN_001096800	contig_3359	53.85	117	22	2	54	138	714	1064	5e-28	 116
GPLIN_001096800	contig_3359	100.00	39	0	0	1	39	9	125	6e-17	77.8
GPLIN_001096800	contig_3359	80.00	15	3	0	40	54	187	231	6e-17	28.9
GPLIN_001096800	contig_3359	77.42	31	7	0	144	174	2066	2158	4e-06	50.1
GPLIN_001099700	contig_44045	72.06	136	16	4	34	152	313	705	2e-55	 185
GPLIN_000266800	contig_66833	100.00	65	0	0	215	279	284	90	4e-52	 144
GPLIN_000266800	contig_66833	97.22	36	1	0	180	215	459	352	4e-52	73.9
GPLIN_000266800	contig_66833	100.00	12	0	0	281	292	36	1	4e-52	28.1
GPLIN_000266800	contig_66833	75.00	88	4	2	79	149	1307	1047	2e-43	 114
GPLIN_000266800	contig_66833	100.00	43	0	0	43	85	1465	1337	2e-43	82.0
GPLIN_000266800	contig_66833	97.06	34	1	0	10	43	1802	1701	4e-13	66.2
GPLIN_000266800	contig_66833	100.00	10	0	0	1	10	1881	1852	4e-13	28.1
GPLIN_000266800	contig_66833	100.00	31	0	0	150	180	822	730	3e-10	64.3
GPLIN_000266800	contig_66833	68.97	29	6	1	124	149	441	355	0.55	34.7
GPLIN_001105100	contig_195834	77.06	109	4	1	207	294	327	1	6e-54	 177
GPLIN_001105500	contig_67350	95.18	83	4	0	65	147	769	521	4e-50	 169
GPLIN_001105500	contig_67350	63.16	38	14	0	177	214	440	327	4e-50	48.5
GPLIN_001115700	contig_55281	63.39	112	25	2	109	204	28	363	4e-40	 138
GPLIN_001126000	contig_1688	62.92	89	33	0	153	241	1279	1545	1e-57	 115
GPLIN_001126000	contig_1688	59.04	83	19	2	19	87	686	931	1e-57	79.7
GPLIN_001126000	contig_1688	57.63	59	21	1	89	147	1032	1196	1e-57	69.3
GPLIN_001128900	contig_29423	100.00	95	0	0	19	113	481	765	5e-56	 194
GPLIN_001128900	contig_29423	100.00	18	0	0	1	18	371	424	0.040	38.5
GPLIN_001131500	contig_23299	65.43	81	27	1	53	133	915	676	8e-44	 112
GPLIN_001131500	contig_23299	73.68	38	9	1	134	171	583	473	8e-44	56.2
GPLIN_001131500	contig_23299	57.89	38	15	1	10	46	1102	989	8e-44	47.4
GPLIN_001135400	contig_202171	75.44	114	0	1	169	254	343	2	1e-51	 170
GPLIN_000284600	contig_20961	48.80	166	42	2	97	219	3755	3258	2e-51	 139
GPLIN_000284600	contig_20961	44.87	78	24	2	35	93	4054	3821	2e-51	62.4
GPLIN_000284600	contig_20961	60.00	35	14	0	2	36	4256	4152	2e-51	41.2
GPLIN_000284700	contig_2475	50.18	277	55	7	9	209	667	1476	5e-67	 222
GPLIN_001150700	contig_51614	95.73	117	5	0	57	173	484	134	1e-57	 203
GPLIN_001150700	contig_51614	96.30	54	2	0	1	54	894	733	8e-13	72.4
GPLIN_000292100	contig_68783	63.58	162	0	2	364	466	15	500	4e-54	 185
GPLIN_000043300	contig_20961	68.37	98	27	2	45	138	4442	4149	1e-60	 112
GPLIN_000043300	contig_20961	60.24	83	32	1	201	282	3755	3507	1e-60	 101
GPLIN_000043300	contig_20961	43.68	87	26	4	136	202	4054	3803	1e-60	60.8
GPLIN_000046400	contig_5036	53.59	209	49	6	302	462	1773	1147	8e-56	 200
GPLIN_000046400	contig_5036	75.61	41	7	1	463	500	1015	893	3e-09	61.6
GPLIN_000294100	contig_34122	51.56	192	47	4	467	612	236	811	6e-46	 170
GPLIN_000294100	contig_34122	48.47	196	50	3	231	375	41	628	6e-42	 158
GPLIN_001166000	contig_2451	77.27	154	1	1	118	237	802	1263	4e-73	 234
GPLIN_001166000	contig_2451	95.24	21	1	0	95	115	2	64	2e-04	44.3
GPLIN_001168900	contig_131186	74.42	86	1	1	111	175	554	811	3e-32	 123
GPLIN_001168900	contig_131186	41.46	41	18	1	147	187	856	960	1.4	31.6
GPLIN_001168900	contig_131186	70.00	20	6	0	46	65	159	218	3.6	28.9
GPLIN_001168900	contig_131186	87.50	8	1	0	64	71	211	234	3.6	18.9
GPLIN_001169300	contig_15425	77.53	89	1	1	290	359	967	701	1e-49	 144
GPLIN_001169300	contig_15425	100.00	33	0	0	258	290	1173	1075	1e-49	72.4
GPLIN_001169300	contig_15425	81.08	37	7	0	354	390	126	16	1e-10	65.5
GPLIN_001171400	contig_224983	100.00	68	0	0	265	332	204	1	5e-40	 140
GPLIN_001171800	contig_108180	72.96	233	43	2	308	529	59	730	4e-106	 330
GPLIN_001171800	contig_108180	69.70	33	10	0	540	572	900	998	7e-07	50.1
GPLIN_001171800	contig_108180	75.00	12	3	0	530	541	871	906	7e-07	23.5
GPLIN_001586900	contig_4874	88.68	53	6	0	64	116	37	195	2e-28	 103
GPLIN_001587100	contig_55214	65.26	95	25	3	19	107	1390	1112	2e-31	 120
GPLIN_001587100	contig_55214	96.77	31	1	0	25	55	1795	1703	2e-12	66.2
GPLIN_001587100	contig_55214	100.00	26	0	0	1	26	2150	2073	4e-09	56.2
GPLIN_001587100	contig_55214	50.00	30	12	1	4	30	2522	2433	1.9	30.0
GPLIN_001173900	contig_84952	84.04	94	9	1	137	230	883	620	9e-85	 160
GPLIN_001173900	contig_84952	70.18	57	0	1	256	295	353	183	9e-85	79.3
GPLIN_001173900	contig_84952	100.00	36	0	0	296	331	127	20	9e-85	76.6
GPLIN_001173900	contig_84952	87.50	32	4	0	225	256	552	457	9e-85	60.8
GPLIN_001173900	contig_84952	100.00	51	0	0	1	51	1802	1650	8e-55	 106
GPLIN_001173900	contig_84952	97.67	43	1	0	76	118	1483	1355	8e-55	92.0
GPLIN_001173900	contig_84952	100.00	24	0	0	52	75	1596	1525	8e-55	57.8
GPLIN_001173900	contig_84952	95.12	41	2	0	118	158	1125	1003	3e-16	85.1
GPLIN_001587400	contig_215039	93.75	80	5	0	30	109	275	36	2e-49	 159
GPLIN_000299400	contig_34122	41.08	241	72	6	200	371	86	805	3e-38	 144
GPLIN_001178500	contig_5	54.55	110	33	2	146	238	1238	909	9e-40	 111
GPLIN_001178500	contig_5	78.26	46	10	0	103	148	1425	1288	9e-40	72.4
GPLIN_001178500	contig_5	62.86	35	11	1	235	267	457	353	0.004	42.0
GPLIN_001181800	contig_22967	80.85	94	18	0	154	247	31	312	7e-47	 164
GPLIN_001181800	contig_22967	55.88	34	11	2	235	264	694	795	0.011	39.3
GPLIN_001185900	contig_34122	49.04	208	60	5	55	217	191	811	7e-47	 163
GPLIN_001186200	contig_28373	73.68	152	4	2	192	307	1	456	3e-71	 227
GPLIN_001186200	contig_28373	98.15	54	1	0	336	389	295	456	1e-29	 115
GPLIN_001189000	contig_55282	94.44	72	4	0	57	128	281	66	8e-45	 146
GPLIN_001189400	contig_21139	57.39	230	20	3	423	574	637	1326	4e-71	 226
GPLIN_001189400	contig_21139	57.35	68	0	1	389	427	380	583	4e-71	63.2
GPLIN_001189400	contig_21139	82.14	28	5	0	341	368	2	85	4e-05	48.9
GPLIN_001189400	contig_21139	68.42	19	6	0	340	358	661	717	5.1	32.3
GPLIN_001206200	contig_44045	86.26	131	1	1	33	146	313	705	6e-71	 226
GPLIN_001206200	contig_44045	79.41	34	7	0	232	265	604	705	5e-08	55.1
GPLIN_000312100	contig_79334	97.78	90	2	0	102	191	367	636	2e-47	 164
GPLIN_000312300	contig_34122	42.47	259	75	6	177	361	35	811	2e-48	 172
GPLIN_000312500	contig_14726	87.50	72	9	0	55	126	361	576	1e-54	 133
GPLIN_000312500	contig_14726	56.32	87	6	2	1	55	42	302	1e-54	85.9
GPLIN_000312500	contig_14726	93.75	16	1	0	128	143	677	724	1e-54	35.0
GPLIN_000312600	contig_75029	63.79	232	1	2	12	160	2074	1379	9e-86	 271
GPLIN_000312600	contig_75029	67.50	40	10	1	116	155	237	347	5e-09	56.6
GPLIN_001212700	contig_15422	80.49	82	16	0	9	90	252	7	3e-43	 142
GPLIN_000318600	contig_77076	61.94	134	35	3	60	177	87	488	4e-44	 150
GPLIN_000318800	contig_77076	65.69	137	32	2	305	426	78	488	3e-50	 174
GPLIN_000320000	contig_2475	41.98	324	78	11	187	460	673	1464	9e-53	 192
GPLIN_000320000	contig_2475	44.98	249	53	6	291	461	739	1467	2e-46	 174
GPLIN_001598500	contig_22967	85.23	88	13	0	29	116	31	294	3e-48	 160
GPLIN_001598500	contig_22967	50.00	24	9	1	110	130	694	765	5.4	28.9
GPLIN_001223200	contig_215039	71.64	67	17	2	1	67	245	51	1e-17	76.3
GPLIN_000047500	contig_34122	46.67	195	58	3	18	168	233	811	2e-44	 154
GPLIN_001224300	contig_8422	67.74	155	3	2	828	935	583	1047	4e-95	 162
GPLIN_001224300	contig_8422	97.92	48	1	0	781	828	392	535	4e-95	 105
GPLIN_001224300	contig_8422	74.51	51	7	1	930	974	1122	1274	4e-95	79.7
GPLIN_001224300	contig_8422	100.00	29	0	0	754	782	265	351	4e-95	65.5
GPLIN_001224300	contig_8422	57.14	133	22	2	1002	1099	1444	1842	2e-49	 137
GPLIN_001224300	contig_8422	100.00	39	0	0	963	1001	1271	1387	2e-49	81.3
GPLIN_001224300	contig_8422	96.97	33	1	0	1067	1099	1796	1894	1e-10	68.9
GPLIN_001224300	contig_8422	68.75	32	6	2	572	603	19	102	4.4	33.9
GPLIN_001225300	contig_4698	98.88	89	1	0	339	427	516	250	2e-44	 127
GPLIN_001225300	contig_4698	100.00	29	0	0	425	453	197	111	2e-44	64.7
GPLIN_001225300	contig_4698	91.67	12	1	0	454	465	37	2	2e-44	28.5
GPLIN_000328200	contig_14198	100.00	143	0	0	513	655	465	893	1e-90	 303
GPLIN_000328200	contig_14198	100.00	24	0	0	479	502	171	242	6e-07	56.2
GPLIN_001227400	contig_34122	50.26	193	51	3	86	233	233	811	8e-47	 163
GPLIN_001235900	contig_44143	98.73	79	1	0	47	125	14	250	1e-51	 165
GPLIN_001246500	contig_41950	65.48	84	5	2	79	138	800	549	1e-47	90.9
GPLIN_001246500	contig_41950	94.44	36	2	0	47	82	982	875	1e-47	75.5
GPLIN_001246500	contig_41950	95.24	42	2	0	137	178	508	383	1e-47	63.5
GPLIN_001246500	contig_41950	95.56	45	2	0	175	219	245	111	2e-21	93.2
GPLIN_001246900	contig_41950	65.48	84	5	2	79	138	800	549	1e-47	90.9
GPLIN_001246900	contig_41950	94.44	36	2	0	47	82	982	875	1e-47	75.5
GPLIN_001246900	contig_41950	95.24	42	2	0	137	178	508	383	1e-47	63.5
GPLIN_001246900	contig_41950	95.56	45	2	0	175	219	245	111	2e-21	93.2
GPLIN_000350100	contig_39163	41.09	258	81	10	300	499	959	225	8e-50	 155
GPLIN_000350100	contig_39163	73.68	38	10	0	500	537	136	23	8e-50	62.0
GPLIN_000350100	contig_39163	53.52	71	10	4	149	197	1067	858	1e-08	59.7
GPLIN_000350100	contig_39163	81.82	22	3	1	104	124	1281	1216	3e-04	34.3
GPLIN_000350100	contig_39163	55.56	36	5	1	68	103	1399	1325	3e-04	30.0
GPLIN_001253500	contig_46975	51.66	151	41	2	115	234	73	522	2e-37	 140
GPLIN_001253600	contig_31716	50.32	155	30	2	225	360	964	584	2e-33	 134
GPLIN_001253600	contig_31716	75.00	24	6	0	199	222	2039	1968	0.15	36.6
GPLIN_001253600	contig_31716	94.44	18	1	0	111	128	2039	1986	0.58	34.7
GPLIN_001253700	contig_46975	54.00	150	38	1	115	233	73	522	2e-40	 149
GPLIN_001253800	contig_60917	53.27	107	30	1	259	345	1138	1458	4e-56	 108
GPLIN_001253800	contig_60917	56.10	123	22	3	134	225	503	868	4e-56	 103
GPLIN_001253800	contig_60917	66.67	30	10	0	230	259	969	1058	4e-56	47.0
GPLIN_001253800	contig_60917	48.65	111	17	1	58	128	509	841	2e-15	80.1
GPLIN_001253900	contig_60917	50.72	138	27	3	100	197	494	904	5e-52	 108
GPLIN_001253900	contig_60917	46.79	109	38	1	219	307	1135	1461	5e-52	94.4
GPLIN_001253900	contig_60917	66.67	27	9	0	191	217	969	1049	5e-52	42.7
GPLIN_000358100	contig_143095	100.00	68	0	0	1	68	226	23	2e-42	 145
GPLIN_001258100	contig_91962	48.47	163	36	5	140	258	528	52	1e-31	 122
GPLIN_001258400	contig_34122	47.69	195	52	4	157	302	53	634	7e-46	 163
GPLIN_001260200	contig_129908	94.00	50	3	0	312	361	159	308	2e-23	 100
GPLIN_001265800	contig_34122	46.74	261	65	5	266	452	29	811	2e-58	 201
GPLIN_001265900	contig_4746	95.45	88	4	0	164	251	487	224	7e-51	 152
GPLIN_001265900	contig_4746	100.00	29	0	0	140	168	618	532	7e-51	67.8
GPLIN_001265900	contig_4746	100.00	34	0	0	106	139	978	1079	1e-28	74.3
GPLIN_001265900	contig_4746	100.00	36	0	0	71	106	802	909	1e-28	71.6
GPLIN_000051600	contig_103688	80.16	126	0	1	1	101	379	2	1e-56	 182
GPLIN_000363400	contig_15422	98.65	74	1	0	310	383	228	7	7e-49	 167
GPLIN_000369500	contig_26523	67.52	157	2	2	321	428	529	59	7e-54	 192
GPLIN_000369500	contig_26523	84.00	50	8	0	189	238	1039	890	2e-18	89.7
GPLIN_001271400	contig_2475	40.32	248	76	7	37	213	667	1407	5e-42	 153
GPLIN_000372100	contig_36556	70.68	191	0	2	593	727	575	3	1e-74	 259
GPLIN_000372100	contig_36556	63.54	181	4	3	438	556	1796	1254	1e-53	 199
GPLIN_000372100	contig_36556	56.58	76	1	1	550	593	994	767	3e-11	68.9
GPLIN_000372100	contig_36556	81.48	27	5	0	498	524	720	640	1e-04	48.1
GPLIN_000376500	contig_2476	45.45	176	31	5	169	281	557	1078	2e-30	 124
GPLIN_000381900	contig_4389	84.47	103	16	0	145	247	383	75	3e-55	 181
GPLIN_000382500	contig_1343	73.15	149	35	2	127	270	3124	2678	5e-57	 208
GPLIN_000382500	contig_1343	56.72	67	28	1	380	445	203	3	1e-14	79.0
GPLIN_000382500	contig_1343	53.66	41	19	0	66	106	2818	2696	6e-04	44.7
GPLIN_000385000	contig_34122	52.08	192	48	3	27	174	230	805	1e-52	 176
GPLIN_000385300	contig_34122	52.02	198	48	4	139	289	215	808	4e-45	 160
GPLIN_000389800	contig_34122	41.86	258	77	5	162	347	41	811	2e-34	 133
GPLIN_000390200	contig_44890	83.80	142	1	1	80	199	93	518	2e-54	 182
GPLIN_000057000	contig_23299	56.58	76	19	2	270	333	894	673	2e-41	79.7
GPLIN_000057000	contig_23299	72.22	36	9	1	334	368	586	479	2e-41	55.1
GPLIN_000057000	contig_23299	36.89	103	26	2	125	227	1316	1125	2e-41	54.3
GPLIN_000057000	contig_23299	60.71	28	11	0	227	254	1081	998	2e-41	41.2
GPLIN_000057100	contig_205694	100.00	56	0	0	1	56	316	149	8e-30	 111
GPLIN_001300800	contig_34122	50.78	193	49	5	228	375	233	808	9e-41	 151
GPLIN_000403000	contig_85575	55.86	290	52	8	102	323	141	986	9e-80	 261
GPLIN_000403000	contig_85575	100.00	21	0	0	320	340	1064	1126	2e-06	52.4
GPLIN_001310300	contig_20962	50.85	177	31	4	211	331	1584	1054	4e-46	 123
GPLIN_001310300	contig_20962	46.09	115	21	3	122	209	1943	1641	4e-46	81.3
GPLIN_001310300	contig_20962	45.14	175	33	3	18	129	1584	1060	3e-20	94.0
GPLIN_001310400	contig_31716	60.87	138	35	1	153	271	985	572	6e-42	 155
GPLIN_001310400	contig_31716	60.38	53	21	0	40	92	742	584	4e-22	73.6
GPLIN_001310400	contig_31716	68.75	32	10	0	11	42	828	733	4e-22	50.4
GPLIN_001310400	contig_31716	73.33	30	8	0	92	121	92	3	3e-05	47.8
GPLIN_001310900	contig_176275	87.30	126	1	1	93	203	379	2	1e-74	 227
GPLIN_001312600	contig_43025	81.29	155	1	1	215	341	522	58	2e-78	 249
GPLIN_001312600	contig_43025	91.18	34	2	1	181	214	707	609	2e-78	63.5
GPLIN_001312600	contig_43025	92.31	26	2	0	112	137	1236	1159	2e-06	51.2
GPLIN_001312600	contig_43025	45.90	61	24	1	121	181	1120	965	4e-06	50.4
GPLIN_001315800	contig_99821	100.00	80	0	0	251	330	495	256	9e-50	 170
GPLIN_001315800	contig_99821	100.00	20	0	0	230	249	575	634	1e-04	45.1
GPLIN_000413600	contig_42403	80.82	73	13	1	48	119	297	515	4e-32	 120
GPLIN_000413600	contig_42403	97.30	37	1	0	28	64	98	208	2e-16	77.4
GPLIN_000413700	contig_104598	72.84	81	1	1	223	282	172	414	1e-32	 123
GPLIN_000413700	contig_104598	39.08	87	30	1	158	221	154	414	8e-11	62.4
GPLIN_000414000	contig_12638	49.57	117	31	1	193	281	1357	1707	1e-48	 108
GPLIN_000414000	contig_12638	50.00	114	32	1	107	195	938	1279	1e-48	 104
GPLIN_000414100	contig_34122	41.25	257	58	4	281	444	41	811	3e-46	 167
GPLIN_001323300	contig_143745	93.67	79	5	0	129	207	246	10	5e-47	 164
GPLIN_000047700	contig_5041	53.33	210	45	3	302	458	630	1	1e-55	 193
GPLIN_000008700	contig_28373	59.24	157	29	3	126	252	1	456	3e-52	 174
GPLIN_000424400	contig_4543	67.19	192	15	2	19	162	4321	3746	3e-66	 238
GPLIN_000424400	contig_4543	82.42	91	0	1	390	464	2487	2215	2e-49	 154
GPLIN_000424400	contig_4543	64.10	39	14	0	490	528	2104	1988	2e-49	49.3
GPLIN_000424400	contig_4543	53.33	30	13	1	364	393	2612	2526	2e-49	34.3
GPLIN_000424400	contig_4543	77.33	75	3	1	303	377	2830	2648	2e-25	 114
GPLIN_000424400	contig_4543	40.16	122	17	3	183	248	3497	3132	3e-18	68.6
GPLIN_000424400	contig_4543	100.00	20	0	0	248	267	3087	3028	3e-18	43.9
GPLIN_000424400	contig_4543	93.55	31	2	0	1	31	4436	4344	1e-09	63.5
GPLIN_000424400	contig_4543	47.76	67	30	2	476	537	1987	1787	7e-06	51.6
GPLIN_001335500	contig_152705	85.71	63	9	0	13	75	67	255	4e-31	 116
GPLIN_001344300	contig_86061	38.70	261	62	8	28	193	1171	1944	1e-57	 150
GPLIN_001344300	contig_86061	63.64	66	23	1	193	258	1992	2186	1e-57	93.2
GPLIN_000466900	contig_6919	99.04	104	1	0	93	196	834	1145	1e-44	 160
GPLIN_000495300	contig_105492	93.33	45	2	1	172	215	9	143	7e-19	87.0
GPLIN_000495300	contig_105492	81.48	54	3	1	216	262	570	731	5e-07	52.8
GPLIN_000510600	contig_33695	78.00	100	5	1	44	126	1282	983	9e-82	 154
GPLIN_000510600	contig_33695	100.00	62	0	0	123	184	933	748	9e-82	 130
GPLIN_000510600	contig_33695	59.02	61	2	1	7	44	1530	1348	9e-82	60.5
GPLIN_000510600	contig_33695	89.39	66	5	1	225	288	545	348	4e-43	 119
GPLIN_000510600	contig_33695	96.97	33	1	0	285	317	235	137	4e-43	75.1
GPLIN_000516100	contig_202901	97.14	35	1	0	205	239	16	120	2e-27	75.9
GPLIN_000516100	contig_202901	91.43	35	3	0	237	271	207	311	2e-27	66.2
GPLIN_001391000	contig_35983	96.15	78	3	0	126	203	234	1	1e-59	 161
GPLIN_001391000	contig_35983	97.67	43	1	0	82	124	478	350	1e-59	89.0
GPLIN_000555400	contig_72955	72.46	69	18	1	38	105	1722	1516	1e-16	77.4
GPLIN_000560800	contig_43979	96.25	240	1	2	1	234	410	1123	2e-163	 477
GPLIN_000560800	contig_43979	74.39	164	15	2	209	345	1125	1616	1e-70	 237
GPLIN_001417900	contig_83999	89.29	56	5	1	33	88	454	290	2e-25	99.4
GPLIN_000589200	contig_100711	100.00	84	0	0	305	388	10	261	1e-48	 179
GPLIN_000589200	contig_100711	97.73	44	1	0	409	452	777	908	7e-20	95.1
GPLIN_000589200	contig_100711	97.14	35	1	0	452	486	1442	1546	2e-12	71.6
GPLIN_000100500	contig_188081	77.78	36	8	0	13	48	214	107	5e-13	61.2
GPLIN_000608100	contig_51860	95.88	97	4	0	206	302	440	150	1e-78	 184
GPLIN_000608100	contig_51860	48.11	185	34	4	64	206	990	496	1e-78	 128
GPLIN_000609400	contig_59275	91.14	79	7	0	93	171	239	3	6e-44	 148
GPLIN_000610000	contig_84353	95.83	48	2	0	181	228	916	1059	9e-37	90.9
GPLIN_000610000	contig_84353	82.61	46	8	0	140	185	734	871	9e-37	82.0
GPLIN_000610000	contig_84353	84.31	51	8	0	64	114	261	413	1e-19	88.2
GPLIN_000614900	contig_1043	100.00	25	0	0	116	140	1085	1011	2e-12	57.4
GPLIN_000614900	contig_1043	77.78	18	4	0	103	120	1180	1127	2e-12	32.3
GPLIN_000616800	contig_125147	93.33	45	2	1	1	45	53	184	8e-20	82.0
GPLIN_000641200	contig_123829	100.00	110	0	0	105	214	76	405	1e-54	 193
GPLIN_000641200	contig_123829	84.85	33	5	0	254	286	735	833	2e-05	49.3
GPLIN_000120500	contig_90912	100.00	22	0	0	148	169	230	295	8e-10	43.1
GPLIN_000120500	contig_90912	90.91	22	2	0	104	125	72	137	8e-10	38.5
GPLIN_000120500	contig_90912	90.91	22	2	0	126	147	72	137	0.002	38.5
GPLIN_000120500	contig_90912	90.91	22	2	0	148	169	72	137	0.003	38.1
GPLIN_000120500	contig_90912	82.61	23	4	0	103	125	227	295	0.005	37.7
GPLIN_000120500	contig_90912	86.36	22	3	0	126	147	230	295	0.011	36.6
GPLIN_000122100	contig_28587	100.00	72	0	0	85	156	1542	1757	1e-69	 150
GPLIN_000122100	contig_28587	77.78	90	1	1	156	226	1820	2089	1e-69	 133
GPLIN_000122100	contig_28587	96.39	83	3	0	222	304	2471	2719	2e-34	 139
GPLIN_000122100	contig_28587	98.36	61	1	0	303	363	2994	3176	9e-31	 128
GPLIN_000122100	contig_28587	95.56	45	2	0	1	45	897	1031	2e-18	89.7
GPLIN_000122100	contig_28587	100.00	35	0	0	363	397	3400	3504	4e-14	76.6
GPLIN_000122100	contig_28587	76.92	39	9	0	31	69	1039	1155	5e-10	63.9
GPLIN_000122100	contig_28587	63.33	30	8	1	58	84	1300	1389	0.27	35.8
GPLIN_001463000	contig_27690	96.77	62	2	0	33	94	19	204	4e-37	 130
GPLIN_000126000	contig_101795	96.97	99	3	0	240	338	267	563	8e-63	 194
GPLIN_000126000	contig_101795	93.94	33	2	0	208	240	115	213	8e-63	66.6
GPLIN_000689500	contig_128585	80.95	84	9	1	86	169	259	489	6e-25	 101
GPLIN_000696300	contig_67941	100.00	63	0	0	146	208	190	2	2e-36	 132
GPLIN_000698800	contig_134826	100.00	75	0	0	99	173	226	2	7e-32	 116
GPLIN_000713500	contig_105922	100.00	58	0	0	104	161	3	176	3e-35	 122
GPLIN_000713500	contig_105922	52.38	21	10	0	67	87	60	122	4.1	28.1
GPLIN_000723200	contig_11620	78.26	92	17	1	157	245	2176	2451	2e-69	 150
GPLIN_000723200	contig_11620	98.28	58	1	0	73	130	1751	1924	2e-69	90.9
GPLIN_000723200	contig_11620	100.00	29	0	0	130	158	1971	2057	2e-69	63.2
GPLIN_000723200	contig_11620	93.14	102	7	0	217	318	2468	2773	1e-52	 195
GPLIN_000723200	contig_11620	98.63	73	1	0	318	390	2937	3155	2e-40	 159
GPLIN_000723200	contig_11620	91.18	34	3	0	39	72	1259	1360	2e-13	75.1
GPLIN_000723200	contig_11620	97.06	34	1	0	39	72	1672	1571	4e-13	73.9
GPLIN_000723200	contig_11620	100.00	26	0	0	1	26	905	982	3e-10	54.7
GPLIN_000723200	contig_11620	85.71	14	2	0	27	40	1066	1107	3e-10	30.0
GPLIN_000723200	contig_11620	100.00	18	0	0	390	407	3284	3337	0.015	40.0
GPLIN_000723200	contig_11620	84.00	25	3	1	403	426	3521	3595	0.017	40.0
GPLIN_000140200	contig_30383	92.65	68	5	0	38	105	195	398	1e-40	 129
GPLIN_000140200	contig_30383	100.00	26	0	0	3	28	1	78	1e-40	54.7
GPLIN_000140200	contig_30383	85.71	21	3	0	100	120	1342	1404	0.001	39.7
GPLIN_000142200	contig_43672	88.41	69	8	0	1	69	17	223	2e-39	 134
GPLIN_000744000	contig_65789	100.00	110	0	0	13	122	1875	1546	6e-59	 199
GPLIN_000758200	contig_28319	93.62	47	3	0	161	207	1932	1792	6e-51	97.4
GPLIN_000758200	contig_28319	83.72	43	7	0	124	166	2152	2024	6e-51	80.1
GPLIN_000758200	contig_28319	100.00	31	0	0	97	127	2322	2230	6e-51	64.7
GPLIN_000758200	contig_28319	91.89	37	3	0	381	417	523	413	4e-14	77.0
GPLIN_000758200	contig_28319	91.43	35	3	0	258	292	1343	1239	5e-12	70.1
GPLIN_000758200	contig_28319	100.00	28	0	0	291	318	865	782	3e-09	61.6
GPLIN_000758500	contig_107962	58.21	67	3	1	128	169	347	147	8e-21	63.2
GPLIN_000758500	contig_107962	56.45	62	0	1	95	129	598	413	8e-21	57.4
GPLIN_000776900	contig_24531	96.49	57	2	0	112	168	7565	7395	3e-82	 119
GPLIN_000776900	contig_24531	100.00	51	0	0	28	78	8007	7855	3e-82	 114
GPLIN_000776900	contig_24531	100.00	33	0	0	79	111	7777	7679	3e-82	73.6
GPLIN_000776900	contig_24531	100.00	27	0	0	1	27	8138	8058	3e-82	62.0
GPLIN_000776900	contig_24531	64.96	117	9	1	243	327	6753	6403	1e-66	 143
GPLIN_000776900	contig_24531	96.83	63	2	0	326	388	6322	6134	1e-66	 131
GPLIN_000776900	contig_24531	74.52	157	0	1	810	926	1123	653	8e-59	 223
GPLIN_000776900	contig_24531	87.85	107	13	0	697	803	1765	1445	2e-49	 193
GPLIN_000776900	contig_24531	92.65	68	4	1	186	252	7231	7028	4e-43	 132
GPLIN_000776900	contig_24531	73.17	41	10	1	152	192	7392	7273	4e-43	64.3
GPLIN_000776900	contig_24531	82.76	87	1	1	477	549	4263	4003	5e-42	 144
GPLIN_000776900	contig_24531	95.65	23	1	0	454	476	4388	4320	5e-42	48.5
GPLIN_000776900	contig_24531	89.53	86	9	0	620	705	3321	3064	2e-41	 168
GPLIN_000776900	contig_24531	76.77	99	6	1	542	623	3778	3482	6e-36	 150
GPLIN_000776900	contig_24531	94.23	52	3	0	402	453	5642	5487	8e-28	 107
GPLIN_000776900	contig_24531	94.44	18	1	0	387	404	5743	5690	8e-28	37.4
GPLIN_000776900	contig_24531	48.15	54	18	2	770	818	1406	1260	7e-04	45.8
GPLIN_000807000	contig_171461	92.68	41	3	0	80	120	173	51	3e-17	76.6
GPLIN_000818900	contig_82450	70.68	133	7	1	1	101	399	1	3e-42	 146
GPLIN_000819000	contig_98952	100.00	60	0	0	173	232	36	215	8e-33	 121
GPLIN_000821100	contig_6152	88.24	17	2	0	1	17	2491	2541	0.19	31.2
GPLIN_000167000	contig_24577	98.81	84	1	0	51	134	3665	3916	2e-45	 171
GPLIN_000167000	contig_24577	65.38	52	1	1	1	35	2434	2589	5e-05	47.8
GPLIN_000167000	contig_24577	89.47	19	2	0	37	55	3096	3152	0.36	35.4
GPLIN_000834600	contig_151191	92.16	51	4	0	17	67	186	338	2e-25	97.4
GPLIN_000172000	contig_31064	93.33	30	2	0	14	43	1416	1505	4e-11	60.8
GPLIN_000847100	contig_39227	56.16	73	4	1	201	245	439	221	2e-17	75.9
GPLIN_000847100	contig_39227	51.22	41	12	2	165	201	635	525	2e-17	32.3
GPLIN_000886500	contig_60551	90.91	77	2	1	118	189	795	565	2e-32	 121
GPLIN_000886600	contig_111790	100.00	85	0	0	1	85	403	149	2e-37	 135
GPLIN_000886700	contig_72642	93.97	116	7	0	38	153	498	845	4e-64	 220
GPLIN_000886700	contig_72642	64.35	115	11	2	248	344	1856	2164	2e-31	 128
GPLIN_000886700	contig_72642	86.36	66	9	0	137	202	872	1069	2e-30	 125
GPLIN_000185800	contig_81390	63.64	110	4	1	29	102	886	557	9e-35	 130
GPLIN_000185800	contig_81390	58.82	51	3	1	118	150	195	43	9e-10	59.7
GPLIN_000897000	contig_99683	51.83	164	22	3	120	231	578	102	3e-38	 139
GPLIN_000897000	contig_99683	74.42	43	11	0	119	161	642	514	3e-12	67.0
GPLIN_000897600	contig_82303	74.67	75	1	1	12	68	1021	797	1e-25	 101
GPLIN_000897600	contig_82303	71.43	70	15	1	49	118	498	304	5e-25	99.8
GPLIN_000187400	contig_111274	72.46	69	18	1	6	73	2	208	5e-23	99.4
GPLIN_000187400	contig_111274	100.00	34	0	0	75	108	807	908	1e-13	72.0
GPLIN_000187400	contig_111274	43.90	82	1	1	172	208	1181	1426	1e-07	53.5
GPLIN_000187600	contig_10193	100.00	50	0	0	146	195	202	53	3e-25	 100
GPLIN_000195900	contig_65216	65.52	87	13	1	1	70	262	2	1e-30	 108
GPLIN_000919700	contig_24624	71.95	82	0	1	70	128	1010	1255	4e-27	 108
GPLIN_000919700	contig_24624	95.00	40	2	0	1	40	428	547	2e-16	77.8
GPLIN_000925000	contig_48220	55.77	104	22	3	1	82	1793	2098	3e-22	93.6
GPLIN_000927400	contig_133805	68.66	67	1	1	1	47	211	11	6e-20	84.3
GPLIN_000943000	contig_116854	98.11	106	2	0	56	161	254	571	8e-69	 212
GPLIN_000943000	contig_116854	100.00	19	0	0	37	55	1	57	7e-04	40.8
GPLIN_000943100	contig_126669	98.46	65	1	0	69	133	197	3	2e-33	 120
GPLIN_000943100	contig_126669	86.96	46	5	1	21	65	656	519	2e-17	78.6
GPLIN_000948600	contig_166271	100.00	20	0	0	1	20	72	131	9e-13	48.1
GPLIN_000948600	contig_166271	91.67	24	2	0	23	46	229	300	9e-13	43.1
GPLIN_000957300	contig_133673	62.43	173	32	2	1	140	551	1069	8e-49	 152
GPLIN_000957300	contig_133673	100.00	21	0	0	154	174	1273	1335	8e-49	49.7
GPLIN_000957300	contig_133673	100.00	14	0	0	140	153	1182	1223	8e-49	31.6
GPLIN_000208700	contig_30936	97.30	37	1	0	128	164	679	569	6e-16	76.3
GPLIN_000208700	contig_30936	100.00	17	0	0	112	128	1116	1066	7e-04	41.2
GPLIN_000208800	contig_127342	79.31	87	17	1	44	129	80	340	2e-32	 115
GPLIN_000209100	contig_11002	90.54	74	6	1	51	124	220	2	4e-38	 132
GPLIN_000966000	contig_137045	64.81	108	0	1	115	184	1	324	2e-35	 132
GPLIN_000966000	contig_137045	31.76	85	52	3	101	184	657	896	1e-06	49.7
GPLIN_000027900	contig_26514	41.38	203	86	4	71	242	1615	2217	3e-28	 117
GPLIN_000027900	contig_26514	51.16	43	17	1	3	45	1056	1172	0.005	40.4
GPLIN_000028200	contig_26515	68.09	141	44	1	52	191	275	697	5e-49	 172
GPLIN_000028200	contig_26515	82.69	52	9	0	162	213	960	1115	7e-27	80.9
GPLIN_000028200	contig_26515	93.10	29	2	0	136	164	818	904	7e-27	59.3
GPLIN_000028200	contig_26515	68.97	29	9	0	226	254	431	517	0.001	42.4
GPLIN_001004000	contig_81046	100.00	132	0	0	1	132	414	19	2e-47	 157
GPLIN_001008400	contig_51859	66.10	59	20	0	1	59	108	284	1e-15	69.7
GPLIN_000228700	contig_14633	100.00	55	0	0	1	55	1357	1521	1e-22	95.1
GPLIN_001550200	contig_37153	95.83	48	2	0	1	48	404	547	4e-25	96.7
GPLIN_001016900	contig_20735	83.50	103	1	1	50	136	770	1078	2e-47	 171
GPLIN_001016900	contig_20735	47.30	74	0	1	176	210	1808	2029	3e-10	61.6
GPLIN_001016900	contig_20735	100.00	28	0	0	1	28	136	219	3e-10	61.2
GPLIN_001016900	contig_20735	95.65	23	1	0	29	51	408	476	2e-05	47.4
GPLIN_001016900	contig_20735	41.27	63	1	1	136	162	1117	1305	0.17	35.0
GPLIN_001016900	contig_20735	78.95	19	4	0	159	177	1436	1492	0.19	35.0
GPLIN_001030400	contig_45591	86.70	752	7	3	72	730	2069	4324	0.0	1230
GPLIN_001030400	contig_45591	98.91	92	1	0	725	816	4517	4792	3e-61	 154
GPLIN_001030400	contig_45591	100.00	46	0	0	817	862	4866	5003	3e-61	 102
GPLIN_001030400	contig_45591	97.30	74	2	0	1	74	1759	1980	2e-37	 156
GPLIN_001030700	contig_10934	77.27	66	15	0	30	95	198	1	1e-32	 105
GPLIN_001030700	contig_10934	92.59	27	2	0	1	27	367	287	1e-32	52.4
GPLIN_001031700	contig_112131	58.82	102	19	1	48	126	427	122	1e-30	 112
GPLIN_000241600	contig_20159	52.54	59	28	0	8	66	633	457	2e-12	62.4
GPLIN_000241600	contig_20159	41.18	34	19	1	38	70	109	8	4.7	26.9
GPLIN_001040900	contig_52758	98.25	57	1	0	40	96	287	117	4e-30	 119
GPLIN_001066900	contig_116152	51.91	183	29	5	49	173	668	123	6e-42	 149
GPLIN_000258900	contig_81405	88.42	95	9	1	104	196	575	291	2e-45	 167
GPLIN_000258900	contig_81405	100.00	82	0	0	25	106	1263	1018	7e-45	 166
GPLIN_001080000	contig_20789	62.41	133	5	2	112	199	498	896	1e-40	 149
GPLIN_001080000	contig_20789	90.91	55	3	1	60	114	34	192	1e-22	99.0
GPLIN_001099200	contig_73436	97.33	75	2	0	952	1026	2057	1833	8e-91	 159
GPLIN_001099200	contig_73436	95.95	74	3	0	847	920	2491	2270	8e-91	 149
GPLIN_001099200	contig_73436	96.97	33	1	0	919	951	2226	2128	8e-91	68.6
GPLIN_000271900	contig_65979	100.00	59	0	0	79	137	178	2	3e-31	 121
GPLIN_000280900	contig_9354	90.54	74	7	0	382	455	388	609	9e-35	 139
GPLIN_000280900	contig_9354	84.62	26	4	0	358	383	3	80	4e-06	51.6
GPLIN_000281300	contig_33976	100.00	107	0	0	24	130	148	468	9e-119	 220
GPLIN_000281300	contig_33976	93.98	83	5	0	126	208	548	796	9e-119	 159
GPLIN_000281300	contig_33976	100.00	27	0	0	209	235	850	930	9e-119	60.8
GPLIN_000281300	contig_33976	100.00	23	0	0	1	23	24	92	9e-119	48.9
GPLIN_001127400	contig_61458	100.00	40	0	0	72	111	1186	1067	5e-18	83.6
GPLIN_001127400	contig_61458	100.00	26	0	0	125	150	860	783	3e-10	60.5
GPLIN_001127400	contig_61458	83.64	55	9	0	17	71	1644	1480	1e-08	55.5
GPLIN_001127400	contig_61458	100.00	13	0	0	157	169	135	97	0.63	32.7
GPLIN_000283500	contig_22279	96.97	66	2	0	329	394	376	573	6e-41	 139
GPLIN_000283500	contig_22279	79.31	29	6	0	302	330	224	310	6e-41	49.3
GPLIN_001138300	contig_2617	70.76	171	4	1	233	357	3310	3822	2e-67	 236
GPLIN_001138300	contig_2617	95.12	82	4	0	113	194	2507	2752	2e-41	 160
GPLIN_001138300	contig_2617	98.28	58	1	0	60	117	2111	2284	7e-27	 115
GPLIN_001138300	contig_2617	100.00	34	0	0	1	34	1689	1790	2e-13	74.3
GPLIN_001138300	contig_2617	100.00	32	0	0	205	236	3059	3154	4e-12	70.1
GPLIN_001138300	contig_2617	59.09	44	18	0	34	77	1986	2117	2e-06	52.4
GPLIN_001138500	contig_10974	84.56	136	0	1	158	272	2282	1875	2e-72	 222
GPLIN_001138500	contig_10974	100.00	33	0	0	273	305	1761	1663	2e-72	70.9
GPLIN_001138500	contig_10974	98.85	87	1	0	1	87	3075	2815	6e-50	 181
GPLIN_001138500	contig_10974	66.95	118	26	4	42	158	2878	2561	4e-36	 141
GPLIN_001138700	contig_10974	84.56	136	0	1	157	271	2282	1875	7e-69	 221
GPLIN_001138700	contig_10974	83.87	31	5	0	272	302	1761	1669	7e-69	58.9
GPLIN_001138700	contig_10974	97.75	89	2	0	1	89	3075	2809	5e-50	 181
GPLIN_001138700	contig_10974	74.51	102	12	3	59	157	2833	2561	8e-36	 140
GPLIN_001146800	contig_35693	41.18	153	31	4	356	455	1052	1492	6e-60	94.4
GPLIN_001146800	contig_35693	58.26	115	25	5	266	362	615	944	6e-60	88.6
GPLIN_001146800	contig_35693	73.53	34	9	0	168	201	2	103	6e-60	55.5
GPLIN_001146800	contig_35693	35.04	137	21	3	201	271	178	582	6e-60	55.1
GPLIN_001153200	contig_10083	57.99	219	61	4	83	275	851	210	6e-52	 144
GPLIN_001153200	contig_10083	75.93	54	9	1	276	325	163	2	6e-52	82.0
GPLIN_001153200	contig_10083	49.15	59	26	2	418	476	166	2	4e-09	48.9
GPLIN_001153200	contig_10083	45.95	37	19	1	381	417	320	213	4e-09	32.7
GPLIN_001153200	contig_10083	45.76	59	28	2	623	681	166	2	7e-08	45.1
GPLIN_001153200	contig_10083	45.95	37	19	1	586	622	320	213	7e-08	32.7
GPLIN_001153300	contig_10083	53.81	223	54	6	77	259	851	210	9e-43	 150
GPLIN_001153300	contig_10083	44.83	58	28	2	260	317	163	2	9e-43	43.5
GPLIN_001183800	contig_11002	98.55	69	1	0	46	114	208	2	2e-40	 138
GPLIN_001184500	contig_106856	100.00	36	0	0	139	174	568	461	1e-15	74.3
GPLIN_001185000	contig_127878	98.11	53	1	0	29	81	185	27	2e-28	 107
GPLIN_001592300	contig_160603	97.14	35	1	0	203	237	2	106	2e-18	80.5
GPLIN_001196900	contig_73703	96.43	28	0	1	20	46	623	540	9e-09	54.3
GPLIN_000318900	contig_118330	100.00	109	0	0	28	136	2	328	3e-60	 190
GPLIN_000319000	contig_2527	81.48	135	1	1	85	195	399	803	3e-64	 142
GPLIN_000319000	contig_2527	100.00	55	0	0	32	86	181	345	3e-64	 124
GPLIN_000319000	contig_2527	38.24	136	10	4	85	195	705	965	2e-09	62.8
GPLIN_000319000	contig_2527	87.10	31	4	0	165	195	1049	1141	3e-08	58.9
GPLIN_000319000	contig_2527	82.61	23	3	1	85	107	1043	1108	0.085	38.1
GPLIN_000319500	contig_45568	100.00	16	0	0	32	47	49	2	0.012	36.2
GPLIN_001223000	contig_114999	73.77	183	7	2	2	143	640	92	9e-50	 168
GPLIN_001232800	contig_83323	46.71	152	26	2	195	291	89	544	1e-29	 119
GPLIN_001232800	contig_83323	92.00	50	3	1	284	333	718	864	6e-19	89.0
GPLIN_000333000	contig_176613	83.33	54	4	2	21	71	2	157	5e-18	75.5
GPLIN_000333100	contig_105818	100.00	40	0	0	116	155	142	23	3e-19	82.0
GPLIN_000333100	contig_105818	75.00	48	9	2	45	90	157	17	3e-13	65.5
GPLIN_000342300	contig_19974	93.10	58	4	0	172	229	170	343	8e-33	 121
GPLIN_001244900	contig_49721	95.59	68	3	0	161	228	446	243	8e-42	 144
GPLIN_000357600	contig_25898	98.67	75	1	0	184	258	1339	1563	1e-40	 155
GPLIN_000357600	contig_25898	100.00	51	0	0	282	332	2130	2282	2e-33	 108
GPLIN_000357600	contig_25898	76.67	30	7	0	252	281	1984	2073	2e-33	53.9
GPLIN_000357600	contig_25898	83.78	37	6	0	100	136	645	755	2e-24	67.8
GPLIN_000357600	contig_25898	96.67	30	1	0	130	159	799	888	2e-24	64.7
GPLIN_000357600	contig_25898	100.00	32	0	0	63	94	53	148	2e-14	76.6
GPLIN_000361100	contig_105818	79.59	49	7	2	61	107	145	2	6e-15	73.2
GPLIN_000361100	contig_105818	77.55	49	8	2	308	354	145	2	3e-14	70.9
GPLIN_000361100	contig_105818	94.12	17	1	0	152	168	52	2	0.009	37.7
GPLIN_001262300	contig_94075	85.31	354	52	0	289	642	2157	1096	6e-160	 485
GPLIN_001263700	contig_48220	88.00	150	0	1	1	132	1793	2242	6e-78	 254
GPLIN_001268500	contig_87350	58.33	84	34	1	59	142	1284	1532	2e-33	97.8
GPLIN_001268500	contig_87350	93.33	30	2	0	29	58	1136	1225	2e-33	64.3
GPLIN_001268500	contig_87350	45.71	35	19	0	119	153	1525	1629	0.021	38.5
GPLIN_000376600	contig_136795	71.61	155	11	4	336	458	462	1	7e-61	 207
GPLIN_001292400	contig_143296	94.48	163	9	0	161	323	116	604	1e-107	 277
GPLIN_001292400	contig_143296	98.77	81	1	0	344	424	636	878	1e-107	 134
GPLIN_001292400	contig_143296	40.23	87	29	3	142	221	1	213	2e-07	55.1
GPLIN_000061100	contig_113647	100.00	72	0	0	1	72	105	320	7e-44	 152
GPLIN_000063100	contig_28319	89.36	47	5	0	158	204	1932	1792	2e-46	90.9
GPLIN_000063100	contig_28319	89.74	39	4	0	121	159	2152	2036	2e-46	78.6
GPLIN_000063100	contig_28319	83.87	31	5	0	94	124	2322	2230	2e-46	57.8
GPLIN_000063100	contig_28319	88.57	35	4	0	378	412	520	416	3e-12	71.2
GPLIN_000063100	contig_28319	80.00	35	7	0	255	289	1343	1239	1e-08	59.3
GPLIN_000063100	contig_28319	92.86	28	2	0	288	315	865	782	1e-07	57.0
GPLIN_000063700	contig_166503	100.00	56	0	0	1	56	168	1	9e-33	 123
GPLIN_000063700	contig_166503	46.34	41	20	1	280	320	126	10	1.3	32.0
GPLIN_001304400	contig_152705	90.48	63	5	1	13	74	67	255	6e-31	 117
GPLIN_001318000	contig_25307	46.22	225	45	7	27	175	1848	2522	2e-41	 152
GPLIN_001319300	contig_44729	93.33	45	3	0	83	127	135	1	8e-21	90.9
GPLIN_001319300	contig_44729	46.15	91	13	2	24	78	571	299	6e-14	70.9
GPLIN_000075700	contig_113898	67.18	131	0	2	50	137	1	393	8e-48	 159
GPLIN_001337800	contig_101677	90.57	53	5	0	8	60	69	227	7e-28	 100
GPLIN_001339200	contig_22912	66.27	83	25	1	138	217	417	665	2e-25	 103
GPLIN_001339200	contig_22912	59.26	81	22	2	104	173	417	659	4e-18	82.8
GPLIN_001339200	contig_22912	62.69	67	17	1	81	139	459	659	1e-15	75.5
GPLIN_000442900	contig_186476	90.16	61	6	0	374	434	93	275	3e-30	 120
GPLIN_000442900	contig_186476	95.24	21	1	0	433	453	507	569	0.001	42.7
GPLIN_000072400	contig_22630	49.44	89	28	1	6	77	307	41	3e-12	60.8
GPLIN_001358800	contig_14746	92.86	56	4	0	1	56	260	93	3e-30	 111
GPLIN_000481100	contig_52712	44.26	183	49	3	27	157	1386	841	2e-34	 129
GPLIN_001384700	contig_82464	41.90	253	126	3	150	383	161	913	8e-60	 210
GPLIN_001390500	contig_65259	75.44	57	14	0	1	57	226	56	7e-24	93.2
GPLIN_000555600	contig_21026	70.37	54	16	0	414	467	2240	2401	8e-43	80.9
GPLIN_000555600	contig_21026	59.09	88	27	2	497	575	2674	2937	8e-43	77.0
GPLIN_000555600	contig_21026	55.81	43	19	0	462	504	2466	2594	8e-43	57.4
GPLIN_000555600	contig_21026	78.05	41	9	0	334	374	1699	1821	1e-11	70.1
GPLIN_000555600	contig_21026	55.56	63	23	1	144	206	1321	1494	4e-10	65.5
GPLIN_000555600	contig_21026	70.59	34	10	0	366	399	1794	1895	9e-06	51.2
GPLIN_001416500	contig_41094	100.00	153	0	0	28	180	897	439	8e-95	 309
GPLIN_001416500	contig_41094	100.00	51	0	0	181	231	251	99	1e-10	66.6
GPLIN_000594000	contig_35591	100.00	75	0	0	268	342	1477	1701	4e-42	 161
GPLIN_000594000	contig_35591	100.00	76	0	0	107	182	288	515	3e-28	 120
GPLIN_000594000	contig_35591	92.00	50	4	0	178	227	798	947	4e-20	95.9
GPLIN_000594000	contig_35591	87.88	33	4	0	222	254	1235	1333	6e-09	60.8
GPLIN_000604400	contig_68468	97.33	75	1	1	332	406	383	162	8e-41	 150
GPLIN_001431400	contig_141886	80.37	107	5	1	107	197	3	323	2e-53	 173
GPLIN_000621200	contig_52967	81.89	127	0	1	397	500	1816	2196	2e-63	 170
GPLIN_000621200	contig_52967	100.00	42	0	0	355	396	1626	1751	2e-63	94.0
GPLIN_000621200	contig_52967	98.96	96	1	0	196	291	1055	1342	1e-53	 201
GPLIN_000621200	contig_52967	75.65	115	7	1	1	94	209	553	3e-41	 164
GPLIN_000621200	contig_52967	94.92	59	3	0	84	142	573	749	2e-23	 108
GPLIN_000621200	contig_52967	82.00	50	9	0	130	179	763	912	9e-16	84.0
GPLIN_001443600	contig_14746	72.46	69	7	1	30	86	299	93	1e-26	99.8
GPLIN_000637900	contig_22912	68.67	83	23	1	43	122	417	665	5e-28	 107
GPLIN_000637900	contig_22912	62.69	67	17	1	20	78	459	659	4e-16	74.7
GPLIN_000637900	contig_22912	49.18	61	26	1	77	137	417	584	1e-08	54.3
GPLIN_000637900	contig_22912	57.69	26	11	0	19	44	582	659	0.26	32.7
GPLIN_000638800	contig_22912	100.00	90	0	0	47	136	405	674	5e-44	 141
GPLIN_000638800	contig_22912	100.00	27	0	0	20	46	253	333	5e-44	54.7
GPLIN_000642100	contig_34555	71.21	66	19	0	21	86	200	3	4e-28	 103
GPLIN_000119200	contig_73121	85.00	20	3	0	1	20	277	218	8e-05	37.7
GPLIN_000119200	contig_73121	50.00	30	15	0	20	49	161	72	8e-05	26.2
GPLIN_000120300	contig_22912	75.36	69	17	0	35	103	459	665	2e-27	 105
GPLIN_000120300	contig_22912	50.82	61	25	1	58	118	417	584	9e-10	56.6
GPLIN_000120300	contig_22912	65.38	26	9	0	34	59	582	659	0.001	38.9
GPLIN_001456900	contig_12761	100.00	66	0	0	130	195	218	21	4e-40	 142
GPLIN_001456900	contig_12761	100.00	49	0	0	39	87	729	583	3e-26	 105
GPLIN_000666500	contig_32197	88.70	177	2	1	91	249	6486	5956	5e-125	 322
GPLIN_000666500	contig_32197	97.92	48	1	0	9	56	6944	6801	5e-125	96.3
GPLIN_000666500	contig_32197	97.06	34	1	0	57	90	6685	6584	5e-125	72.0
GPLIN_000666500	contig_32197	73.97	146	8	1	334	449	5276	4839	2e-91	 202
GPLIN_000666500	contig_32197	91.49	47	4	0	244	290	5709	5569	2e-91	89.7
GPLIN_000666500	contig_32197	93.62	47	3	0	287	333	5473	5333	2e-91	85.9
GPLIN_000666500	contig_32197	95.00	20	1	0	441	460	4696	4637	0.001	44.3
GPLIN_000667500	contig_42070	98.57	70	1	0	74	143	280	489	2e-37	 136
GPLIN_000668700	contig_22912	98.89	90	1	0	67	156	405	674	3e-43	 139
GPLIN_000668700	contig_22912	100.00	27	0	0	40	66	253	333	3e-43	54.3
GPLIN_000126500	contig_65259	73.44	64	17	0	16	79	247	56	1e-26	 100
GPLIN_000683800	contig_8860	87.72	57	6	1	74	130	734	567	2e-32	98.2
GPLIN_000683800	contig_8860	83.33	30	5	0	49	78	859	770	2e-32	58.5
GPLIN_000684200	contig_5561	95.65	46	2	0	103	148	281	144	4e-33	93.6
GPLIN_000684200	contig_5561	100.00	33	0	0	147	179	99	1	4e-33	67.0
GPLIN_000684200	contig_5561	100.00	19	0	0	194	212	392	448	2e-04	43.9
GPLIN_000697600	contig_146867	90.32	31	3	0	25	55	170	262	4e-14	62.4
GPLIN_000697600	contig_146867	88.89	18	2	0	10	27	1	54	4e-14	34.3
GPLIN_001471200	contig_52712	68.67	166	2	1	27	142	1386	889	1e-64	 210
GPLIN_001475500	contig_98260	75.95	79	0	1	75	134	527	291	2e-45	 118
GPLIN_001475500	contig_98260	97.37	38	1	0	134	171	243	130	2e-45	82.8
GPLIN_000738800	contig_89904	56.91	123	15	3	64	150	803	441	5e-31	 119
GPLIN_000760900	contig_132622	62.82	78	28	1	23	99	250	17	2e-24	98.6
GPLIN_000760900	contig_132622	62.82	78	28	1	126	202	250	17	2e-24	98.6
GPLIN_000763000	contig_63269	88.89	90	10	0	216	305	280	549	1e-58	 166
GPLIN_000763000	contig_63269	64.41	59	21	0	141	199	60	236	1e-58	80.9
GPLIN_000763000	contig_63269	94.34	53	3	0	333	385	1509	1667	4e-24	 107
GPLIN_000763000	contig_63269	43.22	118	25	2	220	336	926	1156	3e-18	89.4
GPLIN_000763000	contig_63269	38.67	75	44	2	90	164	286	504	6e-10	63.5
GPLIN_000763000	contig_63269	34.48	87	54	1	92	175	926	1186	4e-06	51.2
GPLIN_000763000	contig_63269	100.00	14	0	0	386	399	1813	1854	8.8	30.8
GPLIN_000768400	contig_9160	98.31	59	1	0	172	230	1260	1436	2e-29	 120
GPLIN_000768400	contig_9160	82.54	63	11	0	125	187	998	1186	2e-24	 105
GPLIN_000780600	contig_209445	66.10	59	1	1	182	221	7	183	4e-14	67.8
GPLIN_000785400	contig_34295	62.32	69	6	2	145	201	1608	1790	2e-12	70.1
GPLIN_000792900	contig_22630	48.54	103	36	1	35	120	349	41	9e-24	93.2
GPLIN_000796500	contig_32916	87.18	78	10	0	49	126	958	1191	2e-45	 143
GPLIN_000796500	contig_32916	100.00	26	0	0	126	151	1241	1318	2e-45	57.8
GPLIN_000796500	contig_32916	100.00	59	0	0	1	59	486	662	4e-31	 121
GPLIN_000803500	contig_14746	91.07	56	5	0	1	56	260	93	2e-29	 108
GPLIN_000812600	contig_34929	58.73	63	24	2	1	63	435	253	3e-10	57.4
GPLIN_000167300	contig_382	97.14	70	2	0	86	155	3168	2959	1e-19	91.7
GPLIN_000167300	contig_382	53.66	82	4	1	147	194	2786	2541	8e-16	79.3
GPLIN_000167300	contig_382	92.86	14	1	0	201	214	2301	2260	3.0	31.6
GPLIN_000167700	contig_34555	98.86	88	1	0	1	88	266	3	2e-50	 160
GPLIN_000850500	contig_32100	91.80	61	5	0	56	116	1665	1483	5e-17	79.0
GPLIN_000854400	contig_37933	87.12	163	0	1	1	142	123	611	4e-87	 260
GPLIN_000860700	contig_57471	98.25	57	1	0	29	85	88	258	8e-34	 116
GPLIN_000869800	contig_58911	69.12	68	1	1	1	48	815	1018	5e-20	88.6
GPLIN_000869800	contig_58911	100.00	17	0	0	91	107	1599	1649	7e-09	45.1
GPLIN_000869800	contig_58911	100.00	13	0	0	109	121	1706	1744	7e-09	32.3
GPLIN_000869800	contig_58911	34.94	83	37	1	69	134	54	302	1e-08	55.5
GPLIN_000869800	contig_58911	100.00	22	0	0	68	89	1344	1409	3e-06	47.8
GPLIN_000870000	contig_58911	77.38	84	2	1	82	148	33	284	1e-33	 127
GPLIN_000870000	contig_58911	57.14	28	12	0	82	109	1326	1409	0.093	35.0
GPLIN_000178900	contig_5581	100.00	60	0	0	119	178	1744	1565	2e-33	 127
GPLIN_000872800	contig_15098	92.11	76	4	1	24	99	1679	1458	2e-44	 145
GPLIN_000872800	contig_15098	95.83	24	1	0	91	114	1353	1282	2e-44	52.8
GPLIN_000872800	contig_15098	81.58	38	7	0	114	151	252	139	2e-13	71.2
GPLIN_000901700	contig_11853	95.00	20	1	0	39	58	1001	942	6e-05	42.7
GPLIN_000901700	contig_11853	88.24	17	2	0	17	33	1878	1828	0.039	34.3
GPLIN_000901900	contig_6213	44.62	65	12	1	12	52	879	685	1e-04	40.4
GPLIN_000187800	contig_119682	64.63	82	26	2	20	98	1	246	8e-26	 102
GPLIN_000188200	contig_9894	55.31	358	109	11	433	752	694	1728	4e-92	 310
GPLIN_001526900	contig_173910	98.57	70	1	0	67	136	195	404	2e-66	 143
GPLIN_001526900	contig_173910	100.00	35	0	0	138	172	448	552	2e-66	75.5
GPLIN_001526900	contig_173910	97.30	37	1	0	32	68	29	139	2e-66	74.3
GPLIN_000931100	contig_59361	97.14	70	2	0	4	73	295	86	2e-30	 108
GPLIN_000933000	contig_26670	87.29	118	0	1	107	209	1182	1535	2e-87	 175
GPLIN_000933000	contig_26670	100.00	72	0	0	36	107	923	1138	2e-87	 153
GPLIN_000933000	contig_26670	100.00	36	0	0	1	36	765	872	2e-87	34.7
GPLIN_000933000	contig_26670	100.00	61	0	0	209	269	1733	1915	1e-30	 123
GPLIN_000201400	contig_58695	80.39	153	6	1	109	237	343	801	4e-79	 236
GPLIN_000201400	contig_58695	100.00	37	0	0	238	274	890	1000	4e-79	77.8
GPLIN_000201400	contig_58695	92.86	14	1	0	103	116	3	44	4.4	31.2
GPLIN_000950800	contig_48558	50.00	84	23	3	46	110	3	254	1e-12	62.8
GPLIN_000950800	contig_48558	100.00	20	0	0	67	86	65	124	6e-08	44.7
GPLIN_000950800	contig_48558	44.44	36	11	1	83	109	211	318	6e-08	30.0
GPLIN_000950900	contig_48558	100.00	34	0	0	46	79	3	104	3e-15	69.3
GPLIN_000962200	contig_11167	48.11	185	54	8	167	314	1463	924	1e-40	 137
GPLIN_000962200	contig_11167	88.46	26	3	0	147	172	1642	1565	1e-40	49.3
GPLIN_000962200	contig_11167	74.29	35	7	1	229	263	1213	1115	9e-08	55.5
GPLIN_000207700	contig_85118	87.50	72	8	1	4	75	262	50	4e-38	 127
GPLIN_000969800	contig_52712	41.34	179	65	3	1	139	1380	844	3e-36	 134
GPLIN_000969900	contig_52712	53.97	63	29	0	23	85	1395	1207	3e-15	73.2
GPLIN_000970000	contig_52712	37.13	167	65	2	23	149	1395	895	8e-28	 112
GPLIN_000970100	contig_52712	51.32	76	37	0	23	98	1395	1168	1e-18	83.6
GPLIN_001541500	contig_63552	100.00	57	0	0	29	85	90	260	5e-33	 122
GPLIN_001030900	contig_68824	96.72	61	2	0	48	108	680	498	6e-36	 129
GPLIN_001038900	contig_22630	77.06	109	8	1	102	193	367	41	3e-50	 164
GPLIN_001043600	contig_152228	100.00	28	0	0	84	111	296	379	3e-17	60.5
GPLIN_001043600	contig_152228	91.30	23	2	0	110	132	483	551	3e-17	45.4
GPLIN_000243700	contig_14746	89.86	69	7	0	30	98	299	93	2e-38	 134
GPLIN_000243800	contig_14746	90.14	71	5	1	46	116	299	93	9e-38	 133
GPLIN_001559100	contig_22240	54.90	153	32	5	1	117	1444	1899	1e-36	 137
GPLIN_001559100	contig_22240	61.11	126	15	2	61	152	1673	2050	1e-36	 137
GPLIN_001559100	contig_22240	45.45	77	23	2	35	92	2727	2957	6e-10	59.7
GPLIN_000248100	contig_99159	94.58	203	9	1	5	207	764	1366	2e-71	 231
GPLIN_000248100	contig_99159	100.00	17	0	0	1	17	691	741	0.008	38.9
GPLIN_001090500	contig_48558	100.00	34	0	0	49	82	3	104	3e-14	68.6
GPLIN_001090500	contig_48558	62.50	40	10	1	109	143	3	122	4e-08	50.8
GPLIN_001090600	contig_48558	100.00	39	0	0	94	132	202	318	1e-29	79.3
GPLIN_001090600	contig_48558	100.00	34	0	0	46	79	3	104	1e-29	68.9
GPLIN_001098200	contig_18621	96.67	60	2	0	41	100	203	382	7e-21	89.0
GPLIN_001110200	contig_17828	84.62	104	1	1	1	89	66	377	2e-45	 156
GPLIN_000293500	contig_148357	94.12	34	2	0	59	92	259	360	2e-14	67.0
GPLIN_001582700	contig_14746	87.50	48	6	0	22	69	317	174	1e-23	90.9
GPLIN_001162100	contig_57471	98.25	57	1	0	29	85	88	258	2e-33	 117
GPLIN_000297600	contig_26670	71.83	71	19	1	83	153	923	1132	2e-52	 104
GPLIN_000297600	contig_26670	52.78	108	12	1	156	224	1185	1508	2e-52	 101
GPLIN_000297600	contig_26670	58.82	34	14	0	50	83	771	872	2e-52	40.8
GPLIN_000308900	contig_14746	95.56	45	2	0	30	74	299	165	2e-24	93.6
GPLIN_000309000	contig_14746	86.96	46	6	0	24	69	317	180	1e-21	86.3
GPLIN_001199500	contig_142933	96.83	63	2	0	274	336	454	266	5e-81	 135
GPLIN_001199500	contig_142933	98.15	54	1	0	193	246	825	664	5e-81	 113
GPLIN_001199500	contig_142933	96.43	28	1	0	336	363	219	136	5e-81	59.3
GPLIN_001199500	contig_142933	89.66	29	3	0	246	274	581	495	5e-81	55.5
GPLIN_001199500	contig_142933	92.59	27	2	0	116	142	831	751	2e-08	58.2
GPLIN_001203000	contig_120386	46.51	43	22	1	36	77	934	1062	0.003	37.4
GPLIN_001203000	contig_120386	37.50	56	30	2	23	77	2053	2208	0.022	34.7
GPLIN_001203000	contig_120386	47.06	34	14	1	44	77	1828	1917	0.16	32.0
GPLIN_001203000	contig_120386	39.29	28	17	0	52	79	1539	1622	0.91	29.6
GPLIN_001205000	contig_68897	97.62	42	1	0	175	216	303	178	6e-34	91.3
GPLIN_001205000	contig_68897	100.00	34	0	0	216	249	128	27	6e-34	72.4
GPLIN_001205000	contig_68897	55.00	40	18	0	44	83	297	178	9e-08	53.9
GPLIN_000314000	contig_32100	91.80	61	5	0	107	167	1665	1483	7e-17	80.1
GPLIN_001596100	contig_52712	46.11	167	37	3	1	115	1383	886	1e-33	 124
GPLIN_001221800	contig_57838	68.57	35	11	0	124	158	1086	982	4e-14	55.1
GPLIN_001221800	contig_57838	90.48	21	2	0	155	175	863	801	4e-14	40.8
GPLIN_001221900	contig_57838	68.57	35	11	0	92	126	1086	982	2e-15	55.8
GPLIN_001221900	contig_57838	95.24	21	1	0	123	143	863	801	2e-15	44.3
GPLIN_000325200	contig_42329	89.66	29	3	0	7	35	1511	1425	8e-16	57.0
GPLIN_000325200	contig_42329	47.37	57	10	1	37	73	1359	1189	8e-16	44.3
GPLIN_001606400	contig_46062	95.56	45	2	0	131	175	719	585	1e-34	95.5
GPLIN_001606400	contig_46062	100.00	33	0	0	175	207	496	398	1e-34	70.5
GPLIN_000349200	contig_31838	93.42	152	10	0	106	257	22	477	2e-89	 288
GPLIN_000349200	contig_31838	29.91	107	63	3	109	211	1683	1387	9e-06	48.9
GPLIN_001613000	contig_5561	89.13	46	5	0	111	156	281	144	2e-31	89.0
GPLIN_001613000	contig_5561	96.97	33	1	0	155	187	99	1	2e-31	65.5
GPLIN_001613000	contig_5561	94.74	19	1	0	202	220	392	448	0.002	41.2
GPLIN_000359000	contig_156099	56.10	41	7	1	4	33	148	270	0.013	34.3
GPLIN_000370900	contig_19648	73.80	229	1	2	261	430	1	687	3e-92	 271
GPLIN_000370900	contig_19648	100.00	42	0	0	429	470	774	899	3e-92	89.7
GPLIN_000370900	contig_19648	89.47	19	2	0	469	487	1121	1177	0.006	42.0
GPLIN_000376700	contig_91311	100.00	75	0	0	218	292	1	225	8e-48	 159
GPLIN_001295300	contig_8860	87.93	58	6	1	161	218	734	564	1e-32	 102
GPLIN_001295300	contig_8860	83.33	30	5	0	136	165	859	770	1e-32	57.0
GPLIN_000388900	contig_29842	71.84	103	5	1	77	155	72	380	1e-38	 145
GPLIN_000388900	contig_29842	89.47	19	2	0	153	171	610	666	0.034	38.5
GPLIN_000057600	contig_33580	80.33	61	12	0	1	61	708	890	2e-26	 104
GPLIN_000060800	contig_52712	55.75	174	27	1	27	150	1386	865	4e-52	 178
GPLIN_000407400	contig_12761	100.00	66	0	0	130	195	218	21	4e-40	 142
GPLIN_000407400	contig_12761	100.00	49	0	0	39	87	729	583	3e-26	 105
GPLIN_001317500	contig_25893	93.75	16	1	0	97	112	385	432	0.004	33.1
GPLIN_001317500	contig_25893	73.33	15	4	0	83	97	222	266	0.004	24.6
GPLIN_000015300	contig_128592	80.23	86	0	1	66	134	457	200	1e-36	 131
GPLIN_000574800	contig_68929	42.47	73	40	1	404	474	799	581	8e-47	68.9
GPLIN_000574800	contig_68929	32.06	131	66	4	280	388	1236	847	8e-47	54.3
GPLIN_000574800	contig_68929	24.75	202	111	7	122	283	1873	1271	8e-47	51.2
GPLIN_000574800	contig_68929	52.17	46	21	1	77	122	2051	1917	8e-47	50.8
GPLIN_000574800	contig_68929	37.93	58	36	0	14	71	2277	2104	8e-47	43.5
GPLIN_000574800	contig_68929	61.29	31	9	1	53	83	3005	2922	2e-06	38.5
GPLIN_000574800	contig_68929	51.85	27	13	0	26	52	3141	3061	2e-06	33.1
GPLIN_000574800	contig_68929	51.61	31	14	1	396	426	3005	2916	0.044	32.0
GPLIN_000574800	contig_68929	66.67	12	4	0	384	395	3096	3061	0.044	24.6
GPLIN_000574800	contig_68929	40.54	37	19	1	380	413	2217	2107	3.1	33.1
GPLIN_000591100	contig_42155	100.00	41	0	0	29	69	67	189	2e-19	85.9
GPLIN_000591100	contig_42155	100.00	26	0	0	70	95	618	695	7e-10	57.8
GPLIN_000638300	contig_149316	95.89	73	3	0	1	73	37	255	1e-44	 143
GPLIN_000169700	contig_90058	96.36	55	2	0	91	145	508	344	4e-28	 110
GPLIN_000169700	contig_90058	100.00	40	0	0	1	40	1246	1127	9e-16	76.3
GPLIN_000169700	contig_90058	77.78	18	2	1	41	58	874	827	3.6	29.6
GPLIN_000996800	contig_37625	92.55	349	25	1	21	368	135	1181	3e-155	 493
GPLIN_000996800	contig_37625	97.67	43	1	0	484	526	1392	1520	4e-20	97.1
GPLIN_001255700	contig_57471	96.49	57	2	0	29	85	88	258	2e-31	 113
GPLIN_000393900	contig_84244	100.00	105	0	0	515	619	613	299	3e-62	 214
GPLIN_000990400	contig_7030	86.62	157	20	1	294	449	2720	3190	3e-80	 276
GPLIN_000990400	contig_7030	100.00	78	0	0	41	118	1400	1633	3e-58	 165
GPLIN_000990400	contig_7030	100.00	40	0	0	1	40	1171	1290	3e-58	81.3
GPLIN_000990400	contig_7030	92.59	108	8	0	159	266	2135	2458	9e-53	 197
GPLIN_000990400	contig_7030	93.33	60	4	0	112	171	1829	2008	1e-23	 107
GPLIN_000990400	contig_7030	86.27	51	6	1	415	464	3214	3366	2e-20	87.8
GPLIN_000990400	contig_7030	92.86	14	1	0	461	474	3407	3448	2e-20	31.6
GPLIN_000990400	contig_7030	42.67	75	38	3	385	455	1403	1624	2e-09	62.4
GPLIN_000990400	contig_7030	50.00	58	28	1	23	79	2936	3109	1e-07	56.6
GPLIN_000668600	contig_22912	67.47	83	24	1	117	196	417	665	8e-27	 107
GPLIN_000668600	contig_22912	62.12	66	17	1	94	151	459	656	3e-15	74.3
GPLIN_000668600	contig_22912	54.55	55	21	2	161	211	420	584	3e-08	54.7
GPLIN_000668600	contig_22912	57.69	26	11	0	93	118	582	659	0.39	33.5
GPLIN_000977100	contig_30578	83.87	62	10	0	1	62	517	332	5e-25	 113
GPLIN_000977100	contig_30578	93.55	31	2	0	60	90	194	102	4e-10	65.5
GPLIN_000926600	contig_75727	95.24	63	3	0	33	95	2467	2279	6e-32	 125
GPLIN_000926600	contig_75727	96.88	32	1	0	92	123	2154	2059	1e-12	68.2
GPLIN_000950600	contig_14746	85.33	75	11	0	5	79	317	93	3e-39	 135
GPLIN_000950100	contig_14746	88.41	69	8	0	30	98	299	93	1e-37	 132
GPLIN_000203300	contig_52712	44.81	183	48	3	27	157	1386	841	2e-35	 132
GPLIN_000912100	contig_52712	38.92	185	72	4	23	167	1395	844	2e-33	 127
GPLIN_000235400	contig_156099	55.88	34	4	1	88	110	169	270	8.1	28.1
GPLIN_000740500	contig_149316	91.78	73	6	0	1	73	37	255	5e-42	 136
GPLIN_001390400	contig_14746	88.41	69	8	0	30	98	299	93	1e-37	 132
GPLIN_000662500	contig_30578	96.77	62	2	0	33	94	517	332	2e-32	 126
GPLIN_000662500	contig_30578	96.88	32	1	0	92	123	194	99	1e-17	68.9
GPLIN_000662500	contig_30578	85.71	21	3	0	121	141	63	1	1e-17	39.3
GPLIN_000662500	contig_30578	82.61	23	4	0	14	36	726	658	1e-04	43.9
GPLIN_000107400	contig_80596	98.41	63	1	0	133	195	695	507	1e-34	 127
GPLIN_000467400	contig_92102	76.30	135	1	1	1	104	665	1069	8e-73	 192
GPLIN_000467400	contig_92102	72.00	75	0	1	106	159	1125	1349	8e-73	 101
GPLIN_000673000	contig_22680	72.13	61	17	0	41	101	1761	1579	7e-76	94.0
GPLIN_000673000	contig_22680	52.94	85	10	1	137	191	1354	1100	7e-76	85.9
GPLIN_000673000	contig_22680	80.00	35	7	0	103	137	1526	1422	7e-76	59.7
GPLIN_000673000	contig_22680	71.79	39	11	0	1	39	1982	1866	7e-76	57.4
GPLIN_000673000	contig_22680	64.71	34	11	1	190	223	1061	963	7e-76	46.6
GPLIN_000673000	contig_22680	56.25	32	14	0	223	254	909	814	7e-76	43.9
GPLIN_000673000	contig_22680	76.32	38	8	1	272	309	127	17	3e-07	55.5
GPLIN_000142600	contig_50829	69.23	169	34	1	102	252	1105	1611	1e-68	 225
GPLIN_000142600	contig_50829	79.66	59	12	0	2	60	629	805	5e-24	 103
GPLIN_000294400	contig_22680	76.67	60	14	0	35	94	1779	1600	6e-31	93.2
GPLIN_000294400	contig_22680	75.68	37	9	0	1	37	1982	1872	6e-31	59.3
GPLIN_000294400	contig_22680	50.59	85	12	1	103	157	1354	1100	2e-17	83.2
GPLIN_000294500	contig_22680	76.12	67	16	0	35	101	1779	1579	5e-77	 106
GPLIN_000294500	contig_22680	51.76	85	11	1	137	191	1354	1100	5e-77	84.0
GPLIN_000294500	contig_22680	77.14	35	8	0	103	137	1526	1422	5e-77	57.0
GPLIN_000294500	contig_22680	72.97	37	10	0	1	37	1982	1872	5e-77	53.9
GPLIN_000294500	contig_22680	68.57	35	10	1	190	224	1061	960	5e-77	49.3
GPLIN_000294500	contig_22680	56.67	30	13	0	223	252	909	820	5e-77	40.8
GPLIN_000322300	contig_43444	83.19	119	1	1	16	115	635	279	6e-67	 194
GPLIN_000322300	contig_43444	61.02	59	0	1	116	151	177	1	6e-67	67.4
GPLIN_000322300	contig_43444	100.00	15	0	0	1	15	798	754	6e-67	33.5
GPLIN_000412300	contig_50829	88.46	156	0	1	101	238	1105	1572	4e-69	 234
GPLIN_000412300	contig_50829	100.00	60	0	0	1	60	629	808	2e-23	 105
